[0.063s] Invoking command in '/ros2_ws/ros_workshop_ws/src/build/open_manipulator_collision': CMAKE_PREFIX_PATH=${CMAKE_PREFIX_PATH}:/ros2_ws/ros_workshop_ws/install/open_manipulator_teleop:/ros2_ws/ros_workshop_ws/install/open_manipulator_bringup:/opt/ros/jazzy /usr/bin/cmake /ros2_ws/ros_workshop_ws/src/open_manipulator/open_manipulator_collision -DCMAKE_INSTALL_PREFIX=/ros2_ws/ros_workshop_ws/src/install/open_manipulator_collision
[0.149s] -- The C compiler identification is GNU 13.3.0
[0.240s] -- The CXX compiler identification is GNU 13.3.0
[0.265s] -- Detecting C compiler ABI info
[0.423s] -- Detecting C compiler ABI info - done
[0.438s] -- Check for working C compiler: /usr/bin/cc - skipped
[0.439s] -- Detecting C compile features
[0.440s] -- Detecting C compile features - done
[0.457s] -- Detecting CXX compiler ABI info
[0.636s] -- Detecting CXX compiler ABI info - done
[0.651s] -- Check for working CXX compiler: /usr/bin/c++ - skipped
[0.652s] -- Detecting CXX compile features
[0.653s] -- Detecting CXX compile features - done
[0.672s] -- Found ament_cmake: 2.5.4 (/opt/ros/jazzy/share/ament_cmake/cmake)
[0.973s] -- Found Python3: /usr/bin/python3 (found version "3.12.3") found components: Interpreter 
[1.267s] -- Found rclcpp: 28.1.9 (/opt/ros/jazzy/share/rclcpp/cmake)
[1.413s] -- Found rosidl_generator_c: 4.6.5 (/opt/ros/jazzy/share/rosidl_generator_c/cmake)
[1.469s] -- Found rosidl_generator_cpp: 4.6.5 (/opt/ros/jazzy/share/rosidl_generator_cpp/cmake)
[1.514s] -- Using all available rosidl_typesupport_c: rosidl_typesupport_fastrtps_c;rosidl_typesupport_introspection_c
[1.565s] -- Using all available rosidl_typesupport_cpp: rosidl_typesupport_fastrtps_cpp;rosidl_typesupport_introspection_cpp
[1.793s] -- Found rmw_implementation_cmake: 7.3.2 (/opt/ros/jazzy/share/rmw_implementation_cmake/cmake)
[1.808s] -- Found rmw_fastrtps_cpp: 8.4.2 (/opt/ros/jazzy/share/rmw_fastrtps_cpp/cmake)
[2.012s] -- Found OpenSSL: /usr/lib/x86_64-linux-gnu/libcrypto.so (found version "3.0.13")  
[2.047s] -- Found FastRTPS: /opt/ros/jazzy/include (Required is at least version "2.13") 
[2.090s] -- Using RMW implementation 'rmw_fastrtps_cpp' as default
[2.269s] -- Found std_msgs: 5.3.6 (/opt/ros/jazzy/share/std_msgs/cmake)
[2.303s] -- Found sensor_msgs: 5.3.6 (/opt/ros/jazzy/share/sensor_msgs/cmake)
[2.456s] -- Found visualization_msgs: 5.3.6 (/opt/ros/jazzy/share/visualization_msgs/cmake)
[2.514s] -- Found kdl_parser: 2.11.0 (/opt/ros/jazzy/share/kdl_parser/cmake)
[2.554s] -- Found eigen3_cmake_module: 0.3.0 (/opt/ros/jazzy/share/eigen3_cmake_module/cmake)
[2.556s] -- Found Eigen3: TRUE (found version "3.4.0") 
[2.557s] -- Ensuring Eigen3 include directory is part of orocos-kdl CMake target
[2.579s] -- Found urdf: 2.10.0 (/opt/ros/jazzy/share/urdf/cmake)
[2.859s] -- Configuring done (2.8s)
[2.878s] -- Generating done (0.0s)
[2.884s] -- Build files have been written to: /ros2_ws/ros_workshop_ws/src/build/open_manipulator_collision
[2.907s] Invoked command in '/ros2_ws/ros_workshop_ws/src/build/open_manipulator_collision' returned '0': CMAKE_PREFIX_PATH=${CMAKE_PREFIX_PATH}:/ros2_ws/ros_workshop_ws/install/open_manipulator_teleop:/ros2_ws/ros_workshop_ws/install/open_manipulator_bringup:/opt/ros/jazzy /usr/bin/cmake /ros2_ws/ros_workshop_ws/src/open_manipulator/open_manipulator_collision -DCMAKE_INSTALL_PREFIX=/ros2_ws/ros_workshop_ws/src/install/open_manipulator_collision
[2.908s] Invoking command in '/ros2_ws/ros_workshop_ws/src/build/open_manipulator_collision': CMAKE_PREFIX_PATH=${CMAKE_PREFIX_PATH}:/ros2_ws/ros_workshop_ws/install/open_manipulator_teleop:/ros2_ws/ros_workshop_ws/install/open_manipulator_bringup:/opt/ros/jazzy /usr/bin/cmake --build /ros2_ws/ros_workshop_ws/src/build/open_manipulator_collision -- -j16 -l16
[3.008s] [ 50%] [32mBuilding CXX object CMakeFiles/self_collision_node.dir/src/self_collision_node.cpp.o[0m
[19.490s] [100%] [32m[1mLinking CXX executable self_collision_node[0m
[20.174s] [100%] Built target self_collision_node
[20.194s] Invoked command in '/ros2_ws/ros_workshop_ws/src/build/open_manipulator_collision' returned '0': CMAKE_PREFIX_PATH=${CMAKE_PREFIX_PATH}:/ros2_ws/ros_workshop_ws/install/open_manipulator_teleop:/ros2_ws/ros_workshop_ws/install/open_manipulator_bringup:/opt/ros/jazzy /usr/bin/cmake --build /ros2_ws/ros_workshop_ws/src/build/open_manipulator_collision -- -j16 -l16
[20.195s] Invoking command in '/ros2_ws/ros_workshop_ws/src/build/open_manipulator_collision': CMAKE_PREFIX_PATH=${CMAKE_PREFIX_PATH}:/ros2_ws/ros_workshop_ws/install/open_manipulator_teleop:/ros2_ws/ros_workshop_ws/install/open_manipulator_bringup:/opt/ros/jazzy /usr/bin/cmake --install /ros2_ws/ros_workshop_ws/src/build/open_manipulator_collision
[20.214s] -- Install configuration: ""
[20.215s] -- Installing: /ros2_ws/ros_workshop_ws/src/install/open_manipulator_collision/lib/open_manipulator_collision/self_collision_node
[20.221s] -- Set non-toolchain portion of runtime path of "/ros2_ws/ros_workshop_ws/src/install/open_manipulator_collision/lib/open_manipulator_collision/self_collision_node" to ""
[20.221s] -- Installing: /ros2_ws/ros_workshop_ws/src/install/open_manipulator_collision/include/
[20.221s] -- Installing: /ros2_ws/ros_workshop_ws/src/install/open_manipulator_collision/include//open_manipulator_collision
[20.221s] -- Installing: /ros2_ws/ros_workshop_ws/src/install/open_manipulator_collision/include//open_manipulator_collision/self_collision_node.hpp
[20.221s] -- Installing: /ros2_ws/ros_workshop_ws/src/install/open_manipulator_collision/share/open_manipulator_collision
[20.221s] -- Installing: /ros2_ws/ros_workshop_ws/src/install/open_manipulator_collision/share/open_manipulator_collision/self_collision.launch.py
[20.221s] -- Installing: /ros2_ws/ros_workshop_ws/src/install/open_manipulator_collision/share/open_manipulator_collision/environment/library_path.sh
[20.222s] -- Installing: /ros2_ws/ros_workshop_ws/src/install/open_manipulator_collision/share/open_manipulator_collision/environment/library_path.dsv
[20.222s] -- Installing: /ros2_ws/ros_workshop_ws/src/install/open_manipulator_collision/share/ament_index/resource_index/package_run_dependencies/open_manipulator_collision
[20.222s] -- Installing: /ros2_ws/ros_workshop_ws/src/install/open_manipulator_collision/share/ament_index/resource_index/parent_prefix_path/open_manipulator_collision
[20.222s] -- Installing: /ros2_ws/ros_workshop_ws/src/install/open_manipulator_collision/share/open_manipulator_collision/environment/ament_prefix_path.sh
[20.222s] -- Installing: /ros2_ws/ros_workshop_ws/src/install/open_manipulator_collision/share/open_manipulator_collision/environment/ament_prefix_path.dsv
[20.222s] -- Installing: /ros2_ws/ros_workshop_ws/src/install/open_manipulator_collision/share/open_manipulator_collision/environment/path.sh
[20.222s] -- Installing: /ros2_ws/ros_workshop_ws/src/install/open_manipulator_collision/share/open_manipulator_collision/environment/path.dsv
[20.222s] -- Installing: /ros2_ws/ros_workshop_ws/src/install/open_manipulator_collision/share/open_manipulator_collision/local_setup.bash
[20.222s] -- Installing: /ros2_ws/ros_workshop_ws/src/install/open_manipulator_collision/share/open_manipulator_collision/local_setup.sh
[20.223s] -- Installing: /ros2_ws/ros_workshop_ws/src/install/open_manipulator_collision/share/open_manipulator_collision/local_setup.zsh
[20.223s] -- Installing: /ros2_ws/ros_workshop_ws/src/install/open_manipulator_collision/share/open_manipulator_collision/local_setup.dsv
[20.223s] -- Installing: /ros2_ws/ros_workshop_ws/src/install/open_manipulator_collision/share/open_manipulator_collision/package.dsv
[20.223s] -- Installing: /ros2_ws/ros_workshop_ws/src/install/open_manipulator_collision/share/ament_index/resource_index/packages/open_manipulator_collision
[20.223s] -- Installing: /ros2_ws/ros_workshop_ws/src/install/open_manipulator_collision/share/open_manipulator_collision/cmake/ament_cmake_export_dependencies-extras.cmake
[20.223s] -- Installing: /ros2_ws/ros_workshop_ws/src/install/open_manipulator_collision/share/open_manipulator_collision/cmake/ament_cmake_export_include_directories-extras.cmake
[20.223s] -- Installing: /ros2_ws/ros_workshop_ws/src/install/open_manipulator_collision/share/open_manipulator_collision/cmake/ament_cmake_export_libraries-extras.cmake
[20.223s] -- Installing: /ros2_ws/ros_workshop_ws/src/install/open_manipulator_collision/share/open_manipulator_collision/cmake/open_manipulator_collisionConfig.cmake
[20.223s] -- Installing: /ros2_ws/ros_workshop_ws/src/install/open_manipulator_collision/share/open_manipulator_collision/cmake/open_manipulator_collisionConfig-version.cmake
[20.223s] -- Installing: /ros2_ws/ros_workshop_ws/src/install/open_manipulator_collision/share/open_manipulator_collision/package.xml
[20.227s] Invoked command in '/ros2_ws/ros_workshop_ws/src/build/open_manipulator_collision' returned '0': CMAKE_PREFIX_PATH=${CMAKE_PREFIX_PATH}:/ros2_ws/ros_workshop_ws/install/open_manipulator_teleop:/ros2_ws/ros_workshop_ws/install/open_manipulator_bringup:/opt/ros/jazzy /usr/bin/cmake --install /ros2_ws/ros_workshop_ws/src/build/open_manipulator_collision
