[1.350s] Invoking command in '/ros2_ws/ros_workshop_ws/src/open_manipulator/open_manipulator_teleop': PYTHONPATH=/ros2_ws/ros_workshop_ws/build/open_manipulator_teleop/prefix_override:/usr/local/lib/python3.12/dist-packages/colcon_core/task/python/colcon_distutils_commands:/ros2_ws/ros_workshop_ws/install/open_manipulator_teleop/lib/python3.12/site-packages:${PYTHONPATH} /usr/bin/python3 -W ignore:setup.py install is deprecated -W ignore:easy_install command is deprecated setup.py egg_info --egg-base ../../../build/open_manipulator_teleop build --build-base /ros2_ws/ros_workshop_ws/build/open_manipulator_teleop/build install --record /ros2_ws/ros_workshop_ws/build/open_manipulator_teleop/install.log --single-version-externally-managed install_data
[1.688s] running egg_info
[1.714s] writing ../../../build/open_manipulator_teleop/open_manipulator_teleop.egg-info/PKG-INFO
[1.714s] writing dependency_links to ../../../build/open_manipulator_teleop/open_manipulator_teleop.egg-info/dependency_links.txt
[1.714s] writing entry points to ../../../build/open_manipulator_teleop/open_manipulator_teleop.egg-info/entry_points.txt
[1.714s] writing requirements to ../../../build/open_manipulator_teleop/open_manipulator_teleop.egg-info/requires.txt
[1.714s] writing top-level names to ../../../build/open_manipulator_teleop/open_manipulator_teleop.egg-info/top_level.txt
[1.765s] reading manifest file '../../../build/open_manipulator_teleop/open_manipulator_teleop.egg-info/SOURCES.txt'
[1.766s] writing manifest file '../../../build/open_manipulator_teleop/open_manipulator_teleop.egg-info/SOURCES.txt'
[1.766s] running build
[1.766s] running build_py
[1.767s] running install
[1.772s] running install_lib
[1.797s] running install_data
[1.798s] running install_egg_info
[1.826s] removing '/ros2_ws/ros_workshop_ws/install/open_manipulator_teleop/lib/python3.12/site-packages/open_manipulator_teleop-3.3.0-py3.12.egg-info' (and everything under it)
[1.826s] Copying ../../../build/open_manipulator_teleop/open_manipulator_teleop.egg-info to /ros2_ws/ros_workshop_ws/install/open_manipulator_teleop/lib/python3.12/site-packages/open_manipulator_teleop-3.3.0-py3.12.egg-info
[1.827s] running install_scripts
[1.999s] Installing keyboard_control_x script to /ros2_ws/ros_workshop_ws/install/open_manipulator_teleop/lib/open_manipulator_teleop
[1.999s] Installing keyboard_control_y script to /ros2_ws/ros_workshop_ws/install/open_manipulator_teleop/lib/open_manipulator_teleop
[1.999s] Installing keyboard_control_y_follower script to /ros2_ws/ros_workshop_ws/install/open_manipulator_teleop/lib/open_manipulator_teleop
[1.999s] writing list of installed files to '/ros2_ws/ros_workshop_ws/build/open_manipulator_teleop/install.log'
[2.063s] Invoked command in '/ros2_ws/ros_workshop_ws/src/open_manipulator/open_manipulator_teleop' returned '0': PYTHONPATH=/ros2_ws/ros_workshop_ws/build/open_manipulator_teleop/prefix_override:/usr/local/lib/python3.12/dist-packages/colcon_core/task/python/colcon_distutils_commands:/ros2_ws/ros_workshop_ws/install/open_manipulator_teleop/lib/python3.12/site-packages:${PYTHONPATH} /usr/bin/python3 -W ignore:setup.py install is deprecated -W ignore:easy_install command is deprecated setup.py egg_info --egg-base ../../../build/open_manipulator_teleop build --build-base /ros2_ws/ros_workshop_ws/build/open_manipulator_teleop/build install --record /ros2_ws/ros_workshop_ws/build/open_manipulator_teleop/install.log --single-version-externally-managed install_data
