[0.046s] Invoking command in '/ros2_ws/ros_workshop_ws/build/open_manipulator_playground': CMAKE_PREFIX_PATH=${CMAKE_PREFIX_PATH}:/ros2_ws/ros_workshop_ws/install/open_manipulator_teleop:/ros2_ws/ros_workshop_ws/install/open_manipulator_bringup:/opt/ros/jazzy /usr/bin/cmake --build /ros2_ws/ros_workshop_ws/build/open_manipulator_playground -- -j16 -l16
[0.396s] [ 50%] Built target hello_moveit_omx
[0.396s] [100%] Built target hello_moveit_omy
[0.417s] Invoked command in '/ros2_ws/ros_workshop_ws/build/open_manipulator_playground' returned '0': CMAKE_PREFIX_PATH=${CMAKE_PREFIX_PATH}:/ros2_ws/ros_workshop_ws/install/open_manipulator_teleop:/ros2_ws/ros_workshop_ws/install/open_manipulator_bringup:/opt/ros/jazzy /usr/bin/cmake --build /ros2_ws/ros_workshop_ws/build/open_manipulator_playground -- -j16 -l16
[0.420s] Invoking command in '/ros2_ws/ros_workshop_ws/build/open_manipulator_playground': CMAKE_PREFIX_PATH=${CMAKE_PREFIX_PATH}:/ros2_ws/ros_workshop_ws/install/open_manipulator_teleop:/ros2_ws/ros_workshop_ws/install/open_manipulator_bringup:/opt/ros/jazzy /usr/bin/cmake --install /ros2_ws/ros_workshop_ws/build/open_manipulator_playground
[0.455s] -- Install configuration: ""
[0.455s] -- Execute custom install script
[0.455s] -- Up-to-date symlink: /ros2_ws/ros_workshop_ws/install/open_manipulator_playground/include/open_manipulator_playground/hello_moveit_omx.h
[0.455s] -- Up-to-date symlink: /ros2_ws/ros_workshop_ws/install/open_manipulator_playground/include/open_manipulator_playground/hello_moveit_omy.h
[0.455s] -- Up-to-date symlink: /ros2_ws/ros_workshop_ws/install/open_manipulator_playground/share/ament_index/resource_index/package_run_dependencies/open_manipulator_playground
[0.455s] -- Up-to-date symlink: /ros2_ws/ros_workshop_ws/install/open_manipulator_playground/share/ament_index/resource_index/parent_prefix_path/open_manipulator_playground
[0.455s] -- Up-to-date symlink: /ros2_ws/ros_workshop_ws/install/open_manipulator_playground/share/open_manipulator_playground/environment/ament_prefix_path.sh
[0.456s] -- Up-to-date symlink: /ros2_ws/ros_workshop_ws/install/open_manipulator_playground/share/open_manipulator_playground/environment/ament_prefix_path.dsv
[0.456s] -- Up-to-date symlink: /ros2_ws/ros_workshop_ws/install/open_manipulator_playground/share/open_manipulator_playground/environment/path.sh
[0.456s] -- Up-to-date symlink: /ros2_ws/ros_workshop_ws/install/open_manipulator_playground/share/open_manipulator_playground/environment/path.dsv
[0.456s] -- Up-to-date symlink: /ros2_ws/ros_workshop_ws/install/open_manipulator_playground/share/open_manipulator_playground/local_setup.bash
[0.456s] -- Up-to-date symlink: /ros2_ws/ros_workshop_ws/install/open_manipulator_playground/share/open_manipulator_playground/local_setup.sh
[0.456s] -- Up-to-date symlink: /ros2_ws/ros_workshop_ws/install/open_manipulator_playground/share/open_manipulator_playground/local_setup.zsh
[0.456s] -- Up-to-date symlink: /ros2_ws/ros_workshop_ws/install/open_manipulator_playground/share/open_manipulator_playground/local_setup.dsv
[0.456s] -- Symlinking: /ros2_ws/ros_workshop_ws/install/open_manipulator_playground/share/open_manipulator_playground/package.dsv
[0.472s] -- Up-to-date symlink: /ros2_ws/ros_workshop_ws/install/open_manipulator_playground/share/ament_index/resource_index/packages/open_manipulator_playground
[0.475s] -- Up-to-date symlink: /ros2_ws/ros_workshop_ws/install/open_manipulator_playground/share/open_manipulator_playground/cmake/ament_cmake_export_include_directories-extras.cmake
[0.476s] -- Up-to-date symlink: /ros2_ws/ros_workshop_ws/install/open_manipulator_playground/share/open_manipulator_playground/cmake/ament_cmake_export_targets-extras.cmake
[0.476s] -- Up-to-date symlink: /ros2_ws/ros_workshop_ws/install/open_manipulator_playground/share/open_manipulator_playground/cmake/open_manipulator_playgroundConfig.cmake
[0.476s] -- Up-to-date symlink: /ros2_ws/ros_workshop_ws/install/open_manipulator_playground/share/open_manipulator_playground/cmake/open_manipulator_playgroundConfig-version.cmake
[0.476s] -- Up-to-date symlink: /ros2_ws/ros_workshop_ws/install/open_manipulator_playground/share/open_manipulator_playground/package.xml
[0.476s] -- Up-to-date: /ros2_ws/ros_workshop_ws/install/open_manipulator_playground/lib/open_manipulator_playground/hello_moveit_omx
[0.476s] -- Up-to-date: /ros2_ws/ros_workshop_ws/install/open_manipulator_playground/lib/open_manipulator_playground/hello_moveit_omy
[0.476s] -- Up-to-date: /ros2_ws/ros_workshop_ws/install/open_manipulator_playground/share/open_manipulator_playground/cmake/export_open_manipulator_playgroundExport.cmake
[0.477s] -- Up-to-date: /ros2_ws/ros_workshop_ws/install/open_manipulator_playground/share/open_manipulator_playground/cmake/export_open_manipulator_playgroundExport-noconfig.cmake
[0.528s] Invoked command in '/ros2_ws/ros_workshop_ws/build/open_manipulator_playground' returned '0': CMAKE_PREFIX_PATH=${CMAKE_PREFIX_PATH}:/ros2_ws/ros_workshop_ws/install/open_manipulator_teleop:/ros2_ws/ros_workshop_ws/install/open_manipulator_bringup:/opt/ros/jazzy /usr/bin/cmake --install /ros2_ws/ros_workshop_ws/build/open_manipulator_playground
