[0.051s] Invoking command in '/ros2_ws/ros_workshop_ws/build/open_manipulator_gui': CMAKE_PREFIX_PATH=${CMAKE_PREFIX_PATH}:/ros2_ws/ros_workshop_ws/install/open_manipulator_teleop:/ros2_ws/ros_workshop_ws/install/open_manipulator_bringup:/opt/ros/jazzy /usr/bin/cmake --build /ros2_ws/ros_workshop_ws/build/open_manipulator_gui -- -j16 -l16
[0.143s] [ 14%] Built target copy_ui_headers
[0.196s] [ 14%] Built target open_manipulator_x_gui_node_autogen_timestamp_deps
[0.203s] [ 14%] Built target open_manipulator_y_gui_node_autogen_timestamp_deps
[0.279s] [ 17%] Built target open_manipulator_y_gui_node_autogen
[0.311s] [ 21%] Built target open_manipulator_x_gui_node_autogen
[0.379s] [ 60%] Built target open_manipulator_y_gui_node
[0.415s] [100%] Built target open_manipulator_x_gui_node
[0.493s] Invoked command in '/ros2_ws/ros_workshop_ws/build/open_manipulator_gui' returned '0': CMAKE_PREFIX_PATH=${CMAKE_PREFIX_PATH}:/ros2_ws/ros_workshop_ws/install/open_manipulator_teleop:/ros2_ws/ros_workshop_ws/install/open_manipulator_bringup:/opt/ros/jazzy /usr/bin/cmake --build /ros2_ws/ros_workshop_ws/build/open_manipulator_gui -- -j16 -l16
[0.494s] Invoking command in '/ros2_ws/ros_workshop_ws/build/open_manipulator_gui': CMAKE_PREFIX_PATH=${CMAKE_PREFIX_PATH}:/ros2_ws/ros_workshop_ws/install/open_manipulator_teleop:/ros2_ws/ros_workshop_ws/install/open_manipulator_bringup:/opt/ros/jazzy /usr/bin/cmake --install /ros2_ws/ros_workshop_ws/build/open_manipulator_gui
[0.517s] -- Install configuration: ""
[0.518s] -- Execute custom install script
[0.518s] -- Up-to-date symlink: /ros2_ws/ros_workshop_ws/install/open_manipulator_gui/lib/open_manipulator_gui/open_manipulator_x_gui_node
[0.519s] -- Up-to-date symlink: /ros2_ws/ros_workshop_ws/install/open_manipulator_gui/lib/open_manipulator_gui/open_manipulator_y_gui_node
[0.519s] -- Up-to-date symlink: /ros2_ws/ros_workshop_ws/install/open_manipulator_gui/include/open_manipulator_x_gui/main_window.hpp
[0.519s] -- Up-to-date symlink: /ros2_ws/ros_workshop_ws/install/open_manipulator_gui/include/open_manipulator_x_gui/qnode.hpp
[0.520s] -- Up-to-date symlink: /ros2_ws/ros_workshop_ws/install/open_manipulator_gui/include/open_manipulator_y_gui/main_window.hpp
[0.520s] -- Up-to-date symlink: /ros2_ws/ros_workshop_ws/install/open_manipulator_gui/include/open_manipulator_y_gui/qnode.hpp
[0.520s] -- Up-to-date symlink: /ros2_ws/ros_workshop_ws/install/open_manipulator_gui/share/open_manipulator_gui/launch/open_manipulator_x_gui.launch.py
[0.521s] -- Up-to-date symlink: /ros2_ws/ros_workshop_ws/install/open_manipulator_gui/share/open_manipulator_gui/launch/open_manipulator_y_gui.launch.py
[0.522s] -- Up-to-date symlink: /ros2_ws/ros_workshop_ws/install/open_manipulator_gui/share/open_manipulator_gui/ui/x_main_window.ui
[0.522s] -- Up-to-date symlink: /ros2_ws/ros_workshop_ws/install/open_manipulator_gui/share/open_manipulator_gui/ui/y_main_window.ui
[0.522s] -- Up-to-date symlink: /ros2_ws/ros_workshop_ws/install/open_manipulator_gui/share/open_manipulator_gui/config/om_x_joint_log.csv
[0.523s] -- Up-to-date symlink: /ros2_ws/ros_workshop_ws/install/open_manipulator_gui/share/open_manipulator_gui/config/om_y_joint_log.csv
[0.523s] -- Up-to-date symlink: /ros2_ws/ros_workshop_ws/install/open_manipulator_gui/share/open_manipulator_gui/environment/library_path.sh
[0.523s] -- Up-to-date symlink: /ros2_ws/ros_workshop_ws/install/open_manipulator_gui/share/open_manipulator_gui/environment/library_path.dsv
[0.523s] -- Up-to-date symlink: /ros2_ws/ros_workshop_ws/install/open_manipulator_gui/share/ament_index/resource_index/package_run_dependencies/open_manipulator_gui
[0.523s] -- Up-to-date symlink: /ros2_ws/ros_workshop_ws/install/open_manipulator_gui/share/ament_index/resource_index/parent_prefix_path/open_manipulator_gui
[0.523s] -- Up-to-date symlink: /ros2_ws/ros_workshop_ws/install/open_manipulator_gui/share/open_manipulator_gui/environment/ament_prefix_path.sh
[0.524s] -- Up-to-date symlink: /ros2_ws/ros_workshop_ws/install/open_manipulator_gui/share/open_manipulator_gui/environment/ament_prefix_path.dsv
[0.525s] -- Up-to-date symlink: /ros2_ws/ros_workshop_ws/install/open_manipulator_gui/share/open_manipulator_gui/environment/path.sh
[0.525s] -- Up-to-date symlink: /ros2_ws/ros_workshop_ws/install/open_manipulator_gui/share/open_manipulator_gui/environment/path.dsv
[0.526s] -- Up-to-date symlink: /ros2_ws/ros_workshop_ws/install/open_manipulator_gui/share/open_manipulator_gui/local_setup.bash
[0.526s] -- Up-to-date symlink: /ros2_ws/ros_workshop_ws/install/open_manipulator_gui/share/open_manipulator_gui/local_setup.sh
[0.527s] -- Up-to-date symlink: /ros2_ws/ros_workshop_ws/install/open_manipulator_gui/share/open_manipulator_gui/local_setup.zsh
[0.527s] -- Up-to-date symlink: /ros2_ws/ros_workshop_ws/install/open_manipulator_gui/share/open_manipulator_gui/local_setup.dsv
[0.527s] -- Symlinking: /ros2_ws/ros_workshop_ws/install/open_manipulator_gui/share/open_manipulator_gui/package.dsv
[0.534s] -- Up-to-date symlink: /ros2_ws/ros_workshop_ws/install/open_manipulator_gui/share/ament_index/resource_index/packages/open_manipulator_gui
[0.534s] -- Up-to-date symlink: /ros2_ws/ros_workshop_ws/install/open_manipulator_gui/share/open_manipulator_gui/cmake/ament_cmake_export_include_directories-extras.cmake
[0.534s] -- Up-to-date symlink: /ros2_ws/ros_workshop_ws/install/open_manipulator_gui/share/open_manipulator_gui/cmake/ament_cmake_export_libraries-extras.cmake
[0.534s] -- Up-to-date symlink: /ros2_ws/ros_workshop_ws/install/open_manipulator_gui/share/open_manipulator_gui/cmake/open_manipulator_guiConfig.cmake
[0.535s] -- Up-to-date symlink: /ros2_ws/ros_workshop_ws/install/open_manipulator_gui/share/open_manipulator_gui/cmake/open_manipulator_guiConfig-version.cmake
[0.535s] -- Up-to-date symlink: /ros2_ws/ros_workshop_ws/install/open_manipulator_gui/share/open_manipulator_gui/package.xml
[0.597s] Invoked command in '/ros2_ws/ros_workshop_ws/build/open_manipulator_gui' returned '0': CMAKE_PREFIX_PATH=${CMAKE_PREFIX_PATH}:/ros2_ws/ros_workshop_ws/install/open_manipulator_teleop:/ros2_ws/ros_workshop_ws/install/open_manipulator_bringup:/opt/ros/jazzy /usr/bin/cmake --install /ros2_ws/ros_workshop_ws/build/open_manipulator_gui
