-- The C compiler identification is GNU 13.3.0
-- The CXX compiler identification is GNU 13.3.0
-- Detecting C compiler ABI info
-- Detecting C compiler ABI info - done
-- Check for working C compiler: /usr/bin/cc - skipped
-- Detecting C compile features
-- Detecting C compile features - done
-- Detecting CXX compiler ABI info
-- Detecting CXX compiler ABI info - done
-- Check for working CXX compiler: /usr/bin/c++ - skipped
-- Detecting CXX compile features
-- Detecting CXX compile features - done
-- Found ament_cmake: 2.5.4 (/opt/ros/jazzy/share/ament_cmake/cmake)
-- Found Python3: /usr/bin/python3 (found version "3.12.3") found components: Interpreter 
-- Found geometry_msgs: 5.3.6 (/opt/ros/jazzy/share/geometry_msgs/cmake)
-- Found rosidl_generator_c: 4.6.5 (/opt/ros/jazzy/share/rosidl_generator_c/cmake)
-- Found rosidl_generator_cpp: 4.6.5 (/opt/ros/jazzy/share/rosidl_generator_cpp/cmake)
-- Using all available rosidl_typesupport_c: rosidl_typesupport_fastrtps_c;rosidl_typesupport_introspection_c
-- Using all available rosidl_typesupport_cpp: rosidl_typesupport_fastrtps_cpp;rosidl_typesupport_introspection_cpp
-- Found rclcpp: 28.1.9 (/opt/ros/jazzy/share/rclcpp/cmake)
-- Found rmw_implementation_cmake: 7.3.2 (/opt/ros/jazzy/share/rmw_implementation_cmake/cmake)
-- Found rmw_fastrtps_cpp: 8.4.2 (/opt/ros/jazzy/share/rmw_fastrtps_cpp/cmake)
-- Found OpenSSL: /usr/lib/x86_64-linux-gnu/libcrypto.so (found version "3.0.13")  
-- Found FastRTPS: /opt/ros/jazzy/include (Required is at least version "2.13") 
-- Using RMW implementation 'rmw_fastrtps_cpp' as default
-- Found sensor_msgs: 5.3.6 (/opt/ros/jazzy/share/sensor_msgs/cmake)
-- Found moveit_msgs: 2.6.0 (/opt/ros/jazzy/share/moveit_msgs/cmake)
-- Found moveit_ros_planning: 2.12.3 (/opt/ros/jazzy/share/moveit_ros_planning/cmake)
-- Found Boost: /usr/lib/x86_64-linux-gnu/cmake/Boost-1.83.0/BoostConfig.cmake (found version "1.83.0") found components: system filesystem date_time program_options thread chrono 
-- Found parameter_traits: 0.4.0 (/opt/ros/jazzy/share/parameter_traits/cmake)
-- Found rclcpp_lifecycle: 28.1.9 (/opt/ros/jazzy/share/rclcpp_lifecycle/cmake)
-- Found Boost: /usr/lib/x86_64-linux-gnu/cmake/Boost-1.83.0/BoostConfig.cmake (found version "1.83.0") found components: chrono date_time filesystem iostreams program_options regex serialization system thread 
-- Found Boost: /usr/lib/x86_64-linux-gnu/cmake/Boost-1.83.0/BoostConfig.cmake (found version "1.83.0") found components: filesystem 
-- Found Eigen3: TRUE (found version "3.4.0") 
-- Ensuring Eigen3 include directory is part of orocos-kdl CMake target
-- Found moveit_ros_planning_interface: 2.12.3 (/opt/ros/jazzy/share/moveit_ros_planning_interface/cmake)
-- Found Boost: /usr/lib/x86_64-linux-gnu/cmake/Boost-1.83.0/BoostConfig.cmake (found version "1.83.0") found components: date_time filesystem program_options system thread 
-- Found Boost: /usr/lib/x86_64-linux-gnu/cmake/Boost-1.83.0/BoostConfig.cmake (found version "1.83.0") found components: thread system filesystem regex date_time program_options 
-- Found Boost: /usr/lib/x86_64-linux-gnu/cmake/Boost-1.83.0/BoostConfig.cmake (found version "1.83.0") found components: system filesystem date_time program_options thread 
-- Configuring done (4.5s)
-- Generating done (0.1s)
-- Build files have been written to: /ros2_ws/ros_workshop_ws/src/build/open_manipulator_gui
[  3%] [34m[1mGenerating ui_x_main_window.h[0m
[  7%] [34m[1mGenerating ui_y_main_window.h[0m
[ 10%] [34m[1mGenerating open_manipulator_x_gui/ui_x_main_window.h[0m
[ 14%] [34m[1mGenerating open_manipulator_y_gui/ui_y_main_window.h[0m
[ 14%] Built target copy_ui_headers
[ 14%] Built target open_manipulator_x_gui_node_autogen_timestamp_deps
[ 14%] Built target open_manipulator_y_gui_node_autogen_timestamp_deps
[ 17%] [34m[1mAutomatic MOC and UIC for target open_manipulator_x_gui_node[0m
[ 17%] Built target open_manipulator_x_gui_node_autogen
[ 21%] [34m[1mAutomatic MOC and UIC for target open_manipulator_y_gui_node[0m
[ 21%] Built target open_manipulator_y_gui_node_autogen
[ 25%] [34m[1mGenerating include/open_manipulator_x_gui/moc_main_window.cpp[0m
[ 28%] [34m[1mGenerating include/open_manipulator_x_gui/moc_qnode.cpp[0m
[ 32%] [32mBuilding CXX object CMakeFiles/open_manipulator_x_gui_node.dir/open_manipulator_x_gui_node_autogen/mocs_compilation.cpp.o[0m
[ 35%] [32mBuilding CXX object CMakeFiles/open_manipulator_x_gui_node.dir/include/open_manipulator_x_gui/moc_qnode.cpp.o[0m
[ 39%] [32mBuilding CXX object CMakeFiles/open_manipulator_x_gui_node.dir/include/open_manipulator_x_gui/moc_main_window.cpp.o[0m
[ 42%] [32mBuilding CXX object CMakeFiles/open_manipulator_x_gui_node.dir/src/om_x/qnode.cpp.o[0m
[ 46%] [32mBuilding CXX object CMakeFiles/open_manipulator_x_gui_node.dir/src/om_x/main_window.cpp.o[0m
[ 50%] [32mBuilding CXX object CMakeFiles/open_manipulator_x_gui_node.dir/src/om_x/main.cpp.o[0m
[ 53%] [32m[1mLinking CXX executable open_manipulator_x_gui_node[0m
[ 60%] Built target open_manipulator_x_gui_node
[ 67%] [34m[1mGenerating include/open_manipulator_y_gui/moc_main_window.cpp[0m
[ 67%] [34m[1mGenerating include/open_manipulator_y_gui/moc_qnode.cpp[0m
[ 75%] [32mBuilding CXX object CMakeFiles/open_manipulator_y_gui_node.dir/open_manipulator_y_gui_node_autogen/mocs_compilation.cpp.o[0m
[ 75%] [32mBuilding CXX object CMakeFiles/open_manipulator_y_gui_node.dir/src/om_y/main.cpp.o[0m
[ 78%] [32mBuilding CXX object CMakeFiles/open_manipulator_y_gui_node.dir/include/open_manipulator_y_gui/moc_qnode.cpp.o[0m
[ 85%] [32mBuilding CXX object CMakeFiles/open_manipulator_y_gui_node.dir/include/open_manipulator_y_gui/moc_main_window.cpp.o[0m
[ 85%] [32mBuilding CXX object CMakeFiles/open_manipulator_y_gui_node.dir/src/om_y/qnode.cpp.o[0m
[ 89%] [32mBuilding CXX object CMakeFiles/open_manipulator_y_gui_node.dir/src/om_y/main_window.cpp.o[0m
[ 92%] [32m[1mLinking CXX executable open_manipulator_y_gui_node[0m
[100%] Built target open_manipulator_y_gui_node
-- Install configuration: ""
-- Installing: /ros2_ws/ros_workshop_ws/src/install/open_manipulator_gui/lib/open_manipulator_gui/open_manipulator_x_gui_node
-- Set non-toolchain portion of runtime path of "/ros2_ws/ros_workshop_ws/src/install/open_manipulator_gui/lib/open_manipulator_gui/open_manipulator_x_gui_node" to ""
-- Installing: /ros2_ws/ros_workshop_ws/src/install/open_manipulator_gui/lib/open_manipulator_gui/open_manipulator_y_gui_node
-- Set non-toolchain portion of runtime path of "/ros2_ws/ros_workshop_ws/src/install/open_manipulator_gui/lib/open_manipulator_gui/open_manipulator_y_gui_node" to ""
-- Installing: /ros2_ws/ros_workshop_ws/src/install/open_manipulator_gui/include
-- Installing: /ros2_ws/ros_workshop_ws/src/install/open_manipulator_gui/include/open_manipulator_x_gui
-- Installing: /ros2_ws/ros_workshop_ws/src/install/open_manipulator_gui/include/open_manipulator_x_gui/main_window.hpp
-- Installing: /ros2_ws/ros_workshop_ws/src/install/open_manipulator_gui/include/open_manipulator_x_gui/qnode.hpp
-- Installing: /ros2_ws/ros_workshop_ws/src/install/open_manipulator_gui/include/open_manipulator_y_gui
-- Installing: /ros2_ws/ros_workshop_ws/src/install/open_manipulator_gui/include/open_manipulator_y_gui/main_window.hpp
-- Installing: /ros2_ws/ros_workshop_ws/src/install/open_manipulator_gui/include/open_manipulator_y_gui/qnode.hpp
-- Installing: /ros2_ws/ros_workshop_ws/src/install/open_manipulator_gui/share/open_manipulator_gui/launch
-- Installing: /ros2_ws/ros_workshop_ws/src/install/open_manipulator_gui/share/open_manipulator_gui/launch/open_manipulator_x_gui.launch.py
-- Installing: /ros2_ws/ros_workshop_ws/src/install/open_manipulator_gui/share/open_manipulator_gui/launch/open_manipulator_y_gui.launch.py
-- Installing: /ros2_ws/ros_workshop_ws/src/install/open_manipulator_gui/share/open_manipulator_gui/ui
-- Installing: /ros2_ws/ros_workshop_ws/src/install/open_manipulator_gui/share/open_manipulator_gui/ui/y_main_window.ui
-- Installing: /ros2_ws/ros_workshop_ws/src/install/open_manipulator_gui/share/open_manipulator_gui/ui/x_main_window.ui
-- Installing: /ros2_ws/ros_workshop_ws/src/install/open_manipulator_gui/share/open_manipulator_gui/config
-- Installing: /ros2_ws/ros_workshop_ws/src/install/open_manipulator_gui/share/open_manipulator_gui/config/om_y_joint_log.csv
-- Installing: /ros2_ws/ros_workshop_ws/src/install/open_manipulator_gui/share/open_manipulator_gui/config/om_x_joint_log.csv
-- Installing: /ros2_ws/ros_workshop_ws/src/install/open_manipulator_gui/share/open_manipulator_gui/environment/library_path.sh
-- Installing: /ros2_ws/ros_workshop_ws/src/install/open_manipulator_gui/share/open_manipulator_gui/environment/library_path.dsv
-- Installing: /ros2_ws/ros_workshop_ws/src/install/open_manipulator_gui/share/ament_index/resource_index/package_run_dependencies/open_manipulator_gui
-- Installing: /ros2_ws/ros_workshop_ws/src/install/open_manipulator_gui/share/ament_index/resource_index/parent_prefix_path/open_manipulator_gui
-- Installing: /ros2_ws/ros_workshop_ws/src/install/open_manipulator_gui/share/open_manipulator_gui/environment/ament_prefix_path.sh
-- Installing: /ros2_ws/ros_workshop_ws/src/install/open_manipulator_gui/share/open_manipulator_gui/environment/ament_prefix_path.dsv
-- Installing: /ros2_ws/ros_workshop_ws/src/install/open_manipulator_gui/share/open_manipulator_gui/environment/path.sh
-- Installing: /ros2_ws/ros_workshop_ws/src/install/open_manipulator_gui/share/open_manipulator_gui/environment/path.dsv
-- Installing: /ros2_ws/ros_workshop_ws/src/install/open_manipulator_gui/share/open_manipulator_gui/local_setup.bash
-- Installing: /ros2_ws/ros_workshop_ws/src/install/open_manipulator_gui/share/open_manipulator_gui/local_setup.sh
-- Installing: /ros2_ws/ros_workshop_ws/src/install/open_manipulator_gui/share/open_manipulator_gui/local_setup.zsh
-- Installing: /ros2_ws/ros_workshop_ws/src/install/open_manipulator_gui/share/open_manipulator_gui/local_setup.dsv
-- Installing: /ros2_ws/ros_workshop_ws/src/install/open_manipulator_gui/share/open_manipulator_gui/package.dsv
-- Installing: /ros2_ws/ros_workshop_ws/src/install/open_manipulator_gui/share/ament_index/resource_index/packages/open_manipulator_gui
-- Installing: /ros2_ws/ros_workshop_ws/src/install/open_manipulator_gui/share/open_manipulator_gui/cmake/ament_cmake_export_include_directories-extras.cmake
-- Installing: /ros2_ws/ros_workshop_ws/src/install/open_manipulator_gui/share/open_manipulator_gui/cmake/ament_cmake_export_libraries-extras.cmake
-- Installing: /ros2_ws/ros_workshop_ws/src/install/open_manipulator_gui/share/open_manipulator_gui/cmake/open_manipulator_guiConfig.cmake
-- Installing: /ros2_ws/ros_workshop_ws/src/install/open_manipulator_gui/share/open_manipulator_gui/cmake/open_manipulator_guiConfig-version.cmake
-- Installing: /ros2_ws/ros_workshop_ws/src/install/open_manipulator_gui/share/open_manipulator_gui/package.xml
