[0.060s] Invoking command in '/ros2_ws/ros_workshop_ws/src/build/om_spring_actuator_controller': CMAKE_PREFIX_PATH=${CMAKE_PREFIX_PATH}:/ros2_ws/ros_workshop_ws/install/open_manipulator_teleop:/ros2_ws/ros_workshop_ws/install/open_manipulator_bringup:/opt/ros/jazzy /usr/bin/cmake /ros2_ws/ros_workshop_ws/src/open_manipulator/ros2_controller/om_spring_actuator_controller -DCMAKE_INSTALL_PREFIX=/ros2_ws/ros_workshop_ws/src/install/om_spring_actuator_controller
[0.170s] -- The CXX compiler identification is GNU 13.3.0
[0.194s] -- Detecting CXX compiler ABI info
[0.382s] -- Detecting CXX compiler ABI info - done
[0.394s] -- Check for working CXX compiler: /usr/bin/c++ - skipped
[0.394s] -- Detecting CXX compile features
[0.395s] -- Detecting CXX compile features - done
[0.413s] -- Found ament_cmake: 2.5.4 (/opt/ros/jazzy/share/ament_cmake/cmake)
[0.732s] -- Found Python3: /usr/bin/python3 (found version "3.12.3") found components: Interpreter 
[1.058s] -- Found controller_interface: 4.29.0 (/opt/ros/jazzy/share/controller_interface/cmake)
[1.243s] -- Found rosidl_generator_c: 4.6.5 (/opt/ros/jazzy/share/rosidl_generator_c/cmake)
[1.306s] -- Found rosidl_generator_cpp: 4.6.5 (/opt/ros/jazzy/share/rosidl_generator_cpp/cmake)
[1.363s] -- Using all available rosidl_typesupport_c: rosidl_typesupport_fastrtps_c;rosidl_typesupport_introspection_c
[1.429s] -- Using all available rosidl_typesupport_cpp: rosidl_typesupport_fastrtps_cpp;rosidl_typesupport_introspection_cpp
[1.968s] -- Found TinyXML2 via Config file: /usr/lib/x86_64-linux-gnu/cmake/tinyxml2
[2.100s] -- Found rmw_implementation_cmake: 7.3.2 (/opt/ros/jazzy/share/rmw_implementation_cmake/cmake)
[2.115s] -- Found rmw_fastrtps_cpp: 8.4.2 (/opt/ros/jazzy/share/rmw_fastrtps_cpp/cmake)
[2.188s] -- Found TinyXML2 via Config file: /usr/lib/x86_64-linux-gnu/cmake/tinyxml2
[2.321s] -- Found OpenSSL: /usr/lib/x86_64-linux-gnu/libcrypto.so (found version "3.0.13")  
[2.325s] -- Found TinyXML2 via Config file: /usr/lib/x86_64-linux-gnu/cmake/tinyxml2
[2.370s] -- Found FastRTPS: /opt/ros/jazzy/include (Required is at least version "2.13") 
[2.380s] -- Found TinyXML2 via Config file: /usr/lib/x86_64-linux-gnu/cmake/tinyxml2
[2.390s] -- Found TinyXML2 via Config file: /usr/lib/x86_64-linux-gnu/cmake/tinyxml2
[2.410s] -- Using RMW implementation 'rmw_fastrtps_cpp' as default
[3.052s] -- Found generate_parameter_library: 0.4.0 (/opt/ros/jazzy/share/generate_parameter_library/cmake)
[3.083s] -- Found parameter_traits: 0.4.0 (/opt/ros/jazzy/share/parameter_traits/cmake)
[3.327s] -- Configuring done (3.3s)
[3.358s] -- Generating done (0.0s)
[3.368s] -- Build files have been written to: /ros2_ws/ros_workshop_ws/src/build/om_spring_actuator_controller
[3.394s] Invoked command in '/ros2_ws/ros_workshop_ws/src/build/om_spring_actuator_controller' returned '0': CMAKE_PREFIX_PATH=${CMAKE_PREFIX_PATH}:/ros2_ws/ros_workshop_ws/install/open_manipulator_teleop:/ros2_ws/ros_workshop_ws/install/open_manipulator_bringup:/opt/ros/jazzy /usr/bin/cmake /ros2_ws/ros_workshop_ws/src/open_manipulator/ros2_controller/om_spring_actuator_controller -DCMAKE_INSTALL_PREFIX=/ros2_ws/ros_workshop_ws/src/install/om_spring_actuator_controller
[3.394s] Invoking command in '/ros2_ws/ros_workshop_ws/src/build/om_spring_actuator_controller': CMAKE_PREFIX_PATH=${CMAKE_PREFIX_PATH}:/ros2_ws/ros_workshop_ws/install/open_manipulator_teleop:/ros2_ws/ros_workshop_ws/install/open_manipulator_bringup:/opt/ros/jazzy /usr/bin/cmake --build /ros2_ws/ros_workshop_ws/src/build/om_spring_actuator_controller -- -j16 -l16
[3.489s] [ 25%] [34m[1mRunning `/opt/ros/jazzy/bin/generate_parameter_library_cpp /ros2_ws/ros_workshop_ws/src/build/om_spring_actuator_controller/include/om_spring_actuator_controller/spring_actuator_controller_parameters.hpp /ros2_ws/ros_workshop_ws/src/open_manipulator/ros2_controller/om_spring_actuator_controller/src/spring_actuator_controller_parameters.yaml `[0m
[4.637s] [ 50%] [34m[1mCreating deprecated header file /ros2_ws/ros_workshop_ws/src/build/om_spring_actuator_controller/include/spring_actuator_controller_parameters.hpp[0m
[4.720s] [ 50%] Built target spring_actuator_controller_parameters
[4.752s] [ 75%] [32mBuilding CXX object CMakeFiles/spring_actuator_controller.dir/src/spring_actuator_controller.cpp.o[0m
[10.333s] [100%] [32m[1mLinking CXX shared library libspring_actuator_controller.so[0m
[10.592s] [100%] Built target spring_actuator_controller
[10.614s] Invoked command in '/ros2_ws/ros_workshop_ws/src/build/om_spring_actuator_controller' returned '0': CMAKE_PREFIX_PATH=${CMAKE_PREFIX_PATH}:/ros2_ws/ros_workshop_ws/install/open_manipulator_teleop:/ros2_ws/ros_workshop_ws/install/open_manipulator_bringup:/opt/ros/jazzy /usr/bin/cmake --build /ros2_ws/ros_workshop_ws/src/build/om_spring_actuator_controller -- -j16 -l16
[10.616s] Invoking command in '/ros2_ws/ros_workshop_ws/src/build/om_spring_actuator_controller': CMAKE_PREFIX_PATH=${CMAKE_PREFIX_PATH}:/ros2_ws/ros_workshop_ws/install/open_manipulator_teleop:/ros2_ws/ros_workshop_ws/install/open_manipulator_bringup:/opt/ros/jazzy /usr/bin/cmake --install /ros2_ws/ros_workshop_ws/src/build/om_spring_actuator_controller
[10.635s] -- Install configuration: ""
[10.636s] -- Installing: /ros2_ws/ros_workshop_ws/src/install/om_spring_actuator_controller/include/om_spring_actuator_controller
[10.636s] -- Installing: /ros2_ws/ros_workshop_ws/src/install/om_spring_actuator_controller/include/om_spring_actuator_controller/spring_actuator_controller_parameters.hpp
[10.636s] -- Installing: /ros2_ws/ros_workshop_ws/src/install/om_spring_actuator_controller/share/om_spring_actuator_controller/spring_actuator_plugin.xml
[10.636s] -- Installing: /ros2_ws/ros_workshop_ws/src/install/om_spring_actuator_controller/include/spring_actuator_controller
[10.636s] -- Installing: /ros2_ws/ros_workshop_ws/src/install/om_spring_actuator_controller/include/spring_actuator_controller/spring_actuator_controller
[10.637s] -- Installing: /ros2_ws/ros_workshop_ws/src/install/om_spring_actuator_controller/include/spring_actuator_controller/spring_actuator_controller/visibility_control.h
[10.637s] -- Installing: /ros2_ws/ros_workshop_ws/src/install/om_spring_actuator_controller/include/spring_actuator_controller/spring_actuator_controller/spring_actuator_controller.hpp
[10.637s] -- Installing: /ros2_ws/ros_workshop_ws/src/install/om_spring_actuator_controller/lib/libspring_actuator_controller.so
[10.638s] -- Set non-toolchain portion of runtime path of "/ros2_ws/ros_workshop_ws/src/install/om_spring_actuator_controller/lib/libspring_actuator_controller.so" to ""
[10.638s] -- Installing: /ros2_ws/ros_workshop_ws/src/install/om_spring_actuator_controller/share/om_spring_actuator_controller/environment/library_path.sh
[10.638s] -- Installing: /ros2_ws/ros_workshop_ws/src/install/om_spring_actuator_controller/share/om_spring_actuator_controller/environment/library_path.dsv
[10.639s] -- Installing: /ros2_ws/ros_workshop_ws/src/install/om_spring_actuator_controller/share/ament_index/resource_index/package_run_dependencies/om_spring_actuator_controller
[10.639s] -- Installing: /ros2_ws/ros_workshop_ws/src/install/om_spring_actuator_controller/share/ament_index/resource_index/parent_prefix_path/om_spring_actuator_controller
[10.639s] -- Installing: /ros2_ws/ros_workshop_ws/src/install/om_spring_actuator_controller/share/om_spring_actuator_controller/environment/ament_prefix_path.sh
[10.639s] -- Installing: /ros2_ws/ros_workshop_ws/src/install/om_spring_actuator_controller/share/om_spring_actuator_controller/environment/ament_prefix_path.dsv
[10.640s] -- Installing: /ros2_ws/ros_workshop_ws/src/install/om_spring_actuator_controller/share/om_spring_actuator_controller/environment/path.sh
[10.640s] -- Installing: /ros2_ws/ros_workshop_ws/src/install/om_spring_actuator_controller/share/om_spring_actuator_controller/environment/path.dsv
[10.640s] -- Installing: /ros2_ws/ros_workshop_ws/src/install/om_spring_actuator_controller/share/om_spring_actuator_controller/local_setup.bash
[10.640s] -- Installing: /ros2_ws/ros_workshop_ws/src/install/om_spring_actuator_controller/share/om_spring_actuator_controller/local_setup.sh
[10.640s] -- Installing: /ros2_ws/ros_workshop_ws/src/install/om_spring_actuator_controller/share/om_spring_actuator_controller/local_setup.zsh
[10.640s] -- Installing: /ros2_ws/ros_workshop_ws/src/install/om_spring_actuator_controller/share/om_spring_actuator_controller/local_setup.dsv
[10.641s] -- Installing: /ros2_ws/ros_workshop_ws/src/install/om_spring_actuator_controller/share/om_spring_actuator_controller/package.dsv
[10.641s] -- Installing: /ros2_ws/ros_workshop_ws/src/install/om_spring_actuator_controller/share/ament_index/resource_index/packages/om_spring_actuator_controller
[10.641s] -- Installing: /ros2_ws/ros_workshop_ws/src/install/om_spring_actuator_controller/share/ament_index/resource_index/controller_interface__pluginlib__plugin/om_spring_actuator_controller
[10.641s] -- Installing: /ros2_ws/ros_workshop_ws/src/install/om_spring_actuator_controller/share/om_spring_actuator_controller/cmake/export_spring_actuator_controllerExport.cmake
[10.642s] -- Installing: /ros2_ws/ros_workshop_ws/src/install/om_spring_actuator_controller/share/om_spring_actuator_controller/cmake/export_spring_actuator_controllerExport-noconfig.cmake
[10.642s] -- Installing: /ros2_ws/ros_workshop_ws/src/install/om_spring_actuator_controller/share/om_spring_actuator_controller/cmake/ament_cmake_export_dependencies-extras.cmake
[10.642s] -- Installing: /ros2_ws/ros_workshop_ws/src/install/om_spring_actuator_controller/share/om_spring_actuator_controller/cmake/ament_cmake_export_targets-extras.cmake
[10.642s] -- Installing: /ros2_ws/ros_workshop_ws/src/install/om_spring_actuator_controller/share/om_spring_actuator_controller/cmake/om_spring_actuator_controllerConfig.cmake
[10.642s] -- Installing: /ros2_ws/ros_workshop_ws/src/install/om_spring_actuator_controller/share/om_spring_actuator_controller/cmake/om_spring_actuator_controllerConfig-version.cmake
[10.643s] -- Installing: /ros2_ws/ros_workshop_ws/src/install/om_spring_actuator_controller/share/om_spring_actuator_controller/package.xml
[10.647s] Invoked command in '/ros2_ws/ros_workshop_ws/src/build/om_spring_actuator_controller' returned '0': CMAKE_PREFIX_PATH=${CMAKE_PREFIX_PATH}:/ros2_ws/ros_workshop_ws/install/open_manipulator_teleop:/ros2_ws/ros_workshop_ws/install/open_manipulator_bringup:/opt/ros/jazzy /usr/bin/cmake --install /ros2_ws/ros_workshop_ws/src/build/om_spring_actuator_controller
