[0.093s] Invoking command in '/ros2_ws/ros_workshop_ws/src/build/dynamixel_sdk': CMAKE_PREFIX_PATH=${CMAKE_PREFIX_PATH}:/ros2_ws/ros_workshop_ws/install/open_manipulator_teleop:/ros2_ws/ros_workshop_ws/install/open_manipulator_bringup:/opt/ros/jazzy /usr/bin/cmake /ros2_ws/ros_workshop_ws/src/DynamixelSDK/ros/dynamixel_sdk -DCMAKE_INSTALL_PREFIX=/ros2_ws/ros_workshop_ws/src/install/dynamixel_sdk
[0.193s] -- The C compiler identification is GNU 13.3.0
[0.295s] -- The CXX compiler identification is GNU 13.3.0
[0.320s] -- Detecting C compiler ABI info
[0.477s] -- Detecting C compiler ABI info - done
[0.494s] -- Check for working C compiler: /usr/bin/cc - skipped
[0.494s] -- Detecting C compile features
[0.494s] -- Detecting C compile features - done
[0.512s] -- Detecting CXX compiler ABI info
[0.701s] -- Detecting CXX compiler ABI info - done
[0.719s] -- Check for working CXX compiler: /usr/bin/c++ - skipped
[0.720s] -- Detecting CXX compile features
[0.720s] -- Detecting CXX compile features - done
[0.729s] -- Found ament_cmake: 2.5.4 (/opt/ros/jazzy/share/ament_cmake/cmake)
[1.037s] -- Found Python3: /usr/bin/python3 (found version "3.12.3") found components: Interpreter 
[1.656s] -- Configuring done (1.6s)
[1.666s] -- Generating done (0.0s)
[1.669s] -- Build files have been written to: /ros2_ws/ros_workshop_ws/src/build/dynamixel_sdk
[1.676s] Invoked command in '/ros2_ws/ros_workshop_ws/src/build/dynamixel_sdk' returned '0': CMAKE_PREFIX_PATH=${CMAKE_PREFIX_PATH}:/ros2_ws/ros_workshop_ws/install/open_manipulator_teleop:/ros2_ws/ros_workshop_ws/install/open_manipulator_bringup:/opt/ros/jazzy /usr/bin/cmake /ros2_ws/ros_workshop_ws/src/DynamixelSDK/ros/dynamixel_sdk -DCMAKE_INSTALL_PREFIX=/ros2_ws/ros_workshop_ws/src/install/dynamixel_sdk
[1.677s] Invoking command in '/ros2_ws/ros_workshop_ws/src/build/dynamixel_sdk': CMAKE_PREFIX_PATH=${CMAKE_PREFIX_PATH}:/ros2_ws/ros_workshop_ws/install/open_manipulator_teleop:/ros2_ws/ros_workshop_ws/install/open_manipulator_bringup:/opt/ros/jazzy /usr/bin/cmake --build /ros2_ws/ros_workshop_ws/src/build/dynamixel_sdk -- -j16 -l16
[1.771s] [  7%] [32mBuilding CXX object CMakeFiles/dynamixel_sdk.dir/src/dynamixel_sdk/packet_handler.cpp.o[0m
[1.937s] [ 15%] [32mBuilding CXX object CMakeFiles/dynamixel_sdk.dir/src/dynamixel_sdk/port_handler_linux.cpp.o[0m
[2.026s] [ 23%] [32mBuilding CXX object CMakeFiles/dynamixel_sdk.dir/src/dynamixel_sdk/port_handler.cpp.o[0m
[2.070s] [ 30%] [32mBuilding CXX object CMakeFiles/dynamixel_sdk.dir/src/dynamixel_sdk/group_handler.cpp.o[0m
[2.281s] [ 38%] [32mBuilding CXX object CMakeFiles/dynamixel_sdk.dir/src/dynamixel_sdk/group_fast_sync_read.cpp.o[0m
[2.612s] [ 46%] [32mBuilding CXX object CMakeFiles/dynamixel_sdk.dir/src/dynamixel_sdk/group_fast_bulk_read.cpp.o[0m
[3.023s] [ 53%] [32mBuilding CXX object CMakeFiles/dynamixel_sdk.dir/src/dynamixel_sdk/group_bulk_write.cpp.o[0m
[3.500s] [ 61%] [32mBuilding CXX object CMakeFiles/dynamixel_sdk.dir/src/dynamixel_sdk/group_bulk_read.cpp.o[0m
[3.980s] [ 69%] [32mBuilding CXX object CMakeFiles/dynamixel_sdk.dir/src/dynamixel_sdk/group_sync_write.cpp.o[0m
[4.351s] [ 76%] [32mBuilding CXX object CMakeFiles/dynamixel_sdk.dir/src/dynamixel_sdk/group_sync_read.cpp.o[0m
[4.774s] [ 84%] [32mBuilding CXX object CMakeFiles/dynamixel_sdk.dir/src/dynamixel_sdk/protocol2_packet_handler.cpp.o[0m
[5.080s] [ 92%] [32mBuilding CXX object CMakeFiles/dynamixel_sdk.dir/src/dynamixel_sdk/protocol1_packet_handler.cpp.o[0m
[5.311s] [100%] [32m[1mLinking CXX shared library libdynamixel_sdk.so[0m
[5.472s] [100%] Built target dynamixel_sdk
[5.525s] [100%] Built target ament_cmake_python_copy_dynamixel_sdk
[5.871s] running egg_info
[5.872s] creating dynamixel_sdk.egg-info
[5.902s] writing dynamixel_sdk.egg-info/PKG-INFO
[5.902s] writing dependency_links to dynamixel_sdk.egg-info/dependency_links.txt
[5.902s] writing top-level names to dynamixel_sdk.egg-info/top_level.txt
[5.903s] writing manifest file 'dynamixel_sdk.egg-info/SOURCES.txt'
[5.996s] reading manifest file 'dynamixel_sdk.egg-info/SOURCES.txt'
[5.997s] writing manifest file 'dynamixel_sdk.egg-info/SOURCES.txt'
[6.085s] [100%] Built target ament_cmake_python_build_dynamixel_sdk_egg
[6.109s] Invoked command in '/ros2_ws/ros_workshop_ws/src/build/dynamixel_sdk' returned '0': CMAKE_PREFIX_PATH=${CMAKE_PREFIX_PATH}:/ros2_ws/ros_workshop_ws/install/open_manipulator_teleop:/ros2_ws/ros_workshop_ws/install/open_manipulator_bringup:/opt/ros/jazzy /usr/bin/cmake --build /ros2_ws/ros_workshop_ws/src/build/dynamixel_sdk -- -j16 -l16
[6.114s] Invoking command in '/ros2_ws/ros_workshop_ws/src/build/dynamixel_sdk': CMAKE_PREFIX_PATH=${CMAKE_PREFIX_PATH}:/ros2_ws/ros_workshop_ws/install/open_manipulator_teleop:/ros2_ws/ros_workshop_ws/install/open_manipulator_bringup:/opt/ros/jazzy /usr/bin/cmake --install /ros2_ws/ros_workshop_ws/src/build/dynamixel_sdk
[6.131s] -- Install configuration: ""
[6.132s] -- Installing: /ros2_ws/ros_workshop_ws/src/install/dynamixel_sdk/include/
[6.132s] -- Installing: /ros2_ws/ros_workshop_ws/src/install/dynamixel_sdk/include//dynamixel_sdk
[6.132s] -- Installing: /ros2_ws/ros_workshop_ws/src/install/dynamixel_sdk/include//dynamixel_sdk/group_sync_read.h
[6.132s] -- Installing: /ros2_ws/ros_workshop_ws/src/install/dynamixel_sdk/include//dynamixel_sdk/port_handler.h
[6.132s] -- Installing: /ros2_ws/ros_workshop_ws/src/install/dynamixel_sdk/include//dynamixel_sdk/packet_handler.h
[6.132s] -- Installing: /ros2_ws/ros_workshop_ws/src/install/dynamixel_sdk/include//dynamixel_sdk/group_bulk_read.h
[6.133s] -- Installing: /ros2_ws/ros_workshop_ws/src/install/dynamixel_sdk/include//dynamixel_sdk/port_handler_windows.h
[6.133s] -- Installing: /ros2_ws/ros_workshop_ws/src/install/dynamixel_sdk/include//dynamixel_sdk/group_handler.h
[6.133s] -- Installing: /ros2_ws/ros_workshop_ws/src/install/dynamixel_sdk/include//dynamixel_sdk/group_bulk_write.h
[6.134s] -- Installing: /ros2_ws/ros_workshop_ws/src/install/dynamixel_sdk/include//dynamixel_sdk/group_fast_sync_read.h
[6.134s] -- Installing: /ros2_ws/ros_workshop_ws/src/install/dynamixel_sdk/include//dynamixel_sdk/group_fast_bulk_read.h
[6.134s] -- Installing: /ros2_ws/ros_workshop_ws/src/install/dynamixel_sdk/include//dynamixel_sdk/protocol1_packet_handler.h
[6.135s] -- Installing: /ros2_ws/ros_workshop_ws/src/install/dynamixel_sdk/include//dynamixel_sdk/port_handler_linux.h
[6.135s] -- Installing: /ros2_ws/ros_workshop_ws/src/install/dynamixel_sdk/include//dynamixel_sdk/port_handler_mac.h
[6.135s] -- Installing: /ros2_ws/ros_workshop_ws/src/install/dynamixel_sdk/include//dynamixel_sdk/dynamixel_sdk.h
[6.135s] -- Installing: /ros2_ws/ros_workshop_ws/src/install/dynamixel_sdk/include//dynamixel_sdk/port_handler_arduino.h
[6.136s] -- Installing: /ros2_ws/ros_workshop_ws/src/install/dynamixel_sdk/include//dynamixel_sdk/group_sync_write.h
[6.136s] -- Installing: /ros2_ws/ros_workshop_ws/src/install/dynamixel_sdk/include//dynamixel_sdk/protocol2_packet_handler.h
[6.136s] -- Installing: /ros2_ws/ros_workshop_ws/src/install/dynamixel_sdk/lib/libdynamixel_sdk.so
[6.138s] -- Installing: /ros2_ws/ros_workshop_ws/src/install/dynamixel_sdk/share/dynamixel_sdk/environment/pythonpath.sh
[6.139s] -- Installing: /ros2_ws/ros_workshop_ws/src/install/dynamixel_sdk/share/dynamixel_sdk/environment/pythonpath.dsv
[6.139s] -- Installing: /ros2_ws/ros_workshop_ws/src/install/dynamixel_sdk/lib/python3.12/site-packages/dynamixel_sdk-3.8.4-py3.12.egg-info
[6.139s] -- Installing: /ros2_ws/ros_workshop_ws/src/install/dynamixel_sdk/lib/python3.12/site-packages/dynamixel_sdk-3.8.4-py3.12.egg-info/PKG-INFO
[6.139s] -- Installing: /ros2_ws/ros_workshop_ws/src/install/dynamixel_sdk/lib/python3.12/site-packages/dynamixel_sdk-3.8.4-py3.12.egg-info/SOURCES.txt
[6.139s] -- Installing: /ros2_ws/ros_workshop_ws/src/install/dynamixel_sdk/lib/python3.12/site-packages/dynamixel_sdk-3.8.4-py3.12.egg-info/dependency_links.txt
[6.139s] -- Installing: /ros2_ws/ros_workshop_ws/src/install/dynamixel_sdk/lib/python3.12/site-packages/dynamixel_sdk-3.8.4-py3.12.egg-info/top_level.txt
[6.140s] -- Installing: /ros2_ws/ros_workshop_ws/src/install/dynamixel_sdk/lib/python3.12/site-packages/dynamixel_sdk
[6.140s] -- Installing: /ros2_ws/ros_workshop_ws/src/install/dynamixel_sdk/lib/python3.12/site-packages/dynamixel_sdk/group_handler.cpp
[6.140s] -- Installing: /ros2_ws/ros_workshop_ws/src/install/dynamixel_sdk/lib/python3.12/site-packages/dynamixel_sdk/__init__.py
[6.140s] -- Installing: /ros2_ws/ros_workshop_ws/src/install/dynamixel_sdk/lib/python3.12/site-packages/dynamixel_sdk/protocol2_packet_handler.cpp
[6.141s] -- Installing: /ros2_ws/ros_workshop_ws/src/install/dynamixel_sdk/lib/python3.12/site-packages/dynamixel_sdk/protocol1_packet_handler.cpp
[6.141s] -- Installing: /ros2_ws/ros_workshop_ws/src/install/dynamixel_sdk/lib/python3.12/site-packages/dynamixel_sdk/group_bulk_write.cpp
[6.141s] -- Installing: /ros2_ws/ros_workshop_ws/src/install/dynamixel_sdk/lib/python3.12/site-packages/dynamixel_sdk/port_handler.py
[6.141s] -- Installing: /ros2_ws/ros_workshop_ws/src/install/dynamixel_sdk/lib/python3.12/site-packages/dynamixel_sdk/group_sync_write.py
[6.141s] -- Installing: /ros2_ws/ros_workshop_ws/src/install/dynamixel_sdk/lib/python3.12/site-packages/dynamixel_sdk/protocol1_packet_handler.py
[6.141s] -- Installing: /ros2_ws/ros_workshop_ws/src/install/dynamixel_sdk/lib/python3.12/site-packages/dynamixel_sdk/group_sync_write.cpp
[6.142s] -- Installing: /ros2_ws/ros_workshop_ws/src/install/dynamixel_sdk/lib/python3.12/site-packages/dynamixel_sdk/packet_handler.py
[6.142s] -- Installing: /ros2_ws/ros_workshop_ws/src/install/dynamixel_sdk/lib/python3.12/site-packages/dynamixel_sdk/robotis_def.py
[6.142s] -- Installing: /ros2_ws/ros_workshop_ws/src/install/dynamixel_sdk/lib/python3.12/site-packages/dynamixel_sdk/group_sync_read.py
[6.142s] -- Installing: /ros2_ws/ros_workshop_ws/src/install/dynamixel_sdk/lib/python3.12/site-packages/dynamixel_sdk/group_bulk_read.cpp
[6.142s] -- Installing: /ros2_ws/ros_workshop_ws/src/install/dynamixel_sdk/lib/python3.12/site-packages/dynamixel_sdk/protocol2_packet_handler.py
[6.142s] -- Installing: /ros2_ws/ros_workshop_ws/src/install/dynamixel_sdk/lib/python3.12/site-packages/dynamixel_sdk/packet_handler.cpp
[6.143s] -- Installing: /ros2_ws/ros_workshop_ws/src/install/dynamixel_sdk/lib/python3.12/site-packages/dynamixel_sdk/port_handler_windows.cpp
[6.143s] -- Installing: /ros2_ws/ros_workshop_ws/src/install/dynamixel_sdk/lib/python3.12/site-packages/dynamixel_sdk/port_handler_linux.cpp
[6.143s] -- Installing: /ros2_ws/ros_workshop_ws/src/install/dynamixel_sdk/lib/python3.12/site-packages/dynamixel_sdk/group_bulk_read.py
[6.143s] -- Installing: /ros2_ws/ros_workshop_ws/src/install/dynamixel_sdk/lib/python3.12/site-packages/dynamixel_sdk/port_handler.cpp
[6.143s] -- Installing: /ros2_ws/ros_workshop_ws/src/install/dynamixel_sdk/lib/python3.12/site-packages/dynamixel_sdk/group_sync_read.cpp
[6.143s] -- Installing: /ros2_ws/ros_workshop_ws/src/install/dynamixel_sdk/lib/python3.12/site-packages/dynamixel_sdk/group_bulk_write.py
[6.143s] -- Installing: /ros2_ws/ros_workshop_ws/src/install/dynamixel_sdk/lib/python3.12/site-packages/dynamixel_sdk/port_handler_arduino.cpp
[6.143s] -- Installing: /ros2_ws/ros_workshop_ws/src/install/dynamixel_sdk/lib/python3.12/site-packages/dynamixel_sdk/group_fast_sync_read.cpp
[6.143s] -- Installing: /ros2_ws/ros_workshop_ws/src/install/dynamixel_sdk/lib/python3.12/site-packages/dynamixel_sdk/group_fast_bulk_read.cpp
[6.143s] -- Installing: /ros2_ws/ros_workshop_ws/src/install/dynamixel_sdk/lib/python3.12/site-packages/dynamixel_sdk/port_handler_mac.cpp
[6.224s] Listing '/ros2_ws/ros_workshop_ws/src/install/dynamixel_sdk/lib/python3.12/site-packages/dynamixel_sdk'...
[6.224s] Compiling '/ros2_ws/ros_workshop_ws/src/install/dynamixel_sdk/lib/python3.12/site-packages/dynamixel_sdk/__init__.py'...
[6.224s] Compiling '/ros2_ws/ros_workshop_ws/src/install/dynamixel_sdk/lib/python3.12/site-packages/dynamixel_sdk/group_bulk_read.py'...
[6.224s] Compiling '/ros2_ws/ros_workshop_ws/src/install/dynamixel_sdk/lib/python3.12/site-packages/dynamixel_sdk/group_bulk_write.py'...
[6.224s] Compiling '/ros2_ws/ros_workshop_ws/src/install/dynamixel_sdk/lib/python3.12/site-packages/dynamixel_sdk/group_sync_read.py'...
[6.225s] Compiling '/ros2_ws/ros_workshop_ws/src/install/dynamixel_sdk/lib/python3.12/site-packages/dynamixel_sdk/group_sync_write.py'...
[6.225s] Compiling '/ros2_ws/ros_workshop_ws/src/install/dynamixel_sdk/lib/python3.12/site-packages/dynamixel_sdk/packet_handler.py'...
[6.225s] Compiling '/ros2_ws/ros_workshop_ws/src/install/dynamixel_sdk/lib/python3.12/site-packages/dynamixel_sdk/port_handler.py'...
[6.225s] Compiling '/ros2_ws/ros_workshop_ws/src/install/dynamixel_sdk/lib/python3.12/site-packages/dynamixel_sdk/protocol1_packet_handler.py'...
[6.225s] Compiling '/ros2_ws/ros_workshop_ws/src/install/dynamixel_sdk/lib/python3.12/site-packages/dynamixel_sdk/protocol2_packet_handler.py'...
[6.225s] Compiling '/ros2_ws/ros_workshop_ws/src/install/dynamixel_sdk/lib/python3.12/site-packages/dynamixel_sdk/robotis_def.py'...
[6.237s] -- Installing: /ros2_ws/ros_workshop_ws/src/install/dynamixel_sdk/share/dynamixel_sdk/environment/library_path.sh
[6.237s] -- Installing: /ros2_ws/ros_workshop_ws/src/install/dynamixel_sdk/share/dynamixel_sdk/environment/library_path.dsv
[6.238s] -- Installing: /ros2_ws/ros_workshop_ws/src/install/dynamixel_sdk/share/ament_index/resource_index/package_run_dependencies/dynamixel_sdk
[6.238s] -- Installing: /ros2_ws/ros_workshop_ws/src/install/dynamixel_sdk/share/ament_index/resource_index/parent_prefix_path/dynamixel_sdk
[6.238s] -- Installing: /ros2_ws/ros_workshop_ws/src/install/dynamixel_sdk/share/dynamixel_sdk/environment/ament_prefix_path.sh
[6.238s] -- Installing: /ros2_ws/ros_workshop_ws/src/install/dynamixel_sdk/share/dynamixel_sdk/environment/ament_prefix_path.dsv
[6.239s] -- Installing: /ros2_ws/ros_workshop_ws/src/install/dynamixel_sdk/share/dynamixel_sdk/environment/path.sh
[6.239s] -- Installing: /ros2_ws/ros_workshop_ws/src/install/dynamixel_sdk/share/dynamixel_sdk/environment/path.dsv
[6.240s] -- Installing: /ros2_ws/ros_workshop_ws/src/install/dynamixel_sdk/share/dynamixel_sdk/local_setup.bash
[6.240s] -- Installing: /ros2_ws/ros_workshop_ws/src/install/dynamixel_sdk/share/dynamixel_sdk/local_setup.sh
[6.240s] -- Installing: /ros2_ws/ros_workshop_ws/src/install/dynamixel_sdk/share/dynamixel_sdk/local_setup.zsh
[6.240s] -- Installing: /ros2_ws/ros_workshop_ws/src/install/dynamixel_sdk/share/dynamixel_sdk/local_setup.dsv
[6.240s] -- Installing: /ros2_ws/ros_workshop_ws/src/install/dynamixel_sdk/share/dynamixel_sdk/package.dsv
[6.241s] -- Installing: /ros2_ws/ros_workshop_ws/src/install/dynamixel_sdk/share/ament_index/resource_index/packages/dynamixel_sdk
[6.241s] -- Installing: /ros2_ws/ros_workshop_ws/src/install/dynamixel_sdk/share/dynamixel_sdk/cmake/dynamixel_sdkExport.cmake
[6.241s] -- Installing: /ros2_ws/ros_workshop_ws/src/install/dynamixel_sdk/share/dynamixel_sdk/cmake/dynamixel_sdkExport-noconfig.cmake
[6.241s] -- Installing: /ros2_ws/ros_workshop_ws/src/install/dynamixel_sdk/share/dynamixel_sdk/cmake/ament_cmake_export_targets-extras.cmake
[6.241s] -- Installing: /ros2_ws/ros_workshop_ws/src/install/dynamixel_sdk/share/dynamixel_sdk/cmake/ament_cmake_export_include_directories-extras.cmake
[6.242s] -- Installing: /ros2_ws/ros_workshop_ws/src/install/dynamixel_sdk/share/dynamixel_sdk/cmake/ament_cmake_export_libraries-extras.cmake
[6.243s] -- Installing: /ros2_ws/ros_workshop_ws/src/install/dynamixel_sdk/share/dynamixel_sdk/cmake/dynamixel_sdkConfig.cmake
[6.243s] -- Installing: /ros2_ws/ros_workshop_ws/src/install/dynamixel_sdk/share/dynamixel_sdk/cmake/dynamixel_sdkConfig-version.cmake
[6.243s] -- Installing: /ros2_ws/ros_workshop_ws/src/install/dynamixel_sdk/share/dynamixel_sdk/package.xml
[6.249s] Invoked command in '/ros2_ws/ros_workshop_ws/src/build/dynamixel_sdk' returned '0': CMAKE_PREFIX_PATH=${CMAKE_PREFIX_PATH}:/ros2_ws/ros_workshop_ws/install/open_manipulator_teleop:/ros2_ws/ros_workshop_ws/install/open_manipulator_bringup:/opt/ros/jazzy /usr/bin/cmake --install /ros2_ws/ros_workshop_ws/src/build/dynamixel_sdk
