[0.084s] Invoking command in '/ros2_ws/ros_workshop_ws/src/build/dynamixel_interfaces': CMAKE_PREFIX_PATH=${CMAKE_PREFIX_PATH}:/ros2_ws/ros_workshop_ws/install/open_manipulator_teleop:/ros2_ws/ros_workshop_ws/install/open_manipulator_bringup:/opt/ros/jazzy /usr/bin/cmake /ros2_ws/ros_workshop_ws/src/dynamixel_interfaces -DCMAKE_INSTALL_PREFIX=/ros2_ws/ros_workshop_ws/src/install/dynamixel_interfaces
[0.184s] -- The C compiler identification is GNU 13.3.0
[0.273s] -- The CXX compiler identification is GNU 13.3.0
[0.300s] -- Detecting C compiler ABI info
[0.446s] -- Detecting C compiler ABI info - done
[0.464s] -- Check for working C compiler: /usr/bin/cc - skipped
[0.465s] -- Detecting C compile features
[0.465s] -- Detecting C compile features - done
[0.482s] -- Detecting CXX compiler ABI info
[0.662s] -- Detecting CXX compiler ABI info - done
[0.675s] -- Check for working CXX compiler: /usr/bin/c++ - skipped
[0.675s] -- Detecting CXX compile features
[0.676s] -- Detecting CXX compile features - done
[0.689s] -- Found ament_cmake: 2.5.4 (/opt/ros/jazzy/share/ament_cmake/cmake)
[0.973s] -- Found Python3: /usr/bin/python3 (found version "3.12.3") found components: Interpreter 
[1.288s] -- Found std_msgs: 5.3.6 (/opt/ros/jazzy/share/std_msgs/cmake)
[1.438s] -- Found rosidl_generator_c: 4.6.5 (/opt/ros/jazzy/share/rosidl_generator_c/cmake)
[1.487s] -- Found rosidl_generator_cpp: 4.6.5 (/opt/ros/jazzy/share/rosidl_generator_cpp/cmake)
[1.554s] -- Using all available rosidl_typesupport_c: rosidl_typesupport_fastrtps_c;rosidl_typesupport_introspection_c
[1.608s] -- Using all available rosidl_typesupport_cpp: rosidl_typesupport_fastrtps_cpp;rosidl_typesupport_introspection_cpp
[1.719s] -- Found geometry_msgs: 5.3.6 (/opt/ros/jazzy/share/geometry_msgs/cmake)
[1.756s] -- Found rosidl_default_generators: 1.6.0 (/opt/ros/jazzy/share/rosidl_default_generators/cmake)
[1.826s] -- Found rosidl_adapter: 4.6.5 (/opt/ros/jazzy/share/rosidl_adapter/cmake)
[2.890s] -- Found ament_cmake_ros: 0.12.0 (/opt/ros/jazzy/share/ament_cmake_ros/cmake)
[4.325s] -- Using all available rosidl_typesupport_c: rosidl_typesupport_fastrtps_c;rosidl_typesupport_introspection_c
[4.910s] -- Using all available rosidl_typesupport_cpp: rosidl_typesupport_fastrtps_cpp;rosidl_typesupport_introspection_cpp
[4.919s] -- Found python_cmake_module: 0.11.1 (/opt/ros/jazzy/share/python_cmake_module/cmake)
[5.127s] -- Found PythonExtra: /usr/bin/python3  
[5.900s] -- Found Python3: /usr/bin/python3 (found version "3.12.3") found components: Interpreter Development NumPy Development.Module Development.Embed 
[5.995s] -- Found ament_lint_auto: 0.17.2 (/opt/ros/jazzy/share/ament_lint_auto/cmake)
[6.092s] -- Added test 'copyright' to check source files copyright and LICENSE
[6.102s] -- Added test 'lint_cmake' to check CMake code style
[6.109s] -- Added test 'xmllint' to check XML markup files
[6.114s] -- Configuring done (6.0s)
[6.211s] -- Generating done (0.1s)
[6.231s] -- Build files have been written to: /ros2_ws/ros_workshop_ws/src/build/dynamixel_interfaces
[6.263s] Invoked command in '/ros2_ws/ros_workshop_ws/src/build/dynamixel_interfaces' returned '0': CMAKE_PREFIX_PATH=${CMAKE_PREFIX_PATH}:/ros2_ws/ros_workshop_ws/install/open_manipulator_teleop:/ros2_ws/ros_workshop_ws/install/open_manipulator_bringup:/opt/ros/jazzy /usr/bin/cmake /ros2_ws/ros_workshop_ws/src/dynamixel_interfaces -DCMAKE_INSTALL_PREFIX=/ros2_ws/ros_workshop_ws/src/install/dynamixel_interfaces
[6.263s] Invoking command in '/ros2_ws/ros_workshop_ws/src/build/dynamixel_interfaces': CMAKE_PREFIX_PATH=${CMAKE_PREFIX_PATH}:/ros2_ws/ros_workshop_ws/install/open_manipulator_teleop:/ros2_ws/ros_workshop_ws/install/open_manipulator_bringup:/opt/ros/jazzy /usr/bin/cmake --build /ros2_ws/ros_workshop_ws/src/build/dynamixel_interfaces -- -j16 -l16
[6.359s] [  1%] [34m[1mGenerating type hashes for ROS interfaces[0m
[6.897s] [  1%] Built target dynamixel_interfaces__rosidl_generator_type_description
[6.947s] [  1%] Built target ament_cmake_python_copy_dynamixel_interfaces
[6.970s] [  3%] [34m[1mGenerating C code for ROS interfaces[0m
[8.250s] [  4%] [32mBuilding C object CMakeFiles/dynamixel_interfaces__rosidl_generator_c.dir/rosidl_generator_c/dynamixel_interfaces/msg/detail/dynamixel_state__description.c.o[0m
[8.315s] [  6%] [32mBuilding C object CMakeFiles/dynamixel_interfaces__rosidl_generator_c.dir/rosidl_generator_c/dynamixel_interfaces/srv/detail/reboot_dxl__type_support.c.o[0m
[8.379s] [  7%] [32mBuilding C object CMakeFiles/dynamixel_interfaces__rosidl_generator_c.dir/rosidl_generator_c/dynamixel_interfaces/srv/detail/reboot_dxl__functions.c.o[0m
[8.500s] [  9%] [32mBuilding C object CMakeFiles/dynamixel_interfaces__rosidl_generator_c.dir/rosidl_generator_c/dynamixel_interfaces/srv/detail/reboot_dxl__description.c.o[0m
[8.582s] [ 10%] [32mBuilding C object CMakeFiles/dynamixel_interfaces__rosidl_generator_c.dir/rosidl_generator_c/dynamixel_interfaces/srv/detail/set_data_to_dxl__type_support.c.o[0m
[8.659s] [ 12%] [32mBuilding C object CMakeFiles/dynamixel_interfaces__rosidl_generator_c.dir/rosidl_generator_c/dynamixel_interfaces/srv/detail/set_data_to_dxl__functions.c.o[0m
[8.771s] [ 14%] [32mBuilding C object CMakeFiles/dynamixel_interfaces__rosidl_generator_c.dir/rosidl_generator_c/dynamixel_interfaces/srv/detail/set_data_to_dxl__description.c.o[0m
[8.856s] [ 15%] [32mBuilding C object CMakeFiles/dynamixel_interfaces__rosidl_generator_c.dir/rosidl_generator_c/dynamixel_interfaces/srv/detail/get_data_from_dxl__type_support.c.o[0m
[8.922s] [ 17%] [32mBuilding C object CMakeFiles/dynamixel_interfaces__rosidl_generator_c.dir/rosidl_generator_c/dynamixel_interfaces/srv/detail/get_data_from_dxl__functions.c.o[0m
[9.025s] [ 18%] [32mBuilding C object CMakeFiles/dynamixel_interfaces__rosidl_generator_c.dir/rosidl_generator_c/dynamixel_interfaces/srv/detail/get_data_from_dxl__description.c.o[0m
[9.111s] [ 20%] [32mBuilding C object CMakeFiles/dynamixel_interfaces__rosidl_generator_c.dir/rosidl_generator_c/dynamixel_interfaces/msg/detail/dynamixel_state__type_support.c.o[0m
[9.169s] [ 21%] [32mBuilding C object CMakeFiles/dynamixel_interfaces__rosidl_generator_c.dir/rosidl_generator_c/dynamixel_interfaces/msg/detail/dynamixel_state__functions.c.o[0m
[9.268s] [ 23%] [32m[1mLinking C shared library libdynamixel_interfaces__rosidl_generator_c.so[0m
[9.343s] [ 23%] Built target dynamixel_interfaces__rosidl_generator_c
[9.679s] running egg_info
[9.681s] creating dynamixel_interfaces.egg-info
[9.714s] writing dynamixel_interfaces.egg-info/PKG-INFO
[9.715s] writing dependency_links to dynamixel_interfaces.egg-info/dependency_links.txt
[9.715s] writing top-level names to dynamixel_interfaces.egg-info/top_level.txt
[9.715s] writing manifest file 'dynamixel_interfaces.egg-info/SOURCES.txt'
[9.800s] reading manifest file 'dynamixel_interfaces.egg-info/SOURCES.txt'
[9.800s] writing manifest file 'dynamixel_interfaces.egg-info/SOURCES.txt'
[9.878s] [ 23%] Built target ament_cmake_python_build_dynamixel_interfaces_egg
[9.903s] [ 25%] [34m[1mGenerating C type support dispatch for ROS interfaces[0m
[10.520s] [ 26%] [32mBuilding CXX object CMakeFiles/dynamixel_interfaces__rosidl_typesupport_c.dir/rosidl_typesupport_c/dynamixel_interfaces/msg/dynamixel_state__type_support.cpp.o[0m
[10.594s] [ 28%] [32mBuilding CXX object CMakeFiles/dynamixel_interfaces__rosidl_typesupport_c.dir/rosidl_typesupport_c/dynamixel_interfaces/srv/reboot_dxl__type_support.cpp.o[0m
[10.661s] [ 29%] [32mBuilding CXX object CMakeFiles/dynamixel_interfaces__rosidl_typesupport_c.dir/rosidl_typesupport_c/dynamixel_interfaces/srv/set_data_to_dxl__type_support.cpp.o[0m
[10.731s] [ 31%] [32mBuilding CXX object CMakeFiles/dynamixel_interfaces__rosidl_typesupport_c.dir/rosidl_typesupport_c/dynamixel_interfaces/srv/get_data_from_dxl__type_support.cpp.o[0m
[10.803s] [ 32%] [32m[1mLinking CXX shared library libdynamixel_interfaces__rosidl_typesupport_c.so[0m
[10.886s] [ 32%] Built target dynamixel_interfaces__rosidl_typesupport_c
[10.904s] [ 34%] [34m[1mGenerating C introspection for ROS interfaces[0m
[11.676s] [ 35%] [32mBuilding C object CMakeFiles/dynamixel_interfaces__rosidl_typesupport_introspection_c.dir/rosidl_typesupport_introspection_c/dynamixel_interfaces/msg/detail/dynamixel_state__type_support.c.o[0m
[11.739s] [ 37%] [32mBuilding C object CMakeFiles/dynamixel_interfaces__rosidl_typesupport_introspection_c.dir/rosidl_typesupport_introspection_c/dynamixel_interfaces/srv/detail/reboot_dxl__type_support.c.o[0m
[11.811s] [ 39%] [32mBuilding C object CMakeFiles/dynamixel_interfaces__rosidl_typesupport_introspection_c.dir/rosidl_typesupport_introspection_c/dynamixel_interfaces/srv/detail/set_data_to_dxl__type_support.c.o[0m
[11.882s] [ 40%] [32mBuilding C object CMakeFiles/dynamixel_interfaces__rosidl_typesupport_introspection_c.dir/rosidl_typesupport_introspection_c/dynamixel_interfaces/srv/detail/get_data_from_dxl__type_support.c.o[0m
[11.957s] [ 42%] [32m[1mLinking C shared library libdynamixel_interfaces__rosidl_typesupport_introspection_c.so[0m
[12.015s] [ 42%] Built target dynamixel_interfaces__rosidl_typesupport_introspection_c
[12.034s] [ 43%] [34m[1mGenerating C type support for eProsima Fast-RTPS[0m
[12.997s] [ 45%] [32mBuilding CXX object CMakeFiles/dynamixel_interfaces__rosidl_typesupport_fastrtps_c.dir/rosidl_typesupport_fastrtps_c/dynamixel_interfaces/msg/detail/dynamixel_state__type_support_c.cpp.o[0m
[13.558s] [ 46%] [32mBuilding CXX object CMakeFiles/dynamixel_interfaces__rosidl_typesupport_fastrtps_c.dir/rosidl_typesupport_fastrtps_c/dynamixel_interfaces/srv/detail/reboot_dxl__type_support_c.cpp.o[0m
[14.127s] [ 48%] [32mBuilding CXX object CMakeFiles/dynamixel_interfaces__rosidl_typesupport_fastrtps_c.dir/rosidl_typesupport_fastrtps_c/dynamixel_interfaces/srv/detail/set_data_to_dxl__type_support_c.cpp.o[0m
[14.739s] [ 50%] [32mBuilding CXX object CMakeFiles/dynamixel_interfaces__rosidl_typesupport_fastrtps_c.dir/rosidl_typesupport_fastrtps_c/dynamixel_interfaces/srv/detail/get_data_from_dxl__type_support_c.cpp.o[0m
[15.326s] [ 51%] [32m[1mLinking CXX shared library libdynamixel_interfaces__rosidl_typesupport_fastrtps_c.so[0m
[15.470s] [ 51%] Built target dynamixel_interfaces__rosidl_typesupport_fastrtps_c
[15.507s] [ 53%] [34m[1mGenerating C++ code for ROS interfaces[0m
[16.517s] [ 53%] Built target dynamixel_interfaces__cpp
[16.539s] [ 54%] [34m[1mGenerating C++ type support dispatch for ROS interfaces[0m
[17.141s] [ 56%] [32mBuilding CXX object CMakeFiles/dynamixel_interfaces__rosidl_typesupport_cpp.dir/rosidl_typesupport_cpp/dynamixel_interfaces/msg/dynamixel_state__type_support.cpp.o[0m
[17.505s] [ 57%] [32mBuilding CXX object CMakeFiles/dynamixel_interfaces__rosidl_typesupport_cpp.dir/rosidl_typesupport_cpp/dynamixel_interfaces/srv/reboot_dxl__type_support.cpp.o[0m
[17.933s] [ 59%] [32mBuilding CXX object CMakeFiles/dynamixel_interfaces__rosidl_typesupport_cpp.dir/rosidl_typesupport_cpp/dynamixel_interfaces/srv/set_data_to_dxl__type_support.cpp.o[0m
[18.375s] [ 60%] [32mBuilding CXX object CMakeFiles/dynamixel_interfaces__rosidl_typesupport_cpp.dir/rosidl_typesupport_cpp/dynamixel_interfaces/srv/get_data_from_dxl__type_support.cpp.o[0m
[18.812s] [ 62%] [32m[1mLinking CXX shared library libdynamixel_interfaces__rosidl_typesupport_cpp.so[0m
[18.938s] [ 62%] Built target dynamixel_interfaces__rosidl_typesupport_cpp
[18.955s] [ 64%] [34m[1mGenerating C++ introspection for ROS interfaces[0m
[19.637s] [ 65%] [32mBuilding CXX object CMakeFiles/dynamixel_interfaces__rosidl_typesupport_introspection_cpp.dir/rosidl_typesupport_introspection_cpp/dynamixel_interfaces/msg/detail/dynamixel_state__type_support.cpp.o[0m
[20.115s] [ 67%] [32mBuilding CXX object CMakeFiles/dynamixel_interfaces__rosidl_typesupport_introspection_cpp.dir/rosidl_typesupport_introspection_cpp/dynamixel_interfaces/srv/detail/reboot_dxl__type_support.cpp.o[0m
[20.567s] [ 68%] [32mBuilding CXX object CMakeFiles/dynamixel_interfaces__rosidl_typesupport_introspection_cpp.dir/rosidl_typesupport_introspection_cpp/dynamixel_interfaces/srv/detail/set_data_to_dxl__type_support.cpp.o[0m
[21.022s] [ 70%] [32mBuilding CXX object CMakeFiles/dynamixel_interfaces__rosidl_typesupport_introspection_cpp.dir/rosidl_typesupport_introspection_cpp/dynamixel_interfaces/srv/detail/get_data_from_dxl__type_support.cpp.o[0m
[21.479s] [ 71%] [32m[1mLinking CXX shared library libdynamixel_interfaces__rosidl_typesupport_introspection_cpp.so[0m
[21.611s] [ 71%] Built target dynamixel_interfaces__rosidl_typesupport_introspection_cpp
[21.629s] [ 73%] [34m[1mGenerating C++ type support for eProsima Fast-RTPS[0m
[22.451s] [ 75%] [32mBuilding CXX object CMakeFiles/dynamixel_interfaces__rosidl_typesupport_fastrtps_cpp.dir/rosidl_typesupport_fastrtps_cpp/dynamixel_interfaces/msg/detail/dds_fastrtps/dynamixel_state__type_support.cpp.o[0m
[22.999s] [ 76%] [32mBuilding CXX object CMakeFiles/dynamixel_interfaces__rosidl_typesupport_fastrtps_cpp.dir/rosidl_typesupport_fastrtps_cpp/dynamixel_interfaces/srv/detail/dds_fastrtps/reboot_dxl__type_support.cpp.o[0m
[23.649s] [ 78%] [32mBuilding CXX object CMakeFiles/dynamixel_interfaces__rosidl_typesupport_fastrtps_cpp.dir/rosidl_typesupport_fastrtps_cpp/dynamixel_interfaces/srv/detail/dds_fastrtps/set_data_to_dxl__type_support.cpp.o[0m
[24.297s] [ 79%] [32mBuilding CXX object CMakeFiles/dynamixel_interfaces__rosidl_typesupport_fastrtps_cpp.dir/rosidl_typesupport_fastrtps_cpp/dynamixel_interfaces/srv/detail/dds_fastrtps/get_data_from_dxl__type_support.cpp.o[0m
[24.950s] [ 81%] [32m[1mLinking CXX shared library libdynamixel_interfaces__rosidl_typesupport_fastrtps_cpp.so[0m
[25.074s] [ 81%] Built target dynamixel_interfaces__rosidl_typesupport_fastrtps_cpp
[25.111s] [ 81%] Built target dynamixel_interfaces
[25.144s] [ 82%] [34m[1mGenerating Python code for ROS interfaces[0m
[26.392s] [ 82%] Built target dynamixel_interfaces__py
[26.426s] [ 84%] [32mBuilding C object CMakeFiles/dynamixel_interfaces__rosidl_generator_py.dir/rosidl_generator_py/dynamixel_interfaces/msg/_dynamixel_state_s.c.o[0m
[26.606s] [ 85%] [32mBuilding C object CMakeFiles/dynamixel_interfaces__rosidl_generator_py.dir/rosidl_generator_py/dynamixel_interfaces/srv/_reboot_dxl_s.c.o[0m
[26.778s] [ 87%] [32mBuilding C object CMakeFiles/dynamixel_interfaces__rosidl_generator_py.dir/rosidl_generator_py/dynamixel_interfaces/srv/_set_data_to_dxl_s.c.o[0m
[26.950s] [ 89%] [32mBuilding C object CMakeFiles/dynamixel_interfaces__rosidl_generator_py.dir/rosidl_generator_py/dynamixel_interfaces/srv/_get_data_from_dxl_s.c.o[0m
[27.126s] [ 90%] [32m[1mLinking C shared library libdynamixel_interfaces__rosidl_generator_py.so[0m
[27.193s] [ 90%] Built target dynamixel_interfaces__rosidl_generator_py
[27.224s] [ 92%] [32mBuilding C object CMakeFiles/dynamixel_interfaces_s__rosidl_typesupport_fastrtps_c.dir/rosidl_generator_py/dynamixel_interfaces/_dynamixel_interfaces_s.ep.rosidl_typesupport_fastrtps_c.c.o[0m
[27.379s] [ 93%] [32m[1mLinking C shared module rosidl_generator_py/dynamixel_interfaces/dynamixel_interfaces_s__rosidl_typesupport_fastrtps_c.so[0m
[27.430s] [ 93%] Built target dynamixel_interfaces_s__rosidl_typesupport_fastrtps_c
[27.462s] [ 95%] [32mBuilding C object CMakeFiles/dynamixel_interfaces_s__rosidl_typesupport_c.dir/rosidl_generator_py/dynamixel_interfaces/_dynamixel_interfaces_s.ep.rosidl_typesupport_c.c.o[0m
[27.613s] [ 96%] [32m[1mLinking C shared module rosidl_generator_py/dynamixel_interfaces/dynamixel_interfaces_s__rosidl_typesupport_c.so[0m
[27.664s] [ 96%] Built target dynamixel_interfaces_s__rosidl_typesupport_c
[27.695s] [ 98%] [32mBuilding C object CMakeFiles/dynamixel_interfaces_s__rosidl_typesupport_introspection_c.dir/rosidl_generator_py/dynamixel_interfaces/_dynamixel_interfaces_s.ep.rosidl_typesupport_introspection_c.c.o[0m
[27.848s] [100%] [32m[1mLinking C shared module rosidl_generator_py/dynamixel_interfaces/dynamixel_interfaces_s__rosidl_typesupport_introspection_c.so[0m
[27.895s] [100%] Built target dynamixel_interfaces_s__rosidl_typesupport_introspection_c
[27.912s] Invoked command in '/ros2_ws/ros_workshop_ws/src/build/dynamixel_interfaces' returned '0': CMAKE_PREFIX_PATH=${CMAKE_PREFIX_PATH}:/ros2_ws/ros_workshop_ws/install/open_manipulator_teleop:/ros2_ws/ros_workshop_ws/install/open_manipulator_bringup:/opt/ros/jazzy /usr/bin/cmake --build /ros2_ws/ros_workshop_ws/src/build/dynamixel_interfaces -- -j16 -l16
[27.913s] Invoking command in '/ros2_ws/ros_workshop_ws/src/build/dynamixel_interfaces': CMAKE_PREFIX_PATH=${CMAKE_PREFIX_PATH}:/ros2_ws/ros_workshop_ws/install/open_manipulator_teleop:/ros2_ws/ros_workshop_ws/install/open_manipulator_bringup:/opt/ros/jazzy /usr/bin/cmake --install /ros2_ws/ros_workshop_ws/src/build/dynamixel_interfaces
[27.927s] -- Install configuration: ""
[27.927s] -- Installing: /ros2_ws/ros_workshop_ws/src/install/dynamixel_interfaces/share/ament_index/resource_index/rosidl_interfaces/dynamixel_interfaces
[27.927s] -- Installing: /ros2_ws/ros_workshop_ws/src/install/dynamixel_interfaces/share/dynamixel_interfaces/msg/DynamixelState.json
[27.928s] -- Installing: /ros2_ws/ros_workshop_ws/src/install/dynamixel_interfaces/share/dynamixel_interfaces/srv/GetDataFromDxl.json
[27.928s] -- Installing: /ros2_ws/ros_workshop_ws/src/install/dynamixel_interfaces/share/dynamixel_interfaces/srv/SetDataToDxl.json
[27.928s] -- Installing: /ros2_ws/ros_workshop_ws/src/install/dynamixel_interfaces/share/dynamixel_interfaces/srv/RebootDxl.json
[27.928s] -- Installing: /ros2_ws/ros_workshop_ws/src/install/dynamixel_interfaces/include/dynamixel_interfaces/dynamixel_interfaces
[27.928s] -- Installing: /ros2_ws/ros_workshop_ws/src/install/dynamixel_interfaces/include/dynamixel_interfaces/dynamixel_interfaces/srv
[27.928s] -- Installing: /ros2_ws/ros_workshop_ws/src/install/dynamixel_interfaces/include/dynamixel_interfaces/dynamixel_interfaces/srv/reboot_dxl.h
[27.928s] -- Installing: /ros2_ws/ros_workshop_ws/src/install/dynamixel_interfaces/include/dynamixel_interfaces/dynamixel_interfaces/srv/set_data_to_dxl.h
[27.928s] -- Installing: /ros2_ws/ros_workshop_ws/src/install/dynamixel_interfaces/include/dynamixel_interfaces/dynamixel_interfaces/srv/get_data_from_dxl.h
[27.929s] -- Installing: /ros2_ws/ros_workshop_ws/src/install/dynamixel_interfaces/include/dynamixel_interfaces/dynamixel_interfaces/srv/detail
[27.929s] -- Installing: /ros2_ws/ros_workshop_ws/src/install/dynamixel_interfaces/include/dynamixel_interfaces/dynamixel_interfaces/srv/detail/set_data_to_dxl__functions.h
[27.929s] -- Installing: /ros2_ws/ros_workshop_ws/src/install/dynamixel_interfaces/include/dynamixel_interfaces/dynamixel_interfaces/srv/detail/reboot_dxl__functions.c
[27.929s] -- Installing: /ros2_ws/ros_workshop_ws/src/install/dynamixel_interfaces/include/dynamixel_interfaces/dynamixel_interfaces/srv/detail/set_data_to_dxl__struct.h
[27.929s] -- Installing: /ros2_ws/ros_workshop_ws/src/install/dynamixel_interfaces/include/dynamixel_interfaces/dynamixel_interfaces/srv/detail/get_data_from_dxl__description.c
[27.929s] -- Installing: /ros2_ws/ros_workshop_ws/src/install/dynamixel_interfaces/include/dynamixel_interfaces/dynamixel_interfaces/srv/detail/reboot_dxl__type_support.h
[27.929s] -- Installing: /ros2_ws/ros_workshop_ws/src/install/dynamixel_interfaces/include/dynamixel_interfaces/dynamixel_interfaces/srv/detail/set_data_to_dxl__description.c
[27.929s] -- Installing: /ros2_ws/ros_workshop_ws/src/install/dynamixel_interfaces/include/dynamixel_interfaces/dynamixel_interfaces/srv/detail/reboot_dxl__struct.h
[27.929s] -- Installing: /ros2_ws/ros_workshop_ws/src/install/dynamixel_interfaces/include/dynamixel_interfaces/dynamixel_interfaces/srv/detail/reboot_dxl__type_support.c
[27.929s] -- Installing: /ros2_ws/ros_workshop_ws/src/install/dynamixel_interfaces/include/dynamixel_interfaces/dynamixel_interfaces/srv/detail/set_data_to_dxl__type_support.h
[27.929s] -- Installing: /ros2_ws/ros_workshop_ws/src/install/dynamixel_interfaces/include/dynamixel_interfaces/dynamixel_interfaces/srv/detail/get_data_from_dxl__type_support.h
[27.930s] -- Installing: /ros2_ws/ros_workshop_ws/src/install/dynamixel_interfaces/include/dynamixel_interfaces/dynamixel_interfaces/srv/detail/reboot_dxl__functions.h
[27.930s] -- Installing: /ros2_ws/ros_workshop_ws/src/install/dynamixel_interfaces/include/dynamixel_interfaces/dynamixel_interfaces/srv/detail/set_data_to_dxl__functions.c
[27.930s] -- Installing: /ros2_ws/ros_workshop_ws/src/install/dynamixel_interfaces/include/dynamixel_interfaces/dynamixel_interfaces/srv/detail/reboot_dxl__description.c
[27.930s] -- Installing: /ros2_ws/ros_workshop_ws/src/install/dynamixel_interfaces/include/dynamixel_interfaces/dynamixel_interfaces/srv/detail/get_data_from_dxl__struct.h
[27.930s] -- Installing: /ros2_ws/ros_workshop_ws/src/install/dynamixel_interfaces/include/dynamixel_interfaces/dynamixel_interfaces/srv/detail/get_data_from_dxl__functions.h
[27.930s] -- Installing: /ros2_ws/ros_workshop_ws/src/install/dynamixel_interfaces/include/dynamixel_interfaces/dynamixel_interfaces/srv/detail/get_data_from_dxl__type_support.c
[27.930s] -- Installing: /ros2_ws/ros_workshop_ws/src/install/dynamixel_interfaces/include/dynamixel_interfaces/dynamixel_interfaces/srv/detail/set_data_to_dxl__type_support.c
[27.930s] -- Installing: /ros2_ws/ros_workshop_ws/src/install/dynamixel_interfaces/include/dynamixel_interfaces/dynamixel_interfaces/srv/detail/get_data_from_dxl__functions.c
[27.931s] -- Installing: /ros2_ws/ros_workshop_ws/src/install/dynamixel_interfaces/include/dynamixel_interfaces/dynamixel_interfaces/msg
[27.931s] -- Installing: /ros2_ws/ros_workshop_ws/src/install/dynamixel_interfaces/include/dynamixel_interfaces/dynamixel_interfaces/msg/rosidl_generator_c__visibility_control.h
[27.931s] -- Installing: /ros2_ws/ros_workshop_ws/src/install/dynamixel_interfaces/include/dynamixel_interfaces/dynamixel_interfaces/msg/dynamixel_state.h
[27.931s] -- Installing: /ros2_ws/ros_workshop_ws/src/install/dynamixel_interfaces/include/dynamixel_interfaces/dynamixel_interfaces/msg/detail
[27.931s] -- Installing: /ros2_ws/ros_workshop_ws/src/install/dynamixel_interfaces/include/dynamixel_interfaces/dynamixel_interfaces/msg/detail/dynamixel_state__type_support.h
[27.931s] -- Installing: /ros2_ws/ros_workshop_ws/src/install/dynamixel_interfaces/include/dynamixel_interfaces/dynamixel_interfaces/msg/detail/dynamixel_state__type_support.c
[27.931s] -- Installing: /ros2_ws/ros_workshop_ws/src/install/dynamixel_interfaces/include/dynamixel_interfaces/dynamixel_interfaces/msg/detail/dynamixel_state__functions.h
[27.931s] -- Installing: /ros2_ws/ros_workshop_ws/src/install/dynamixel_interfaces/include/dynamixel_interfaces/dynamixel_interfaces/msg/detail/dynamixel_state__struct.h
[27.931s] -- Installing: /ros2_ws/ros_workshop_ws/src/install/dynamixel_interfaces/include/dynamixel_interfaces/dynamixel_interfaces/msg/detail/dynamixel_state__functions.c
[27.931s] -- Installing: /ros2_ws/ros_workshop_ws/src/install/dynamixel_interfaces/include/dynamixel_interfaces/dynamixel_interfaces/msg/detail/dynamixel_state__description.c
[27.932s] -- Installing: /ros2_ws/ros_workshop_ws/src/install/dynamixel_interfaces/share/dynamixel_interfaces/environment/library_path.sh
[27.933s] -- Installing: /ros2_ws/ros_workshop_ws/src/install/dynamixel_interfaces/share/dynamixel_interfaces/environment/library_path.dsv
[27.933s] -- Installing: /ros2_ws/ros_workshop_ws/src/install/dynamixel_interfaces/lib/libdynamixel_interfaces__rosidl_generator_c.so
[27.933s] -- Set non-toolchain portion of runtime path of "/ros2_ws/ros_workshop_ws/src/install/dynamixel_interfaces/lib/libdynamixel_interfaces__rosidl_generator_c.so" to ""
[27.933s] -- Up-to-date: /ros2_ws/ros_workshop_ws/src/install/dynamixel_interfaces/include/dynamixel_interfaces/dynamixel_interfaces
[27.933s] -- Up-to-date: /ros2_ws/ros_workshop_ws/src/install/dynamixel_interfaces/include/dynamixel_interfaces/dynamixel_interfaces/srv
[27.933s] -- Up-to-date: /ros2_ws/ros_workshop_ws/src/install/dynamixel_interfaces/include/dynamixel_interfaces/dynamixel_interfaces/srv/detail
[27.933s] -- Installing: /ros2_ws/ros_workshop_ws/src/install/dynamixel_interfaces/include/dynamixel_interfaces/dynamixel_interfaces/srv/detail/reboot_dxl__rosidl_typesupport_fastrtps_c.h
[27.934s] -- Installing: /ros2_ws/ros_workshop_ws/src/install/dynamixel_interfaces/include/dynamixel_interfaces/dynamixel_interfaces/srv/detail/get_data_from_dxl__rosidl_typesupport_fastrtps_c.h
[27.934s] -- Installing: /ros2_ws/ros_workshop_ws/src/install/dynamixel_interfaces/include/dynamixel_interfaces/dynamixel_interfaces/srv/detail/set_data_to_dxl__rosidl_typesupport_fastrtps_c.h
[27.934s] -- Up-to-date: /ros2_ws/ros_workshop_ws/src/install/dynamixel_interfaces/include/dynamixel_interfaces/dynamixel_interfaces/msg
[27.934s] -- Installing: /ros2_ws/ros_workshop_ws/src/install/dynamixel_interfaces/include/dynamixel_interfaces/dynamixel_interfaces/msg/rosidl_typesupport_fastrtps_c__visibility_control.h
[27.934s] -- Up-to-date: /ros2_ws/ros_workshop_ws/src/install/dynamixel_interfaces/include/dynamixel_interfaces/dynamixel_interfaces/msg/detail
[27.934s] -- Installing: /ros2_ws/ros_workshop_ws/src/install/dynamixel_interfaces/include/dynamixel_interfaces/dynamixel_interfaces/msg/detail/dynamixel_state__rosidl_typesupport_fastrtps_c.h
[27.934s] -- Installing: /ros2_ws/ros_workshop_ws/src/install/dynamixel_interfaces/lib/libdynamixel_interfaces__rosidl_typesupport_fastrtps_c.so
[27.935s] -- Set non-toolchain portion of runtime path of "/ros2_ws/ros_workshop_ws/src/install/dynamixel_interfaces/lib/libdynamixel_interfaces__rosidl_typesupport_fastrtps_c.so" to ""
[27.935s] -- Up-to-date: /ros2_ws/ros_workshop_ws/src/install/dynamixel_interfaces/include/dynamixel_interfaces/dynamixel_interfaces
[27.935s] -- Up-to-date: /ros2_ws/ros_workshop_ws/src/install/dynamixel_interfaces/include/dynamixel_interfaces/dynamixel_interfaces/srv
[27.935s] -- Installing: /ros2_ws/ros_workshop_ws/src/install/dynamixel_interfaces/include/dynamixel_interfaces/dynamixel_interfaces/srv/reboot_dxl.hpp
[27.935s] -- Installing: /ros2_ws/ros_workshop_ws/src/install/dynamixel_interfaces/include/dynamixel_interfaces/dynamixel_interfaces/srv/get_data_from_dxl.hpp
[27.935s] -- Installing: /ros2_ws/ros_workshop_ws/src/install/dynamixel_interfaces/include/dynamixel_interfaces/dynamixel_interfaces/srv/set_data_to_dxl.hpp
[27.935s] -- Up-to-date: /ros2_ws/ros_workshop_ws/src/install/dynamixel_interfaces/include/dynamixel_interfaces/dynamixel_interfaces/srv/detail
[27.935s] -- Installing: /ros2_ws/ros_workshop_ws/src/install/dynamixel_interfaces/include/dynamixel_interfaces/dynamixel_interfaces/srv/detail/reboot_dxl__traits.hpp
[27.936s] -- Installing: /ros2_ws/ros_workshop_ws/src/install/dynamixel_interfaces/include/dynamixel_interfaces/dynamixel_interfaces/srv/detail/reboot_dxl__builder.hpp
[27.936s] -- Installing: /ros2_ws/ros_workshop_ws/src/install/dynamixel_interfaces/include/dynamixel_interfaces/dynamixel_interfaces/srv/detail/get_data_from_dxl__traits.hpp
[27.936s] -- Installing: /ros2_ws/ros_workshop_ws/src/install/dynamixel_interfaces/include/dynamixel_interfaces/dynamixel_interfaces/srv/detail/set_data_to_dxl__struct.hpp
[27.936s] -- Installing: /ros2_ws/ros_workshop_ws/src/install/dynamixel_interfaces/include/dynamixel_interfaces/dynamixel_interfaces/srv/detail/reboot_dxl__struct.hpp
[27.936s] -- Installing: /ros2_ws/ros_workshop_ws/src/install/dynamixel_interfaces/include/dynamixel_interfaces/dynamixel_interfaces/srv/detail/get_data_from_dxl__struct.hpp
[27.936s] -- Installing: /ros2_ws/ros_workshop_ws/src/install/dynamixel_interfaces/include/dynamixel_interfaces/dynamixel_interfaces/srv/detail/set_data_to_dxl__traits.hpp
[27.936s] -- Installing: /ros2_ws/ros_workshop_ws/src/install/dynamixel_interfaces/include/dynamixel_interfaces/dynamixel_interfaces/srv/detail/set_data_to_dxl__type_support.hpp
[27.936s] -- Installing: /ros2_ws/ros_workshop_ws/src/install/dynamixel_interfaces/include/dynamixel_interfaces/dynamixel_interfaces/srv/detail/set_data_to_dxl__builder.hpp
[27.936s] -- Installing: /ros2_ws/ros_workshop_ws/src/install/dynamixel_interfaces/include/dynamixel_interfaces/dynamixel_interfaces/srv/detail/reboot_dxl__type_support.hpp
[27.937s] -- Installing: /ros2_ws/ros_workshop_ws/src/install/dynamixel_interfaces/include/dynamixel_interfaces/dynamixel_interfaces/srv/detail/get_data_from_dxl__builder.hpp
[27.937s] -- Installing: /ros2_ws/ros_workshop_ws/src/install/dynamixel_interfaces/include/dynamixel_interfaces/dynamixel_interfaces/srv/detail/get_data_from_dxl__type_support.hpp
[27.937s] -- Up-to-date: /ros2_ws/ros_workshop_ws/src/install/dynamixel_interfaces/include/dynamixel_interfaces/dynamixel_interfaces/msg
[27.937s] -- Installing: /ros2_ws/ros_workshop_ws/src/install/dynamixel_interfaces/include/dynamixel_interfaces/dynamixel_interfaces/msg/rosidl_generator_cpp__visibility_control.hpp
[27.937s] -- Up-to-date: /ros2_ws/ros_workshop_ws/src/install/dynamixel_interfaces/include/dynamixel_interfaces/dynamixel_interfaces/msg/detail
[27.937s] -- Installing: /ros2_ws/ros_workshop_ws/src/install/dynamixel_interfaces/include/dynamixel_interfaces/dynamixel_interfaces/msg/detail/dynamixel_state__traits.hpp
[27.937s] -- Installing: /ros2_ws/ros_workshop_ws/src/install/dynamixel_interfaces/include/dynamixel_interfaces/dynamixel_interfaces/msg/detail/dynamixel_state__struct.hpp
[27.937s] -- Installing: /ros2_ws/ros_workshop_ws/src/install/dynamixel_interfaces/include/dynamixel_interfaces/dynamixel_interfaces/msg/detail/dynamixel_state__builder.hpp
[27.937s] -- Installing: /ros2_ws/ros_workshop_ws/src/install/dynamixel_interfaces/include/dynamixel_interfaces/dynamixel_interfaces/msg/detail/dynamixel_state__type_support.hpp
[27.938s] -- Installing: /ros2_ws/ros_workshop_ws/src/install/dynamixel_interfaces/include/dynamixel_interfaces/dynamixel_interfaces/msg/dynamixel_state.hpp
[27.938s] -- Up-to-date: /ros2_ws/ros_workshop_ws/src/install/dynamixel_interfaces/include/dynamixel_interfaces/dynamixel_interfaces
[27.938s] -- Up-to-date: /ros2_ws/ros_workshop_ws/src/install/dynamixel_interfaces/include/dynamixel_interfaces/dynamixel_interfaces/srv
[27.938s] -- Up-to-date: /ros2_ws/ros_workshop_ws/src/install/dynamixel_interfaces/include/dynamixel_interfaces/dynamixel_interfaces/srv/detail
[27.938s] -- Installing: /ros2_ws/ros_workshop_ws/src/install/dynamixel_interfaces/include/dynamixel_interfaces/dynamixel_interfaces/srv/detail/set_data_to_dxl__rosidl_typesupport_fastrtps_cpp.hpp
[27.938s] -- Installing: /ros2_ws/ros_workshop_ws/src/install/dynamixel_interfaces/include/dynamixel_interfaces/dynamixel_interfaces/srv/detail/reboot_dxl__rosidl_typesupport_fastrtps_cpp.hpp
[27.938s] -- Installing: /ros2_ws/ros_workshop_ws/src/install/dynamixel_interfaces/include/dynamixel_interfaces/dynamixel_interfaces/srv/detail/get_data_from_dxl__rosidl_typesupport_fastrtps_cpp.hpp
[27.938s] -- Installing: /ros2_ws/ros_workshop_ws/src/install/dynamixel_interfaces/include/dynamixel_interfaces/dynamixel_interfaces/srv/detail/dds_fastrtps
[27.939s] -- Up-to-date: /ros2_ws/ros_workshop_ws/src/install/dynamixel_interfaces/include/dynamixel_interfaces/dynamixel_interfaces/msg
[27.939s] -- Installing: /ros2_ws/ros_workshop_ws/src/install/dynamixel_interfaces/include/dynamixel_interfaces/dynamixel_interfaces/msg/rosidl_typesupport_fastrtps_cpp__visibility_control.h
[27.939s] -- Up-to-date: /ros2_ws/ros_workshop_ws/src/install/dynamixel_interfaces/include/dynamixel_interfaces/dynamixel_interfaces/msg/detail
[27.939s] -- Installing: /ros2_ws/ros_workshop_ws/src/install/dynamixel_interfaces/include/dynamixel_interfaces/dynamixel_interfaces/msg/detail/dynamixel_state__rosidl_typesupport_fastrtps_cpp.hpp
[27.939s] -- Installing: /ros2_ws/ros_workshop_ws/src/install/dynamixel_interfaces/include/dynamixel_interfaces/dynamixel_interfaces/msg/detail/dds_fastrtps
[27.939s] -- Installing: /ros2_ws/ros_workshop_ws/src/install/dynamixel_interfaces/lib/libdynamixel_interfaces__rosidl_typesupport_fastrtps_cpp.so
[27.940s] -- Set non-toolchain portion of runtime path of "/ros2_ws/ros_workshop_ws/src/install/dynamixel_interfaces/lib/libdynamixel_interfaces__rosidl_typesupport_fastrtps_cpp.so" to ""
[27.940s] -- Up-to-date: /ros2_ws/ros_workshop_ws/src/install/dynamixel_interfaces/include/dynamixel_interfaces/dynamixel_interfaces
[27.940s] -- Up-to-date: /ros2_ws/ros_workshop_ws/src/install/dynamixel_interfaces/include/dynamixel_interfaces/dynamixel_interfaces/srv
[27.940s] -- Up-to-date: /ros2_ws/ros_workshop_ws/src/install/dynamixel_interfaces/include/dynamixel_interfaces/dynamixel_interfaces/srv/detail
[27.940s] -- Installing: /ros2_ws/ros_workshop_ws/src/install/dynamixel_interfaces/include/dynamixel_interfaces/dynamixel_interfaces/srv/detail/get_data_from_dxl__rosidl_typesupport_introspection_c.h
[27.940s] -- Installing: /ros2_ws/ros_workshop_ws/src/install/dynamixel_interfaces/include/dynamixel_interfaces/dynamixel_interfaces/srv/detail/set_data_to_dxl__rosidl_typesupport_introspection_c.h
[27.940s] -- Installing: /ros2_ws/ros_workshop_ws/src/install/dynamixel_interfaces/include/dynamixel_interfaces/dynamixel_interfaces/srv/detail/reboot_dxl__type_support.c
[27.941s] -- Installing: /ros2_ws/ros_workshop_ws/src/install/dynamixel_interfaces/include/dynamixel_interfaces/dynamixel_interfaces/srv/detail/reboot_dxl__rosidl_typesupport_introspection_c.h
[27.941s] -- Installing: /ros2_ws/ros_workshop_ws/src/install/dynamixel_interfaces/include/dynamixel_interfaces/dynamixel_interfaces/srv/detail/get_data_from_dxl__type_support.c
[27.941s] -- Installing: /ros2_ws/ros_workshop_ws/src/install/dynamixel_interfaces/include/dynamixel_interfaces/dynamixel_interfaces/srv/detail/set_data_to_dxl__type_support.c
[27.941s] -- Up-to-date: /ros2_ws/ros_workshop_ws/src/install/dynamixel_interfaces/include/dynamixel_interfaces/dynamixel_interfaces/msg
[27.943s] -- Installing: /ros2_ws/ros_workshop_ws/src/install/dynamixel_interfaces/include/dynamixel_interfaces/dynamixel_interfaces/msg/rosidl_typesupport_introspection_c__visibility_control.h
[27.944s] -- Up-to-date: /ros2_ws/ros_workshop_ws/src/install/dynamixel_interfaces/include/dynamixel_interfaces/dynamixel_interfaces/msg/detail
[27.944s] -- Installing: /ros2_ws/ros_workshop_ws/src/install/dynamixel_interfaces/include/dynamixel_interfaces/dynamixel_interfaces/msg/detail/dynamixel_state__type_support.c
[27.944s] -- Installing: /ros2_ws/ros_workshop_ws/src/install/dynamixel_interfaces/include/dynamixel_interfaces/dynamixel_interfaces/msg/detail/dynamixel_state__rosidl_typesupport_introspection_c.h
[27.944s] -- Installing: /ros2_ws/ros_workshop_ws/src/install/dynamixel_interfaces/lib/libdynamixel_interfaces__rosidl_typesupport_introspection_c.so
[27.946s] -- Set non-toolchain portion of runtime path of "/ros2_ws/ros_workshop_ws/src/install/dynamixel_interfaces/lib/libdynamixel_interfaces__rosidl_typesupport_introspection_c.so" to ""
[27.946s] -- Installing: /ros2_ws/ros_workshop_ws/src/install/dynamixel_interfaces/lib/libdynamixel_interfaces__rosidl_typesupport_c.so
[27.947s] -- Set non-toolchain portion of runtime path of "/ros2_ws/ros_workshop_ws/src/install/dynamixel_interfaces/lib/libdynamixel_interfaces__rosidl_typesupport_c.so" to ""
[27.947s] -- Up-to-date: /ros2_ws/ros_workshop_ws/src/install/dynamixel_interfaces/include/dynamixel_interfaces/dynamixel_interfaces
[27.947s] -- Up-to-date: /ros2_ws/ros_workshop_ws/src/install/dynamixel_interfaces/include/dynamixel_interfaces/dynamixel_interfaces/srv
[27.947s] -- Up-to-date: /ros2_ws/ros_workshop_ws/src/install/dynamixel_interfaces/include/dynamixel_interfaces/dynamixel_interfaces/srv/detail
[27.947s] -- Installing: /ros2_ws/ros_workshop_ws/src/install/dynamixel_interfaces/include/dynamixel_interfaces/dynamixel_interfaces/srv/detail/get_data_from_dxl__type_support.cpp
[27.947s] -- Installing: /ros2_ws/ros_workshop_ws/src/install/dynamixel_interfaces/include/dynamixel_interfaces/dynamixel_interfaces/srv/detail/reboot_dxl__rosidl_typesupport_introspection_cpp.hpp
[27.947s] -- Installing: /ros2_ws/ros_workshop_ws/src/install/dynamixel_interfaces/include/dynamixel_interfaces/dynamixel_interfaces/srv/detail/set_data_to_dxl__type_support.cpp
[27.947s] -- Installing: /ros2_ws/ros_workshop_ws/src/install/dynamixel_interfaces/include/dynamixel_interfaces/dynamixel_interfaces/srv/detail/get_data_from_dxl__rosidl_typesupport_introspection_cpp.hpp
[27.947s] -- Installing: /ros2_ws/ros_workshop_ws/src/install/dynamixel_interfaces/include/dynamixel_interfaces/dynamixel_interfaces/srv/detail/reboot_dxl__type_support.cpp
[27.948s] -- Installing: /ros2_ws/ros_workshop_ws/src/install/dynamixel_interfaces/include/dynamixel_interfaces/dynamixel_interfaces/srv/detail/set_data_to_dxl__rosidl_typesupport_introspection_cpp.hpp
[27.948s] -- Up-to-date: /ros2_ws/ros_workshop_ws/src/install/dynamixel_interfaces/include/dynamixel_interfaces/dynamixel_interfaces/msg
[27.948s] -- Up-to-date: /ros2_ws/ros_workshop_ws/src/install/dynamixel_interfaces/include/dynamixel_interfaces/dynamixel_interfaces/msg/detail
[27.948s] -- Installing: /ros2_ws/ros_workshop_ws/src/install/dynamixel_interfaces/include/dynamixel_interfaces/dynamixel_interfaces/msg/detail/dynamixel_state__rosidl_typesupport_introspection_cpp.hpp
[27.948s] -- Installing: /ros2_ws/ros_workshop_ws/src/install/dynamixel_interfaces/include/dynamixel_interfaces/dynamixel_interfaces/msg/detail/dynamixel_state__type_support.cpp
[27.948s] -- Installing: /ros2_ws/ros_workshop_ws/src/install/dynamixel_interfaces/lib/libdynamixel_interfaces__rosidl_typesupport_introspection_cpp.so
[27.948s] -- Set non-toolchain portion of runtime path of "/ros2_ws/ros_workshop_ws/src/install/dynamixel_interfaces/lib/libdynamixel_interfaces__rosidl_typesupport_introspection_cpp.so" to ""
[27.948s] -- Installing: /ros2_ws/ros_workshop_ws/src/install/dynamixel_interfaces/lib/libdynamixel_interfaces__rosidl_typesupport_cpp.so
[27.949s] -- Set non-toolchain portion of runtime path of "/ros2_ws/ros_workshop_ws/src/install/dynamixel_interfaces/lib/libdynamixel_interfaces__rosidl_typesupport_cpp.so" to ""
[27.949s] -- Installing: /ros2_ws/ros_workshop_ws/src/install/dynamixel_interfaces/share/dynamixel_interfaces/environment/pythonpath.sh
[27.949s] -- Installing: /ros2_ws/ros_workshop_ws/src/install/dynamixel_interfaces/share/dynamixel_interfaces/environment/pythonpath.dsv
[27.949s] -- Installing: /ros2_ws/ros_workshop_ws/src/install/dynamixel_interfaces/lib/python3.12/site-packages/dynamixel_interfaces-1.0.1-py3.12.egg-info
[27.949s] -- Installing: /ros2_ws/ros_workshop_ws/src/install/dynamixel_interfaces/lib/python3.12/site-packages/dynamixel_interfaces-1.0.1-py3.12.egg-info/PKG-INFO
[27.949s] -- Installing: /ros2_ws/ros_workshop_ws/src/install/dynamixel_interfaces/lib/python3.12/site-packages/dynamixel_interfaces-1.0.1-py3.12.egg-info/SOURCES.txt
[27.949s] -- Installing: /ros2_ws/ros_workshop_ws/src/install/dynamixel_interfaces/lib/python3.12/site-packages/dynamixel_interfaces-1.0.1-py3.12.egg-info/dependency_links.txt
[27.949s] -- Installing: /ros2_ws/ros_workshop_ws/src/install/dynamixel_interfaces/lib/python3.12/site-packages/dynamixel_interfaces-1.0.1-py3.12.egg-info/top_level.txt
[27.949s] -- Installing: /ros2_ws/ros_workshop_ws/src/install/dynamixel_interfaces/lib/python3.12/site-packages/dynamixel_interfaces
[27.950s] -- Installing: /ros2_ws/ros_workshop_ws/src/install/dynamixel_interfaces/lib/python3.12/site-packages/dynamixel_interfaces/__init__.py
[27.950s] -- Installing: /ros2_ws/ros_workshop_ws/src/install/dynamixel_interfaces/lib/python3.12/site-packages/dynamixel_interfaces/_dynamixel_interfaces_s.ep.rosidl_typesupport_introspection_c.c
[27.950s] -- Installing: /ros2_ws/ros_workshop_ws/src/install/dynamixel_interfaces/lib/python3.12/site-packages/dynamixel_interfaces/_dynamixel_interfaces_s.ep.rosidl_typesupport_fastrtps_c.c
[27.950s] -- Installing: /ros2_ws/ros_workshop_ws/src/install/dynamixel_interfaces/lib/python3.12/site-packages/dynamixel_interfaces/dynamixel_interfaces_s__rosidl_typesupport_c.so
[27.950s] -- Installing: /ros2_ws/ros_workshop_ws/src/install/dynamixel_interfaces/lib/python3.12/site-packages/dynamixel_interfaces/_dynamixel_interfaces_s.ep.rosidl_typesupport_c.c
[27.950s] -- Installing: /ros2_ws/ros_workshop_ws/src/install/dynamixel_interfaces/lib/python3.12/site-packages/dynamixel_interfaces/dynamixel_interfaces_s__rosidl_typesupport_introspection_c.so
[27.950s] -- Installing: /ros2_ws/ros_workshop_ws/src/install/dynamixel_interfaces/lib/python3.12/site-packages/dynamixel_interfaces/srv
[27.951s] -- Installing: /ros2_ws/ros_workshop_ws/src/install/dynamixel_interfaces/lib/python3.12/site-packages/dynamixel_interfaces/srv/__init__.py
[27.951s] -- Installing: /ros2_ws/ros_workshop_ws/src/install/dynamixel_interfaces/lib/python3.12/site-packages/dynamixel_interfaces/srv/_reboot_dxl_s.c
[27.951s] -- Installing: /ros2_ws/ros_workshop_ws/src/install/dynamixel_interfaces/lib/python3.12/site-packages/dynamixel_interfaces/srv/_reboot_dxl.py
[27.951s] -- Installing: /ros2_ws/ros_workshop_ws/src/install/dynamixel_interfaces/lib/python3.12/site-packages/dynamixel_interfaces/srv/_set_data_to_dxl_s.c
[27.951s] -- Installing: /ros2_ws/ros_workshop_ws/src/install/dynamixel_interfaces/lib/python3.12/site-packages/dynamixel_interfaces/srv/_get_data_from_dxl.py
[27.951s] -- Installing: /ros2_ws/ros_workshop_ws/src/install/dynamixel_interfaces/lib/python3.12/site-packages/dynamixel_interfaces/srv/_get_data_from_dxl_s.c
[27.951s] -- Installing: /ros2_ws/ros_workshop_ws/src/install/dynamixel_interfaces/lib/python3.12/site-packages/dynamixel_interfaces/srv/_set_data_to_dxl.py
[27.951s] -- Installing: /ros2_ws/ros_workshop_ws/src/install/dynamixel_interfaces/lib/python3.12/site-packages/dynamixel_interfaces/msg
[27.951s] -- Installing: /ros2_ws/ros_workshop_ws/src/install/dynamixel_interfaces/lib/python3.12/site-packages/dynamixel_interfaces/msg/__init__.py
[27.951s] -- Installing: /ros2_ws/ros_workshop_ws/src/install/dynamixel_interfaces/lib/python3.12/site-packages/dynamixel_interfaces/msg/_dynamixel_state.py
[27.952s] -- Installing: /ros2_ws/ros_workshop_ws/src/install/dynamixel_interfaces/lib/python3.12/site-packages/dynamixel_interfaces/msg/_dynamixel_state_s.c
[27.952s] -- Installing: /ros2_ws/ros_workshop_ws/src/install/dynamixel_interfaces/lib/python3.12/site-packages/dynamixel_interfaces/dynamixel_interfaces_s__rosidl_typesupport_fastrtps_c.so
[28.012s] Listing '/ros2_ws/ros_workshop_ws/src/install/dynamixel_interfaces/lib/python3.12/site-packages/dynamixel_interfaces'...
[28.012s] Compiling '/ros2_ws/ros_workshop_ws/src/install/dynamixel_interfaces/lib/python3.12/site-packages/dynamixel_interfaces/__init__.py'...
[28.013s] Listing '/ros2_ws/ros_workshop_ws/src/install/dynamixel_interfaces/lib/python3.12/site-packages/dynamixel_interfaces/msg'...
[28.013s] Compiling '/ros2_ws/ros_workshop_ws/src/install/dynamixel_interfaces/lib/python3.12/site-packages/dynamixel_interfaces/msg/__init__.py'...
[28.013s] Compiling '/ros2_ws/ros_workshop_ws/src/install/dynamixel_interfaces/lib/python3.12/site-packages/dynamixel_interfaces/msg/_dynamixel_state.py'...
[28.013s] Listing '/ros2_ws/ros_workshop_ws/src/install/dynamixel_interfaces/lib/python3.12/site-packages/dynamixel_interfaces/srv'...
[28.013s] Compiling '/ros2_ws/ros_workshop_ws/src/install/dynamixel_interfaces/lib/python3.12/site-packages/dynamixel_interfaces/srv/__init__.py'...
[28.013s] Compiling '/ros2_ws/ros_workshop_ws/src/install/dynamixel_interfaces/lib/python3.12/site-packages/dynamixel_interfaces/srv/_get_data_from_dxl.py'...
[28.013s] Compiling '/ros2_ws/ros_workshop_ws/src/install/dynamixel_interfaces/lib/python3.12/site-packages/dynamixel_interfaces/srv/_reboot_dxl.py'...
[28.013s] Compiling '/ros2_ws/ros_workshop_ws/src/install/dynamixel_interfaces/lib/python3.12/site-packages/dynamixel_interfaces/srv/_set_data_to_dxl.py'...
[28.020s] -- Installing: /ros2_ws/ros_workshop_ws/src/install/dynamixel_interfaces/lib/python3.12/site-packages/dynamixel_interfaces/dynamixel_interfaces_s__rosidl_typesupport_fastrtps_c.so
[28.020s] -- Set non-toolchain portion of runtime path of "/ros2_ws/ros_workshop_ws/src/install/dynamixel_interfaces/lib/python3.12/site-packages/dynamixel_interfaces/dynamixel_interfaces_s__rosidl_typesupport_fastrtps_c.so" to ""
[28.022s] -- Installing: /ros2_ws/ros_workshop_ws/src/install/dynamixel_interfaces/lib/python3.12/site-packages/dynamixel_interfaces/dynamixel_interfaces_s__rosidl_typesupport_introspection_c.so
[28.022s] -- Set non-toolchain portion of runtime path of "/ros2_ws/ros_workshop_ws/src/install/dynamixel_interfaces/lib/python3.12/site-packages/dynamixel_interfaces/dynamixel_interfaces_s__rosidl_typesupport_introspection_c.so" to ""
[28.022s] -- Installing: /ros2_ws/ros_workshop_ws/src/install/dynamixel_interfaces/lib/python3.12/site-packages/dynamixel_interfaces/dynamixel_interfaces_s__rosidl_typesupport_c.so
[28.022s] -- Set non-toolchain portion of runtime path of "/ros2_ws/ros_workshop_ws/src/install/dynamixel_interfaces/lib/python3.12/site-packages/dynamixel_interfaces/dynamixel_interfaces_s__rosidl_typesupport_c.so" to ""
[28.022s] -- Installing: /ros2_ws/ros_workshop_ws/src/install/dynamixel_interfaces/lib/libdynamixel_interfaces__rosidl_generator_py.so
[28.022s] -- Set non-toolchain portion of runtime path of "/ros2_ws/ros_workshop_ws/src/install/dynamixel_interfaces/lib/libdynamixel_interfaces__rosidl_generator_py.so" to ""
[28.024s] -- Installing: /ros2_ws/ros_workshop_ws/src/install/dynamixel_interfaces/share/dynamixel_interfaces/msg/DynamixelState.idl
[28.024s] -- Installing: /ros2_ws/ros_workshop_ws/src/install/dynamixel_interfaces/share/dynamixel_interfaces/srv/GetDataFromDxl.idl
[28.024s] -- Installing: /ros2_ws/ros_workshop_ws/src/install/dynamixel_interfaces/share/dynamixel_interfaces/srv/SetDataToDxl.idl
[28.024s] -- Installing: /ros2_ws/ros_workshop_ws/src/install/dynamixel_interfaces/share/dynamixel_interfaces/srv/RebootDxl.idl
[28.025s] -- Installing: /ros2_ws/ros_workshop_ws/src/install/dynamixel_interfaces/share/dynamixel_interfaces/msg/DynamixelState.msg
[28.025s] -- Installing: /ros2_ws/ros_workshop_ws/src/install/dynamixel_interfaces/share/dynamixel_interfaces/srv/GetDataFromDxl.srv
[28.025s] -- Installing: /ros2_ws/ros_workshop_ws/src/install/dynamixel_interfaces/share/dynamixel_interfaces/srv/SetDataToDxl.srv
[28.025s] -- Installing: /ros2_ws/ros_workshop_ws/src/install/dynamixel_interfaces/share/dynamixel_interfaces/srv/RebootDxl.srv
[28.025s] -- Installing: /ros2_ws/ros_workshop_ws/src/install/dynamixel_interfaces/share/ament_index/resource_index/package_run_dependencies/dynamixel_interfaces
[28.026s] -- Installing: /ros2_ws/ros_workshop_ws/src/install/dynamixel_interfaces/share/ament_index/resource_index/parent_prefix_path/dynamixel_interfaces
[28.026s] -- Installing: /ros2_ws/ros_workshop_ws/src/install/dynamixel_interfaces/share/dynamixel_interfaces/environment/ament_prefix_path.sh
[28.026s] -- Installing: /ros2_ws/ros_workshop_ws/src/install/dynamixel_interfaces/share/dynamixel_interfaces/environment/ament_prefix_path.dsv
[28.026s] -- Installing: /ros2_ws/ros_workshop_ws/src/install/dynamixel_interfaces/share/dynamixel_interfaces/environment/path.sh
[28.026s] -- Installing: /ros2_ws/ros_workshop_ws/src/install/dynamixel_interfaces/share/dynamixel_interfaces/environment/path.dsv
[28.026s] -- Installing: /ros2_ws/ros_workshop_ws/src/install/dynamixel_interfaces/share/dynamixel_interfaces/local_setup.bash
[28.026s] -- Installing: /ros2_ws/ros_workshop_ws/src/install/dynamixel_interfaces/share/dynamixel_interfaces/local_setup.sh
[28.026s] -- Installing: /ros2_ws/ros_workshop_ws/src/install/dynamixel_interfaces/share/dynamixel_interfaces/local_setup.zsh
[28.027s] -- Installing: /ros2_ws/ros_workshop_ws/src/install/dynamixel_interfaces/share/dynamixel_interfaces/local_setup.dsv
[28.027s] -- Installing: /ros2_ws/ros_workshop_ws/src/install/dynamixel_interfaces/share/dynamixel_interfaces/package.dsv
[28.027s] -- Installing: /ros2_ws/ros_workshop_ws/src/install/dynamixel_interfaces/share/ament_index/resource_index/packages/dynamixel_interfaces
[28.027s] -- Installing: /ros2_ws/ros_workshop_ws/src/install/dynamixel_interfaces/share/dynamixel_interfaces/cmake/export_dynamixel_interfaces__rosidl_generator_cExport.cmake
[28.027s] -- Installing: /ros2_ws/ros_workshop_ws/src/install/dynamixel_interfaces/share/dynamixel_interfaces/cmake/export_dynamixel_interfaces__rosidl_generator_cExport-noconfig.cmake
[28.028s] -- Installing: /ros2_ws/ros_workshop_ws/src/install/dynamixel_interfaces/share/dynamixel_interfaces/cmake/export_dynamixel_interfaces__rosidl_typesupport_fastrtps_cExport.cmake
[28.028s] -- Installing: /ros2_ws/ros_workshop_ws/src/install/dynamixel_interfaces/share/dynamixel_interfaces/cmake/export_dynamixel_interfaces__rosidl_typesupport_fastrtps_cExport-noconfig.cmake
[28.028s] -- Installing: /ros2_ws/ros_workshop_ws/src/install/dynamixel_interfaces/share/dynamixel_interfaces/cmake/export_dynamixel_interfaces__rosidl_generator_cppExport.cmake
[28.028s] -- Installing: /ros2_ws/ros_workshop_ws/src/install/dynamixel_interfaces/share/dynamixel_interfaces/cmake/export_dynamixel_interfaces__rosidl_typesupport_fastrtps_cppExport.cmake
[28.028s] -- Installing: /ros2_ws/ros_workshop_ws/src/install/dynamixel_interfaces/share/dynamixel_interfaces/cmake/export_dynamixel_interfaces__rosidl_typesupport_fastrtps_cppExport-noconfig.cmake
[28.029s] -- Installing: /ros2_ws/ros_workshop_ws/src/install/dynamixel_interfaces/share/dynamixel_interfaces/cmake/dynamixel_interfaces__rosidl_typesupport_introspection_cExport.cmake
[28.029s] -- Installing: /ros2_ws/ros_workshop_ws/src/install/dynamixel_interfaces/share/dynamixel_interfaces/cmake/dynamixel_interfaces__rosidl_typesupport_introspection_cExport-noconfig.cmake
[28.029s] -- Installing: /ros2_ws/ros_workshop_ws/src/install/dynamixel_interfaces/share/dynamixel_interfaces/cmake/dynamixel_interfaces__rosidl_typesupport_cExport.cmake
[28.029s] -- Installing: /ros2_ws/ros_workshop_ws/src/install/dynamixel_interfaces/share/dynamixel_interfaces/cmake/dynamixel_interfaces__rosidl_typesupport_cExport-noconfig.cmake
[28.029s] -- Installing: /ros2_ws/ros_workshop_ws/src/install/dynamixel_interfaces/share/dynamixel_interfaces/cmake/dynamixel_interfaces__rosidl_typesupport_introspection_cppExport.cmake
[28.029s] -- Installing: /ros2_ws/ros_workshop_ws/src/install/dynamixel_interfaces/share/dynamixel_interfaces/cmake/dynamixel_interfaces__rosidl_typesupport_introspection_cppExport-noconfig.cmake
[28.029s] -- Installing: /ros2_ws/ros_workshop_ws/src/install/dynamixel_interfaces/share/dynamixel_interfaces/cmake/dynamixel_interfaces__rosidl_typesupport_cppExport.cmake
[28.031s] -- Installing: /ros2_ws/ros_workshop_ws/src/install/dynamixel_interfaces/share/dynamixel_interfaces/cmake/dynamixel_interfaces__rosidl_typesupport_cppExport-noconfig.cmake
[28.031s] -- Installing: /ros2_ws/ros_workshop_ws/src/install/dynamixel_interfaces/share/dynamixel_interfaces/cmake/export_dynamixel_interfaces__rosidl_generator_pyExport.cmake
[28.031s] -- Installing: /ros2_ws/ros_workshop_ws/src/install/dynamixel_interfaces/share/dynamixel_interfaces/cmake/export_dynamixel_interfaces__rosidl_generator_pyExport-noconfig.cmake
[28.031s] -- Installing: /ros2_ws/ros_workshop_ws/src/install/dynamixel_interfaces/share/dynamixel_interfaces/cmake/rosidl_cmake-extras.cmake
[28.031s] -- Installing: /ros2_ws/ros_workshop_ws/src/install/dynamixel_interfaces/share/dynamixel_interfaces/cmake/ament_cmake_export_dependencies-extras.cmake
[28.031s] -- Installing: /ros2_ws/ros_workshop_ws/src/install/dynamixel_interfaces/share/dynamixel_interfaces/cmake/ament_cmake_export_include_directories-extras.cmake
[28.031s] -- Installing: /ros2_ws/ros_workshop_ws/src/install/dynamixel_interfaces/share/dynamixel_interfaces/cmake/ament_cmake_export_libraries-extras.cmake
[28.032s] -- Installing: /ros2_ws/ros_workshop_ws/src/install/dynamixel_interfaces/share/dynamixel_interfaces/cmake/ament_cmake_export_targets-extras.cmake
[28.032s] -- Installing: /ros2_ws/ros_workshop_ws/src/install/dynamixel_interfaces/share/dynamixel_interfaces/cmake/rosidl_cmake_export_typesupport_targets-extras.cmake
[28.032s] -- Installing: /ros2_ws/ros_workshop_ws/src/install/dynamixel_interfaces/share/dynamixel_interfaces/cmake/rosidl_cmake_export_typesupport_libraries-extras.cmake
[28.032s] -- Installing: /ros2_ws/ros_workshop_ws/src/install/dynamixel_interfaces/share/dynamixel_interfaces/cmake/dynamixel_interfacesConfig.cmake
[28.032s] -- Installing: /ros2_ws/ros_workshop_ws/src/install/dynamixel_interfaces/share/dynamixel_interfaces/cmake/dynamixel_interfacesConfig-version.cmake
[28.032s] -- Installing: /ros2_ws/ros_workshop_ws/src/install/dynamixel_interfaces/share/dynamixel_interfaces/package.xml
[28.039s] Invoked command in '/ros2_ws/ros_workshop_ws/src/build/dynamixel_interfaces' returned '0': CMAKE_PREFIX_PATH=${CMAKE_PREFIX_PATH}:/ros2_ws/ros_workshop_ws/install/open_manipulator_teleop:/ros2_ws/ros_workshop_ws/install/open_manipulator_bringup:/opt/ros/jazzy /usr/bin/cmake --install /ros2_ws/ros_workshop_ws/src/build/dynamixel_interfaces
