-- Found ament_cmake: 2.5.4 (/opt/ros/jazzy/share/ament_cmake/cmake)
-- Override CMake install command with custom implementation using symlinks instead of copying resources
-- Configuring done (0.6s)
-- Generating done (0.0s)
-- Build files have been written to: /ros2_ws/ros_workshop_ws/build/open_manipulator_moveit_config
-- Install configuration: ""
-- Execute custom install script
-- Up-to-date symlink: /ros2_ws/ros_workshop_ws/install/open_manipulator_moveit_config/share/open_manipulator_moveit_config/launch/move_group.launch.py
-- Up-to-date symlink: /ros2_ws/ros_workshop_ws/install/open_manipulator_moveit_config/share/open_manipulator_moveit_config/launch/moveit_core.launch.py
-- Up-to-date symlink: /ros2_ws/ros_workshop_ws/install/open_manipulator_moveit_config/share/open_manipulator_moveit_config/launch/moveit_rviz.launch.py
-- Up-to-date symlink: /ros2_ws/ros_workshop_ws/install/open_manipulator_moveit_config/share/open_manipulator_moveit_config/launch/servo.launch.py
-- Up-to-date symlink: /ros2_ws/ros_workshop_ws/install/open_manipulator_moveit_config/share/open_manipulator_moveit_config/launch/spawn_controllers.launch.py
-- Up-to-date symlink: /ros2_ws/ros_workshop_ws/install/open_manipulator_moveit_config/share/open_manipulator_moveit_config/launch/warehouse_db.launch.py
-- Up-to-date symlink: /ros2_ws/ros_workshop_ws/install/open_manipulator_moveit_config/share/open_manipulator_moveit_config/config/om_x/initial_positions.yaml
-- Up-to-date symlink: /ros2_ws/ros_workshop_ws/install/open_manipulator_moveit_config/share/open_manipulator_moveit_config/config/om_x/joint_limits.yaml
-- Up-to-date symlink: /ros2_ws/ros_workshop_ws/install/open_manipulator_moveit_config/share/open_manipulator_moveit_config/config/om_x/kinematics.yaml
-- Up-to-date symlink: /ros2_ws/ros_workshop_ws/install/open_manipulator_moveit_config/share/open_manipulator_moveit_config/config/om_x/moveit.rviz
-- Up-to-date symlink: /ros2_ws/ros_workshop_ws/install/open_manipulator_moveit_config/share/open_manipulator_moveit_config/config/om_x/moveit_controllers.yaml
-- Up-to-date symlink: /ros2_ws/ros_workshop_ws/install/open_manipulator_moveit_config/share/open_manipulator_moveit_config/config/om_x/moveit_servo.yaml
-- Up-to-date symlink: /ros2_ws/ros_workshop_ws/install/open_manipulator_moveit_config/share/open_manipulator_moveit_config/config/om_x/ompl_planning.yaml
-- Up-to-date symlink: /ros2_ws/ros_workshop_ws/install/open_manipulator_moveit_config/share/open_manipulator_moveit_config/config/om_x/open_manipulator_x.srdf
-- Up-to-date symlink: /ros2_ws/ros_workshop_ws/install/open_manipulator_moveit_config/share/open_manipulator_moveit_config/config/om_y/initial_positions.yaml
-- Up-to-date symlink: /ros2_ws/ros_workshop_ws/install/open_manipulator_moveit_config/share/open_manipulator_moveit_config/config/om_y/joint_limits.yaml
-- Up-to-date symlink: /ros2_ws/ros_workshop_ws/install/open_manipulator_moveit_config/share/open_manipulator_moveit_config/config/om_y/kinematics.yaml
-- Up-to-date symlink: /ros2_ws/ros_workshop_ws/install/open_manipulator_moveit_config/share/open_manipulator_moveit_config/config/om_y/moveit.rviz
-- Up-to-date symlink: /ros2_ws/ros_workshop_ws/install/open_manipulator_moveit_config/share/open_manipulator_moveit_config/config/om_y/moveit_controllers.yaml
-- Up-to-date symlink: /ros2_ws/ros_workshop_ws/install/open_manipulator_moveit_config/share/open_manipulator_moveit_config/config/om_y/moveit_servo.yaml
-- Up-to-date symlink: /ros2_ws/ros_workshop_ws/install/open_manipulator_moveit_config/share/open_manipulator_moveit_config/config/om_y/ompl_planning.yaml
-- Up-to-date symlink: /ros2_ws/ros_workshop_ws/install/open_manipulator_moveit_config/share/open_manipulator_moveit_config/config/om_y/open_manipulator_y.srdf
-- Up-to-date symlink: /ros2_ws/ros_workshop_ws/install/open_manipulator_moveit_config/share/open_manipulator_moveit_config/config/om_y_follower/initial_positions.yaml
-- Up-to-date symlink: /ros2_ws/ros_workshop_ws/install/open_manipulator_moveit_config/share/open_manipulator_moveit_config/config/om_y_follower/joint_limits.yaml
-- Up-to-date symlink: /ros2_ws/ros_workshop_ws/install/open_manipulator_moveit_config/share/open_manipulator_moveit_config/config/om_y_follower/kinematics.yaml
-- Up-to-date symlink: /ros2_ws/ros_workshop_ws/install/open_manipulator_moveit_config/share/open_manipulator_moveit_config/config/om_y_follower/moveit.rviz
-- Up-to-date symlink: /ros2_ws/ros_workshop_ws/install/open_manipulator_moveit_config/share/open_manipulator_moveit_config/config/om_y_follower/moveit_controllers.yaml
-- Up-to-date symlink: /ros2_ws/ros_workshop_ws/install/open_manipulator_moveit_config/share/open_manipulator_moveit_config/config/om_y_follower/moveit_servo.yaml
-- Up-to-date symlink: /ros2_ws/ros_workshop_ws/install/open_manipulator_moveit_config/share/open_manipulator_moveit_config/config/om_y_follower/ompl_planning.yaml
-- Up-to-date symlink: /ros2_ws/ros_workshop_ws/install/open_manipulator_moveit_config/share/open_manipulator_moveit_config/config/om_y_follower/open_manipulator_y_follower.srdf
-- Up-to-date symlink: /ros2_ws/ros_workshop_ws/install/open_manipulator_moveit_config/share/open_manipulator_moveit_config/config/om_y_leader/initial_positions.yaml
-- Up-to-date symlink: /ros2_ws/ros_workshop_ws/install/open_manipulator_moveit_config/share/open_manipulator_moveit_config/config/om_y_leader/joint_limits.yaml
-- Up-to-date symlink: /ros2_ws/ros_workshop_ws/install/open_manipulator_moveit_config/share/open_manipulator_moveit_config/config/om_y_leader/kinematics.yaml
-- Up-to-date symlink: /ros2_ws/ros_workshop_ws/install/open_manipulator_moveit_config/share/open_manipulator_moveit_config/config/om_y_leader/moveit.rviz
-- Up-to-date symlink: /ros2_ws/ros_workshop_ws/install/open_manipulator_moveit_config/share/open_manipulator_moveit_config/config/om_y_leader/moveit_controllers.yaml
-- Up-to-date symlink: /ros2_ws/ros_workshop_ws/install/open_manipulator_moveit_config/share/open_manipulator_moveit_config/config/om_y_leader/open_manipulator_y_leader.srdf
-- Up-to-date symlink: /ros2_ws/ros_workshop_ws/install/open_manipulator_moveit_config/share/open_manipulator_moveit_config/config/om_y_leader/pilz_cartesian_limits.yaml
-- Up-to-date symlink: /ros2_ws/ros_workshop_ws/install/open_manipulator_moveit_config/share/ament_index/resource_index/package_run_dependencies/open_manipulator_moveit_config
-- Up-to-date symlink: /ros2_ws/ros_workshop_ws/install/open_manipulator_moveit_config/share/ament_index/resource_index/parent_prefix_path/open_manipulator_moveit_config
-- Up-to-date symlink: /ros2_ws/ros_workshop_ws/install/open_manipulator_moveit_config/share/open_manipulator_moveit_config/environment/ament_prefix_path.sh
-- Up-to-date symlink: /ros2_ws/ros_workshop_ws/install/open_manipulator_moveit_config/share/open_manipulator_moveit_config/environment/ament_prefix_path.dsv
-- Up-to-date symlink: /ros2_ws/ros_workshop_ws/install/open_manipulator_moveit_config/share/open_manipulator_moveit_config/environment/path.sh
-- Up-to-date symlink: /ros2_ws/ros_workshop_ws/install/open_manipulator_moveit_config/share/open_manipulator_moveit_config/environment/path.dsv
-- Up-to-date symlink: /ros2_ws/ros_workshop_ws/install/open_manipulator_moveit_config/share/open_manipulator_moveit_config/local_setup.bash
-- Up-to-date symlink: /ros2_ws/ros_workshop_ws/install/open_manipulator_moveit_config/share/open_manipulator_moveit_config/local_setup.sh
-- Up-to-date symlink: /ros2_ws/ros_workshop_ws/install/open_manipulator_moveit_config/share/open_manipulator_moveit_config/local_setup.zsh
-- Up-to-date symlink: /ros2_ws/ros_workshop_ws/install/open_manipulator_moveit_config/share/open_manipulator_moveit_config/local_setup.dsv
-- Symlinking: /ros2_ws/ros_workshop_ws/install/open_manipulator_moveit_config/share/open_manipulator_moveit_config/package.dsv
-- Up-to-date symlink: /ros2_ws/ros_workshop_ws/install/open_manipulator_moveit_config/share/ament_index/resource_index/packages/open_manipulator_moveit_config
-- Up-to-date symlink: /ros2_ws/ros_workshop_ws/install/open_manipulator_moveit_config/share/open_manipulator_moveit_config/cmake/open_manipulator_moveit_configConfig.cmake
-- Up-to-date symlink: /ros2_ws/ros_workshop_ws/install/open_manipulator_moveit_config/share/open_manipulator_moveit_config/cmake/open_manipulator_moveit_configConfig-version.cmake
-- Up-to-date symlink: /ros2_ws/ros_workshop_ws/install/open_manipulator_moveit_config/share/open_manipulator_moveit_config/package.xml
