[0.023s] Invoking command in '/ros2_ws/ros_workshop_ws/src/build/dynamixel_sdk_examples': AMENT_PREFIX_PATH=/ros2_ws/ros_workshop_ws/src/install/dynamixel_sdk_custom_interfaces:/ros2_ws/ros_workshop_ws/src/install/dynamixel_sdk:${AMENT_PREFIX_PATH} CMAKE_PREFIX_PATH=/ros2_ws/ros_workshop_ws/src/install/dynamixel_sdk_custom_interfaces:/ros2_ws/ros_workshop_ws/src/install/dynamixel_sdk:/ros2_ws/install/open_manipulator_cartesian_control:/ros2_ws/ros_workshop_ws/install/open_manipulator:/ros2_ws/ros_workshop_ws/install/open_manipulator_playground:/ros2_ws/ros_workshop_ws/install/open_manipulator_moveit_config:/ros2_ws/ros_workshop_ws/install/open_manipulator_gui:/ros2_ws/ros_workshop_ws/install/open_manipulator_description:/ros2_ws/ros_workshop_ws/install/open_manipulator_collision:/ros2_ws/ros_workshop_ws/install/om_spring_actuator_controller:/ros2_ws/ros_workshop_ws/install/om_joint_trajectory_command_broadcaster:/ros2_ws/ros_workshop_ws/install/om_gravity_compensation_controller:/ros2_ws/ros_workshop_ws/install/dynamixel_sdk_examples:/ros2_ws/ros_workshop_ws/install/dynamixel_sdk_custom_interfaces:/ros2_ws/ros_workshop_ws/install/dynamixel_hardware_interface:/ros2_ws/ros_workshop_ws/install/dynamixel_sdk:/ros2_ws/ros_workshop_ws/install/dynamixel_interfaces:/opt/ros/jazzy/opt/gz_launch_vendor:/opt/ros/jazzy/opt/gz_sim_vendor:/opt/ros/jazzy/opt/gz_sensors_vendor:/opt/ros/jazzy/opt/gz_physics_vendor:/opt/ros/jazzy/opt/sdformat_vendor:/opt/ros/jazzy/opt/gz_gui_vendor:/opt/ros/jazzy/opt/gz_transport_vendor:/opt/ros/jazzy/opt/gz_rendering_vendor:/opt/ros/jazzy/opt/gz_plugin_vendor:/opt/ros/jazzy/opt/gz_fuel_tools_vendor:/opt/ros/jazzy/opt/gz_msgs_vendor:/opt/ros/jazzy/opt/gz_common_vendor:/opt/ros/jazzy/opt/gz_math_vendor:/opt/ros/jazzy/opt/gz_utils_vendor:/opt/ros/jazzy/opt/gz_tools_vendor:/opt/ros/jazzy/opt/gz_ogre_next_vendor:/opt/ros/jazzy/opt/gz_dartsim_vendor:/opt/ros/jazzy/opt/gz_cmake_vendor:/ros2_ws/ros_workshop_ws/install/open_manipulator_teleop:/ros2_ws/ros_workshop_ws/install/open_manipulator_bringup:/opt/ros/jazzy LD_LIBRARY_PATH=/ros2_ws/ros_workshop_ws/src/install/dynamixel_sdk_custom_interfaces/lib:/ros2_ws/ros_workshop_ws/src/install/dynamixel_sdk/lib:${LD_LIBRARY_PATH} PYTHONPATH=/ros2_ws/ros_workshop_ws/src/install/dynamixel_sdk_custom_interfaces/lib/python3.12/site-packages:/ros2_ws/ros_workshop_ws/src/install/dynamixel_sdk/lib/python3.12/site-packages:${PYTHONPATH} /usr/bin/cmake /ros2_ws/ros_workshop_ws/src/DynamixelSDK/ros/dynamixel_sdk_examples -DCMAKE_INSTALL_PREFIX=/ros2_ws/ros_workshop_ws/src/install/dynamixel_sdk_examples
[0.102s] -- The C compiler identification is GNU 13.3.0
[0.186s] -- The CXX compiler identification is GNU 13.3.0
[0.210s] -- Detecting C compiler ABI info
[0.348s] -- Detecting C compiler ABI info - done
[0.359s] -- Check for working C compiler: /usr/bin/cc - skipped
[0.359s] -- Detecting C compile features
[0.359s] -- Detecting C compile features - done
[0.379s] -- Detecting CXX compiler ABI info
[0.546s] -- Detecting CXX compiler ABI info - done
[0.554s] -- Check for working CXX compiler: /usr/bin/c++ - skipped
[0.554s] -- Detecting CXX compile features
[0.555s] -- Detecting CXX compile features - done
[0.569s] -- Found ament_cmake: 2.5.4 (/opt/ros/jazzy/share/ament_cmake/cmake)
[0.818s] -- Found Python3: /usr/bin/python3 (found version "3.12.3") found components: Interpreter 
[1.067s] -- Found dynamixel_sdk: 3.8.4 (/ros2_ws/ros_workshop_ws/src/install/dynamixel_sdk/share/dynamixel_sdk/cmake)
[1.069s] -- Found dynamixel_sdk_custom_interfaces: 3.8.4 (/ros2_ws/ros_workshop_ws/src/install/dynamixel_sdk_custom_interfaces/share/dynamixel_sdk_custom_interfaces/cmake)
[1.188s] -- Found rosidl_generator_c: 4.6.5 (/opt/ros/jazzy/share/rosidl_generator_c/cmake)
[1.233s] -- Found rosidl_generator_cpp: 4.6.5 (/opt/ros/jazzy/share/rosidl_generator_cpp/cmake)
[1.276s] -- Using all available rosidl_typesupport_c: rosidl_typesupport_fastrtps_c;rosidl_typesupport_introspection_c
[1.325s] -- Using all available rosidl_typesupport_cpp: rosidl_typesupport_fastrtps_cpp;rosidl_typesupport_introspection_cpp
[1.432s] -- Found rclcpp: 28.1.9 (/opt/ros/jazzy/share/rclcpp/cmake)
[1.548s] -- Found rmw_implementation_cmake: 7.3.2 (/opt/ros/jazzy/share/rmw_implementation_cmake/cmake)
[1.559s] -- Found rmw_fastrtps_cpp: 8.4.2 (/opt/ros/jazzy/share/rmw_fastrtps_cpp/cmake)
[1.747s] -- Found OpenSSL: /usr/lib/x86_64-linux-gnu/libcrypto.so (found version "3.0.13")  
[1.783s] -- Found FastRTPS: /opt/ros/jazzy/include (Required is at least version "2.13") 
[1.821s] -- Using RMW implementation 'rmw_fastrtps_cpp' as default
[1.966s] -- Found rclpy: 7.1.4 (/opt/ros/jazzy/share/rclpy/cmake)
[1.974s] -- Found ament_lint_auto: 0.17.2 (/opt/ros/jazzy/share/ament_lint_auto/cmake)
[2.202s] -- Added test 'copyright' to check source files copyright and LICENSE
[2.203s] -- Added test 'cppcheck' to perform static code analysis on C / C++ code
[2.204s] -- Configured cppcheck include dirs: /ros2_ws/ros_workshop_ws/src/DynamixelSDK/ros/dynamixel_sdk_examples/include
[2.204s] -- Configured cppcheck exclude dirs and/or files: 
[2.205s] -- Added test 'cpplint' to check C / C++ code against the Google style
[2.205s] -- Configured cpplint exclude dirs and/or files: 
[2.207s] -- Added test 'flake8' to check Python code syntax and style conventions
[2.207s] -- Configured 'flake8' exclude dirs and/or files: 
[2.209s] -- Added test 'lint_cmake' to check CMake code style
[2.210s] -- Added test 'pep257' to check Python code against some of the docstring style conventions in PEP 257
[2.212s] -- Added test 'uncrustify' to check C / C++ code style
[2.212s] -- Configured uncrustify additional arguments: 
[2.215s] -- Added test 'xmllint' to check XML markup files
[2.218s] -- Configuring done (2.2s)
[2.233s] -- Generating done (0.0s)
[2.237s] -- Build files have been written to: /ros2_ws/ros_workshop_ws/src/build/dynamixel_sdk_examples
[2.257s] Invoked command in '/ros2_ws/ros_workshop_ws/src/build/dynamixel_sdk_examples' returned '0': AMENT_PREFIX_PATH=/ros2_ws/ros_workshop_ws/src/install/dynamixel_sdk_custom_interfaces:/ros2_ws/ros_workshop_ws/src/install/dynamixel_sdk:${AMENT_PREFIX_PATH} CMAKE_PREFIX_PATH=/ros2_ws/ros_workshop_ws/src/install/dynamixel_sdk_custom_interfaces:/ros2_ws/ros_workshop_ws/src/install/dynamixel_sdk:/ros2_ws/install/open_manipulator_cartesian_control:/ros2_ws/ros_workshop_ws/install/open_manipulator:/ros2_ws/ros_workshop_ws/install/open_manipulator_playground:/ros2_ws/ros_workshop_ws/install/open_manipulator_moveit_config:/ros2_ws/ros_workshop_ws/install/open_manipulator_gui:/ros2_ws/ros_workshop_ws/install/open_manipulator_description:/ros2_ws/ros_workshop_ws/install/open_manipulator_collision:/ros2_ws/ros_workshop_ws/install/om_spring_actuator_controller:/ros2_ws/ros_workshop_ws/install/om_joint_trajectory_command_broadcaster:/ros2_ws/ros_workshop_ws/install/om_gravity_compensation_controller:/ros2_ws/ros_workshop_ws/install/dynamixel_sdk_examples:/ros2_ws/ros_workshop_ws/install/dynamixel_sdk_custom_interfaces:/ros2_ws/ros_workshop_ws/install/dynamixel_hardware_interface:/ros2_ws/ros_workshop_ws/install/dynamixel_sdk:/ros2_ws/ros_workshop_ws/install/dynamixel_interfaces:/opt/ros/jazzy/opt/gz_launch_vendor:/opt/ros/jazzy/opt/gz_sim_vendor:/opt/ros/jazzy/opt/gz_sensors_vendor:/opt/ros/jazzy/opt/gz_physics_vendor:/opt/ros/jazzy/opt/sdformat_vendor:/opt/ros/jazzy/opt/gz_gui_vendor:/opt/ros/jazzy/opt/gz_transport_vendor:/opt/ros/jazzy/opt/gz_rendering_vendor:/opt/ros/jazzy/opt/gz_plugin_vendor:/opt/ros/jazzy/opt/gz_fuel_tools_vendor:/opt/ros/jazzy/opt/gz_msgs_vendor:/opt/ros/jazzy/opt/gz_common_vendor:/opt/ros/jazzy/opt/gz_math_vendor:/opt/ros/jazzy/opt/gz_utils_vendor:/opt/ros/jazzy/opt/gz_tools_vendor:/opt/ros/jazzy/opt/gz_ogre_next_vendor:/opt/ros/jazzy/opt/gz_dartsim_vendor:/opt/ros/jazzy/opt/gz_cmake_vendor:/ros2_ws/ros_workshop_ws/install/open_manipulator_teleop:/ros2_ws/ros_workshop_ws/install/open_manipulator_bringup:/opt/ros/jazzy LD_LIBRARY_PATH=/ros2_ws/ros_workshop_ws/src/install/dynamixel_sdk_custom_interfaces/lib:/ros2_ws/ros_workshop_ws/src/install/dynamixel_sdk/lib:${LD_LIBRARY_PATH} PYTHONPATH=/ros2_ws/ros_workshop_ws/src/install/dynamixel_sdk_custom_interfaces/lib/python3.12/site-packages:/ros2_ws/ros_workshop_ws/src/install/dynamixel_sdk/lib/python3.12/site-packages:${PYTHONPATH} /usr/bin/cmake /ros2_ws/ros_workshop_ws/src/DynamixelSDK/ros/dynamixel_sdk_examples -DCMAKE_INSTALL_PREFIX=/ros2_ws/ros_workshop_ws/src/install/dynamixel_sdk_examples
[2.258s] Invoking command in '/ros2_ws/ros_workshop_ws/src/build/dynamixel_sdk_examples': AMENT_PREFIX_PATH=/ros2_ws/ros_workshop_ws/src/install/dynamixel_sdk_custom_interfaces:/ros2_ws/ros_workshop_ws/src/install/dynamixel_sdk:${AMENT_PREFIX_PATH} CMAKE_PREFIX_PATH=/ros2_ws/ros_workshop_ws/src/install/dynamixel_sdk_custom_interfaces:/ros2_ws/ros_workshop_ws/src/install/dynamixel_sdk:/ros2_ws/install/open_manipulator_cartesian_control:/ros2_ws/ros_workshop_ws/install/open_manipulator:/ros2_ws/ros_workshop_ws/install/open_manipulator_playground:/ros2_ws/ros_workshop_ws/install/open_manipulator_moveit_config:/ros2_ws/ros_workshop_ws/install/open_manipulator_gui:/ros2_ws/ros_workshop_ws/install/open_manipulator_description:/ros2_ws/ros_workshop_ws/install/open_manipulator_collision:/ros2_ws/ros_workshop_ws/install/om_spring_actuator_controller:/ros2_ws/ros_workshop_ws/install/om_joint_trajectory_command_broadcaster:/ros2_ws/ros_workshop_ws/install/om_gravity_compensation_controller:/ros2_ws/ros_workshop_ws/install/dynamixel_sdk_examples:/ros2_ws/ros_workshop_ws/install/dynamixel_sdk_custom_interfaces:/ros2_ws/ros_workshop_ws/install/dynamixel_hardware_interface:/ros2_ws/ros_workshop_ws/install/dynamixel_sdk:/ros2_ws/ros_workshop_ws/install/dynamixel_interfaces:/opt/ros/jazzy/opt/gz_launch_vendor:/opt/ros/jazzy/opt/gz_sim_vendor:/opt/ros/jazzy/opt/gz_sensors_vendor:/opt/ros/jazzy/opt/gz_physics_vendor:/opt/ros/jazzy/opt/sdformat_vendor:/opt/ros/jazzy/opt/gz_gui_vendor:/opt/ros/jazzy/opt/gz_transport_vendor:/opt/ros/jazzy/opt/gz_rendering_vendor:/opt/ros/jazzy/opt/gz_plugin_vendor:/opt/ros/jazzy/opt/gz_fuel_tools_vendor:/opt/ros/jazzy/opt/gz_msgs_vendor:/opt/ros/jazzy/opt/gz_common_vendor:/opt/ros/jazzy/opt/gz_math_vendor:/opt/ros/jazzy/opt/gz_utils_vendor:/opt/ros/jazzy/opt/gz_tools_vendor:/opt/ros/jazzy/opt/gz_ogre_next_vendor:/opt/ros/jazzy/opt/gz_dartsim_vendor:/opt/ros/jazzy/opt/gz_cmake_vendor:/ros2_ws/ros_workshop_ws/install/open_manipulator_teleop:/ros2_ws/ros_workshop_ws/install/open_manipulator_bringup:/opt/ros/jazzy LD_LIBRARY_PATH=/ros2_ws/ros_workshop_ws/src/install/dynamixel_sdk_custom_interfaces/lib:/ros2_ws/ros_workshop_ws/src/install/dynamixel_sdk/lib:${LD_LIBRARY_PATH} PYTHONPATH=/ros2_ws/ros_workshop_ws/src/install/dynamixel_sdk_custom_interfaces/lib/python3.12/site-packages:/ros2_ws/ros_workshop_ws/src/install/dynamixel_sdk/lib/python3.12/site-packages:${PYTHONPATH} /usr/bin/cmake --build /ros2_ws/ros_workshop_ws/src/build/dynamixel_sdk_examples -- -j16 -l16
[2.349s] [ 50%] [32mBuilding CXX object CMakeFiles/read_write_node.dir/src/read_write_node.cpp.o[0m
[10.936s] [100%] [32m[1mLinking CXX executable read_write_node[0m
[11.285s] [100%] Built target read_write_node
[11.305s] Invoked command in '/ros2_ws/ros_workshop_ws/src/build/dynamixel_sdk_examples' returned '0': AMENT_PREFIX_PATH=/ros2_ws/ros_workshop_ws/src/install/dynamixel_sdk_custom_interfaces:/ros2_ws/ros_workshop_ws/src/install/dynamixel_sdk:${AMENT_PREFIX_PATH} CMAKE_PREFIX_PATH=/ros2_ws/ros_workshop_ws/src/install/dynamixel_sdk_custom_interfaces:/ros2_ws/ros_workshop_ws/src/install/dynamixel_sdk:/ros2_ws/install/open_manipulator_cartesian_control:/ros2_ws/ros_workshop_ws/install/open_manipulator:/ros2_ws/ros_workshop_ws/install/open_manipulator_playground:/ros2_ws/ros_workshop_ws/install/open_manipulator_moveit_config:/ros2_ws/ros_workshop_ws/install/open_manipulator_gui:/ros2_ws/ros_workshop_ws/install/open_manipulator_description:/ros2_ws/ros_workshop_ws/install/open_manipulator_collision:/ros2_ws/ros_workshop_ws/install/om_spring_actuator_controller:/ros2_ws/ros_workshop_ws/install/om_joint_trajectory_command_broadcaster:/ros2_ws/ros_workshop_ws/install/om_gravity_compensation_controller:/ros2_ws/ros_workshop_ws/install/dynamixel_sdk_examples:/ros2_ws/ros_workshop_ws/install/dynamixel_sdk_custom_interfaces:/ros2_ws/ros_workshop_ws/install/dynamixel_hardware_interface:/ros2_ws/ros_workshop_ws/install/dynamixel_sdk:/ros2_ws/ros_workshop_ws/install/dynamixel_interfaces:/opt/ros/jazzy/opt/gz_launch_vendor:/opt/ros/jazzy/opt/gz_sim_vendor:/opt/ros/jazzy/opt/gz_sensors_vendor:/opt/ros/jazzy/opt/gz_physics_vendor:/opt/ros/jazzy/opt/sdformat_vendor:/opt/ros/jazzy/opt/gz_gui_vendor:/opt/ros/jazzy/opt/gz_transport_vendor:/opt/ros/jazzy/opt/gz_rendering_vendor:/opt/ros/jazzy/opt/gz_plugin_vendor:/opt/ros/jazzy/opt/gz_fuel_tools_vendor:/opt/ros/jazzy/opt/gz_msgs_vendor:/opt/ros/jazzy/opt/gz_common_vendor:/opt/ros/jazzy/opt/gz_math_vendor:/opt/ros/jazzy/opt/gz_utils_vendor:/opt/ros/jazzy/opt/gz_tools_vendor:/opt/ros/jazzy/opt/gz_ogre_next_vendor:/opt/ros/jazzy/opt/gz_dartsim_vendor:/opt/ros/jazzy/opt/gz_cmake_vendor:/ros2_ws/ros_workshop_ws/install/open_manipulator_teleop:/ros2_ws/ros_workshop_ws/install/open_manipulator_bringup:/opt/ros/jazzy LD_LIBRARY_PATH=/ros2_ws/ros_workshop_ws/src/install/dynamixel_sdk_custom_interfaces/lib:/ros2_ws/ros_workshop_ws/src/install/dynamixel_sdk/lib:${LD_LIBRARY_PATH} PYTHONPATH=/ros2_ws/ros_workshop_ws/src/install/dynamixel_sdk_custom_interfaces/lib/python3.12/site-packages:/ros2_ws/ros_workshop_ws/src/install/dynamixel_sdk/lib/python3.12/site-packages:${PYTHONPATH} /usr/bin/cmake --build /ros2_ws/ros_workshop_ws/src/build/dynamixel_sdk_examples -- -j16 -l16
[11.306s] Invoking command in '/ros2_ws/ros_workshop_ws/src/build/dynamixel_sdk_examples': AMENT_PREFIX_PATH=/ros2_ws/ros_workshop_ws/src/install/dynamixel_sdk_custom_interfaces:/ros2_ws/ros_workshop_ws/src/install/dynamixel_sdk:${AMENT_PREFIX_PATH} CMAKE_PREFIX_PATH=/ros2_ws/ros_workshop_ws/src/install/dynamixel_sdk_custom_interfaces:/ros2_ws/ros_workshop_ws/src/install/dynamixel_sdk:/ros2_ws/install/open_manipulator_cartesian_control:/ros2_ws/ros_workshop_ws/install/open_manipulator:/ros2_ws/ros_workshop_ws/install/open_manipulator_playground:/ros2_ws/ros_workshop_ws/install/open_manipulator_moveit_config:/ros2_ws/ros_workshop_ws/install/open_manipulator_gui:/ros2_ws/ros_workshop_ws/install/open_manipulator_description:/ros2_ws/ros_workshop_ws/install/open_manipulator_collision:/ros2_ws/ros_workshop_ws/install/om_spring_actuator_controller:/ros2_ws/ros_workshop_ws/install/om_joint_trajectory_command_broadcaster:/ros2_ws/ros_workshop_ws/install/om_gravity_compensation_controller:/ros2_ws/ros_workshop_ws/install/dynamixel_sdk_examples:/ros2_ws/ros_workshop_ws/install/dynamixel_sdk_custom_interfaces:/ros2_ws/ros_workshop_ws/install/dynamixel_hardware_interface:/ros2_ws/ros_workshop_ws/install/dynamixel_sdk:/ros2_ws/ros_workshop_ws/install/dynamixel_interfaces:/opt/ros/jazzy/opt/gz_launch_vendor:/opt/ros/jazzy/opt/gz_sim_vendor:/opt/ros/jazzy/opt/gz_sensors_vendor:/opt/ros/jazzy/opt/gz_physics_vendor:/opt/ros/jazzy/opt/sdformat_vendor:/opt/ros/jazzy/opt/gz_gui_vendor:/opt/ros/jazzy/opt/gz_transport_vendor:/opt/ros/jazzy/opt/gz_rendering_vendor:/opt/ros/jazzy/opt/gz_plugin_vendor:/opt/ros/jazzy/opt/gz_fuel_tools_vendor:/opt/ros/jazzy/opt/gz_msgs_vendor:/opt/ros/jazzy/opt/gz_common_vendor:/opt/ros/jazzy/opt/gz_math_vendor:/opt/ros/jazzy/opt/gz_utils_vendor:/opt/ros/jazzy/opt/gz_tools_vendor:/opt/ros/jazzy/opt/gz_ogre_next_vendor:/opt/ros/jazzy/opt/gz_dartsim_vendor:/opt/ros/jazzy/opt/gz_cmake_vendor:/ros2_ws/ros_workshop_ws/install/open_manipulator_teleop:/ros2_ws/ros_workshop_ws/install/open_manipulator_bringup:/opt/ros/jazzy LD_LIBRARY_PATH=/ros2_ws/ros_workshop_ws/src/install/dynamixel_sdk_custom_interfaces/lib:/ros2_ws/ros_workshop_ws/src/install/dynamixel_sdk/lib:${LD_LIBRARY_PATH} PYTHONPATH=/ros2_ws/ros_workshop_ws/src/install/dynamixel_sdk_custom_interfaces/lib/python3.12/site-packages:/ros2_ws/ros_workshop_ws/src/install/dynamixel_sdk/lib/python3.12/site-packages:${PYTHONPATH} /usr/bin/cmake --install /ros2_ws/ros_workshop_ws/src/build/dynamixel_sdk_examples
[11.318s] -- Install configuration: ""
[11.318s] -- Installing: /ros2_ws/ros_workshop_ws/src/install/dynamixel_sdk_examples/lib/dynamixel_sdk_examples/read_write_node
[11.325s] -- Set non-toolchain portion of runtime path of "/ros2_ws/ros_workshop_ws/src/install/dynamixel_sdk_examples/lib/dynamixel_sdk_examples/read_write_node" to ""
[11.325s] -- Installing: /ros2_ws/ros_workshop_ws/src/install/dynamixel_sdk_examples/lib/dynamixel_sdk_examples/read_write_node.py
[11.326s] -- Installing: /ros2_ws/ros_workshop_ws/src/install/dynamixel_sdk_examples/share/ament_index/resource_index/package_run_dependencies/dynamixel_sdk_examples
[11.326s] -- Installing: /ros2_ws/ros_workshop_ws/src/install/dynamixel_sdk_examples/share/ament_index/resource_index/parent_prefix_path/dynamixel_sdk_examples
[11.326s] -- Installing: /ros2_ws/ros_workshop_ws/src/install/dynamixel_sdk_examples/share/dynamixel_sdk_examples/environment/ament_prefix_path.sh
[11.326s] -- Installing: /ros2_ws/ros_workshop_ws/src/install/dynamixel_sdk_examples/share/dynamixel_sdk_examples/environment/ament_prefix_path.dsv
[11.327s] -- Installing: /ros2_ws/ros_workshop_ws/src/install/dynamixel_sdk_examples/share/dynamixel_sdk_examples/environment/path.sh
[11.327s] -- Installing: /ros2_ws/ros_workshop_ws/src/install/dynamixel_sdk_examples/share/dynamixel_sdk_examples/environment/path.dsv
[11.328s] -- Installing: /ros2_ws/ros_workshop_ws/src/install/dynamixel_sdk_examples/share/dynamixel_sdk_examples/local_setup.bash
[11.328s] -- Installing: /ros2_ws/ros_workshop_ws/src/install/dynamixel_sdk_examples/share/dynamixel_sdk_examples/local_setup.sh
[11.328s] -- Installing: /ros2_ws/ros_workshop_ws/src/install/dynamixel_sdk_examples/share/dynamixel_sdk_examples/local_setup.zsh
[11.328s] -- Installing: /ros2_ws/ros_workshop_ws/src/install/dynamixel_sdk_examples/share/dynamixel_sdk_examples/local_setup.dsv
[11.328s] -- Installing: /ros2_ws/ros_workshop_ws/src/install/dynamixel_sdk_examples/share/dynamixel_sdk_examples/package.dsv
[11.328s] -- Installing: /ros2_ws/ros_workshop_ws/src/install/dynamixel_sdk_examples/share/ament_index/resource_index/packages/dynamixel_sdk_examples
[11.328s] -- Installing: /ros2_ws/ros_workshop_ws/src/install/dynamixel_sdk_examples/share/dynamixel_sdk_examples/cmake/dynamixel_sdk_examplesConfig.cmake
[11.329s] -- Installing: /ros2_ws/ros_workshop_ws/src/install/dynamixel_sdk_examples/share/dynamixel_sdk_examples/cmake/dynamixel_sdk_examplesConfig-version.cmake
[11.329s] -- Installing: /ros2_ws/ros_workshop_ws/src/install/dynamixel_sdk_examples/share/dynamixel_sdk_examples/package.xml
[11.332s] Invoked command in '/ros2_ws/ros_workshop_ws/src/build/dynamixel_sdk_examples' returned '0': AMENT_PREFIX_PATH=/ros2_ws/ros_workshop_ws/src/install/dynamixel_sdk_custom_interfaces:/ros2_ws/ros_workshop_ws/src/install/dynamixel_sdk:${AMENT_PREFIX_PATH} CMAKE_PREFIX_PATH=/ros2_ws/ros_workshop_ws/src/install/dynamixel_sdk_custom_interfaces:/ros2_ws/ros_workshop_ws/src/install/dynamixel_sdk:/ros2_ws/install/open_manipulator_cartesian_control:/ros2_ws/ros_workshop_ws/install/open_manipulator:/ros2_ws/ros_workshop_ws/install/open_manipulator_playground:/ros2_ws/ros_workshop_ws/install/open_manipulator_moveit_config:/ros2_ws/ros_workshop_ws/install/open_manipulator_gui:/ros2_ws/ros_workshop_ws/install/open_manipulator_description:/ros2_ws/ros_workshop_ws/install/open_manipulator_collision:/ros2_ws/ros_workshop_ws/install/om_spring_actuator_controller:/ros2_ws/ros_workshop_ws/install/om_joint_trajectory_command_broadcaster:/ros2_ws/ros_workshop_ws/install/om_gravity_compensation_controller:/ros2_ws/ros_workshop_ws/install/dynamixel_sdk_examples:/ros2_ws/ros_workshop_ws/install/dynamixel_sdk_custom_interfaces:/ros2_ws/ros_workshop_ws/install/dynamixel_hardware_interface:/ros2_ws/ros_workshop_ws/install/dynamixel_sdk:/ros2_ws/ros_workshop_ws/install/dynamixel_interfaces:/opt/ros/jazzy/opt/gz_launch_vendor:/opt/ros/jazzy/opt/gz_sim_vendor:/opt/ros/jazzy/opt/gz_sensors_vendor:/opt/ros/jazzy/opt/gz_physics_vendor:/opt/ros/jazzy/opt/sdformat_vendor:/opt/ros/jazzy/opt/gz_gui_vendor:/opt/ros/jazzy/opt/gz_transport_vendor:/opt/ros/jazzy/opt/gz_rendering_vendor:/opt/ros/jazzy/opt/gz_plugin_vendor:/opt/ros/jazzy/opt/gz_fuel_tools_vendor:/opt/ros/jazzy/opt/gz_msgs_vendor:/opt/ros/jazzy/opt/gz_common_vendor:/opt/ros/jazzy/opt/gz_math_vendor:/opt/ros/jazzy/opt/gz_utils_vendor:/opt/ros/jazzy/opt/gz_tools_vendor:/opt/ros/jazzy/opt/gz_ogre_next_vendor:/opt/ros/jazzy/opt/gz_dartsim_vendor:/opt/ros/jazzy/opt/gz_cmake_vendor:/ros2_ws/ros_workshop_ws/install/open_manipulator_teleop:/ros2_ws/ros_workshop_ws/install/open_manipulator_bringup:/opt/ros/jazzy LD_LIBRARY_PATH=/ros2_ws/ros_workshop_ws/src/install/dynamixel_sdk_custom_interfaces/lib:/ros2_ws/ros_workshop_ws/src/install/dynamixel_sdk/lib:${LD_LIBRARY_PATH} PYTHONPATH=/ros2_ws/ros_workshop_ws/src/install/dynamixel_sdk_custom_interfaces/lib/python3.12/site-packages:/ros2_ws/ros_workshop_ws/src/install/dynamixel_sdk/lib/python3.12/site-packages:${PYTHONPATH} /usr/bin/cmake --install /ros2_ws/ros_workshop_ws/src/build/dynamixel_sdk_examples
