[0.066s] Invoking command in '/ros2_ws/ros_workshop_ws/build/om_gravity_compensation_controller': CMAKE_PREFIX_PATH=${CMAKE_PREFIX_PATH}:/ros2_ws/ros_workshop_ws/install/open_manipulator_teleop:/ros2_ws/ros_workshop_ws/install/open_manipulator_bringup:/opt/ros/jazzy /usr/bin/cmake /ros2_ws/ros_workshop_ws/src/open_manipulator/ros2_controller/om_gravity_compensation_controller -DCMAKE_INSTALL_PREFIX=/ros2_ws/ros_workshop_ws/install/om_gravity_compensation_controller
[0.464s] -- Found ament_cmake: 2.5.4 (/opt/ros/jazzy/share/ament_cmake/cmake)
[0.464s] -- Override CMake install command with custom implementation using symlinks instead of copying resources
[0.468s] -- Found angles: 1.16.0 (/opt/ros/jazzy/share/angles/cmake)
[0.473s] -- Found control_msgs: 5.4.0 (/opt/ros/jazzy/share/control_msgs/cmake)
[0.509s] -- Found rosidl_generator_c: 4.6.5 (/opt/ros/jazzy/share/rosidl_generator_c/cmake)
[0.524s] -- Found rosidl_generator_cpp: 4.6.5 (/opt/ros/jazzy/share/rosidl_generator_cpp/cmake)
[0.544s] -- Using all available rosidl_typesupport_c: rosidl_typesupport_fastrtps_c;rosidl_typesupport_introspection_c
[0.568s] -- Using all available rosidl_typesupport_cpp: rosidl_typesupport_fastrtps_cpp;rosidl_typesupport_introspection_cpp
[0.843s] -- Found control_toolbox: 4.3.0 (/opt/ros/jazzy/share/control_toolbox/cmake)
[0.905s] -- Found rmw_implementation_cmake: 7.3.2 (/opt/ros/jazzy/share/rmw_implementation_cmake/cmake)
[0.908s] -- Found rmw_fastrtps_cpp: 8.4.2 (/opt/ros/jazzy/share/rmw_fastrtps_cpp/cmake)
[1.023s] -- Using RMW implementation 'rmw_fastrtps_cpp' as default
[1.283s] -- Found eigen3_cmake_module: 0.3.0 (/opt/ros/jazzy/share/eigen3_cmake_module/cmake)
[1.285s] -- Ensuring Eigen3 include directory is part of orocos-kdl CMake target
[1.400s] -- Found controller_interface: 4.29.0 (/opt/ros/jazzy/share/controller_interface/cmake)
[1.473s] -- Found kdl_parser: 2.11.0 (/opt/ros/jazzy/share/kdl_parser/cmake)
[1.639s] -- Configuring done (1.6s)
[1.684s] -- Generating done (0.0s)
[1.693s] -- Build files have been written to: /ros2_ws/ros_workshop_ws/build/om_gravity_compensation_controller
[1.711s] Invoked command in '/ros2_ws/ros_workshop_ws/build/om_gravity_compensation_controller' returned '0': CMAKE_PREFIX_PATH=${CMAKE_PREFIX_PATH}:/ros2_ws/ros_workshop_ws/install/open_manipulator_teleop:/ros2_ws/ros_workshop_ws/install/open_manipulator_bringup:/opt/ros/jazzy /usr/bin/cmake /ros2_ws/ros_workshop_ws/src/open_manipulator/ros2_controller/om_gravity_compensation_controller -DCMAKE_INSTALL_PREFIX=/ros2_ws/ros_workshop_ws/install/om_gravity_compensation_controller
[1.712s] Invoking command in '/ros2_ws/ros_workshop_ws/build/om_gravity_compensation_controller': CMAKE_PREFIX_PATH=${CMAKE_PREFIX_PATH}:/ros2_ws/ros_workshop_ws/install/open_manipulator_teleop:/ros2_ws/ros_workshop_ws/install/open_manipulator_bringup:/opt/ros/jazzy /usr/bin/cmake --build /ros2_ws/ros_workshop_ws/build/om_gravity_compensation_controller -- -j16 -l16
[1.812s] [ 50%] Built target gravity_compensation_controller_parameters
[1.865s] [100%] Built target gravity_compensation_controller
[1.886s] Invoked command in '/ros2_ws/ros_workshop_ws/build/om_gravity_compensation_controller' returned '0': CMAKE_PREFIX_PATH=${CMAKE_PREFIX_PATH}:/ros2_ws/ros_workshop_ws/install/open_manipulator_teleop:/ros2_ws/ros_workshop_ws/install/open_manipulator_bringup:/opt/ros/jazzy /usr/bin/cmake --build /ros2_ws/ros_workshop_ws/build/om_gravity_compensation_controller -- -j16 -l16
[1.886s] Invoking command in '/ros2_ws/ros_workshop_ws/build/om_gravity_compensation_controller': CMAKE_PREFIX_PATH=${CMAKE_PREFIX_PATH}:/ros2_ws/ros_workshop_ws/install/open_manipulator_teleop:/ros2_ws/ros_workshop_ws/install/open_manipulator_bringup:/opt/ros/jazzy /usr/bin/cmake --install /ros2_ws/ros_workshop_ws/build/om_gravity_compensation_controller
[1.902s] -- Install configuration: ""
[1.902s] -- Execute custom install script
[1.903s] -- Up-to-date symlink: /ros2_ws/ros_workshop_ws/install/om_gravity_compensation_controller/include/om_gravity_compensation_controller/gravity_compensation_controller_parameters.hpp
[1.903s] -- Up-to-date symlink: /ros2_ws/ros_workshop_ws/install/om_gravity_compensation_controller/share/om_gravity_compensation_controller//gravity_compensation_plugin.xml
[1.904s] -- Up-to-date symlink: /ros2_ws/ros_workshop_ws/install/om_gravity_compensation_controller/include/gravity_compensation_controller/gravity_compensation_controller/gravity_compensation_controller.hpp
[1.904s] -- Up-to-date symlink: /ros2_ws/ros_workshop_ws/install/om_gravity_compensation_controller/include/gravity_compensation_controller/gravity_compensation_controller/visibility_control.h
[1.905s] -- Up-to-date symlink: /ros2_ws/ros_workshop_ws/install/om_gravity_compensation_controller/share/om_gravity_compensation_controller/environment/library_path.sh
[1.905s] -- Up-to-date symlink: /ros2_ws/ros_workshop_ws/install/om_gravity_compensation_controller/share/om_gravity_compensation_controller/environment/library_path.dsv
[1.905s] -- Up-to-date symlink: /ros2_ws/ros_workshop_ws/install/om_gravity_compensation_controller/share/ament_index/resource_index/package_run_dependencies/om_gravity_compensation_controller
[1.906s] -- Up-to-date symlink: /ros2_ws/ros_workshop_ws/install/om_gravity_compensation_controller/share/ament_index/resource_index/parent_prefix_path/om_gravity_compensation_controller
[1.906s] -- Up-to-date symlink: /ros2_ws/ros_workshop_ws/install/om_gravity_compensation_controller/share/om_gravity_compensation_controller/environment/ament_prefix_path.sh
[1.906s] -- Up-to-date symlink: /ros2_ws/ros_workshop_ws/install/om_gravity_compensation_controller/share/om_gravity_compensation_controller/environment/ament_prefix_path.dsv
[1.906s] -- Up-to-date symlink: /ros2_ws/ros_workshop_ws/install/om_gravity_compensation_controller/share/om_gravity_compensation_controller/environment/path.sh
[1.907s] -- Up-to-date symlink: /ros2_ws/ros_workshop_ws/install/om_gravity_compensation_controller/share/om_gravity_compensation_controller/environment/path.dsv
[1.907s] -- Up-to-date symlink: /ros2_ws/ros_workshop_ws/install/om_gravity_compensation_controller/share/om_gravity_compensation_controller/local_setup.bash
[1.907s] -- Up-to-date symlink: /ros2_ws/ros_workshop_ws/install/om_gravity_compensation_controller/share/om_gravity_compensation_controller/local_setup.sh
[1.907s] -- Up-to-date symlink: /ros2_ws/ros_workshop_ws/install/om_gravity_compensation_controller/share/om_gravity_compensation_controller/local_setup.zsh
[1.908s] -- Up-to-date symlink: /ros2_ws/ros_workshop_ws/install/om_gravity_compensation_controller/share/om_gravity_compensation_controller/local_setup.dsv
[1.908s] -- Symlinking: /ros2_ws/ros_workshop_ws/install/om_gravity_compensation_controller/share/om_gravity_compensation_controller/package.dsv
[1.927s] -- Up-to-date symlink: /ros2_ws/ros_workshop_ws/install/om_gravity_compensation_controller/share/ament_index/resource_index/packages/om_gravity_compensation_controller
[1.927s] -- Up-to-date symlink: /ros2_ws/ros_workshop_ws/install/om_gravity_compensation_controller/share/ament_index/resource_index/controller_interface__pluginlib__plugin/om_gravity_compensation_controller
[1.927s] -- Up-to-date symlink: /ros2_ws/ros_workshop_ws/install/om_gravity_compensation_controller/share/om_gravity_compensation_controller/cmake/ament_cmake_export_dependencies-extras.cmake
[1.927s] -- Up-to-date symlink: /ros2_ws/ros_workshop_ws/install/om_gravity_compensation_controller/share/om_gravity_compensation_controller/cmake/ament_cmake_export_targets-extras.cmake
[1.928s] -- Up-to-date symlink: /ros2_ws/ros_workshop_ws/install/om_gravity_compensation_controller/share/om_gravity_compensation_controller/cmake/om_gravity_compensation_controllerConfig.cmake
[1.928s] -- Up-to-date symlink: /ros2_ws/ros_workshop_ws/install/om_gravity_compensation_controller/share/om_gravity_compensation_controller/cmake/om_gravity_compensation_controllerConfig-version.cmake
[1.928s] -- Up-to-date symlink: /ros2_ws/ros_workshop_ws/install/om_gravity_compensation_controller/share/om_gravity_compensation_controller/package.xml
[1.928s] -- Up-to-date: /ros2_ws/ros_workshop_ws/install/om_gravity_compensation_controller/lib/libgravity_compensation_controller.so
[1.928s] -- Up-to-date: /ros2_ws/ros_workshop_ws/install/om_gravity_compensation_controller/share/om_gravity_compensation_controller/cmake/export_gravity_compensation_controllerExport.cmake
[1.929s] -- Up-to-date: /ros2_ws/ros_workshop_ws/install/om_gravity_compensation_controller/share/om_gravity_compensation_controller/cmake/export_gravity_compensation_controllerExport-noconfig.cmake
[1.932s] Invoked command in '/ros2_ws/ros_workshop_ws/build/om_gravity_compensation_controller' returned '0': CMAKE_PREFIX_PATH=${CMAKE_PREFIX_PATH}:/ros2_ws/ros_workshop_ws/install/open_manipulator_teleop:/ros2_ws/ros_workshop_ws/install/open_manipulator_bringup:/opt/ros/jazzy /usr/bin/cmake --install /ros2_ws/ros_workshop_ws/build/om_gravity_compensation_controller
