-- The C compiler identification is GNU 13.3.0
-- The CXX compiler identification is GNU 13.3.0
-- Detecting C compiler ABI info
-- Detecting C compiler ABI info - done
-- Check for working C compiler: /usr/bin/cc - skipped
-- Detecting C compile features
-- Detecting C compile features - done
-- Detecting CXX compiler ABI info
-- Detecting CXX compiler ABI info - done
-- Check for working CXX compiler: /usr/bin/c++ - skipped
-- Detecting CXX compile features
-- Detecting CXX compile features - done
-- Found ament_cmake: 2.5.4 (/opt/ros/jazzy/share/ament_cmake/cmake)
-- Found Python3: /usr/bin/python3 (found version "3.12.3") found components: Interpreter 
-- Override CMake install command with custom implementation using symlinks instead of copying resources
-- Configuring done (0.9s)
-- Generating done (0.0s)
-- Build files have been written to: /ros2_ws/ros_workshop_ws/build/open_manipulator_moveit_config
-- Install configuration: ""
-- Execute custom install script
-- Symlinking: /ros2_ws/ros_workshop_ws/install/open_manipulator_moveit_config/share/open_manipulator_moveit_config/launch/move_group.launch.py
-- Symlinking: /ros2_ws/ros_workshop_ws/install/open_manipulator_moveit_config/share/open_manipulator_moveit_config/launch/moveit_core.launch.py
-- Symlinking: /ros2_ws/ros_workshop_ws/install/open_manipulator_moveit_config/share/open_manipulator_moveit_config/launch/moveit_rviz.launch.py
-- Symlinking: /ros2_ws/ros_workshop_ws/install/open_manipulator_moveit_config/share/open_manipulator_moveit_config/launch/servo.launch.py
-- Symlinking: /ros2_ws/ros_workshop_ws/install/open_manipulator_moveit_config/share/open_manipulator_moveit_config/launch/spawn_controllers.launch.py
-- Symlinking: /ros2_ws/ros_workshop_ws/install/open_manipulator_moveit_config/share/open_manipulator_moveit_config/launch/warehouse_db.launch.py
-- Symlinking: /ros2_ws/ros_workshop_ws/install/open_manipulator_moveit_config/share/open_manipulator_moveit_config/config/om_x/initial_positions.yaml
-- Symlinking: /ros2_ws/ros_workshop_ws/install/open_manipulator_moveit_config/share/open_manipulator_moveit_config/config/om_x/joint_limits.yaml
-- Symlinking: /ros2_ws/ros_workshop_ws/install/open_manipulator_moveit_config/share/open_manipulator_moveit_config/config/om_x/kinematics.yaml
-- Symlinking: /ros2_ws/ros_workshop_ws/install/open_manipulator_moveit_config/share/open_manipulator_moveit_config/config/om_x/moveit.rviz
-- Symlinking: /ros2_ws/ros_workshop_ws/install/open_manipulator_moveit_config/share/open_manipulator_moveit_config/config/om_x/moveit_controllers.yaml
-- Symlinking: /ros2_ws/ros_workshop_ws/install/open_manipulator_moveit_config/share/open_manipulator_moveit_config/config/om_x/moveit_servo.yaml
-- Symlinking: /ros2_ws/ros_workshop_ws/install/open_manipulator_moveit_config/share/open_manipulator_moveit_config/config/om_x/ompl_planning.yaml
-- Symlinking: /ros2_ws/ros_workshop_ws/install/open_manipulator_moveit_config/share/open_manipulator_moveit_config/config/om_x/open_manipulator_x.srdf
-- Symlinking: /ros2_ws/ros_workshop_ws/install/open_manipulator_moveit_config/share/open_manipulator_moveit_config/config/om_y/initial_positions.yaml
-- Symlinking: /ros2_ws/ros_workshop_ws/install/open_manipulator_moveit_config/share/open_manipulator_moveit_config/config/om_y/joint_limits.yaml
-- Symlinking: /ros2_ws/ros_workshop_ws/install/open_manipulator_moveit_config/share/open_manipulator_moveit_config/config/om_y/kinematics.yaml
-- Symlinking: /ros2_ws/ros_workshop_ws/install/open_manipulator_moveit_config/share/open_manipulator_moveit_config/config/om_y/moveit.rviz
-- Symlinking: /ros2_ws/ros_workshop_ws/install/open_manipulator_moveit_config/share/open_manipulator_moveit_config/config/om_y/moveit_controllers.yaml
-- Symlinking: /ros2_ws/ros_workshop_ws/install/open_manipulator_moveit_config/share/open_manipulator_moveit_config/config/om_y/moveit_servo.yaml
-- Symlinking: /ros2_ws/ros_workshop_ws/install/open_manipulator_moveit_config/share/open_manipulator_moveit_config/config/om_y/ompl_planning.yaml
-- Symlinking: /ros2_ws/ros_workshop_ws/install/open_manipulator_moveit_config/share/open_manipulator_moveit_config/config/om_y/open_manipulator_y.srdf
-- Symlinking: /ros2_ws/ros_workshop_ws/install/open_manipulator_moveit_config/share/open_manipulator_moveit_config/config/om_y_follower/initial_positions.yaml
-- Symlinking: /ros2_ws/ros_workshop_ws/install/open_manipulator_moveit_config/share/open_manipulator_moveit_config/config/om_y_follower/joint_limits.yaml
-- Symlinking: /ros2_ws/ros_workshop_ws/install/open_manipulator_moveit_config/share/open_manipulator_moveit_config/config/om_y_follower/kinematics.yaml
-- Symlinking: /ros2_ws/ros_workshop_ws/install/open_manipulator_moveit_config/share/open_manipulator_moveit_config/config/om_y_follower/moveit.rviz
-- Symlinking: /ros2_ws/ros_workshop_ws/install/open_manipulator_moveit_config/share/open_manipulator_moveit_config/config/om_y_follower/moveit_controllers.yaml
-- Symlinking: /ros2_ws/ros_workshop_ws/install/open_manipulator_moveit_config/share/open_manipulator_moveit_config/config/om_y_follower/moveit_servo.yaml
-- Symlinking: /ros2_ws/ros_workshop_ws/install/open_manipulator_moveit_config/share/open_manipulator_moveit_config/config/om_y_follower/ompl_planning.yaml
-- Symlinking: /ros2_ws/ros_workshop_ws/install/open_manipulator_moveit_config/share/open_manipulator_moveit_config/config/om_y_follower/open_manipulator_y_follower.srdf
-- Symlinking: /ros2_ws/ros_workshop_ws/install/open_manipulator_moveit_config/share/open_manipulator_moveit_config/config/om_y_leader/initial_positions.yaml
-- Symlinking: /ros2_ws/ros_workshop_ws/install/open_manipulator_moveit_config/share/open_manipulator_moveit_config/config/om_y_leader/joint_limits.yaml
-- Symlinking: /ros2_ws/ros_workshop_ws/install/open_manipulator_moveit_config/share/open_manipulator_moveit_config/config/om_y_leader/kinematics.yaml
-- Symlinking: /ros2_ws/ros_workshop_ws/install/open_manipulator_moveit_config/share/open_manipulator_moveit_config/config/om_y_leader/moveit.rviz
-- Symlinking: /ros2_ws/ros_workshop_ws/install/open_manipulator_moveit_config/share/open_manipulator_moveit_config/config/om_y_leader/moveit_controllers.yaml
-- Symlinking: /ros2_ws/ros_workshop_ws/install/open_manipulator_moveit_config/share/open_manipulator_moveit_config/config/om_y_leader/open_manipulator_y_leader.srdf
-- Symlinking: /ros2_ws/ros_workshop_ws/install/open_manipulator_moveit_config/share/open_manipulator_moveit_config/config/om_y_leader/pilz_cartesian_limits.yaml
-- Symlinking: /ros2_ws/ros_workshop_ws/install/open_manipulator_moveit_config/share/ament_index/resource_index/package_run_dependencies/open_manipulator_moveit_config
-- Symlinking: /ros2_ws/ros_workshop_ws/install/open_manipulator_moveit_config/share/ament_index/resource_index/parent_prefix_path/open_manipulator_moveit_config
-- Symlinking: /ros2_ws/ros_workshop_ws/install/open_manipulator_moveit_config/share/open_manipulator_moveit_config/environment/ament_prefix_path.sh
-- Symlinking: /ros2_ws/ros_workshop_ws/install/open_manipulator_moveit_config/share/open_manipulator_moveit_config/environment/ament_prefix_path.dsv
-- Symlinking: /ros2_ws/ros_workshop_ws/install/open_manipulator_moveit_config/share/open_manipulator_moveit_config/environment/path.sh
-- Symlinking: /ros2_ws/ros_workshop_ws/install/open_manipulator_moveit_config/share/open_manipulator_moveit_config/environment/path.dsv
-- Symlinking: /ros2_ws/ros_workshop_ws/install/open_manipulator_moveit_config/share/open_manipulator_moveit_config/local_setup.bash
-- Symlinking: /ros2_ws/ros_workshop_ws/install/open_manipulator_moveit_config/share/open_manipulator_moveit_config/local_setup.sh
-- Symlinking: /ros2_ws/ros_workshop_ws/install/open_manipulator_moveit_config/share/open_manipulator_moveit_config/local_setup.zsh
-- Symlinking: /ros2_ws/ros_workshop_ws/install/open_manipulator_moveit_config/share/open_manipulator_moveit_config/local_setup.dsv
-- Symlinking: /ros2_ws/ros_workshop_ws/install/open_manipulator_moveit_config/share/open_manipulator_moveit_config/package.dsv
-- Symlinking: /ros2_ws/ros_workshop_ws/install/open_manipulator_moveit_config/share/ament_index/resource_index/packages/open_manipulator_moveit_config
-- Symlinking: /ros2_ws/ros_workshop_ws/install/open_manipulator_moveit_config/share/open_manipulator_moveit_config/cmake/open_manipulator_moveit_configConfig.cmake
-- Symlinking: /ros2_ws/ros_workshop_ws/install/open_manipulator_moveit_config/share/open_manipulator_moveit_config/cmake/open_manipulator_moveit_configConfig-version.cmake
-- Symlinking: /ros2_ws/ros_workshop_ws/install/open_manipulator_moveit_config/share/open_manipulator_moveit_config/package.xml
