[ 33%] Built target hello_moveit_omx
[ 66%] Built target hello_moveit_omy
[ 83%] [32mBuilding CXX object CMakeFiles/take_ball.dir/src/take_ball.cpp.o[0m
[100%] [32m[1mLinking CXX executable take_ball[0m
[100%] Built target take_ball
-- Install configuration: ""
-- Execute custom install script
-- Up-to-date symlink: /ros2_ws/ros_workshop_ws/install/open_manipulator_playground/include/open_manipulator_playground/hello_moveit_omx.h
-- Up-to-date symlink: /ros2_ws/ros_workshop_ws/install/open_manipulator_playground/include/open_manipulator_playground/hello_moveit_omy.h
-- Up-to-date symlink: /ros2_ws/ros_workshop_ws/install/open_manipulator_playground/include/open_manipulator_playground/take_ball.h
-- Up-to-date symlink: /ros2_ws/ros_workshop_ws/install/open_manipulator_playground/share/ament_index/resource_index/package_run_dependencies/open_manipulator_playground
-- Up-to-date symlink: /ros2_ws/ros_workshop_ws/install/open_manipulator_playground/share/ament_index/resource_index/parent_prefix_path/open_manipulator_playground
-- Up-to-date symlink: /ros2_ws/ros_workshop_ws/install/open_manipulator_playground/share/open_manipulator_playground/environment/ament_prefix_path.sh
-- Up-to-date symlink: /ros2_ws/ros_workshop_ws/install/open_manipulator_playground/share/open_manipulator_playground/environment/ament_prefix_path.dsv
-- Up-to-date symlink: /ros2_ws/ros_workshop_ws/install/open_manipulator_playground/share/open_manipulator_playground/environment/path.sh
-- Up-to-date symlink: /ros2_ws/ros_workshop_ws/install/open_manipulator_playground/share/open_manipulator_playground/environment/path.dsv
-- Up-to-date symlink: /ros2_ws/ros_workshop_ws/install/open_manipulator_playground/share/open_manipulator_playground/local_setup.bash
-- Up-to-date symlink: /ros2_ws/ros_workshop_ws/install/open_manipulator_playground/share/open_manipulator_playground/local_setup.sh
-- Up-to-date symlink: /ros2_ws/ros_workshop_ws/install/open_manipulator_playground/share/open_manipulator_playground/local_setup.zsh
-- Up-to-date symlink: /ros2_ws/ros_workshop_ws/install/open_manipulator_playground/share/open_manipulator_playground/local_setup.dsv
-- Symlinking: /ros2_ws/ros_workshop_ws/install/open_manipulator_playground/share/open_manipulator_playground/package.dsv
-- Up-to-date symlink: /ros2_ws/ros_workshop_ws/install/open_manipulator_playground/share/ament_index/resource_index/packages/open_manipulator_playground
-- Up-to-date symlink: /ros2_ws/ros_workshop_ws/install/open_manipulator_playground/share/open_manipulator_playground/cmake/ament_cmake_export_include_directories-extras.cmake
-- Up-to-date symlink: /ros2_ws/ros_workshop_ws/install/open_manipulator_playground/share/open_manipulator_playground/cmake/ament_cmake_export_targets-extras.cmake
-- Up-to-date symlink: /ros2_ws/ros_workshop_ws/install/open_manipulator_playground/share/open_manipulator_playground/cmake/open_manipulator_playgroundConfig.cmake
-- Up-to-date symlink: /ros2_ws/ros_workshop_ws/install/open_manipulator_playground/share/open_manipulator_playground/cmake/open_manipulator_playgroundConfig-version.cmake
-- Up-to-date symlink: /ros2_ws/ros_workshop_ws/install/open_manipulator_playground/share/open_manipulator_playground/package.xml
-- Up-to-date: /ros2_ws/ros_workshop_ws/install/open_manipulator_playground/lib/open_manipulator_playground/hello_moveit_omx
-- Up-to-date: /ros2_ws/ros_workshop_ws/install/open_manipulator_playground/lib/open_manipulator_playground/hello_moveit_omy
-- Installing: /ros2_ws/ros_workshop_ws/install/open_manipulator_playground/lib/open_manipulator_playground/take_ball
-- Set non-toolchain portion of runtime path of "/ros2_ws/ros_workshop_ws/install/open_manipulator_playground/lib/open_manipulator_playground/take_ball" to ""
-- Up-to-date: /ros2_ws/ros_workshop_ws/install/open_manipulator_playground/share/open_manipulator_playground/cmake/export_open_manipulator_playgroundExport.cmake
-- Up-to-date: /ros2_ws/ros_workshop_ws/install/open_manipulator_playground/share/open_manipulator_playground/cmake/export_open_manipulator_playgroundExport-noconfig.cmake
