[0.046s] Invoking command in '/ros2_ws/ros_workshop_ws/build/open_manipulator_playground': CMAKE_PREFIX_PATH=${CMAKE_PREFIX_PATH}:/ros2_ws/ros_workshop_ws/install/open_manipulator_teleop:/ros2_ws/ros_workshop_ws/install/open_manipulator_bringup:/opt/ros/jazzy /usr/bin/cmake --build /ros2_ws/ros_workshop_ws/build/open_manipulator_playground -- -j16 -l16
[0.225s] [ 33%] Built target hello_moveit_omx
[0.232s] [ 66%] Built target hello_moveit_omy
[0.232s] [ 83%] [32mBuilding CXX object CMakeFiles/take_ball.dir/src/take_ball.cpp.o[0m
[7.453s] [100%] [32m[1mLinking CXX executable take_ball[0m
[7.809s] [100%] Built target take_ball
[7.825s] Invoked command in '/ros2_ws/ros_workshop_ws/build/open_manipulator_playground' returned '0': CMAKE_PREFIX_PATH=${CMAKE_PREFIX_PATH}:/ros2_ws/ros_workshop_ws/install/open_manipulator_teleop:/ros2_ws/ros_workshop_ws/install/open_manipulator_bringup:/opt/ros/jazzy /usr/bin/cmake --build /ros2_ws/ros_workshop_ws/build/open_manipulator_playground -- -j16 -l16
[7.827s] Invoking command in '/ros2_ws/ros_workshop_ws/build/open_manipulator_playground': CMAKE_PREFIX_PATH=${CMAKE_PREFIX_PATH}:/ros2_ws/ros_workshop_ws/install/open_manipulator_teleop:/ros2_ws/ros_workshop_ws/install/open_manipulator_bringup:/opt/ros/jazzy /usr/bin/cmake --install /ros2_ws/ros_workshop_ws/build/open_manipulator_playground
[7.838s] -- Install configuration: ""
[7.839s] -- Execute custom install script
[7.839s] -- Up-to-date symlink: /ros2_ws/ros_workshop_ws/install/open_manipulator_playground/include/open_manipulator_playground/hello_moveit_omx.h
[7.839s] -- Up-to-date symlink: /ros2_ws/ros_workshop_ws/install/open_manipulator_playground/include/open_manipulator_playground/hello_moveit_omy.h
[7.839s] -- Up-to-date symlink: /ros2_ws/ros_workshop_ws/install/open_manipulator_playground/include/open_manipulator_playground/take_ball.h
[7.839s] -- Up-to-date symlink: /ros2_ws/ros_workshop_ws/install/open_manipulator_playground/share/ament_index/resource_index/package_run_dependencies/open_manipulator_playground
[7.840s] -- Up-to-date symlink: /ros2_ws/ros_workshop_ws/install/open_manipulator_playground/share/ament_index/resource_index/parent_prefix_path/open_manipulator_playground
[7.840s] -- Up-to-date symlink: /ros2_ws/ros_workshop_ws/install/open_manipulator_playground/share/open_manipulator_playground/environment/ament_prefix_path.sh
[7.840s] -- Up-to-date symlink: /ros2_ws/ros_workshop_ws/install/open_manipulator_playground/share/open_manipulator_playground/environment/ament_prefix_path.dsv
[7.840s] -- Up-to-date symlink: /ros2_ws/ros_workshop_ws/install/open_manipulator_playground/share/open_manipulator_playground/environment/path.sh
[7.841s] -- Up-to-date symlink: /ros2_ws/ros_workshop_ws/install/open_manipulator_playground/share/open_manipulator_playground/environment/path.dsv
[7.841s] -- Up-to-date symlink: /ros2_ws/ros_workshop_ws/install/open_manipulator_playground/share/open_manipulator_playground/local_setup.bash
[7.841s] -- Up-to-date symlink: /ros2_ws/ros_workshop_ws/install/open_manipulator_playground/share/open_manipulator_playground/local_setup.sh
[7.841s] -- Up-to-date symlink: /ros2_ws/ros_workshop_ws/install/open_manipulator_playground/share/open_manipulator_playground/local_setup.zsh
[7.841s] -- Up-to-date symlink: /ros2_ws/ros_workshop_ws/install/open_manipulator_playground/share/open_manipulator_playground/local_setup.dsv
[7.841s] -- Symlinking: /ros2_ws/ros_workshop_ws/install/open_manipulator_playground/share/open_manipulator_playground/package.dsv
[7.855s] -- Up-to-date symlink: /ros2_ws/ros_workshop_ws/install/open_manipulator_playground/share/ament_index/resource_index/packages/open_manipulator_playground
[7.855s] -- Up-to-date symlink: /ros2_ws/ros_workshop_ws/install/open_manipulator_playground/share/open_manipulator_playground/cmake/ament_cmake_export_include_directories-extras.cmake
[7.855s] -- Up-to-date symlink: /ros2_ws/ros_workshop_ws/install/open_manipulator_playground/share/open_manipulator_playground/cmake/ament_cmake_export_targets-extras.cmake
[7.855s] -- Up-to-date symlink: /ros2_ws/ros_workshop_ws/install/open_manipulator_playground/share/open_manipulator_playground/cmake/open_manipulator_playgroundConfig.cmake
[7.855s] -- Up-to-date symlink: /ros2_ws/ros_workshop_ws/install/open_manipulator_playground/share/open_manipulator_playground/cmake/open_manipulator_playgroundConfig-version.cmake
[7.855s] -- Up-to-date symlink: /ros2_ws/ros_workshop_ws/install/open_manipulator_playground/share/open_manipulator_playground/package.xml
[7.856s] -- Up-to-date: /ros2_ws/ros_workshop_ws/install/open_manipulator_playground/lib/open_manipulator_playground/hello_moveit_omx
[7.856s] -- Up-to-date: /ros2_ws/ros_workshop_ws/install/open_manipulator_playground/lib/open_manipulator_playground/hello_moveit_omy
[7.856s] -- Installing: /ros2_ws/ros_workshop_ws/install/open_manipulator_playground/lib/open_manipulator_playground/take_ball
[7.857s] -- Set non-toolchain portion of runtime path of "/ros2_ws/ros_workshop_ws/install/open_manipulator_playground/lib/open_manipulator_playground/take_ball" to ""
[7.857s] -- Up-to-date: /ros2_ws/ros_workshop_ws/install/open_manipulator_playground/share/open_manipulator_playground/cmake/export_open_manipulator_playgroundExport.cmake
[7.857s] -- Up-to-date: /ros2_ws/ros_workshop_ws/install/open_manipulator_playground/share/open_manipulator_playground/cmake/export_open_manipulator_playgroundExport-noconfig.cmake
[7.860s] Invoked command in '/ros2_ws/ros_workshop_ws/build/open_manipulator_playground' returned '0': CMAKE_PREFIX_PATH=${CMAKE_PREFIX_PATH}:/ros2_ws/ros_workshop_ws/install/open_manipulator_teleop:/ros2_ws/ros_workshop_ws/install/open_manipulator_bringup:/opt/ros/jazzy /usr/bin/cmake --install /ros2_ws/ros_workshop_ws/build/open_manipulator_playground
