[0.076s] Invoking command in '/ros2_ws/ros_workshop_ws/build/open_manipulator_description': CMAKE_PREFIX_PATH=${CMAKE_PREFIX_PATH}:/ros2_ws/ros_workshop_ws/install/open_manipulator_teleop:/ros2_ws/ros_workshop_ws/install/open_manipulator_bringup:/opt/ros/jazzy /usr/bin/cmake /ros2_ws/ros_workshop_ws/src/open_manipulator/open_manipulator_description -DCMAKE_INSTALL_PREFIX=/ros2_ws/ros_workshop_ws/install/open_manipulator_description
[0.474s] -- Found ament_cmake: 2.5.4 (/opt/ros/jazzy/share/ament_cmake/cmake)
[0.475s] -- Override CMake install command with custom implementation using symlinks instead of copying resources
[0.614s] -- Configuring done (0.5s)
[0.619s] -- Generating done (0.0s)
[0.620s] -- Build files have been written to: /ros2_ws/ros_workshop_ws/build/open_manipulator_description
[0.629s] Invoked command in '/ros2_ws/ros_workshop_ws/build/open_manipulator_description' returned '0': CMAKE_PREFIX_PATH=${CMAKE_PREFIX_PATH}:/ros2_ws/ros_workshop_ws/install/open_manipulator_teleop:/ros2_ws/ros_workshop_ws/install/open_manipulator_bringup:/opt/ros/jazzy /usr/bin/cmake /ros2_ws/ros_workshop_ws/src/open_manipulator/open_manipulator_description -DCMAKE_INSTALL_PREFIX=/ros2_ws/ros_workshop_ws/install/open_manipulator_description
[0.630s] Invoking command in '/ros2_ws/ros_workshop_ws/build/open_manipulator_description': CMAKE_PREFIX_PATH=${CMAKE_PREFIX_PATH}:/ros2_ws/ros_workshop_ws/install/open_manipulator_teleop:/ros2_ws/ros_workshop_ws/install/open_manipulator_bringup:/opt/ros/jazzy /usr/bin/cmake --build /ros2_ws/ros_workshop_ws/build/open_manipulator_description -- -j16 -l16
[0.729s] Invoked command in '/ros2_ws/ros_workshop_ws/build/open_manipulator_description' returned '0': CMAKE_PREFIX_PATH=${CMAKE_PREFIX_PATH}:/ros2_ws/ros_workshop_ws/install/open_manipulator_teleop:/ros2_ws/ros_workshop_ws/install/open_manipulator_bringup:/opt/ros/jazzy /usr/bin/cmake --build /ros2_ws/ros_workshop_ws/build/open_manipulator_description -- -j16 -l16
[0.744s] Invoking command in '/ros2_ws/ros_workshop_ws/build/open_manipulator_description': CMAKE_PREFIX_PATH=${CMAKE_PREFIX_PATH}:/ros2_ws/ros_workshop_ws/install/open_manipulator_teleop:/ros2_ws/ros_workshop_ws/install/open_manipulator_bringup:/opt/ros/jazzy /usr/bin/cmake --install /ros2_ws/ros_workshop_ws/build/open_manipulator_description
[0.763s] -- Install configuration: ""
[0.763s] -- Execute custom install script
[0.764s] -- Up-to-date symlink: /ros2_ws/ros_workshop_ws/install/open_manipulator_description/share/open_manipulator_description/launch/model_x.launch.py
[0.764s] -- Up-to-date symlink: /ros2_ws/ros_workshop_ws/install/open_manipulator_description/share/open_manipulator_description/launch/model_y.launch.py
[0.765s] -- Up-to-date symlink: /ros2_ws/ros_workshop_ws/install/open_manipulator_description/share/open_manipulator_description/meshes/om_x/gripper_left_palm.stl
[0.765s] -- Up-to-date symlink: /ros2_ws/ros_workshop_ws/install/open_manipulator_description/share/open_manipulator_description/meshes/om_x/gripper_right_palm.stl
[0.766s] -- Up-to-date symlink: /ros2_ws/ros_workshop_ws/install/open_manipulator_description/share/open_manipulator_description/meshes/om_x/link1.stl
[0.766s] -- Up-to-date symlink: /ros2_ws/ros_workshop_ws/install/open_manipulator_description/share/open_manipulator_description/meshes/om_x/link2.stl
[0.766s] -- Up-to-date symlink: /ros2_ws/ros_workshop_ws/install/open_manipulator_description/share/open_manipulator_description/meshes/om_x/link3.stl
[0.766s] -- Up-to-date symlink: /ros2_ws/ros_workshop_ws/install/open_manipulator_description/share/open_manipulator_description/meshes/om_x/link4.stl
[0.766s] -- Up-to-date symlink: /ros2_ws/ros_workshop_ws/install/open_manipulator_description/share/open_manipulator_description/meshes/om_x/link5.stl
[0.766s] -- Up-to-date symlink: /ros2_ws/ros_workshop_ws/install/open_manipulator_description/share/open_manipulator_description/meshes/om_x/plate.stl
[0.766s] -- Up-to-date symlink: /ros2_ws/ros_workshop_ws/install/open_manipulator_description/share/open_manipulator_description/meshes/om_y/base_unit.stl
[0.767s] -- Up-to-date symlink: /ros2_ws/ros_workshop_ws/install/open_manipulator_description/share/open_manipulator_description/meshes/om_y/flange.stl
[0.767s] -- Up-to-date symlink: /ros2_ws/ros_workshop_ws/install/open_manipulator_description/share/open_manipulator_description/meshes/om_y/link1.stl
[0.767s] -- Up-to-date symlink: /ros2_ws/ros_workshop_ws/install/open_manipulator_description/share/open_manipulator_description/meshes/om_y/link2.stl
[0.768s] -- Up-to-date symlink: /ros2_ws/ros_workshop_ws/install/open_manipulator_description/share/open_manipulator_description/meshes/om_y/link3.stl
[0.768s] -- Up-to-date symlink: /ros2_ws/ros_workshop_ws/install/open_manipulator_description/share/open_manipulator_description/meshes/om_y/link4.stl
[0.768s] -- Up-to-date symlink: /ros2_ws/ros_workshop_ws/install/open_manipulator_description/share/open_manipulator_description/meshes/om_y/link5.stl
[0.768s] -- Up-to-date symlink: /ros2_ws/ros_workshop_ws/install/open_manipulator_description/share/open_manipulator_description/meshes/om_y/link6.stl
[0.768s] -- Up-to-date symlink: /ros2_ws/ros_workshop_ws/install/open_manipulator_description/share/open_manipulator_description/meshes/om_y_follower/base_unit.stl
[0.768s] -- Up-to-date symlink: /ros2_ws/ros_workshop_ws/install/open_manipulator_description/share/open_manipulator_description/meshes/om_y_follower/flange.stl
[0.768s] -- Up-to-date symlink: /ros2_ws/ros_workshop_ws/install/open_manipulator_description/share/open_manipulator_description/meshes/om_y_follower/link1.stl
[0.770s] -- Up-to-date symlink: /ros2_ws/ros_workshop_ws/install/open_manipulator_description/share/open_manipulator_description/meshes/om_y_follower/link2.stl
[0.770s] -- Up-to-date symlink: /ros2_ws/ros_workshop_ws/install/open_manipulator_description/share/open_manipulator_description/meshes/om_y_follower/link3.stl
[0.770s] -- Up-to-date symlink: /ros2_ws/ros_workshop_ws/install/open_manipulator_description/share/open_manipulator_description/meshes/om_y_follower/link4.stl
[0.770s] -- Up-to-date symlink: /ros2_ws/ros_workshop_ws/install/open_manipulator_description/share/open_manipulator_description/meshes/om_y_follower/link5.stl
[0.770s] -- Up-to-date symlink: /ros2_ws/ros_workshop_ws/install/open_manipulator_description/share/open_manipulator_description/meshes/om_y_follower/link6.stl
[0.770s] -- Up-to-date symlink: /ros2_ws/ros_workshop_ws/install/open_manipulator_description/share/open_manipulator_description/meshes/om_y_leader/base_unit.stl
[0.771s] -- Up-to-date symlink: /ros2_ws/ros_workshop_ws/install/open_manipulator_description/share/open_manipulator_description/meshes/om_y_leader/link1.stl
[0.773s] -- Up-to-date symlink: /ros2_ws/ros_workshop_ws/install/open_manipulator_description/share/open_manipulator_description/meshes/om_y_leader/link2.stl
[0.773s] -- Up-to-date symlink: /ros2_ws/ros_workshop_ws/install/open_manipulator_description/share/open_manipulator_description/meshes/om_y_leader/link3.stl
[0.773s] -- Up-to-date symlink: /ros2_ws/ros_workshop_ws/install/open_manipulator_description/share/open_manipulator_description/meshes/om_y_leader/link4.stl
[0.774s] -- Up-to-date symlink: /ros2_ws/ros_workshop_ws/install/open_manipulator_description/share/open_manipulator_description/meshes/om_y_leader/link5.stl
[0.774s] -- Up-to-date symlink: /ros2_ws/ros_workshop_ws/install/open_manipulator_description/share/open_manipulator_description/meshes/om_y_leader/link6.stl
[0.774s] -- Up-to-date symlink: /ros2_ws/ros_workshop_ws/install/open_manipulator_description/share/open_manipulator_description/meshes/om_y_leader/link7.stl
[0.774s] -- Up-to-date symlink: /ros2_ws/ros_workshop_ws/install/open_manipulator_description/share/open_manipulator_description/meshes/rh_p12_rn_a/base.stl
[0.774s] -- Up-to-date symlink: /ros2_ws/ros_workshop_ws/install/open_manipulator_description/share/open_manipulator_description/meshes/rh_p12_rn_a/l1.stl
[0.775s] -- Up-to-date symlink: /ros2_ws/ros_workshop_ws/install/open_manipulator_description/share/open_manipulator_description/meshes/rh_p12_rn_a/l2.stl
[0.775s] -- Up-to-date symlink: /ros2_ws/ros_workshop_ws/install/open_manipulator_description/share/open_manipulator_description/meshes/rh_p12_rn_a/r1.stl
[0.775s] -- Up-to-date symlink: /ros2_ws/ros_workshop_ws/install/open_manipulator_description/share/open_manipulator_description/meshes/rh_p12_rn_a/r2.stl
[0.775s] -- Up-to-date symlink: /ros2_ws/ros_workshop_ws/install/open_manipulator_description/share/open_manipulator_description/rviz/open_manipulator.rviz
[0.775s] -- Up-to-date symlink: /ros2_ws/ros_workshop_ws/install/open_manipulator_description/share/open_manipulator_description/urdf/om_x/open_manipulator_x.urdf.xacro
[0.776s] -- Up-to-date symlink: /ros2_ws/ros_workshop_ws/install/open_manipulator_description/share/open_manipulator_description/urdf/om_x/open_manipulator_x_arm.urdf.xacro
[0.776s] -- Up-to-date symlink: /ros2_ws/ros_workshop_ws/install/open_manipulator_description/share/open_manipulator_description/urdf/om_y/open_manipulator_y.urdf.xacro
[0.776s] -- Up-to-date symlink: /ros2_ws/ros_workshop_ws/install/open_manipulator_description/share/open_manipulator_description/urdf/om_y/open_manipulator_y_arm.urdf.xacro
[0.776s] -- Up-to-date symlink: /ros2_ws/ros_workshop_ws/install/open_manipulator_description/share/open_manipulator_description/urdf/om_y_follower/open_manipulator_y_follower.urdf.xacro
[0.776s] -- Up-to-date symlink: /ros2_ws/ros_workshop_ws/install/open_manipulator_description/share/open_manipulator_description/urdf/om_y_follower/open_manipulator_y_follower_arm.urdf.xacro
[0.776s] -- Up-to-date symlink: /ros2_ws/ros_workshop_ws/install/open_manipulator_description/share/open_manipulator_description/urdf/om_y_leader/open_manipulator_y_leader.urdf.xacro
[0.776s] -- Up-to-date symlink: /ros2_ws/ros_workshop_ws/install/open_manipulator_description/share/open_manipulator_description/urdf/om_y_leader/open_manipulator_y_leader_arm.urdf
[0.776s] -- Up-to-date symlink: /ros2_ws/ros_workshop_ws/install/open_manipulator_description/share/open_manipulator_description/urdf/rh_p12_rn_a.urdf.xacro
[0.776s] -- Up-to-date symlink: /ros2_ws/ros_workshop_ws/install/open_manipulator_description/share/open_manipulator_description/gazebo/open_manipulator_x.gazebo.xacro
[0.776s] -- Up-to-date symlink: /ros2_ws/ros_workshop_ws/install/open_manipulator_description/share/open_manipulator_description/gazebo/open_manipulator_y_arm.gazebo.xacro
[0.776s] -- Up-to-date symlink: /ros2_ws/ros_workshop_ws/install/open_manipulator_description/share/open_manipulator_description/gazebo/rh_p12_rn_a.gazebo.xacro
[0.776s] -- Up-to-date symlink: /ros2_ws/ros_workshop_ws/install/open_manipulator_description/share/open_manipulator_description/ros2_control/open_manipulator_x_system.ros2_control.xacro
[0.777s] -- Up-to-date symlink: /ros2_ws/ros_workshop_ws/install/open_manipulator_description/share/open_manipulator_description/ros2_control/open_manipulator_y_end_unit.ros2_control.xacro
[0.777s] -- Up-to-date symlink: /ros2_ws/ros_workshop_ws/install/open_manipulator_description/share/open_manipulator_description/ros2_control/open_manipulator_y_follower_system.ros2_control.xacro
[0.777s] -- Up-to-date symlink: /ros2_ws/ros_workshop_ws/install/open_manipulator_description/share/open_manipulator_description/ros2_control/open_manipulator_y_leader_system.ros2_control.xacro
[0.777s] -- Up-to-date symlink: /ros2_ws/ros_workshop_ws/install/open_manipulator_description/share/open_manipulator_description/ros2_control/open_manipulator_y_system.ros2_control.xacro
[0.781s] -- Up-to-date symlink: /ros2_ws/ros_workshop_ws/install/open_manipulator_description/share/ament_index/resource_index/package_run_dependencies/open_manipulator_description
[0.781s] -- Up-to-date symlink: /ros2_ws/ros_workshop_ws/install/open_manipulator_description/share/ament_index/resource_index/parent_prefix_path/open_manipulator_description
[0.781s] -- Up-to-date symlink: /ros2_ws/ros_workshop_ws/install/open_manipulator_description/share/open_manipulator_description/environment/ament_prefix_path.sh
[0.781s] -- Up-to-date symlink: /ros2_ws/ros_workshop_ws/install/open_manipulator_description/share/open_manipulator_description/environment/ament_prefix_path.dsv
[0.782s] -- Up-to-date symlink: /ros2_ws/ros_workshop_ws/install/open_manipulator_description/share/open_manipulator_description/environment/path.sh
[0.782s] -- Up-to-date symlink: /ros2_ws/ros_workshop_ws/install/open_manipulator_description/share/open_manipulator_description/environment/path.dsv
[0.782s] -- Up-to-date symlink: /ros2_ws/ros_workshop_ws/install/open_manipulator_description/share/open_manipulator_description/local_setup.bash
[0.782s] -- Up-to-date symlink: /ros2_ws/ros_workshop_ws/install/open_manipulator_description/share/open_manipulator_description/local_setup.sh
[0.782s] -- Up-to-date symlink: /ros2_ws/ros_workshop_ws/install/open_manipulator_description/share/open_manipulator_description/local_setup.zsh
[0.782s] -- Up-to-date symlink: /ros2_ws/ros_workshop_ws/install/open_manipulator_description/share/open_manipulator_description/local_setup.dsv
[0.782s] -- Symlinking: /ros2_ws/ros_workshop_ws/install/open_manipulator_description/share/open_manipulator_description/package.dsv
[0.801s] -- Up-to-date symlink: /ros2_ws/ros_workshop_ws/install/open_manipulator_description/share/ament_index/resource_index/packages/open_manipulator_description
[0.802s] -- Up-to-date symlink: /ros2_ws/ros_workshop_ws/install/open_manipulator_description/share/open_manipulator_description/cmake/open_manipulator_descriptionConfig.cmake
[0.802s] -- Up-to-date symlink: /ros2_ws/ros_workshop_ws/install/open_manipulator_description/share/open_manipulator_description/cmake/open_manipulator_descriptionConfig-version.cmake
[0.803s] -- Up-to-date symlink: /ros2_ws/ros_workshop_ws/install/open_manipulator_description/share/open_manipulator_description/package.xml
[0.806s] Invoked command in '/ros2_ws/ros_workshop_ws/build/open_manipulator_description' returned '0': CMAKE_PREFIX_PATH=${CMAKE_PREFIX_PATH}:/ros2_ws/ros_workshop_ws/install/open_manipulator_teleop:/ros2_ws/ros_workshop_ws/install/open_manipulator_bringup:/opt/ros/jazzy /usr/bin/cmake --install /ros2_ws/ros_workshop_ws/build/open_manipulator_description
