[0.043s] Invoking command in '/ros2_ws/ros_workshop_ws/build/dynamixel_sdk': CMAKE_PREFIX_PATH=${CMAKE_PREFIX_PATH}:/opt/ros/jazzy /usr/bin/cmake /ros2_ws/ros_workshop_ws/src/DynamixelSDK/ros/dynamixel_sdk -DAMENT_CMAKE_SYMLINK_INSTALL=1 -DCMAKE_INSTALL_PREFIX=/ros2_ws/ros_workshop_ws/install/dynamixel_sdk
[0.116s] -- The C compiler identification is GNU 13.3.0
[0.191s] -- The CXX compiler identification is GNU 13.3.0
[0.209s] -- Detecting C compiler ABI info
[0.317s] -- Detecting C compiler ABI info - done
[0.326s] -- Check for working C compiler: /usr/bin/cc - skipped
[0.326s] -- Detecting C compile features
[0.327s] -- Detecting C compile features - done
[0.338s] -- Detecting CXX compiler ABI info
[0.457s] -- Detecting CXX compiler ABI info - done
[0.471s] -- Check for working CXX compiler: /usr/bin/c++ - skipped
[0.471s] -- Detecting CXX compile features
[0.471s] -- Detecting CXX compile features - done
[0.478s] -- Found ament_cmake: 2.5.4 (/opt/ros/jazzy/share/ament_cmake/cmake)
[0.678s] -- Found Python3: /usr/bin/python3 (found version "3.12.3") found components: Interpreter 
[0.773s] -- Override CMake install command with custom implementation using symlinks instead of copying resources
[1.113s] -- Configuring done (1.1s)
[1.121s] -- Generating done (0.0s)
[1.124s] -- Build files have been written to: /ros2_ws/ros_workshop_ws/build/dynamixel_sdk
[1.131s] Invoked command in '/ros2_ws/ros_workshop_ws/build/dynamixel_sdk' returned '0': CMAKE_PREFIX_PATH=${CMAKE_PREFIX_PATH}:/opt/ros/jazzy /usr/bin/cmake /ros2_ws/ros_workshop_ws/src/DynamixelSDK/ros/dynamixel_sdk -DAMENT_CMAKE_SYMLINK_INSTALL=1 -DCMAKE_INSTALL_PREFIX=/ros2_ws/ros_workshop_ws/install/dynamixel_sdk
[1.132s] Invoking command in '/ros2_ws/ros_workshop_ws/build/dynamixel_sdk': CMAKE_PREFIX_PATH=${CMAKE_PREFIX_PATH}:/opt/ros/jazzy /usr/bin/cmake --build /ros2_ws/ros_workshop_ws/build/dynamixel_sdk -- -j16 -l16
[1.882s] [ 23%] [32mBuilding CXX object CMakeFiles/dynamixel_sdk.dir/src/dynamixel_sdk/group_sync_read.cpp.o[0m
[1.882s] [ 23%] [32mBuilding CXX object CMakeFiles/dynamixel_sdk.dir/src/dynamixel_sdk/packet_handler.cpp.o[0m
[1.883s] [ 23%] [32mBuilding CXX object CMakeFiles/dynamixel_sdk.dir/src/dynamixel_sdk/group_sync_write.cpp.o[0m
[1.883s] [ 30%] [32mBuilding CXX object CMakeFiles/dynamixel_sdk.dir/src/dynamixel_sdk/protocol1_packet_handler.cpp.o[0m
[1.883s] [ 38%] [32mBuilding CXX object CMakeFiles/dynamixel_sdk.dir/src/dynamixel_sdk/group_bulk_read.cpp.o[0m
[1.883s] [ 46%] [32mBuilding CXX object CMakeFiles/dynamixel_sdk.dir/src/dynamixel_sdk/protocol2_packet_handler.cpp.o[0m
[1.883s] [ 46%] Built target ament_cmake_python_symlink_dynamixel_sdk
[1.883s] [ 53%] [32mBuilding CXX object CMakeFiles/dynamixel_sdk.dir/src/dynamixel_sdk/group_handler.cpp.o[0m
[1.883s] [ 61%] [32mBuilding CXX object CMakeFiles/dynamixel_sdk.dir/src/dynamixel_sdk/port_handler_linux.cpp.o[0m
[1.883s] [ 69%] [32mBuilding CXX object CMakeFiles/dynamixel_sdk.dir/src/dynamixel_sdk/port_handler.cpp.o[0m
[1.883s] [ 76%] [32mBuilding CXX object CMakeFiles/dynamixel_sdk.dir/src/dynamixel_sdk/group_bulk_write.cpp.o[0m
[1.884s] [ 84%] [32mBuilding CXX object CMakeFiles/dynamixel_sdk.dir/src/dynamixel_sdk/group_fast_bulk_read.cpp.o[0m
[1.884s] [ 92%] [32mBuilding CXX object CMakeFiles/dynamixel_sdk.dir/src/dynamixel_sdk/group_fast_sync_read.cpp.o[0m
[1.884s] running egg_info
[1.884s] creating dynamixel_sdk.egg-info
[1.884s] writing dynamixel_sdk.egg-info/PKG-INFO
[1.884s] writing dependency_links to dynamixel_sdk.egg-info/dependency_links.txt
[1.884s] writing top-level names to dynamixel_sdk.egg-info/top_level.txt
[1.885s] writing manifest file 'dynamixel_sdk.egg-info/SOURCES.txt'
[1.885s] [100%] [32m[1mLinking CXX shared library libdynamixel_sdk.so[0m
[1.885s] reading manifest file 'dynamixel_sdk.egg-info/SOURCES.txt'
[1.885s] writing manifest file 'dynamixel_sdk.egg-info/SOURCES.txt'
[1.885s] [100%] Built target ament_cmake_python_build_dynamixel_sdk_egg
[1.885s] [100%] Built target dynamixel_sdk
[1.897s] Invoked command in '/ros2_ws/ros_workshop_ws/build/dynamixel_sdk' returned '0': CMAKE_PREFIX_PATH=${CMAKE_PREFIX_PATH}:/opt/ros/jazzy /usr/bin/cmake --build /ros2_ws/ros_workshop_ws/build/dynamixel_sdk -- -j16 -l16
[1.897s] Invoking command in '/ros2_ws/ros_workshop_ws/build/dynamixel_sdk': CMAKE_PREFIX_PATH=${CMAKE_PREFIX_PATH}:/opt/ros/jazzy /usr/bin/cmake --install /ros2_ws/ros_workshop_ws/build/dynamixel_sdk
[1.908s] -- Install configuration: ""
[1.908s] -- Execute custom install script
[1.908s] -- Symlinking: /ros2_ws/ros_workshop_ws/install/dynamixel_sdk/include//dynamixel_sdk/dynamixel_sdk.h
[1.918s] -- Symlinking: /ros2_ws/ros_workshop_ws/install/dynamixel_sdk/include//dynamixel_sdk/group_bulk_read.h
[1.927s] -- Symlinking: /ros2_ws/ros_workshop_ws/install/dynamixel_sdk/include//dynamixel_sdk/group_bulk_write.h
[1.937s] -- Symlinking: /ros2_ws/ros_workshop_ws/install/dynamixel_sdk/include//dynamixel_sdk/group_fast_bulk_read.h
[1.947s] -- Symlinking: /ros2_ws/ros_workshop_ws/install/dynamixel_sdk/include//dynamixel_sdk/group_fast_sync_read.h
[1.957s] -- Symlinking: /ros2_ws/ros_workshop_ws/install/dynamixel_sdk/include//dynamixel_sdk/group_handler.h
[1.970s] -- Symlinking: /ros2_ws/ros_workshop_ws/install/dynamixel_sdk/include//dynamixel_sdk/group_sync_read.h
[1.983s] -- Symlinking: /ros2_ws/ros_workshop_ws/install/dynamixel_sdk/include//dynamixel_sdk/group_sync_write.h
[1.996s] -- Symlinking: /ros2_ws/ros_workshop_ws/install/dynamixel_sdk/include//dynamixel_sdk/packet_handler.h
[2.008s] -- Symlinking: /ros2_ws/ros_workshop_ws/install/dynamixel_sdk/include//dynamixel_sdk/port_handler.h
[2.017s] -- Symlinking: /ros2_ws/ros_workshop_ws/install/dynamixel_sdk/include//dynamixel_sdk/port_handler_arduino.h
[2.030s] -- Symlinking: /ros2_ws/ros_workshop_ws/install/dynamixel_sdk/include//dynamixel_sdk/port_handler_linux.h
[2.043s] -- Symlinking: /ros2_ws/ros_workshop_ws/install/dynamixel_sdk/include//dynamixel_sdk/port_handler_mac.h
[2.056s] -- Symlinking: /ros2_ws/ros_workshop_ws/install/dynamixel_sdk/include//dynamixel_sdk/port_handler_windows.h
[2.067s] -- Symlinking: /ros2_ws/ros_workshop_ws/install/dynamixel_sdk/include//dynamixel_sdk/protocol1_packet_handler.h
[2.079s] -- Symlinking: /ros2_ws/ros_workshop_ws/install/dynamixel_sdk/include//dynamixel_sdk/protocol2_packet_handler.h
[2.093s] -- Symlinking: /ros2_ws/ros_workshop_ws/install/dynamixel_sdk/share/dynamixel_sdk/environment/pythonpath.sh
[2.104s] -- Symlinking: /ros2_ws/ros_workshop_ws/install/dynamixel_sdk/share/dynamixel_sdk/environment/pythonpath.dsv
[2.115s] -- Symlinking: /ros2_ws/ros_workshop_ws/install/dynamixel_sdk/lib/python3.12/site-packages/dynamixel_sdk-3.8.4-py3.12.egg-info/PKG-INFO
[2.125s] -- Symlinking: /ros2_ws/ros_workshop_ws/install/dynamixel_sdk/lib/python3.12/site-packages/dynamixel_sdk-3.8.4-py3.12.egg-info/SOURCES.txt
[2.134s] -- Symlinking: /ros2_ws/ros_workshop_ws/install/dynamixel_sdk/lib/python3.12/site-packages/dynamixel_sdk-3.8.4-py3.12.egg-info/dependency_links.txt
[2.144s] -- Symlinking: /ros2_ws/ros_workshop_ws/install/dynamixel_sdk/lib/python3.12/site-packages/dynamixel_sdk-3.8.4-py3.12.egg-info/top_level.txt
[2.155s] -- Symlinking: /ros2_ws/ros_workshop_ws/install/dynamixel_sdk/lib/python3.12/site-packages/dynamixel_sdk/__init__.py
[2.167s] -- Symlinking: /ros2_ws/ros_workshop_ws/install/dynamixel_sdk/lib/python3.12/site-packages/dynamixel_sdk/group_bulk_read.cpp
[2.180s] -- Symlinking: /ros2_ws/ros_workshop_ws/install/dynamixel_sdk/lib/python3.12/site-packages/dynamixel_sdk/group_bulk_read.py
[2.194s] -- Symlinking: /ros2_ws/ros_workshop_ws/install/dynamixel_sdk/lib/python3.12/site-packages/dynamixel_sdk/group_bulk_write.cpp
[2.204s] -- Symlinking: /ros2_ws/ros_workshop_ws/install/dynamixel_sdk/lib/python3.12/site-packages/dynamixel_sdk/group_bulk_write.py
[2.215s] -- Symlinking: /ros2_ws/ros_workshop_ws/install/dynamixel_sdk/lib/python3.12/site-packages/dynamixel_sdk/group_fast_bulk_read.cpp
[2.227s] -- Symlinking: /ros2_ws/ros_workshop_ws/install/dynamixel_sdk/lib/python3.12/site-packages/dynamixel_sdk/group_fast_sync_read.cpp
[2.241s] -- Symlinking: /ros2_ws/ros_workshop_ws/install/dynamixel_sdk/lib/python3.12/site-packages/dynamixel_sdk/group_handler.cpp
[2.254s] -- Symlinking: /ros2_ws/ros_workshop_ws/install/dynamixel_sdk/lib/python3.12/site-packages/dynamixel_sdk/group_sync_read.cpp
[2.267s] -- Symlinking: /ros2_ws/ros_workshop_ws/install/dynamixel_sdk/lib/python3.12/site-packages/dynamixel_sdk/group_sync_read.py
[2.278s] -- Symlinking: /ros2_ws/ros_workshop_ws/install/dynamixel_sdk/lib/python3.12/site-packages/dynamixel_sdk/group_sync_write.cpp
[2.290s] -- Symlinking: /ros2_ws/ros_workshop_ws/install/dynamixel_sdk/lib/python3.12/site-packages/dynamixel_sdk/group_sync_write.py
[2.303s] -- Symlinking: /ros2_ws/ros_workshop_ws/install/dynamixel_sdk/lib/python3.12/site-packages/dynamixel_sdk/packet_handler.cpp
[2.314s] -- Symlinking: /ros2_ws/ros_workshop_ws/install/dynamixel_sdk/lib/python3.12/site-packages/dynamixel_sdk/packet_handler.py
[2.325s] -- Symlinking: /ros2_ws/ros_workshop_ws/install/dynamixel_sdk/lib/python3.12/site-packages/dynamixel_sdk/port_handler.cpp
[2.337s] -- Symlinking: /ros2_ws/ros_workshop_ws/install/dynamixel_sdk/lib/python3.12/site-packages/dynamixel_sdk/port_handler.py
[2.346s] -- Symlinking: /ros2_ws/ros_workshop_ws/install/dynamixel_sdk/lib/python3.12/site-packages/dynamixel_sdk/port_handler_arduino.cpp
[2.357s] -- Symlinking: /ros2_ws/ros_workshop_ws/install/dynamixel_sdk/lib/python3.12/site-packages/dynamixel_sdk/port_handler_linux.cpp
[2.368s] -- Symlinking: /ros2_ws/ros_workshop_ws/install/dynamixel_sdk/lib/python3.12/site-packages/dynamixel_sdk/port_handler_mac.cpp
[2.379s] -- Symlinking: /ros2_ws/ros_workshop_ws/install/dynamixel_sdk/lib/python3.12/site-packages/dynamixel_sdk/port_handler_windows.cpp
[2.390s] -- Symlinking: /ros2_ws/ros_workshop_ws/install/dynamixel_sdk/lib/python3.12/site-packages/dynamixel_sdk/protocol1_packet_handler.cpp
[2.400s] -- Symlinking: /ros2_ws/ros_workshop_ws/install/dynamixel_sdk/lib/python3.12/site-packages/dynamixel_sdk/protocol1_packet_handler.py
[2.412s] -- Symlinking: /ros2_ws/ros_workshop_ws/install/dynamixel_sdk/lib/python3.12/site-packages/dynamixel_sdk/protocol2_packet_handler.cpp
[2.424s] -- Symlinking: /ros2_ws/ros_workshop_ws/install/dynamixel_sdk/lib/python3.12/site-packages/dynamixel_sdk/protocol2_packet_handler.py
[2.437s] -- Symlinking: /ros2_ws/ros_workshop_ws/install/dynamixel_sdk/lib/python3.12/site-packages/dynamixel_sdk/robotis_def.py
[2.447s] -- Symlinking: /ros2_ws/ros_workshop_ws/install/dynamixel_sdk/share/dynamixel_sdk/environment/library_path.sh
[2.458s] -- Symlinking: /ros2_ws/ros_workshop_ws/install/dynamixel_sdk/share/dynamixel_sdk/environment/library_path.dsv
[2.469s] -- Symlinking: /ros2_ws/ros_workshop_ws/install/dynamixel_sdk/share/ament_index/resource_index/package_run_dependencies/dynamixel_sdk
[2.484s] -- Symlinking: /ros2_ws/ros_workshop_ws/install/dynamixel_sdk/share/ament_index/resource_index/parent_prefix_path/dynamixel_sdk
[2.496s] -- Symlinking: /ros2_ws/ros_workshop_ws/install/dynamixel_sdk/share/dynamixel_sdk/environment/ament_prefix_path.sh
[2.507s] -- Symlinking: /ros2_ws/ros_workshop_ws/install/dynamixel_sdk/share/dynamixel_sdk/environment/ament_prefix_path.dsv
[2.518s] -- Symlinking: /ros2_ws/ros_workshop_ws/install/dynamixel_sdk/share/dynamixel_sdk/environment/path.sh
[2.529s] -- Symlinking: /ros2_ws/ros_workshop_ws/install/dynamixel_sdk/share/dynamixel_sdk/environment/path.dsv
[2.540s] -- Symlinking: /ros2_ws/ros_workshop_ws/install/dynamixel_sdk/share/dynamixel_sdk/local_setup.bash
[2.553s] -- Symlinking: /ros2_ws/ros_workshop_ws/install/dynamixel_sdk/share/dynamixel_sdk/local_setup.sh
[2.567s] -- Symlinking: /ros2_ws/ros_workshop_ws/install/dynamixel_sdk/share/dynamixel_sdk/local_setup.zsh
[2.581s] -- Symlinking: /ros2_ws/ros_workshop_ws/install/dynamixel_sdk/share/dynamixel_sdk/local_setup.dsv
[2.592s] -- Symlinking: /ros2_ws/ros_workshop_ws/install/dynamixel_sdk/share/dynamixel_sdk/package.dsv
[2.604s] -- Symlinking: /ros2_ws/ros_workshop_ws/install/dynamixel_sdk/share/ament_index/resource_index/packages/dynamixel_sdk
[2.619s] -- Symlinking: /ros2_ws/ros_workshop_ws/install/dynamixel_sdk/share/dynamixel_sdk/cmake/ament_cmake_export_targets-extras.cmake
[2.633s] -- Symlinking: /ros2_ws/ros_workshop_ws/install/dynamixel_sdk/share/dynamixel_sdk/cmake/ament_cmake_export_include_directories-extras.cmake
[2.647s] -- Symlinking: /ros2_ws/ros_workshop_ws/install/dynamixel_sdk/share/dynamixel_sdk/cmake/ament_cmake_export_libraries-extras.cmake
[2.660s] -- Symlinking: /ros2_ws/ros_workshop_ws/install/dynamixel_sdk/share/dynamixel_sdk/cmake/dynamixel_sdkConfig.cmake
[2.674s] -- Symlinking: /ros2_ws/ros_workshop_ws/install/dynamixel_sdk/share/dynamixel_sdk/cmake/dynamixel_sdkConfig-version.cmake
[2.687s] -- Symlinking: /ros2_ws/ros_workshop_ws/install/dynamixel_sdk/share/dynamixel_sdk/package.xml
[2.700s] -- Installing: /ros2_ws/ros_workshop_ws/install/dynamixel_sdk/lib/libdynamixel_sdk.so
[2.749s] Listing '/ros2_ws/ros_workshop_ws/install/dynamixel_sdk/lib/python3.12/site-packages/dynamixel_sdk'...
[2.750s] Compiling '/ros2_ws/ros_workshop_ws/install/dynamixel_sdk/lib/python3.12/site-packages/dynamixel_sdk/__init__.py'...
[2.750s] Compiling '/ros2_ws/ros_workshop_ws/install/dynamixel_sdk/lib/python3.12/site-packages/dynamixel_sdk/group_bulk_read.py'...
[2.750s] Compiling '/ros2_ws/ros_workshop_ws/install/dynamixel_sdk/lib/python3.12/site-packages/dynamixel_sdk/group_bulk_write.py'...
[2.750s] Compiling '/ros2_ws/ros_workshop_ws/install/dynamixel_sdk/lib/python3.12/site-packages/dynamixel_sdk/group_sync_read.py'...
[2.750s] Compiling '/ros2_ws/ros_workshop_ws/install/dynamixel_sdk/lib/python3.12/site-packages/dynamixel_sdk/group_sync_write.py'...
[2.750s] Compiling '/ros2_ws/ros_workshop_ws/install/dynamixel_sdk/lib/python3.12/site-packages/dynamixel_sdk/packet_handler.py'...
[2.750s] Compiling '/ros2_ws/ros_workshop_ws/install/dynamixel_sdk/lib/python3.12/site-packages/dynamixel_sdk/port_handler.py'...
[2.750s] Compiling '/ros2_ws/ros_workshop_ws/install/dynamixel_sdk/lib/python3.12/site-packages/dynamixel_sdk/protocol1_packet_handler.py'...
[2.750s] Compiling '/ros2_ws/ros_workshop_ws/install/dynamixel_sdk/lib/python3.12/site-packages/dynamixel_sdk/protocol2_packet_handler.py'...
[2.750s] Compiling '/ros2_ws/ros_workshop_ws/install/dynamixel_sdk/lib/python3.12/site-packages/dynamixel_sdk/robotis_def.py'...
[2.757s] -- Installing: /ros2_ws/ros_workshop_ws/install/dynamixel_sdk/share/dynamixel_sdk/cmake/dynamixel_sdkExport.cmake
[2.757s] -- Installing: /ros2_ws/ros_workshop_ws/install/dynamixel_sdk/share/dynamixel_sdk/cmake/dynamixel_sdkExport-noconfig.cmake
[2.760s] Invoked command in '/ros2_ws/ros_workshop_ws/build/dynamixel_sdk' returned '0': CMAKE_PREFIX_PATH=${CMAKE_PREFIX_PATH}:/opt/ros/jazzy /usr/bin/cmake --install /ros2_ws/ros_workshop_ws/build/dynamixel_sdk
