running develop
running egg_info
creating open_manipulator_bringup.egg-info
writing open_manipulator_bringup.egg-info/PKG-INFO
writing dependency_links to open_manipulator_bringup.egg-info/dependency_links.txt
writing entry points to open_manipulator_bringup.egg-info/entry_points.txt
writing requirements to open_manipulator_bringup.egg-info/requires.txt
writing top-level names to open_manipulator_bringup.egg-info/top_level.txt
writing manifest file 'open_manipulator_bringup.egg-info/SOURCES.txt'
reading manifest file 'open_manipulator_bringup.egg-info/SOURCES.txt'
writing manifest file 'open_manipulator_bringup.egg-info/SOURCES.txt'
running build_ext
Creating /ros2_ws/ros_workshop_ws/install/open_manipulator_bringup/lib/python3.12/site-packages/open-manipulator-bringup.egg-link (link to .)
Installing joint_trajectory_executor script to /ros2_ws/ros_workshop_ws/install/open_manipulator_bringup/lib/open_manipulator_bringup
Installing om_create_udev_rules script to /ros2_ws/ros_workshop_ws/install/open_manipulator_bringup/lib/open_manipulator_bringup
Installing pack_unpack_y script to /ros2_ws/ros_workshop_ws/install/open_manipulator_bringup/lib/open_manipulator_bringup

Installed /ros2_ws/ros_workshop_ws/build/open_manipulator_bringup
running symlink_data
creating /ros2_ws/ros_workshop_ws/install/open_manipulator_bringup/share/ament_index
creating /ros2_ws/ros_workshop_ws/install/open_manipulator_bringup/share/ament_index/resource_index
creating /ros2_ws/ros_workshop_ws/install/open_manipulator_bringup/share/ament_index/resource_index/packages
symbolically linking /ros2_ws/ros_workshop_ws/build/open_manipulator_bringup/resource/open_manipulator_bringup -> /ros2_ws/ros_workshop_ws/install/open_manipulator_bringup/share/ament_index/resource_index/packages
symbolically linking /ros2_ws/ros_workshop_ws/build/open_manipulator_bringup/package.xml -> /ros2_ws/ros_workshop_ws/install/open_manipulator_bringup/share/open_manipulator_bringup
creating /ros2_ws/ros_workshop_ws/install/open_manipulator_bringup/share/open_manipulator_bringup/launch
symbolically linking /ros2_ws/ros_workshop_ws/build/open_manipulator_bringup/launch/gazebo.launch.py -> /ros2_ws/ros_workshop_ws/install/open_manipulator_bringup/share/open_manipulator_bringup/launch
symbolically linking /ros2_ws/ros_workshop_ws/build/open_manipulator_bringup/launch/hardware_y.launch.py -> /ros2_ws/ros_workshop_ws/install/open_manipulator_bringup/share/open_manipulator_bringup/launch
symbolically linking /ros2_ws/ros_workshop_ws/build/open_manipulator_bringup/launch/unpack_y.launch.py -> /ros2_ws/ros_workshop_ws/install/open_manipulator_bringup/share/open_manipulator_bringup/launch
symbolically linking /ros2_ws/ros_workshop_ws/build/open_manipulator_bringup/launch/hardware_x.launch.py -> /ros2_ws/ros_workshop_ws/install/open_manipulator_bringup/share/open_manipulator_bringup/launch
symbolically linking /ros2_ws/ros_workshop_ws/build/open_manipulator_bringup/launch/ai_teleoperation.launch.py -> /ros2_ws/ros_workshop_ws/install/open_manipulator_bringup/share/open_manipulator_bringup/launch
symbolically linking /ros2_ws/ros_workshop_ws/build/open_manipulator_bringup/launch/pack_y.launch.py -> /ros2_ws/ros_workshop_ws/install/open_manipulator_bringup/share/open_manipulator_bringup/launch
symbolically linking /ros2_ws/ros_workshop_ws/build/open_manipulator_bringup/launch/hardware_y_leader.launch.py -> /ros2_ws/ros_workshop_ws/install/open_manipulator_bringup/share/open_manipulator_bringup/launch
symbolically linking /ros2_ws/ros_workshop_ws/build/open_manipulator_bringup/launch/hardware_y_follower.launch.py -> /ros2_ws/ros_workshop_ws/install/open_manipulator_bringup/share/open_manipulator_bringup/launch
creating /ros2_ws/ros_workshop_ws/install/open_manipulator_bringup/share/open_manipulator_bringup/config
creating /ros2_ws/ros_workshop_ws/install/open_manipulator_bringup/share/open_manipulator_bringup/config/om_x
symbolically linking /ros2_ws/ros_workshop_ws/build/open_manipulator_bringup/config/om_x/gazebo_controller_manager.yaml -> /ros2_ws/ros_workshop_ws/install/open_manipulator_bringup/share/open_manipulator_bringup/config/om_x
symbolically linking /ros2_ws/ros_workshop_ws/build/open_manipulator_bringup/config/om_x/hardware_controller_manager.yaml -> /ros2_ws/ros_workshop_ws/install/open_manipulator_bringup/share/open_manipulator_bringup/config/om_x
symbolically linking /ros2_ws/ros_workshop_ws/build/open_manipulator_bringup/config/om_x/initial_positions.yaml -> /ros2_ws/ros_workshop_ws/install/open_manipulator_bringup/share/open_manipulator_bringup/config/om_x
creating /ros2_ws/ros_workshop_ws/install/open_manipulator_bringup/share/open_manipulator_bringup/config/om_y
symbolically linking /ros2_ws/ros_workshop_ws/build/open_manipulator_bringup/config/om_y/gazebo_controller_manager.yaml -> /ros2_ws/ros_workshop_ws/install/open_manipulator_bringup/share/open_manipulator_bringup/config/om_y
symbolically linking /ros2_ws/ros_workshop_ws/build/open_manipulator_bringup/config/om_y/hardware_controller_manager.yaml -> /ros2_ws/ros_workshop_ws/install/open_manipulator_bringup/share/open_manipulator_bringup/config/om_y
symbolically linking /ros2_ws/ros_workshop_ws/build/open_manipulator_bringup/config/om_y/initial_positions.yaml -> /ros2_ws/ros_workshop_ws/install/open_manipulator_bringup/share/open_manipulator_bringup/config/om_y
creating /ros2_ws/ros_workshop_ws/install/open_manipulator_bringup/share/open_manipulator_bringup/config/om_y_follower
symbolically linking /ros2_ws/ros_workshop_ws/build/open_manipulator_bringup/config/om_y_follower/gazebo_controller_manager.yaml -> /ros2_ws/ros_workshop_ws/install/open_manipulator_bringup/share/open_manipulator_bringup/config/om_y_follower
symbolically linking /ros2_ws/ros_workshop_ws/build/open_manipulator_bringup/config/om_y_follower/hardware_controller_manager.yaml -> /ros2_ws/ros_workshop_ws/install/open_manipulator_bringup/share/open_manipulator_bringup/config/om_y_follower
symbolically linking /ros2_ws/ros_workshop_ws/build/open_manipulator_bringup/config/om_y_follower/initial_positions.yaml -> /ros2_ws/ros_workshop_ws/install/open_manipulator_bringup/share/open_manipulator_bringup/config/om_y_follower
creating /ros2_ws/ros_workshop_ws/install/open_manipulator_bringup/share/open_manipulator_bringup/config/om_y_leader
symbolically linking /ros2_ws/ros_workshop_ws/build/open_manipulator_bringup/config/om_y_leader/hardware_controller_manager.yaml -> /ros2_ws/ros_workshop_ws/install/open_manipulator_bringup/share/open_manipulator_bringup/config/om_y_leader
creating /ros2_ws/ros_workshop_ws/install/open_manipulator_bringup/share/open_manipulator_bringup/worlds
symbolically linking /ros2_ws/ros_workshop_ws/build/open_manipulator_bringup/worlds/empty_world.sdf -> /ros2_ws/ros_workshop_ws/install/open_manipulator_bringup/share/open_manipulator_bringup/worlds
symbolically linking /ros2_ws/ros_workshop_ws/build/open_manipulator_bringup/open-manipulator-cdc.rules -> /ros2_ws/ros_workshop_ws/install/open_manipulator_bringup/share/open_manipulator_bringup
