[0.675s] Invoking command in '/ros2_ws/ros_workshop_ws/build/open_manipulator_bringup': AMENT_PREFIX_PATH=/ros2_ws/ros_workshop_ws/install/dynamixel_hardware_interface:/ros2_ws/ros_workshop_ws/install/open_manipulator_description:/ros2_ws/ros_workshop_ws/install/dynamixel_sdk:/ros2_ws/ros_workshop_ws/install/dynamixel_interfaces:${AMENT_PREFIX_PATH} CMAKE_PREFIX_PATH=/ros2_ws/ros_workshop_ws/install/dynamixel_hardware_interface:/ros2_ws/ros_workshop_ws/install/open_manipulator_description:/ros2_ws/ros_workshop_ws/install/dynamixel_sdk:/ros2_ws/ros_workshop_ws/install/dynamixel_interfaces:${CMAKE_PREFIX_PATH} LD_LIBRARY_PATH=/ros2_ws/ros_workshop_ws/install/dynamixel_hardware_interface/lib:/ros2_ws/ros_workshop_ws/install/dynamixel_sdk/lib:/ros2_ws/ros_workshop_ws/install/dynamixel_interfaces/lib:${LD_LIBRARY_PATH} PYTHONPATH=/ros2_ws/ros_workshop_ws/build/open_manipulator_bringup/prefix_override:/usr/local/lib/python3.12/dist-packages/colcon_core/task/python/colcon_distutils_commands:/ros2_ws/ros_workshop_ws/install/open_manipulator_bringup/lib/python3.12/site-packages:/ros2_ws/ros_workshop_ws/install/dynamixel_sdk/lib/python3.12/site-packages:/ros2_ws/ros_workshop_ws/install/dynamixel_interfaces/lib/python3.12/site-packages:${PYTHONPATH} /usr/bin/python3 -W ignore:setup.py install is deprecated -W ignore:easy_install command is deprecated setup.py develop --editable --build-directory /ros2_ws/ros_workshop_ws/build/open_manipulator_bringup/build --no-deps symlink_data
[0.939s] running develop
[1.114s] running egg_info
[1.114s] creating open_manipulator_bringup.egg-info
[1.131s] writing open_manipulator_bringup.egg-info/PKG-INFO
[1.132s] writing dependency_links to open_manipulator_bringup.egg-info/dependency_links.txt
[1.132s] writing entry points to open_manipulator_bringup.egg-info/entry_points.txt
[1.132s] writing requirements to open_manipulator_bringup.egg-info/requires.txt
[1.132s] writing top-level names to open_manipulator_bringup.egg-info/top_level.txt
[1.132s] writing manifest file 'open_manipulator_bringup.egg-info/SOURCES.txt'
[1.167s] reading manifest file 'open_manipulator_bringup.egg-info/SOURCES.txt'
[1.168s] writing manifest file 'open_manipulator_bringup.egg-info/SOURCES.txt'
[1.186s] running build_ext
[1.186s] Creating /ros2_ws/ros_workshop_ws/install/open_manipulator_bringup/lib/python3.12/site-packages/open-manipulator-bringup.egg-link (link to .)
[1.186s] Installing joint_trajectory_executor script to /ros2_ws/ros_workshop_ws/install/open_manipulator_bringup/lib/open_manipulator_bringup
[1.187s] Installing om_create_udev_rules script to /ros2_ws/ros_workshop_ws/install/open_manipulator_bringup/lib/open_manipulator_bringup
[1.187s] Installing pack_unpack_y script to /ros2_ws/ros_workshop_ws/install/open_manipulator_bringup/lib/open_manipulator_bringup
[1.187s] 
[1.187s] Installed /ros2_ws/ros_workshop_ws/build/open_manipulator_bringup
[1.187s] running symlink_data
[1.187s] creating /ros2_ws/ros_workshop_ws/install/open_manipulator_bringup/share/ament_index
[1.187s] creating /ros2_ws/ros_workshop_ws/install/open_manipulator_bringup/share/ament_index/resource_index
[1.187s] creating /ros2_ws/ros_workshop_ws/install/open_manipulator_bringup/share/ament_index/resource_index/packages
[1.187s] symbolically linking /ros2_ws/ros_workshop_ws/build/open_manipulator_bringup/resource/open_manipulator_bringup -> /ros2_ws/ros_workshop_ws/install/open_manipulator_bringup/share/ament_index/resource_index/packages
[1.187s] symbolically linking /ros2_ws/ros_workshop_ws/build/open_manipulator_bringup/package.xml -> /ros2_ws/ros_workshop_ws/install/open_manipulator_bringup/share/open_manipulator_bringup
[1.188s] creating /ros2_ws/ros_workshop_ws/install/open_manipulator_bringup/share/open_manipulator_bringup/launch
[1.188s] symbolically linking /ros2_ws/ros_workshop_ws/build/open_manipulator_bringup/launch/gazebo.launch.py -> /ros2_ws/ros_workshop_ws/install/open_manipulator_bringup/share/open_manipulator_bringup/launch
[1.188s] symbolically linking /ros2_ws/ros_workshop_ws/build/open_manipulator_bringup/launch/hardware_y.launch.py -> /ros2_ws/ros_workshop_ws/install/open_manipulator_bringup/share/open_manipulator_bringup/launch
[1.188s] symbolically linking /ros2_ws/ros_workshop_ws/build/open_manipulator_bringup/launch/unpack_y.launch.py -> /ros2_ws/ros_workshop_ws/install/open_manipulator_bringup/share/open_manipulator_bringup/launch
[1.188s] symbolically linking /ros2_ws/ros_workshop_ws/build/open_manipulator_bringup/launch/hardware_x.launch.py -> /ros2_ws/ros_workshop_ws/install/open_manipulator_bringup/share/open_manipulator_bringup/launch
[1.188s] symbolically linking /ros2_ws/ros_workshop_ws/build/open_manipulator_bringup/launch/ai_teleoperation.launch.py -> /ros2_ws/ros_workshop_ws/install/open_manipulator_bringup/share/open_manipulator_bringup/launch
[1.188s] symbolically linking /ros2_ws/ros_workshop_ws/build/open_manipulator_bringup/launch/pack_y.launch.py -> /ros2_ws/ros_workshop_ws/install/open_manipulator_bringup/share/open_manipulator_bringup/launch
[1.188s] symbolically linking /ros2_ws/ros_workshop_ws/build/open_manipulator_bringup/launch/hardware_y_leader.launch.py -> /ros2_ws/ros_workshop_ws/install/open_manipulator_bringup/share/open_manipulator_bringup/launch
[1.188s] symbolically linking /ros2_ws/ros_workshop_ws/build/open_manipulator_bringup/launch/hardware_y_follower.launch.py -> /ros2_ws/ros_workshop_ws/install/open_manipulator_bringup/share/open_manipulator_bringup/launch
[1.188s] creating /ros2_ws/ros_workshop_ws/install/open_manipulator_bringup/share/open_manipulator_bringup/config
[1.188s] creating /ros2_ws/ros_workshop_ws/install/open_manipulator_bringup/share/open_manipulator_bringup/config/om_x
[1.188s] symbolically linking /ros2_ws/ros_workshop_ws/build/open_manipulator_bringup/config/om_x/gazebo_controller_manager.yaml -> /ros2_ws/ros_workshop_ws/install/open_manipulator_bringup/share/open_manipulator_bringup/config/om_x
[1.188s] symbolically linking /ros2_ws/ros_workshop_ws/build/open_manipulator_bringup/config/om_x/hardware_controller_manager.yaml -> /ros2_ws/ros_workshop_ws/install/open_manipulator_bringup/share/open_manipulator_bringup/config/om_x
[1.188s] symbolically linking /ros2_ws/ros_workshop_ws/build/open_manipulator_bringup/config/om_x/initial_positions.yaml -> /ros2_ws/ros_workshop_ws/install/open_manipulator_bringup/share/open_manipulator_bringup/config/om_x
[1.188s] creating /ros2_ws/ros_workshop_ws/install/open_manipulator_bringup/share/open_manipulator_bringup/config/om_y
[1.189s] symbolically linking /ros2_ws/ros_workshop_ws/build/open_manipulator_bringup/config/om_y/gazebo_controller_manager.yaml -> /ros2_ws/ros_workshop_ws/install/open_manipulator_bringup/share/open_manipulator_bringup/config/om_y
[1.189s] symbolically linking /ros2_ws/ros_workshop_ws/build/open_manipulator_bringup/config/om_y/hardware_controller_manager.yaml -> /ros2_ws/ros_workshop_ws/install/open_manipulator_bringup/share/open_manipulator_bringup/config/om_y
[1.189s] symbolically linking /ros2_ws/ros_workshop_ws/build/open_manipulator_bringup/config/om_y/initial_positions.yaml -> /ros2_ws/ros_workshop_ws/install/open_manipulator_bringup/share/open_manipulator_bringup/config/om_y
[1.189s] creating /ros2_ws/ros_workshop_ws/install/open_manipulator_bringup/share/open_manipulator_bringup/config/om_y_follower
[1.189s] symbolically linking /ros2_ws/ros_workshop_ws/build/open_manipulator_bringup/config/om_y_follower/gazebo_controller_manager.yaml -> /ros2_ws/ros_workshop_ws/install/open_manipulator_bringup/share/open_manipulator_bringup/config/om_y_follower
[1.189s] symbolically linking /ros2_ws/ros_workshop_ws/build/open_manipulator_bringup/config/om_y_follower/hardware_controller_manager.yaml -> /ros2_ws/ros_workshop_ws/install/open_manipulator_bringup/share/open_manipulator_bringup/config/om_y_follower
[1.189s] symbolically linking /ros2_ws/ros_workshop_ws/build/open_manipulator_bringup/config/om_y_follower/initial_positions.yaml -> /ros2_ws/ros_workshop_ws/install/open_manipulator_bringup/share/open_manipulator_bringup/config/om_y_follower
[1.189s] creating /ros2_ws/ros_workshop_ws/install/open_manipulator_bringup/share/open_manipulator_bringup/config/om_y_leader
[1.189s] symbolically linking /ros2_ws/ros_workshop_ws/build/open_manipulator_bringup/config/om_y_leader/hardware_controller_manager.yaml -> /ros2_ws/ros_workshop_ws/install/open_manipulator_bringup/share/open_manipulator_bringup/config/om_y_leader
[1.189s] creating /ros2_ws/ros_workshop_ws/install/open_manipulator_bringup/share/open_manipulator_bringup/worlds
[1.189s] symbolically linking /ros2_ws/ros_workshop_ws/build/open_manipulator_bringup/worlds/empty_world.sdf -> /ros2_ws/ros_workshop_ws/install/open_manipulator_bringup/share/open_manipulator_bringup/worlds
[1.189s] symbolically linking /ros2_ws/ros_workshop_ws/build/open_manipulator_bringup/open-manipulator-cdc.rules -> /ros2_ws/ros_workshop_ws/install/open_manipulator_bringup/share/open_manipulator_bringup
[1.215s] Invoked command in '/ros2_ws/ros_workshop_ws/build/open_manipulator_bringup' returned '0': AMENT_PREFIX_PATH=/ros2_ws/ros_workshop_ws/install/dynamixel_hardware_interface:/ros2_ws/ros_workshop_ws/install/open_manipulator_description:/ros2_ws/ros_workshop_ws/install/dynamixel_sdk:/ros2_ws/ros_workshop_ws/install/dynamixel_interfaces:${AMENT_PREFIX_PATH} CMAKE_PREFIX_PATH=/ros2_ws/ros_workshop_ws/install/dynamixel_hardware_interface:/ros2_ws/ros_workshop_ws/install/open_manipulator_description:/ros2_ws/ros_workshop_ws/install/dynamixel_sdk:/ros2_ws/ros_workshop_ws/install/dynamixel_interfaces:${CMAKE_PREFIX_PATH} LD_LIBRARY_PATH=/ros2_ws/ros_workshop_ws/install/dynamixel_hardware_interface/lib:/ros2_ws/ros_workshop_ws/install/dynamixel_sdk/lib:/ros2_ws/ros_workshop_ws/install/dynamixel_interfaces/lib:${LD_LIBRARY_PATH} PYTHONPATH=/ros2_ws/ros_workshop_ws/build/open_manipulator_bringup/prefix_override:/usr/local/lib/python3.12/dist-packages/colcon_core/task/python/colcon_distutils_commands:/ros2_ws/ros_workshop_ws/install/open_manipulator_bringup/lib/python3.12/site-packages:/ros2_ws/ros_workshop_ws/install/dynamixel_sdk/lib/python3.12/site-packages:/ros2_ws/ros_workshop_ws/install/dynamixel_interfaces/lib/python3.12/site-packages:${PYTHONPATH} /usr/bin/python3 -W ignore:setup.py install is deprecated -W ignore:easy_install command is deprecated setup.py develop --editable --build-directory /ros2_ws/ros_workshop_ws/build/open_manipulator_bringup/build --no-deps symlink_data
