[0.060s] Invoking command in '/ros2_ws/ros_workshop_ws/build/om_spring_actuator_controller': CMAKE_PREFIX_PATH=${CMAKE_PREFIX_PATH}:/ros2_ws/ros_workshop_ws/install/open_manipulator_teleop:/ros2_ws/ros_workshop_ws/install/open_manipulator_bringup:/opt/ros/jazzy /usr/bin/cmake --build /ros2_ws/ros_workshop_ws/build/om_spring_actuator_controller -- -j16 -l16
[0.164s] [ 50%] Built target spring_actuator_controller_parameters
[0.248s] [100%] Built target spring_actuator_controller
[0.482s] Invoked command in '/ros2_ws/ros_workshop_ws/build/om_spring_actuator_controller' returned '0': CMAKE_PREFIX_PATH=${CMAKE_PREFIX_PATH}:/ros2_ws/ros_workshop_ws/install/open_manipulator_teleop:/ros2_ws/ros_workshop_ws/install/open_manipulator_bringup:/opt/ros/jazzy /usr/bin/cmake --build /ros2_ws/ros_workshop_ws/build/om_spring_actuator_controller -- -j16 -l16
[0.482s] Invoking command in '/ros2_ws/ros_workshop_ws/build/om_spring_actuator_controller': CMAKE_PREFIX_PATH=${CMAKE_PREFIX_PATH}:/ros2_ws/ros_workshop_ws/install/open_manipulator_teleop:/ros2_ws/ros_workshop_ws/install/open_manipulator_bringup:/opt/ros/jazzy /usr/bin/cmake --install /ros2_ws/ros_workshop_ws/build/om_spring_actuator_controller
[0.510s] -- Install configuration: ""
[0.510s] -- Execute custom install script
[0.511s] -- Up-to-date symlink: /ros2_ws/ros_workshop_ws/install/om_spring_actuator_controller/include/om_spring_actuator_controller/spring_actuator_controller_parameters.hpp
[0.511s] -- Up-to-date symlink: /ros2_ws/ros_workshop_ws/install/om_spring_actuator_controller/share/om_spring_actuator_controller//spring_actuator_plugin.xml
[0.511s] -- Up-to-date symlink: /ros2_ws/ros_workshop_ws/install/om_spring_actuator_controller/include/spring_actuator_controller/spring_actuator_controller/spring_actuator_controller.hpp
[0.512s] -- Up-to-date symlink: /ros2_ws/ros_workshop_ws/install/om_spring_actuator_controller/include/spring_actuator_controller/spring_actuator_controller/visibility_control.h
[0.512s] -- Up-to-date symlink: /ros2_ws/ros_workshop_ws/install/om_spring_actuator_controller/share/om_spring_actuator_controller/environment/library_path.sh
[0.512s] -- Up-to-date symlink: /ros2_ws/ros_workshop_ws/install/om_spring_actuator_controller/share/om_spring_actuator_controller/environment/library_path.dsv
[0.512s] -- Up-to-date symlink: /ros2_ws/ros_workshop_ws/install/om_spring_actuator_controller/share/ament_index/resource_index/package_run_dependencies/om_spring_actuator_controller
[0.512s] -- Up-to-date symlink: /ros2_ws/ros_workshop_ws/install/om_spring_actuator_controller/share/ament_index/resource_index/parent_prefix_path/om_spring_actuator_controller
[0.513s] -- Up-to-date symlink: /ros2_ws/ros_workshop_ws/install/om_spring_actuator_controller/share/om_spring_actuator_controller/environment/ament_prefix_path.sh
[0.516s] -- Up-to-date symlink: /ros2_ws/ros_workshop_ws/install/om_spring_actuator_controller/share/om_spring_actuator_controller/environment/ament_prefix_path.dsv
[0.517s] -- Up-to-date symlink: /ros2_ws/ros_workshop_ws/install/om_spring_actuator_controller/share/om_spring_actuator_controller/environment/path.sh
[0.518s] -- Up-to-date symlink: /ros2_ws/ros_workshop_ws/install/om_spring_actuator_controller/share/om_spring_actuator_controller/environment/path.dsv
[0.519s] -- Up-to-date symlink: /ros2_ws/ros_workshop_ws/install/om_spring_actuator_controller/share/om_spring_actuator_controller/local_setup.bash
[0.519s] -- Up-to-date symlink: /ros2_ws/ros_workshop_ws/install/om_spring_actuator_controller/share/om_spring_actuator_controller/local_setup.sh
[0.519s] -- Up-to-date symlink: /ros2_ws/ros_workshop_ws/install/om_spring_actuator_controller/share/om_spring_actuator_controller/local_setup.zsh
[0.521s] -- Up-to-date symlink: /ros2_ws/ros_workshop_ws/install/om_spring_actuator_controller/share/om_spring_actuator_controller/local_setup.dsv
[0.521s] -- Symlinking: /ros2_ws/ros_workshop_ws/install/om_spring_actuator_controller/share/om_spring_actuator_controller/package.dsv
[0.532s] -- Up-to-date symlink: /ros2_ws/ros_workshop_ws/install/om_spring_actuator_controller/share/ament_index/resource_index/packages/om_spring_actuator_controller
[0.532s] -- Up-to-date symlink: /ros2_ws/ros_workshop_ws/install/om_spring_actuator_controller/share/ament_index/resource_index/controller_interface__pluginlib__plugin/om_spring_actuator_controller
[0.532s] -- Up-to-date symlink: /ros2_ws/ros_workshop_ws/install/om_spring_actuator_controller/share/om_spring_actuator_controller/cmake/ament_cmake_export_dependencies-extras.cmake
[0.532s] -- Up-to-date symlink: /ros2_ws/ros_workshop_ws/install/om_spring_actuator_controller/share/om_spring_actuator_controller/cmake/ament_cmake_export_targets-extras.cmake
[0.532s] -- Up-to-date symlink: /ros2_ws/ros_workshop_ws/install/om_spring_actuator_controller/share/om_spring_actuator_controller/cmake/om_spring_actuator_controllerConfig.cmake
[0.533s] -- Up-to-date symlink: /ros2_ws/ros_workshop_ws/install/om_spring_actuator_controller/share/om_spring_actuator_controller/cmake/om_spring_actuator_controllerConfig-version.cmake
[0.533s] -- Up-to-date symlink: /ros2_ws/ros_workshop_ws/install/om_spring_actuator_controller/share/om_spring_actuator_controller/package.xml
[0.533s] -- Up-to-date: /ros2_ws/ros_workshop_ws/install/om_spring_actuator_controller/lib/libspring_actuator_controller.so
[0.535s] -- Up-to-date: /ros2_ws/ros_workshop_ws/install/om_spring_actuator_controller/share/om_spring_actuator_controller/cmake/export_spring_actuator_controllerExport.cmake
[0.535s] -- Up-to-date: /ros2_ws/ros_workshop_ws/install/om_spring_actuator_controller/share/om_spring_actuator_controller/cmake/export_spring_actuator_controllerExport-noconfig.cmake
[0.567s] Invoked command in '/ros2_ws/ros_workshop_ws/build/om_spring_actuator_controller' returned '0': CMAKE_PREFIX_PATH=${CMAKE_PREFIX_PATH}:/ros2_ws/ros_workshop_ws/install/open_manipulator_teleop:/ros2_ws/ros_workshop_ws/install/open_manipulator_bringup:/opt/ros/jazzy /usr/bin/cmake --install /ros2_ws/ros_workshop_ws/build/om_spring_actuator_controller
