[0.993s] Invoking command in '/ros2_ws/ros_workshop_ws/build/open_manipulator_teleop': PYTHONPATH=/ros2_ws/ros_workshop_ws/build/open_manipulator_teleop/prefix_override:/usr/local/lib/python3.12/dist-packages/colcon_core/task/python/colcon_distutils_commands:/ros2_ws/ros_workshop_ws/install/open_manipulator_teleop/lib/python3.12/site-packages:${PYTHONPATH} /usr/bin/python3 -W ignore:setup.py install is deprecated -W ignore:easy_install command is deprecated setup.py develop --editable --build-directory /ros2_ws/ros_workshop_ws/build/open_manipulator_teleop/build --no-deps symlink_data
[1.400s] running develop
[1.700s] running egg_info
[1.700s] creating open_manipulator_teleop.egg-info
[1.726s] writing open_manipulator_teleop.egg-info/PKG-INFO
[1.727s] writing dependency_links to open_manipulator_teleop.egg-info/dependency_links.txt
[1.727s] writing entry points to open_manipulator_teleop.egg-info/entry_points.txt
[1.727s] writing requirements to open_manipulator_teleop.egg-info/requires.txt
[1.727s] writing top-level names to open_manipulator_teleop.egg-info/top_level.txt
[1.727s] writing manifest file 'open_manipulator_teleop.egg-info/SOURCES.txt'
[1.776s] reading manifest file 'open_manipulator_teleop.egg-info/SOURCES.txt'
[1.777s] writing manifest file 'open_manipulator_teleop.egg-info/SOURCES.txt'
[1.799s] running build_ext
[1.799s] Creating /ros2_ws/ros_workshop_ws/install/open_manipulator_teleop/lib/python3.12/site-packages/open-manipulator-teleop.egg-link (link to .)
[1.799s] Installing keyboard_control_x script to /ros2_ws/ros_workshop_ws/install/open_manipulator_teleop/lib/open_manipulator_teleop
[1.800s] Installing keyboard_control_y script to /ros2_ws/ros_workshop_ws/install/open_manipulator_teleop/lib/open_manipulator_teleop
[1.800s] Installing keyboard_control_y_follower script to /ros2_ws/ros_workshop_ws/install/open_manipulator_teleop/lib/open_manipulator_teleop
[1.800s] 
[1.800s] Installed /ros2_ws/ros_workshop_ws/build/open_manipulator_teleop
[1.800s] running symlink_data
[1.800s] creating /ros2_ws/ros_workshop_ws/install/open_manipulator_teleop/share/ament_index
[1.800s] creating /ros2_ws/ros_workshop_ws/install/open_manipulator_teleop/share/ament_index/resource_index
[1.801s] creating /ros2_ws/ros_workshop_ws/install/open_manipulator_teleop/share/ament_index/resource_index/packages
[1.801s] symbolically linking /ros2_ws/ros_workshop_ws/build/open_manipulator_teleop/resource/open_manipulator_teleop -> /ros2_ws/ros_workshop_ws/install/open_manipulator_teleop/share/ament_index/resource_index/packages
[1.801s] symbolically linking /ros2_ws/ros_workshop_ws/build/open_manipulator_teleop/package.xml -> /ros2_ws/ros_workshop_ws/install/open_manipulator_teleop/share/open_manipulator_teleop
[1.846s] Invoked command in '/ros2_ws/ros_workshop_ws/build/open_manipulator_teleop' returned '0': PYTHONPATH=/ros2_ws/ros_workshop_ws/build/open_manipulator_teleop/prefix_override:/usr/local/lib/python3.12/dist-packages/colcon_core/task/python/colcon_distutils_commands:/ros2_ws/ros_workshop_ws/install/open_manipulator_teleop/lib/python3.12/site-packages:${PYTHONPATH} /usr/bin/python3 -W ignore:setup.py install is deprecated -W ignore:easy_install command is deprecated setup.py develop --editable --build-directory /ros2_ws/ros_workshop_ws/build/open_manipulator_teleop/build --no-deps symlink_data
