[0.038s] Invoking command in '/ros2_ws/ros_workshop_ws/build/dynamixel_interfaces': CMAKE_PREFIX_PATH=${CMAKE_PREFIX_PATH}:/opt/ros/jazzy /usr/bin/cmake /ros2_ws/ros_workshop_ws/src/dynamixel_interfaces -DAMENT_CMAKE_SYMLINK_INSTALL=1 -DCMAKE_INSTALL_PREFIX=/ros2_ws/ros_workshop_ws/install/dynamixel_interfaces
[0.104s] -- The C compiler identification is GNU 13.3.0
[0.164s] -- The CXX compiler identification is GNU 13.3.0
[0.184s] -- Detecting C compiler ABI info
[0.287s] -- Detecting C compiler ABI info - done
[0.296s] -- Check for working C compiler: /usr/bin/cc - skipped
[0.296s] -- Detecting C compile features
[0.296s] -- Detecting C compile features - done
[0.308s] -- Detecting CXX compiler ABI info
[0.430s] -- Detecting CXX compiler ABI info - done
[0.443s] -- Check for working CXX compiler: /usr/bin/c++ - skipped
[0.443s] -- Detecting CXX compile features
[0.444s] -- Detecting CXX compile features - done
[0.452s] -- Found ament_cmake: 2.5.4 (/opt/ros/jazzy/share/ament_cmake/cmake)
[0.634s] -- Found Python3: /usr/bin/python3 (found version "3.12.3") found components: Interpreter 
[0.734s] -- Override CMake install command with custom implementation using symlinks instead of copying resources
[0.832s] -- Found std_msgs: 5.3.6 (/opt/ros/jazzy/share/std_msgs/cmake)
[0.927s] -- Found rosidl_generator_c: 4.6.5 (/opt/ros/jazzy/share/rosidl_generator_c/cmake)
[0.952s] -- Found rosidl_generator_cpp: 4.6.5 (/opt/ros/jazzy/share/rosidl_generator_cpp/cmake)
[0.988s] -- Using all available rosidl_typesupport_c: rosidl_typesupport_fastrtps_c;rosidl_typesupport_introspection_c
[1.020s] -- Using all available rosidl_typesupport_cpp: rosidl_typesupport_fastrtps_cpp;rosidl_typesupport_introspection_cpp
[1.074s] -- Found geometry_msgs: 5.3.6 (/opt/ros/jazzy/share/geometry_msgs/cmake)
[1.094s] -- Found rosidl_default_generators: 1.6.0 (/opt/ros/jazzy/share/rosidl_default_generators/cmake)
[1.135s] -- Found rosidl_adapter: 4.6.5 (/opt/ros/jazzy/share/rosidl_adapter/cmake)
[2.102s] -- Found ament_cmake_ros: 0.12.0 (/opt/ros/jazzy/share/ament_cmake_ros/cmake)
[3.068s] -- Using all available rosidl_typesupport_c: rosidl_typesupport_fastrtps_c;rosidl_typesupport_introspection_c
[3.468s] -- Using all available rosidl_typesupport_cpp: rosidl_typesupport_fastrtps_cpp;rosidl_typesupport_introspection_cpp
[3.478s] -- Found python_cmake_module: 0.11.1 (/opt/ros/jazzy/share/python_cmake_module/cmake)
[3.773s] -- Found PythonExtra: /usr/bin/python3  
[5.182s] -- Found Python3: /usr/bin/python3 (found version "3.12.3") found components: Interpreter Development NumPy Development.Module Development.Embed 
[5.352s] -- Found ament_lint_auto: 0.17.2 (/opt/ros/jazzy/share/ament_lint_auto/cmake)
[5.540s] -- Added test 'copyright' to check source files copyright and LICENSE
[5.552s] -- Added test 'lint_cmake' to check CMake code style
[5.559s] -- Added test 'xmllint' to check XML markup files
[5.566s] -- Configuring done (5.5s)
[5.642s] -- Generating done (0.1s)
[5.661s] -- Build files have been written to: /ros2_ws/ros_workshop_ws/build/dynamixel_interfaces
[5.687s] Invoked command in '/ros2_ws/ros_workshop_ws/build/dynamixel_interfaces' returned '0': CMAKE_PREFIX_PATH=${CMAKE_PREFIX_PATH}:/opt/ros/jazzy /usr/bin/cmake /ros2_ws/ros_workshop_ws/src/dynamixel_interfaces -DAMENT_CMAKE_SYMLINK_INSTALL=1 -DCMAKE_INSTALL_PREFIX=/ros2_ws/ros_workshop_ws/install/dynamixel_interfaces
[5.688s] Invoking command in '/ros2_ws/ros_workshop_ws/build/dynamixel_interfaces': CMAKE_PREFIX_PATH=${CMAKE_PREFIX_PATH}:/opt/ros/jazzy /usr/bin/cmake --build /ros2_ws/ros_workshop_ws/build/dynamixel_interfaces -- -j16 -l16
[5.863s] [  1%] [34m[1mGenerating type hashes for ROS interfaces[0m
[5.902s] [  1%] Built target ament_cmake_python_symlink_dynamixel_interfaces
[6.731s] running egg_info
[6.732s] creating dynamixel_interfaces.egg-info
[6.811s] writing dynamixel_interfaces.egg-info/PKG-INFO
[6.811s] writing dependency_links to dynamixel_interfaces.egg-info/dependency_links.txt
[6.811s] writing top-level names to dynamixel_interfaces.egg-info/top_level.txt
[6.811s] writing manifest file 'dynamixel_interfaces.egg-info/SOURCES.txt'
[6.940s] reading manifest file 'dynamixel_interfaces.egg-info/SOURCES.txt'
[6.943s] writing manifest file 'dynamixel_interfaces.egg-info/SOURCES.txt'
[7.056s] [  1%] Built target ament_cmake_python_build_dynamixel_interfaces_egg
[7.088s] [  1%] Built target dynamixel_interfaces__rosidl_generator_type_description
[7.149s] [  3%] [34m[1mGenerating C code for ROS interfaces[0m
[7.176s] [  4%] [34m[1mGenerating C++ code for ROS interfaces[0m
[8.462s] [  4%] Built target dynamixel_interfaces__cpp
[8.902s] [  7%] [32mBuilding C object CMakeFiles/dynamixel_interfaces__rosidl_generator_c.dir/rosidl_generator_c/dynamixel_interfaces/msg/detail/dynamixel_state__type_support.c.o[0m
[8.903s] [ 14%] [32mBuilding C object CMakeFiles/dynamixel_interfaces__rosidl_generator_c.dir/rosidl_generator_c/dynamixel_interfaces/srv/detail/get_data_from_dxl__type_support.c.o[0m
[8.903s] [ 15%] [32mBuilding C object CMakeFiles/dynamixel_interfaces__rosidl_generator_c.dir/rosidl_generator_c/dynamixel_interfaces/msg/detail/dynamixel_state__functions.c.o[0m
[8.903s] [  7%] [32mBuilding C object CMakeFiles/dynamixel_interfaces__rosidl_generator_c.dir/rosidl_generator_c/dynamixel_interfaces/msg/detail/dynamixel_state__description.c.o[0m
[8.903s] [ 10%] [32mBuilding C object CMakeFiles/dynamixel_interfaces__rosidl_generator_c.dir/rosidl_generator_c/dynamixel_interfaces/srv/detail/get_data_from_dxl__functions.c.o[0m
[8.904s] [ 10%] [32mBuilding C object CMakeFiles/dynamixel_interfaces__rosidl_generator_c.dir/rosidl_generator_c/dynamixel_interfaces/srv/detail/set_data_to_dxl__description.c.o[0m
[8.904s] [ 17%] [32mBuilding C object CMakeFiles/dynamixel_interfaces__rosidl_generator_c.dir/rosidl_generator_c/dynamixel_interfaces/srv/detail/set_data_to_dxl__type_support.c.o[0m
[8.905s] [ 12%] [32mBuilding C object CMakeFiles/dynamixel_interfaces__rosidl_generator_c.dir/rosidl_generator_c/dynamixel_interfaces/srv/detail/get_data_from_dxl__description.c.o[0m
[8.911s] [ 18%] [32mBuilding C object CMakeFiles/dynamixel_interfaces__rosidl_generator_c.dir/rosidl_generator_c/dynamixel_interfaces/srv/detail/set_data_to_dxl__functions.c.o[0m
[8.913s] [ 20%] [32mBuilding C object CMakeFiles/dynamixel_interfaces__rosidl_generator_c.dir/rosidl_generator_c/dynamixel_interfaces/srv/detail/reboot_dxl__description.c.o[0m
[8.919s] [ 21%] [32mBuilding C object CMakeFiles/dynamixel_interfaces__rosidl_generator_c.dir/rosidl_generator_c/dynamixel_interfaces/srv/detail/reboot_dxl__type_support.c.o[0m
[8.925s] [ 23%] [32mBuilding C object CMakeFiles/dynamixel_interfaces__rosidl_generator_c.dir/rosidl_generator_c/dynamixel_interfaces/srv/detail/reboot_dxl__functions.c.o[0m
[9.148s] [ 25%] [32m[1mLinking C shared library libdynamixel_interfaces__rosidl_generator_c.so[0m
[9.317s] [ 25%] Built target dynamixel_interfaces__rosidl_generator_c
[9.356s] [ 26%] [34m[1mGenerating C++ type support dispatch for ROS interfaces[0m
[9.358s] [ 28%] [34m[1mGenerating C++ type support for eProsima Fast-RTPS[0m
[9.360s] [ 29%] [34m[1mGenerating C type support dispatch for ROS interfaces[0m
[9.360s] [ 32%] [34m[1mGenerating C++ introspection for ROS interfaces[0m
[9.360s] [ 32%] [34m[1mGenerating C introspection for ROS interfaces[0m
[9.360s] [ 34%] [34m[1mGenerating C type support for eProsima Fast-RTPS[0m
[10.206s] [ 35%] [32mBuilding CXX object CMakeFiles/dynamixel_interfaces__rosidl_typesupport_introspection_cpp.dir/rosidl_typesupport_introspection_cpp/dynamixel_interfaces/msg/detail/dynamixel_state__type_support.cpp.o[0m
[10.210s] [ 37%] [32mBuilding CXX object CMakeFiles/dynamixel_interfaces__rosidl_typesupport_introspection_cpp.dir/rosidl_typesupport_introspection_cpp/dynamixel_interfaces/srv/detail/set_data_to_dxl__type_support.cpp.o[0m
[10.212s] [ 39%] [32mBuilding CXX object CMakeFiles/dynamixel_interfaces__rosidl_typesupport_introspection_cpp.dir/rosidl_typesupport_introspection_cpp/dynamixel_interfaces/srv/detail/get_data_from_dxl__type_support.cpp.o[0m
[10.229s] [ 40%] [32mBuilding CXX object CMakeFiles/dynamixel_interfaces__rosidl_typesupport_introspection_cpp.dir/rosidl_typesupport_introspection_cpp/dynamixel_interfaces/srv/detail/reboot_dxl__type_support.cpp.o[0m
[10.360s] [ 42%] [32mBuilding CXX object CMakeFiles/dynamixel_interfaces__rosidl_typesupport_cpp.dir/rosidl_typesupport_cpp/dynamixel_interfaces/srv/get_data_from_dxl__type_support.cpp.o[0m
[10.361s] [ 43%] [32mBuilding CXX object CMakeFiles/dynamixel_interfaces__rosidl_typesupport_cpp.dir/rosidl_typesupport_cpp/dynamixel_interfaces/msg/dynamixel_state__type_support.cpp.o[0m
[10.361s] [ 45%] [32mBuilding CXX object CMakeFiles/dynamixel_interfaces__rosidl_typesupport_cpp.dir/rosidl_typesupport_cpp/dynamixel_interfaces/srv/set_data_to_dxl__type_support.cpp.o[0m
[10.369s] [ 46%] [32mBuilding CXX object CMakeFiles/dynamixel_interfaces__rosidl_typesupport_cpp.dir/rosidl_typesupport_cpp/dynamixel_interfaces/srv/reboot_dxl__type_support.cpp.o[0m
[10.571s] [ 50%] [32mBuilding CXX object CMakeFiles/dynamixel_interfaces__rosidl_typesupport_c.dir/rosidl_typesupport_c/dynamixel_interfaces/msg/dynamixel_state__type_support.cpp.o[0m
[10.573s] [ 50%] [32mBuilding CXX object CMakeFiles/dynamixel_interfaces__rosidl_typesupport_c.dir/rosidl_typesupport_c/dynamixel_interfaces/srv/get_data_from_dxl__type_support.cpp.o[0m
[10.584s] [ 51%] [32mBuilding CXX object CMakeFiles/dynamixel_interfaces__rosidl_typesupport_c.dir/rosidl_typesupport_c/dynamixel_interfaces/srv/set_data_to_dxl__type_support.cpp.o[0m
[10.584s] [ 53%] [32mBuilding CXX object CMakeFiles/dynamixel_interfaces__rosidl_typesupport_c.dir/rosidl_typesupport_c/dynamixel_interfaces/srv/reboot_dxl__type_support.cpp.o[0m
[10.769s] [ 54%] [32m[1mLinking CXX shared library libdynamixel_interfaces__rosidl_typesupport_c.so[0m
[10.951s] [ 54%] Built target dynamixel_interfaces__rosidl_typesupport_c
[11.015s] [ 56%] [32mBuilding C object CMakeFiles/dynamixel_interfaces__rosidl_typesupport_introspection_c.dir/rosidl_typesupport_introspection_c/dynamixel_interfaces/msg/detail/dynamixel_state__type_support.c.o[0m
[11.016s] [ 57%] [32mBuilding C object CMakeFiles/dynamixel_interfaces__rosidl_typesupport_introspection_c.dir/rosidl_typesupport_introspection_c/dynamixel_interfaces/srv/detail/reboot_dxl__type_support.c.o[0m
[11.016s] [ 59%] [32mBuilding C object CMakeFiles/dynamixel_interfaces__rosidl_typesupport_introspection_c.dir/rosidl_typesupport_introspection_c/dynamixel_interfaces/srv/detail/set_data_to_dxl__type_support.c.o[0m
[11.018s] [ 60%] [32mBuilding C object CMakeFiles/dynamixel_interfaces__rosidl_typesupport_introspection_c.dir/rosidl_typesupport_introspection_c/dynamixel_interfaces/srv/detail/get_data_from_dxl__type_support.c.o[0m
[11.158s] [ 62%] [32mBuilding CXX object CMakeFiles/dynamixel_interfaces__rosidl_typesupport_fastrtps_c.dir/rosidl_typesupport_fastrtps_c/dynamixel_interfaces/msg/detail/dynamixel_state__type_support_c.cpp.o[0m
[11.162s] [ 64%] [32mBuilding CXX object CMakeFiles/dynamixel_interfaces__rosidl_typesupport_fastrtps_c.dir/rosidl_typesupport_fastrtps_c/dynamixel_interfaces/srv/detail/get_data_from_dxl__type_support_c.cpp.o[0m
[11.174s] [ 65%] [32mBuilding CXX object CMakeFiles/dynamixel_interfaces__rosidl_typesupport_fastrtps_c.dir/rosidl_typesupport_fastrtps_c/dynamixel_interfaces/srv/detail/set_data_to_dxl__type_support_c.cpp.o[0m
[11.180s] [ 67%] [32mBuilding CXX object CMakeFiles/dynamixel_interfaces__rosidl_typesupport_fastrtps_c.dir/rosidl_typesupport_fastrtps_c/dynamixel_interfaces/srv/detail/reboot_dxl__type_support_c.cpp.o[0m
[11.186s] [ 68%] [32m[1mLinking C shared library libdynamixel_interfaces__rosidl_typesupport_introspection_c.so[0m
[11.314s] [ 68%] Built target dynamixel_interfaces__rosidl_typesupport_introspection_c
[11.400s] [ 70%] [32m[1mLinking CXX shared library libdynamixel_interfaces__rosidl_typesupport_introspection_cpp.so[0m
[11.575s] [ 71%] [32mBuilding CXX object CMakeFiles/dynamixel_interfaces__rosidl_typesupport_fastrtps_cpp.dir/rosidl_typesupport_fastrtps_cpp/dynamixel_interfaces/msg/detail/dds_fastrtps/dynamixel_state__type_support.cpp.o[0m
[11.576s] [ 73%] [32mBuilding CXX object CMakeFiles/dynamixel_interfaces__rosidl_typesupport_fastrtps_cpp.dir/rosidl_typesupport_fastrtps_cpp/dynamixel_interfaces/srv/detail/dds_fastrtps/set_data_to_dxl__type_support.cpp.o[0m
[11.588s] [ 75%] [32mBuilding CXX object CMakeFiles/dynamixel_interfaces__rosidl_typesupport_fastrtps_cpp.dir/rosidl_typesupport_fastrtps_cpp/dynamixel_interfaces/srv/detail/dds_fastrtps/reboot_dxl__type_support.cpp.o[0m
[11.594s] [ 76%] [32mBuilding CXX object CMakeFiles/dynamixel_interfaces__rosidl_typesupport_fastrtps_cpp.dir/rosidl_typesupport_fastrtps_cpp/dynamixel_interfaces/srv/detail/dds_fastrtps/get_data_from_dxl__type_support.cpp.o[0m
[11.737s] [ 78%] [32m[1mLinking CXX shared library libdynamixel_interfaces__rosidl_typesupport_cpp.so[0m
[11.768s] [ 78%] Built target dynamixel_interfaces__rosidl_typesupport_introspection_cpp
[12.101s] [ 78%] Built target dynamixel_interfaces__rosidl_typesupport_cpp
[12.338s] [ 79%] [32m[1mLinking CXX shared library libdynamixel_interfaces__rosidl_typesupport_fastrtps_c.so[0m
[12.520s] [ 79%] Built target dynamixel_interfaces__rosidl_typesupport_fastrtps_c
[12.901s] [ 81%] [32m[1mLinking CXX shared library libdynamixel_interfaces__rosidl_typesupport_fastrtps_cpp.so[0m
[13.216s] [ 81%] Built target dynamixel_interfaces__rosidl_typesupport_fastrtps_cpp
[13.283s] [ 81%] Built target dynamixel_interfaces
[13.339s] [ 82%] [34m[1mGenerating Python code for ROS interfaces[0m
[14.971s] [ 82%] Built target dynamixel_interfaces__py
[15.030s] [ 84%] [32mBuilding C object CMakeFiles/dynamixel_interfaces__rosidl_generator_py.dir/rosidl_generator_py/dynamixel_interfaces/srv/_set_data_to_dxl_s.c.o[0m
[15.038s] [ 85%] [32mBuilding C object CMakeFiles/dynamixel_interfaces__rosidl_generator_py.dir/rosidl_generator_py/dynamixel_interfaces/msg/_dynamixel_state_s.c.o[0m
[15.044s] [ 87%] [32mBuilding C object CMakeFiles/dynamixel_interfaces__rosidl_generator_py.dir/rosidl_generator_py/dynamixel_interfaces/srv/_get_data_from_dxl_s.c.o[0m
[15.046s] [ 89%] [32mBuilding C object CMakeFiles/dynamixel_interfaces__rosidl_generator_py.dir/rosidl_generator_py/dynamixel_interfaces/srv/_reboot_dxl_s.c.o[0m
[15.417s] [ 90%] [32m[1mLinking C shared library libdynamixel_interfaces__rosidl_generator_py.so[0m
[15.612s] [ 90%] Built target dynamixel_interfaces__rosidl_generator_py
[15.695s] [ 92%] [32mBuilding C object CMakeFiles/dynamixel_interfaces_s__rosidl_typesupport_fastrtps_c.dir/rosidl_generator_py/dynamixel_interfaces/_dynamixel_interfaces_s.ep.rosidl_typesupport_fastrtps_c.c.o[0m
[15.698s] [ 93%] [32mBuilding C object CMakeFiles/dynamixel_interfaces_s__rosidl_typesupport_introspection_c.dir/rosidl_generator_py/dynamixel_interfaces/_dynamixel_interfaces_s.ep.rosidl_typesupport_introspection_c.c.o[0m
[15.703s] [ 95%] [32mBuilding C object CMakeFiles/dynamixel_interfaces_s__rosidl_typesupport_c.dir/rosidl_generator_py/dynamixel_interfaces/_dynamixel_interfaces_s.ep.rosidl_typesupport_c.c.o[0m
[15.978s] [ 96%] [32m[1mLinking C shared module rosidl_generator_py/dynamixel_interfaces/dynamixel_interfaces_s__rosidl_typesupport_introspection_c.so[0m
[16.023s] [ 98%] [32m[1mLinking C shared module rosidl_generator_py/dynamixel_interfaces/dynamixel_interfaces_s__rosidl_typesupport_c.so[0m
[16.064s] [100%] [32m[1mLinking C shared module rosidl_generator_py/dynamixel_interfaces/dynamixel_interfaces_s__rosidl_typesupport_fastrtps_c.so[0m
[16.087s] [100%] Built target dynamixel_interfaces_s__rosidl_typesupport_introspection_c
[16.101s] [100%] Built target dynamixel_interfaces_s__rosidl_typesupport_c
[16.125s] [100%] Built target dynamixel_interfaces_s__rosidl_typesupport_fastrtps_c
[16.152s] Invoked command in '/ros2_ws/ros_workshop_ws/build/dynamixel_interfaces' returned '0': CMAKE_PREFIX_PATH=${CMAKE_PREFIX_PATH}:/opt/ros/jazzy /usr/bin/cmake --build /ros2_ws/ros_workshop_ws/build/dynamixel_interfaces -- -j16 -l16
[16.153s] Invoking command in '/ros2_ws/ros_workshop_ws/build/dynamixel_interfaces': CMAKE_PREFIX_PATH=${CMAKE_PREFIX_PATH}:/opt/ros/jazzy /usr/bin/cmake --install /ros2_ws/ros_workshop_ws/build/dynamixel_interfaces
[16.167s] -- Install configuration: ""
[16.167s] -- Execute custom install script
[16.167s] -- Symlinking: /ros2_ws/ros_workshop_ws/install/dynamixel_interfaces/share/ament_index/resource_index/rosidl_interfaces/dynamixel_interfaces
[16.183s] -- Symlinking: /ros2_ws/ros_workshop_ws/install/dynamixel_interfaces/share/dynamixel_interfaces/msg/DynamixelState.json
[16.200s] -- Symlinking: /ros2_ws/ros_workshop_ws/install/dynamixel_interfaces/share/dynamixel_interfaces/srv/GetDataFromDxl.json
[16.216s] -- Symlinking: /ros2_ws/ros_workshop_ws/install/dynamixel_interfaces/share/dynamixel_interfaces/srv/SetDataToDxl.json
[16.233s] -- Symlinking: /ros2_ws/ros_workshop_ws/install/dynamixel_interfaces/share/dynamixel_interfaces/srv/RebootDxl.json
[16.251s] -- Symlinking: /ros2_ws/ros_workshop_ws/install/dynamixel_interfaces/include/dynamixel_interfaces/dynamixel_interfaces/msg/detail/dynamixel_state__functions.h
[16.269s] -- Symlinking: /ros2_ws/ros_workshop_ws/install/dynamixel_interfaces/include/dynamixel_interfaces/dynamixel_interfaces/msg/detail/dynamixel_state__struct.h
[16.284s] -- Symlinking: /ros2_ws/ros_workshop_ws/install/dynamixel_interfaces/include/dynamixel_interfaces/dynamixel_interfaces/msg/detail/dynamixel_state__type_support.h
[16.300s] -- Symlinking: /ros2_ws/ros_workshop_ws/install/dynamixel_interfaces/include/dynamixel_interfaces/dynamixel_interfaces/msg/dynamixel_state.h
[16.315s] -- Symlinking: /ros2_ws/ros_workshop_ws/install/dynamixel_interfaces/include/dynamixel_interfaces/dynamixel_interfaces/msg/rosidl_generator_c__visibility_control.h
[16.332s] -- Symlinking: /ros2_ws/ros_workshop_ws/install/dynamixel_interfaces/include/dynamixel_interfaces/dynamixel_interfaces/srv/detail/get_data_from_dxl__functions.h
[16.363s] -- Symlinking: /ros2_ws/ros_workshop_ws/install/dynamixel_interfaces/include/dynamixel_interfaces/dynamixel_interfaces/srv/detail/get_data_from_dxl__struct.h
[16.379s] -- Symlinking: /ros2_ws/ros_workshop_ws/install/dynamixel_interfaces/include/dynamixel_interfaces/dynamixel_interfaces/srv/detail/get_data_from_dxl__type_support.h
[16.395s] -- Symlinking: /ros2_ws/ros_workshop_ws/install/dynamixel_interfaces/include/dynamixel_interfaces/dynamixel_interfaces/srv/detail/reboot_dxl__functions.h
[16.411s] -- Symlinking: /ros2_ws/ros_workshop_ws/install/dynamixel_interfaces/include/dynamixel_interfaces/dynamixel_interfaces/srv/detail/reboot_dxl__struct.h
[16.430s] -- Symlinking: /ros2_ws/ros_workshop_ws/install/dynamixel_interfaces/include/dynamixel_interfaces/dynamixel_interfaces/srv/detail/reboot_dxl__type_support.h
[16.445s] -- Symlinking: /ros2_ws/ros_workshop_ws/install/dynamixel_interfaces/include/dynamixel_interfaces/dynamixel_interfaces/srv/detail/set_data_to_dxl__functions.h
[16.463s] -- Symlinking: /ros2_ws/ros_workshop_ws/install/dynamixel_interfaces/include/dynamixel_interfaces/dynamixel_interfaces/srv/detail/set_data_to_dxl__struct.h
[16.479s] -- Symlinking: /ros2_ws/ros_workshop_ws/install/dynamixel_interfaces/include/dynamixel_interfaces/dynamixel_interfaces/srv/detail/set_data_to_dxl__type_support.h
[16.496s] -- Symlinking: /ros2_ws/ros_workshop_ws/install/dynamixel_interfaces/include/dynamixel_interfaces/dynamixel_interfaces/srv/get_data_from_dxl.h
[16.512s] -- Symlinking: /ros2_ws/ros_workshop_ws/install/dynamixel_interfaces/include/dynamixel_interfaces/dynamixel_interfaces/srv/reboot_dxl.h
[16.530s] -- Symlinking: /ros2_ws/ros_workshop_ws/install/dynamixel_interfaces/include/dynamixel_interfaces/dynamixel_interfaces/srv/set_data_to_dxl.h
[16.546s] -- Symlinking: /ros2_ws/ros_workshop_ws/install/dynamixel_interfaces/share/dynamixel_interfaces/environment/library_path.sh
[16.561s] -- Symlinking: /ros2_ws/ros_workshop_ws/install/dynamixel_interfaces/share/dynamixel_interfaces/environment/library_path.dsv
[16.578s] -- Symlinking: /ros2_ws/ros_workshop_ws/install/dynamixel_interfaces/include/dynamixel_interfaces/dynamixel_interfaces/msg/detail/dynamixel_state__rosidl_typesupport_fastrtps_c.h
[16.593s] -- Symlinking: /ros2_ws/ros_workshop_ws/install/dynamixel_interfaces/include/dynamixel_interfaces/dynamixel_interfaces/msg/rosidl_typesupport_fastrtps_c__visibility_control.h
[16.608s] -- Symlinking: /ros2_ws/ros_workshop_ws/install/dynamixel_interfaces/include/dynamixel_interfaces/dynamixel_interfaces/srv/detail/get_data_from_dxl__rosidl_typesupport_fastrtps_c.h
[16.625s] -- Symlinking: /ros2_ws/ros_workshop_ws/install/dynamixel_interfaces/include/dynamixel_interfaces/dynamixel_interfaces/srv/detail/reboot_dxl__rosidl_typesupport_fastrtps_c.h
[16.642s] -- Symlinking: /ros2_ws/ros_workshop_ws/install/dynamixel_interfaces/include/dynamixel_interfaces/dynamixel_interfaces/srv/detail/set_data_to_dxl__rosidl_typesupport_fastrtps_c.h
[16.658s] -- Symlinking: /ros2_ws/ros_workshop_ws/install/dynamixel_interfaces/include/dynamixel_interfaces/dynamixel_interfaces/msg/detail/dynamixel_state__builder.hpp
[16.674s] -- Symlinking: /ros2_ws/ros_workshop_ws/install/dynamixel_interfaces/include/dynamixel_interfaces/dynamixel_interfaces/msg/detail/dynamixel_state__struct.hpp
[16.690s] -- Symlinking: /ros2_ws/ros_workshop_ws/install/dynamixel_interfaces/include/dynamixel_interfaces/dynamixel_interfaces/msg/detail/dynamixel_state__traits.hpp
[16.706s] -- Symlinking: /ros2_ws/ros_workshop_ws/install/dynamixel_interfaces/include/dynamixel_interfaces/dynamixel_interfaces/msg/detail/dynamixel_state__type_support.hpp
[16.722s] -- Symlinking: /ros2_ws/ros_workshop_ws/install/dynamixel_interfaces/include/dynamixel_interfaces/dynamixel_interfaces/msg/dynamixel_state.hpp
[16.739s] -- Symlinking: /ros2_ws/ros_workshop_ws/install/dynamixel_interfaces/include/dynamixel_interfaces/dynamixel_interfaces/msg/rosidl_generator_cpp__visibility_control.hpp
[16.755s] -- Symlinking: /ros2_ws/ros_workshop_ws/install/dynamixel_interfaces/include/dynamixel_interfaces/dynamixel_interfaces/srv/detail/get_data_from_dxl__builder.hpp
[16.771s] -- Symlinking: /ros2_ws/ros_workshop_ws/install/dynamixel_interfaces/include/dynamixel_interfaces/dynamixel_interfaces/srv/detail/get_data_from_dxl__struct.hpp
[16.788s] -- Symlinking: /ros2_ws/ros_workshop_ws/install/dynamixel_interfaces/include/dynamixel_interfaces/dynamixel_interfaces/srv/detail/get_data_from_dxl__traits.hpp
[16.803s] -- Symlinking: /ros2_ws/ros_workshop_ws/install/dynamixel_interfaces/include/dynamixel_interfaces/dynamixel_interfaces/srv/detail/get_data_from_dxl__type_support.hpp
[16.820s] -- Symlinking: /ros2_ws/ros_workshop_ws/install/dynamixel_interfaces/include/dynamixel_interfaces/dynamixel_interfaces/srv/detail/reboot_dxl__builder.hpp
[16.835s] -- Symlinking: /ros2_ws/ros_workshop_ws/install/dynamixel_interfaces/include/dynamixel_interfaces/dynamixel_interfaces/srv/detail/reboot_dxl__struct.hpp
[16.851s] -- Symlinking: /ros2_ws/ros_workshop_ws/install/dynamixel_interfaces/include/dynamixel_interfaces/dynamixel_interfaces/srv/detail/reboot_dxl__traits.hpp
[16.871s] -- Symlinking: /ros2_ws/ros_workshop_ws/install/dynamixel_interfaces/include/dynamixel_interfaces/dynamixel_interfaces/srv/detail/reboot_dxl__type_support.hpp
[16.886s] -- Symlinking: /ros2_ws/ros_workshop_ws/install/dynamixel_interfaces/include/dynamixel_interfaces/dynamixel_interfaces/srv/detail/set_data_to_dxl__builder.hpp
[16.901s] -- Symlinking: /ros2_ws/ros_workshop_ws/install/dynamixel_interfaces/include/dynamixel_interfaces/dynamixel_interfaces/srv/detail/set_data_to_dxl__struct.hpp
[16.917s] -- Symlinking: /ros2_ws/ros_workshop_ws/install/dynamixel_interfaces/include/dynamixel_interfaces/dynamixel_interfaces/srv/detail/set_data_to_dxl__traits.hpp
[16.935s] -- Symlinking: /ros2_ws/ros_workshop_ws/install/dynamixel_interfaces/include/dynamixel_interfaces/dynamixel_interfaces/srv/detail/set_data_to_dxl__type_support.hpp
[16.949s] -- Symlinking: /ros2_ws/ros_workshop_ws/install/dynamixel_interfaces/include/dynamixel_interfaces/dynamixel_interfaces/srv/get_data_from_dxl.hpp
[16.965s] -- Symlinking: /ros2_ws/ros_workshop_ws/install/dynamixel_interfaces/include/dynamixel_interfaces/dynamixel_interfaces/srv/reboot_dxl.hpp
[16.981s] -- Symlinking: /ros2_ws/ros_workshop_ws/install/dynamixel_interfaces/include/dynamixel_interfaces/dynamixel_interfaces/srv/set_data_to_dxl.hpp
[16.998s] -- Symlinking: /ros2_ws/ros_workshop_ws/install/dynamixel_interfaces/include/dynamixel_interfaces/dynamixel_interfaces/msg/detail/dynamixel_state__rosidl_typesupport_fastrtps_cpp.hpp
[17.013s] -- Symlinking: /ros2_ws/ros_workshop_ws/install/dynamixel_interfaces/include/dynamixel_interfaces/dynamixel_interfaces/msg/rosidl_typesupport_fastrtps_cpp__visibility_control.h
[17.029s] -- Symlinking: /ros2_ws/ros_workshop_ws/install/dynamixel_interfaces/include/dynamixel_interfaces/dynamixel_interfaces/srv/detail/get_data_from_dxl__rosidl_typesupport_fastrtps_cpp.hpp
[17.045s] -- Symlinking: /ros2_ws/ros_workshop_ws/install/dynamixel_interfaces/include/dynamixel_interfaces/dynamixel_interfaces/srv/detail/reboot_dxl__rosidl_typesupport_fastrtps_cpp.hpp
[17.060s] -- Symlinking: /ros2_ws/ros_workshop_ws/install/dynamixel_interfaces/include/dynamixel_interfaces/dynamixel_interfaces/srv/detail/set_data_to_dxl__rosidl_typesupport_fastrtps_cpp.hpp
[17.076s] -- Symlinking: /ros2_ws/ros_workshop_ws/install/dynamixel_interfaces/include/dynamixel_interfaces/dynamixel_interfaces/msg/detail/dynamixel_state__rosidl_typesupport_introspection_c.h
[17.090s] -- Symlinking: /ros2_ws/ros_workshop_ws/install/dynamixel_interfaces/include/dynamixel_interfaces/dynamixel_interfaces/msg/rosidl_typesupport_introspection_c__visibility_control.h
[17.107s] -- Symlinking: /ros2_ws/ros_workshop_ws/install/dynamixel_interfaces/include/dynamixel_interfaces/dynamixel_interfaces/srv/detail/get_data_from_dxl__rosidl_typesupport_introspection_c.h
[17.124s] -- Symlinking: /ros2_ws/ros_workshop_ws/install/dynamixel_interfaces/include/dynamixel_interfaces/dynamixel_interfaces/srv/detail/reboot_dxl__rosidl_typesupport_introspection_c.h
[17.141s] -- Symlinking: /ros2_ws/ros_workshop_ws/install/dynamixel_interfaces/include/dynamixel_interfaces/dynamixel_interfaces/srv/detail/set_data_to_dxl__rosidl_typesupport_introspection_c.h
[17.158s] -- Symlinking: /ros2_ws/ros_workshop_ws/install/dynamixel_interfaces/include/dynamixel_interfaces/dynamixel_interfaces/msg/detail/dynamixel_state__rosidl_typesupport_introspection_cpp.hpp
[17.173s] -- Symlinking: /ros2_ws/ros_workshop_ws/install/dynamixel_interfaces/include/dynamixel_interfaces/dynamixel_interfaces/srv/detail/get_data_from_dxl__rosidl_typesupport_introspection_cpp.hpp
[17.188s] -- Symlinking: /ros2_ws/ros_workshop_ws/install/dynamixel_interfaces/include/dynamixel_interfaces/dynamixel_interfaces/srv/detail/reboot_dxl__rosidl_typesupport_introspection_cpp.hpp
[17.202s] -- Symlinking: /ros2_ws/ros_workshop_ws/install/dynamixel_interfaces/include/dynamixel_interfaces/dynamixel_interfaces/srv/detail/set_data_to_dxl__rosidl_typesupport_introspection_cpp.hpp
[17.220s] -- Symlinking: /ros2_ws/ros_workshop_ws/install/dynamixel_interfaces/share/dynamixel_interfaces/environment/pythonpath.sh
[17.237s] -- Symlinking: /ros2_ws/ros_workshop_ws/install/dynamixel_interfaces/share/dynamixel_interfaces/environment/pythonpath.dsv
[17.253s] -- Symlinking: /ros2_ws/ros_workshop_ws/install/dynamixel_interfaces/lib/python3.12/site-packages/dynamixel_interfaces-1.0.1-py3.12.egg-info/PKG-INFO
[17.268s] -- Symlinking: /ros2_ws/ros_workshop_ws/install/dynamixel_interfaces/lib/python3.12/site-packages/dynamixel_interfaces-1.0.1-py3.12.egg-info/SOURCES.txt
[17.283s] -- Symlinking: /ros2_ws/ros_workshop_ws/install/dynamixel_interfaces/lib/python3.12/site-packages/dynamixel_interfaces-1.0.1-py3.12.egg-info/dependency_links.txt
[17.297s] -- Symlinking: /ros2_ws/ros_workshop_ws/install/dynamixel_interfaces/lib/python3.12/site-packages/dynamixel_interfaces-1.0.1-py3.12.egg-info/top_level.txt
[17.313s] -- Symlinking: /ros2_ws/ros_workshop_ws/install/dynamixel_interfaces/lib/python3.12/site-packages/dynamixel_interfaces/__init__.py
[17.328s] -- Symlinking: /ros2_ws/ros_workshop_ws/install/dynamixel_interfaces/lib/python3.12/site-packages/dynamixel_interfaces/_dynamixel_interfaces_s.ep.rosidl_typesupport_c.c
[17.359s] -- Symlinking: /ros2_ws/ros_workshop_ws/install/dynamixel_interfaces/lib/python3.12/site-packages/dynamixel_interfaces/_dynamixel_interfaces_s.ep.rosidl_typesupport_fastrtps_c.c
[17.360s] -- Symlinking: /ros2_ws/ros_workshop_ws/install/dynamixel_interfaces/lib/python3.12/site-packages/dynamixel_interfaces/_dynamixel_interfaces_s.ep.rosidl_typesupport_introspection_c.c
[17.377s] -- Symlinking: /ros2_ws/ros_workshop_ws/install/dynamixel_interfaces/lib/python3.12/site-packages/dynamixel_interfaces/dynamixel_interfaces_s__rosidl_typesupport_c.so
[17.393s] -- Symlinking: /ros2_ws/ros_workshop_ws/install/dynamixel_interfaces/lib/python3.12/site-packages/dynamixel_interfaces/dynamixel_interfaces_s__rosidl_typesupport_fastrtps_c.so
[17.409s] -- Symlinking: /ros2_ws/ros_workshop_ws/install/dynamixel_interfaces/lib/python3.12/site-packages/dynamixel_interfaces/dynamixel_interfaces_s__rosidl_typesupport_introspection_c.so
[17.427s] -- Symlinking: /ros2_ws/ros_workshop_ws/install/dynamixel_interfaces/lib/python3.12/site-packages/dynamixel_interfaces/msg/__init__.py
[17.441s] -- Symlinking: /ros2_ws/ros_workshop_ws/install/dynamixel_interfaces/lib/python3.12/site-packages/dynamixel_interfaces/msg/_dynamixel_state.py
[17.461s] -- Symlinking: /ros2_ws/ros_workshop_ws/install/dynamixel_interfaces/lib/python3.12/site-packages/dynamixel_interfaces/msg/_dynamixel_state_s.c
[17.483s] -- Symlinking: /ros2_ws/ros_workshop_ws/install/dynamixel_interfaces/lib/python3.12/site-packages/dynamixel_interfaces/srv/__init__.py
[17.496s] -- Symlinking: /ros2_ws/ros_workshop_ws/install/dynamixel_interfaces/lib/python3.12/site-packages/dynamixel_interfaces/srv/_get_data_from_dxl.py
[17.512s] -- Symlinking: /ros2_ws/ros_workshop_ws/install/dynamixel_interfaces/lib/python3.12/site-packages/dynamixel_interfaces/srv/_get_data_from_dxl_s.c
[17.529s] -- Symlinking: /ros2_ws/ros_workshop_ws/install/dynamixel_interfaces/lib/python3.12/site-packages/dynamixel_interfaces/srv/_reboot_dxl.py
[17.547s] -- Symlinking: /ros2_ws/ros_workshop_ws/install/dynamixel_interfaces/lib/python3.12/site-packages/dynamixel_interfaces/srv/_reboot_dxl_s.c
[17.564s] -- Symlinking: /ros2_ws/ros_workshop_ws/install/dynamixel_interfaces/lib/python3.12/site-packages/dynamixel_interfaces/srv/_set_data_to_dxl.py
[17.582s] -- Symlinking: /ros2_ws/ros_workshop_ws/install/dynamixel_interfaces/lib/python3.12/site-packages/dynamixel_interfaces/srv/_set_data_to_dxl_s.c
[17.596s] -- Up-to-date symlink: /ros2_ws/ros_workshop_ws/install/dynamixel_interfaces/lib/python3.12/site-packages/dynamixel_interfaces/dynamixel_interfaces_s__rosidl_typesupport_fastrtps_c.so
[17.596s] -- Up-to-date symlink: /ros2_ws/ros_workshop_ws/install/dynamixel_interfaces/lib/python3.12/site-packages/dynamixel_interfaces/dynamixel_interfaces_s__rosidl_typesupport_introspection_c.so
[17.601s] -- Up-to-date symlink: /ros2_ws/ros_workshop_ws/install/dynamixel_interfaces/lib/python3.12/site-packages/dynamixel_interfaces/dynamixel_interfaces_s__rosidl_typesupport_c.so
[17.601s] -- Symlinking: /ros2_ws/ros_workshop_ws/install/dynamixel_interfaces/share/dynamixel_interfaces/msg/DynamixelState.idl
[17.617s] -- Symlinking: /ros2_ws/ros_workshop_ws/install/dynamixel_interfaces/share/dynamixel_interfaces/srv/GetDataFromDxl.idl
[17.631s] -- Symlinking: /ros2_ws/ros_workshop_ws/install/dynamixel_interfaces/share/dynamixel_interfaces/srv/SetDataToDxl.idl
[17.646s] -- Symlinking: /ros2_ws/ros_workshop_ws/install/dynamixel_interfaces/share/dynamixel_interfaces/srv/RebootDxl.idl
[17.659s] -- Symlinking: /ros2_ws/ros_workshop_ws/install/dynamixel_interfaces/share/dynamixel_interfaces/msg/DynamixelState.msg
[17.674s] -- Symlinking: /ros2_ws/ros_workshop_ws/install/dynamixel_interfaces/share/dynamixel_interfaces/srv/GetDataFromDxl.srv
[17.688s] -- Symlinking: /ros2_ws/ros_workshop_ws/install/dynamixel_interfaces/share/dynamixel_interfaces/srv/SetDataToDxl.srv
[17.703s] -- Symlinking: /ros2_ws/ros_workshop_ws/install/dynamixel_interfaces/share/dynamixel_interfaces/srv/RebootDxl.srv
[17.717s] -- Symlinking: /ros2_ws/ros_workshop_ws/install/dynamixel_interfaces/share/ament_index/resource_index/package_run_dependencies/dynamixel_interfaces
[17.732s] -- Symlinking: /ros2_ws/ros_workshop_ws/install/dynamixel_interfaces/share/ament_index/resource_index/parent_prefix_path/dynamixel_interfaces
[17.747s] -- Symlinking: /ros2_ws/ros_workshop_ws/install/dynamixel_interfaces/share/dynamixel_interfaces/environment/ament_prefix_path.sh
[17.761s] -- Symlinking: /ros2_ws/ros_workshop_ws/install/dynamixel_interfaces/share/dynamixel_interfaces/environment/ament_prefix_path.dsv
[17.775s] -- Symlinking: /ros2_ws/ros_workshop_ws/install/dynamixel_interfaces/share/dynamixel_interfaces/environment/path.sh
[17.789s] -- Symlinking: /ros2_ws/ros_workshop_ws/install/dynamixel_interfaces/share/dynamixel_interfaces/environment/path.dsv
[17.804s] -- Symlinking: /ros2_ws/ros_workshop_ws/install/dynamixel_interfaces/share/dynamixel_interfaces/local_setup.bash
[17.818s] -- Symlinking: /ros2_ws/ros_workshop_ws/install/dynamixel_interfaces/share/dynamixel_interfaces/local_setup.sh
[17.833s] -- Symlinking: /ros2_ws/ros_workshop_ws/install/dynamixel_interfaces/share/dynamixel_interfaces/local_setup.zsh
[17.848s] -- Symlinking: /ros2_ws/ros_workshop_ws/install/dynamixel_interfaces/share/dynamixel_interfaces/local_setup.dsv
[17.864s] -- Symlinking: /ros2_ws/ros_workshop_ws/install/dynamixel_interfaces/share/dynamixel_interfaces/package.dsv
[17.880s] -- Symlinking: /ros2_ws/ros_workshop_ws/install/dynamixel_interfaces/share/ament_index/resource_index/packages/dynamixel_interfaces
[17.896s] -- Symlinking: /ros2_ws/ros_workshop_ws/install/dynamixel_interfaces/share/dynamixel_interfaces/cmake/rosidl_cmake-extras.cmake
[17.913s] -- Symlinking: /ros2_ws/ros_workshop_ws/install/dynamixel_interfaces/share/dynamixel_interfaces/cmake/ament_cmake_export_dependencies-extras.cmake
[17.930s] -- Symlinking: /ros2_ws/ros_workshop_ws/install/dynamixel_interfaces/share/dynamixel_interfaces/cmake/ament_cmake_export_include_directories-extras.cmake
[17.948s] -- Symlinking: /ros2_ws/ros_workshop_ws/install/dynamixel_interfaces/share/dynamixel_interfaces/cmake/ament_cmake_export_libraries-extras.cmake
[17.965s] -- Symlinking: /ros2_ws/ros_workshop_ws/install/dynamixel_interfaces/share/dynamixel_interfaces/cmake/ament_cmake_export_targets-extras.cmake
[17.982s] -- Symlinking: /ros2_ws/ros_workshop_ws/install/dynamixel_interfaces/share/dynamixel_interfaces/cmake/rosidl_cmake_export_typesupport_targets-extras.cmake
[17.999s] -- Symlinking: /ros2_ws/ros_workshop_ws/install/dynamixel_interfaces/share/dynamixel_interfaces/cmake/rosidl_cmake_export_typesupport_libraries-extras.cmake
[18.015s] -- Symlinking: /ros2_ws/ros_workshop_ws/install/dynamixel_interfaces/share/dynamixel_interfaces/cmake/dynamixel_interfacesConfig.cmake
[18.032s] -- Symlinking: /ros2_ws/ros_workshop_ws/install/dynamixel_interfaces/share/dynamixel_interfaces/cmake/dynamixel_interfacesConfig-version.cmake
[18.047s] -- Symlinking: /ros2_ws/ros_workshop_ws/install/dynamixel_interfaces/share/dynamixel_interfaces/package.xml
[18.061s] -- Installing: /ros2_ws/ros_workshop_ws/install/dynamixel_interfaces/lib/libdynamixel_interfaces__rosidl_generator_c.so
[18.061s] -- Set non-toolchain portion of runtime path of "/ros2_ws/ros_workshop_ws/install/dynamixel_interfaces/lib/libdynamixel_interfaces__rosidl_generator_c.so" to ""
[18.062s] -- Installing: /ros2_ws/ros_workshop_ws/install/dynamixel_interfaces/lib/libdynamixel_interfaces__rosidl_typesupport_fastrtps_c.so
[18.062s] -- Set non-toolchain portion of runtime path of "/ros2_ws/ros_workshop_ws/install/dynamixel_interfaces/lib/libdynamixel_interfaces__rosidl_typesupport_fastrtps_c.so" to ""
[18.062s] -- Installing: /ros2_ws/ros_workshop_ws/install/dynamixel_interfaces/lib/libdynamixel_interfaces__rosidl_typesupport_fastrtps_cpp.so
[18.063s] -- Set non-toolchain portion of runtime path of "/ros2_ws/ros_workshop_ws/install/dynamixel_interfaces/lib/libdynamixel_interfaces__rosidl_typesupport_fastrtps_cpp.so" to ""
[18.063s] -- Installing: /ros2_ws/ros_workshop_ws/install/dynamixel_interfaces/lib/libdynamixel_interfaces__rosidl_typesupport_introspection_c.so
[18.064s] -- Set non-toolchain portion of runtime path of "/ros2_ws/ros_workshop_ws/install/dynamixel_interfaces/lib/libdynamixel_interfaces__rosidl_typesupport_introspection_c.so" to ""
[18.064s] -- Installing: /ros2_ws/ros_workshop_ws/install/dynamixel_interfaces/lib/libdynamixel_interfaces__rosidl_typesupport_c.so
[18.064s] -- Set non-toolchain portion of runtime path of "/ros2_ws/ros_workshop_ws/install/dynamixel_interfaces/lib/libdynamixel_interfaces__rosidl_typesupport_c.so" to ""
[18.064s] -- Installing: /ros2_ws/ros_workshop_ws/install/dynamixel_interfaces/lib/libdynamixel_interfaces__rosidl_typesupport_introspection_cpp.so
[18.065s] -- Set non-toolchain portion of runtime path of "/ros2_ws/ros_workshop_ws/install/dynamixel_interfaces/lib/libdynamixel_interfaces__rosidl_typesupport_introspection_cpp.so" to ""
[18.065s] -- Installing: /ros2_ws/ros_workshop_ws/install/dynamixel_interfaces/lib/libdynamixel_interfaces__rosidl_typesupport_cpp.so
[18.066s] -- Set non-toolchain portion of runtime path of "/ros2_ws/ros_workshop_ws/install/dynamixel_interfaces/lib/libdynamixel_interfaces__rosidl_typesupport_cpp.so" to ""
[18.129s] Listing '/ros2_ws/ros_workshop_ws/install/dynamixel_interfaces/lib/python3.12/site-packages/dynamixel_interfaces'...
[18.130s] Compiling '/ros2_ws/ros_workshop_ws/install/dynamixel_interfaces/lib/python3.12/site-packages/dynamixel_interfaces/__init__.py'...
[18.130s] Listing '/ros2_ws/ros_workshop_ws/install/dynamixel_interfaces/lib/python3.12/site-packages/dynamixel_interfaces/msg'...
[18.130s] Compiling '/ros2_ws/ros_workshop_ws/install/dynamixel_interfaces/lib/python3.12/site-packages/dynamixel_interfaces/msg/__init__.py'...
[18.130s] Compiling '/ros2_ws/ros_workshop_ws/install/dynamixel_interfaces/lib/python3.12/site-packages/dynamixel_interfaces/msg/_dynamixel_state.py'...
[18.130s] Listing '/ros2_ws/ros_workshop_ws/install/dynamixel_interfaces/lib/python3.12/site-packages/dynamixel_interfaces/srv'...
[18.130s] Compiling '/ros2_ws/ros_workshop_ws/install/dynamixel_interfaces/lib/python3.12/site-packages/dynamixel_interfaces/srv/__init__.py'...
[18.130s] Compiling '/ros2_ws/ros_workshop_ws/install/dynamixel_interfaces/lib/python3.12/site-packages/dynamixel_interfaces/srv/_get_data_from_dxl.py'...
[18.131s] Compiling '/ros2_ws/ros_workshop_ws/install/dynamixel_interfaces/lib/python3.12/site-packages/dynamixel_interfaces/srv/_reboot_dxl.py'...
[18.131s] Compiling '/ros2_ws/ros_workshop_ws/install/dynamixel_interfaces/lib/python3.12/site-packages/dynamixel_interfaces/srv/_set_data_to_dxl.py'...
[18.142s] -- Installing: /ros2_ws/ros_workshop_ws/install/dynamixel_interfaces/lib/libdynamixel_interfaces__rosidl_generator_py.so
[18.143s] -- Set non-toolchain portion of runtime path of "/ros2_ws/ros_workshop_ws/install/dynamixel_interfaces/lib/libdynamixel_interfaces__rosidl_generator_py.so" to ""
[18.144s] -- Installing: /ros2_ws/ros_workshop_ws/install/dynamixel_interfaces/share/dynamixel_interfaces/cmake/export_dynamixel_interfaces__rosidl_generator_cExport.cmake
[18.144s] -- Installing: /ros2_ws/ros_workshop_ws/install/dynamixel_interfaces/share/dynamixel_interfaces/cmake/export_dynamixel_interfaces__rosidl_generator_cExport-noconfig.cmake
[18.144s] -- Installing: /ros2_ws/ros_workshop_ws/install/dynamixel_interfaces/share/dynamixel_interfaces/cmake/export_dynamixel_interfaces__rosidl_typesupport_fastrtps_cExport.cmake
[18.144s] -- Installing: /ros2_ws/ros_workshop_ws/install/dynamixel_interfaces/share/dynamixel_interfaces/cmake/export_dynamixel_interfaces__rosidl_typesupport_fastrtps_cExport-noconfig.cmake
[18.144s] -- Installing: /ros2_ws/ros_workshop_ws/install/dynamixel_interfaces/share/dynamixel_interfaces/cmake/export_dynamixel_interfaces__rosidl_generator_cppExport.cmake
[18.144s] -- Installing: /ros2_ws/ros_workshop_ws/install/dynamixel_interfaces/share/dynamixel_interfaces/cmake/export_dynamixel_interfaces__rosidl_typesupport_fastrtps_cppExport.cmake
[18.144s] -- Installing: /ros2_ws/ros_workshop_ws/install/dynamixel_interfaces/share/dynamixel_interfaces/cmake/export_dynamixel_interfaces__rosidl_typesupport_fastrtps_cppExport-noconfig.cmake
[18.144s] -- Installing: /ros2_ws/ros_workshop_ws/install/dynamixel_interfaces/share/dynamixel_interfaces/cmake/dynamixel_interfaces__rosidl_typesupport_introspection_cExport.cmake
[18.145s] -- Installing: /ros2_ws/ros_workshop_ws/install/dynamixel_interfaces/share/dynamixel_interfaces/cmake/dynamixel_interfaces__rosidl_typesupport_introspection_cExport-noconfig.cmake
[18.145s] -- Installing: /ros2_ws/ros_workshop_ws/install/dynamixel_interfaces/share/dynamixel_interfaces/cmake/dynamixel_interfaces__rosidl_typesupport_cExport.cmake
[18.145s] -- Installing: /ros2_ws/ros_workshop_ws/install/dynamixel_interfaces/share/dynamixel_interfaces/cmake/dynamixel_interfaces__rosidl_typesupport_cExport-noconfig.cmake
[18.145s] -- Installing: /ros2_ws/ros_workshop_ws/install/dynamixel_interfaces/share/dynamixel_interfaces/cmake/dynamixel_interfaces__rosidl_typesupport_introspection_cppExport.cmake
[18.145s] -- Installing: /ros2_ws/ros_workshop_ws/install/dynamixel_interfaces/share/dynamixel_interfaces/cmake/dynamixel_interfaces__rosidl_typesupport_introspection_cppExport-noconfig.cmake
[18.145s] -- Installing: /ros2_ws/ros_workshop_ws/install/dynamixel_interfaces/share/dynamixel_interfaces/cmake/dynamixel_interfaces__rosidl_typesupport_cppExport.cmake
[18.145s] -- Installing: /ros2_ws/ros_workshop_ws/install/dynamixel_interfaces/share/dynamixel_interfaces/cmake/dynamixel_interfaces__rosidl_typesupport_cppExport-noconfig.cmake
[18.145s] -- Installing: /ros2_ws/ros_workshop_ws/install/dynamixel_interfaces/share/dynamixel_interfaces/cmake/export_dynamixel_interfaces__rosidl_generator_pyExport.cmake
[18.145s] -- Installing: /ros2_ws/ros_workshop_ws/install/dynamixel_interfaces/share/dynamixel_interfaces/cmake/export_dynamixel_interfaces__rosidl_generator_pyExport-noconfig.cmake
[18.149s] Invoked command in '/ros2_ws/ros_workshop_ws/build/dynamixel_interfaces' returned '0': CMAKE_PREFIX_PATH=${CMAKE_PREFIX_PATH}:/opt/ros/jazzy /usr/bin/cmake --install /ros2_ws/ros_workshop_ws/build/dynamixel_interfaces
