running egg_info
creating ../../build/open_manipulator_teleop/open_manipulator_teleop.egg-info
writing ../../build/open_manipulator_teleop/open_manipulator_teleop.egg-info/PKG-INFO
writing dependency_links to ../../build/open_manipulator_teleop/open_manipulator_teleop.egg-info/dependency_links.txt
writing entry points to ../../build/open_manipulator_teleop/open_manipulator_teleop.egg-info/entry_points.txt
writing requirements to ../../build/open_manipulator_teleop/open_manipulator_teleop.egg-info/requires.txt
writing top-level names to ../../build/open_manipulator_teleop/open_manipulator_teleop.egg-info/top_level.txt
writing manifest file '../../build/open_manipulator_teleop/open_manipulator_teleop.egg-info/SOURCES.txt'
reading manifest file '../../build/open_manipulator_teleop/open_manipulator_teleop.egg-info/SOURCES.txt'
writing manifest file '../../build/open_manipulator_teleop/open_manipulator_teleop.egg-info/SOURCES.txt'
running build
running build_py
creating /ros2_ws/ros_workshop_ws/src/build/open_manipulator_teleop/build
creating /ros2_ws/ros_workshop_ws/src/build/open_manipulator_teleop/build/lib
creating /ros2_ws/ros_workshop_ws/src/build/open_manipulator_teleop/build/lib/open_manipulator_teleop
copying open_manipulator_teleop/__init__.py -> /ros2_ws/ros_workshop_ws/src/build/open_manipulator_teleop/build/lib/open_manipulator_teleop
copying open_manipulator_teleop/keyboard_control_y.py -> /ros2_ws/ros_workshop_ws/src/build/open_manipulator_teleop/build/lib/open_manipulator_teleop
copying open_manipulator_teleop/keyboard_control_x.py -> /ros2_ws/ros_workshop_ws/src/build/open_manipulator_teleop/build/lib/open_manipulator_teleop
copying open_manipulator_teleop/keyboard_control_y_follower.py -> /ros2_ws/ros_workshop_ws/src/build/open_manipulator_teleop/build/lib/open_manipulator_teleop
running install
running install_lib
creating /ros2_ws/ros_workshop_ws/src/install/open_manipulator_teleop/lib/python3.12/site-packages/open_manipulator_teleop
copying /ros2_ws/ros_workshop_ws/src/build/open_manipulator_teleop/build/lib/open_manipulator_teleop/__init__.py -> /ros2_ws/ros_workshop_ws/src/install/open_manipulator_teleop/lib/python3.12/site-packages/open_manipulator_teleop
copying /ros2_ws/ros_workshop_ws/src/build/open_manipulator_teleop/build/lib/open_manipulator_teleop/keyboard_control_y.py -> /ros2_ws/ros_workshop_ws/src/install/open_manipulator_teleop/lib/python3.12/site-packages/open_manipulator_teleop
copying /ros2_ws/ros_workshop_ws/src/build/open_manipulator_teleop/build/lib/open_manipulator_teleop/keyboard_control_x.py -> /ros2_ws/ros_workshop_ws/src/install/open_manipulator_teleop/lib/python3.12/site-packages/open_manipulator_teleop
copying /ros2_ws/ros_workshop_ws/src/build/open_manipulator_teleop/build/lib/open_manipulator_teleop/keyboard_control_y_follower.py -> /ros2_ws/ros_workshop_ws/src/install/open_manipulator_teleop/lib/python3.12/site-packages/open_manipulator_teleop
byte-compiling /ros2_ws/ros_workshop_ws/src/install/open_manipulator_teleop/lib/python3.12/site-packages/open_manipulator_teleop/__init__.py to __init__.cpython-312.pyc
byte-compiling /ros2_ws/ros_workshop_ws/src/install/open_manipulator_teleop/lib/python3.12/site-packages/open_manipulator_teleop/keyboard_control_y.py to keyboard_control_y.cpython-312.pyc
byte-compiling /ros2_ws/ros_workshop_ws/src/install/open_manipulator_teleop/lib/python3.12/site-packages/open_manipulator_teleop/keyboard_control_x.py to keyboard_control_x.cpython-312.pyc
byte-compiling /ros2_ws/ros_workshop_ws/src/install/open_manipulator_teleop/lib/python3.12/site-packages/open_manipulator_teleop/keyboard_control_y_follower.py to keyboard_control_y_follower.cpython-312.pyc
running install_data
creating /ros2_ws/ros_workshop_ws/src/install/open_manipulator_teleop/share/ament_index
creating /ros2_ws/ros_workshop_ws/src/install/open_manipulator_teleop/share/ament_index/resource_index
creating /ros2_ws/ros_workshop_ws/src/install/open_manipulator_teleop/share/ament_index/resource_index/packages
copying resource/open_manipulator_teleop -> /ros2_ws/ros_workshop_ws/src/install/open_manipulator_teleop/share/ament_index/resource_index/packages
copying package.xml -> /ros2_ws/ros_workshop_ws/src/install/open_manipulator_teleop/share/open_manipulator_teleop
running install_egg_info
Copying ../../build/open_manipulator_teleop/open_manipulator_teleop.egg-info to /ros2_ws/ros_workshop_ws/src/install/open_manipulator_teleop/lib/python3.12/site-packages/open_manipulator_teleop-3.3.0-py3.12.egg-info
running install_scripts
Installing keyboard_control_x script to /ros2_ws/ros_workshop_ws/src/install/open_manipulator_teleop/lib/open_manipulator_teleop
Installing keyboard_control_y script to /ros2_ws/ros_workshop_ws/src/install/open_manipulator_teleop/lib/open_manipulator_teleop
Installing keyboard_control_y_follower script to /ros2_ws/ros_workshop_ws/src/install/open_manipulator_teleop/lib/open_manipulator_teleop
writing list of installed files to '/ros2_ws/ros_workshop_ws/src/build/open_manipulator_teleop/install.log'
