[0.070s] Invoking command in '/ros2_ws/ros_workshop_ws/build/om_gravity_compensation_controller': CMAKE_PREFIX_PATH=${CMAKE_PREFIX_PATH}:/ros2_ws/ros_workshop_ws/install/open_manipulator_teleop:/ros2_ws/ros_workshop_ws/install/open_manipulator_bringup:/opt/ros/jazzy /usr/bin/cmake --build /ros2_ws/ros_workshop_ws/build/om_gravity_compensation_controller -- -j16 -l16
[0.479s] [ 50%] Built target gravity_compensation_controller_parameters
[0.479s] [100%] Built target gravity_compensation_controller
[0.506s] Invoked command in '/ros2_ws/ros_workshop_ws/build/om_gravity_compensation_controller' returned '0': CMAKE_PREFIX_PATH=${CMAKE_PREFIX_PATH}:/ros2_ws/ros_workshop_ws/install/open_manipulator_teleop:/ros2_ws/ros_workshop_ws/install/open_manipulator_bringup:/opt/ros/jazzy /usr/bin/cmake --build /ros2_ws/ros_workshop_ws/build/om_gravity_compensation_controller -- -j16 -l16
[0.506s] Invoking command in '/ros2_ws/ros_workshop_ws/build/om_gravity_compensation_controller': CMAKE_PREFIX_PATH=${CMAKE_PREFIX_PATH}:/ros2_ws/ros_workshop_ws/install/open_manipulator_teleop:/ros2_ws/ros_workshop_ws/install/open_manipulator_bringup:/opt/ros/jazzy /usr/bin/cmake --install /ros2_ws/ros_workshop_ws/build/om_gravity_compensation_controller
[0.531s] -- Install configuration: ""
[0.535s] -- Execute custom install script
[0.536s] -- Up-to-date symlink: /ros2_ws/ros_workshop_ws/install/om_gravity_compensation_controller/include/om_gravity_compensation_controller/gravity_compensation_controller_parameters.hpp
[0.537s] -- Up-to-date symlink: /ros2_ws/ros_workshop_ws/install/om_gravity_compensation_controller/share/om_gravity_compensation_controller//gravity_compensation_plugin.xml
[0.537s] -- Up-to-date symlink: /ros2_ws/ros_workshop_ws/install/om_gravity_compensation_controller/include/gravity_compensation_controller/gravity_compensation_controller/gravity_compensation_controller.hpp
[0.538s] -- Up-to-date symlink: /ros2_ws/ros_workshop_ws/install/om_gravity_compensation_controller/include/gravity_compensation_controller/gravity_compensation_controller/visibility_control.h
[0.538s] -- Up-to-date symlink: /ros2_ws/ros_workshop_ws/install/om_gravity_compensation_controller/share/om_gravity_compensation_controller/environment/library_path.sh
[0.539s] -- Up-to-date symlink: /ros2_ws/ros_workshop_ws/install/om_gravity_compensation_controller/share/om_gravity_compensation_controller/environment/library_path.dsv
[0.539s] -- Up-to-date symlink: /ros2_ws/ros_workshop_ws/install/om_gravity_compensation_controller/share/ament_index/resource_index/package_run_dependencies/om_gravity_compensation_controller
[0.539s] -- Up-to-date symlink: /ros2_ws/ros_workshop_ws/install/om_gravity_compensation_controller/share/ament_index/resource_index/parent_prefix_path/om_gravity_compensation_controller
[0.541s] -- Up-to-date symlink: /ros2_ws/ros_workshop_ws/install/om_gravity_compensation_controller/share/om_gravity_compensation_controller/environment/ament_prefix_path.sh
[0.541s] -- Up-to-date symlink: /ros2_ws/ros_workshop_ws/install/om_gravity_compensation_controller/share/om_gravity_compensation_controller/environment/ament_prefix_path.dsv
[0.541s] -- Up-to-date symlink: /ros2_ws/ros_workshop_ws/install/om_gravity_compensation_controller/share/om_gravity_compensation_controller/environment/path.sh
[0.541s] -- Up-to-date symlink: /ros2_ws/ros_workshop_ws/install/om_gravity_compensation_controller/share/om_gravity_compensation_controller/environment/path.dsv
[0.541s] -- Up-to-date symlink: /ros2_ws/ros_workshop_ws/install/om_gravity_compensation_controller/share/om_gravity_compensation_controller/local_setup.bash
[0.541s] -- Up-to-date symlink: /ros2_ws/ros_workshop_ws/install/om_gravity_compensation_controller/share/om_gravity_compensation_controller/local_setup.sh
[0.541s] -- Up-to-date symlink: /ros2_ws/ros_workshop_ws/install/om_gravity_compensation_controller/share/om_gravity_compensation_controller/local_setup.zsh
[0.542s] -- Up-to-date symlink: /ros2_ws/ros_workshop_ws/install/om_gravity_compensation_controller/share/om_gravity_compensation_controller/local_setup.dsv
[0.542s] -- Symlinking: /ros2_ws/ros_workshop_ws/install/om_gravity_compensation_controller/share/om_gravity_compensation_controller/package.dsv
[0.554s] -- Up-to-date symlink: /ros2_ws/ros_workshop_ws/install/om_gravity_compensation_controller/share/ament_index/resource_index/packages/om_gravity_compensation_controller
[0.554s] -- Up-to-date symlink: /ros2_ws/ros_workshop_ws/install/om_gravity_compensation_controller/share/ament_index/resource_index/controller_interface__pluginlib__plugin/om_gravity_compensation_controller
[0.554s] -- Up-to-date symlink: /ros2_ws/ros_workshop_ws/install/om_gravity_compensation_controller/share/om_gravity_compensation_controller/cmake/ament_cmake_export_dependencies-extras.cmake
[0.554s] -- Up-to-date symlink: /ros2_ws/ros_workshop_ws/install/om_gravity_compensation_controller/share/om_gravity_compensation_controller/cmake/ament_cmake_export_targets-extras.cmake
[0.554s] -- Up-to-date symlink: /ros2_ws/ros_workshop_ws/install/om_gravity_compensation_controller/share/om_gravity_compensation_controller/cmake/om_gravity_compensation_controllerConfig.cmake
[0.555s] -- Up-to-date symlink: /ros2_ws/ros_workshop_ws/install/om_gravity_compensation_controller/share/om_gravity_compensation_controller/cmake/om_gravity_compensation_controllerConfig-version.cmake
[0.555s] -- Up-to-date symlink: /ros2_ws/ros_workshop_ws/install/om_gravity_compensation_controller/share/om_gravity_compensation_controller/package.xml
[0.555s] -- Up-to-date: /ros2_ws/ros_workshop_ws/install/om_gravity_compensation_controller/lib/libgravity_compensation_controller.so
[0.555s] -- Up-to-date: /ros2_ws/ros_workshop_ws/install/om_gravity_compensation_controller/share/om_gravity_compensation_controller/cmake/export_gravity_compensation_controllerExport.cmake
[0.556s] -- Up-to-date: /ros2_ws/ros_workshop_ws/install/om_gravity_compensation_controller/share/om_gravity_compensation_controller/cmake/export_gravity_compensation_controllerExport-noconfig.cmake
[0.600s] Invoked command in '/ros2_ws/ros_workshop_ws/build/om_gravity_compensation_controller' returned '0': CMAKE_PREFIX_PATH=${CMAKE_PREFIX_PATH}:/ros2_ws/ros_workshop_ws/install/open_manipulator_teleop:/ros2_ws/ros_workshop_ws/install/open_manipulator_bringup:/opt/ros/jazzy /usr/bin/cmake --install /ros2_ws/ros_workshop_ws/build/om_gravity_compensation_controller
