[0.086s] Invoking command in '/ros2_ws/ros_workshop_ws/build/dynamixel_sdk': CMAKE_PREFIX_PATH=${CMAKE_PREFIX_PATH}:/ros2_ws/ros_workshop_ws/install/open_manipulator_teleop:/ros2_ws/ros_workshop_ws/install/open_manipulator_bringup:/opt/ros/jazzy /usr/bin/cmake --build /ros2_ws/ros_workshop_ws/build/dynamixel_sdk -- -j16 -l16
[0.184s] [100%] Built target dynamixel_sdk
[0.184s] [100%] Built target ament_cmake_python_symlink_dynamixel_sdk
[0.533s] running egg_info
[0.580s] writing dynamixel_sdk.egg-info/PKG-INFO
[0.580s] writing dependency_links to dynamixel_sdk.egg-info/dependency_links.txt
[0.580s] writing top-level names to dynamixel_sdk.egg-info/top_level.txt
[0.648s] reading manifest file 'dynamixel_sdk.egg-info/SOURCES.txt'
[0.648s] writing manifest file 'dynamixel_sdk.egg-info/SOURCES.txt'
[0.705s] [100%] Built target ament_cmake_python_build_dynamixel_sdk_egg
[0.733s] Invoked command in '/ros2_ws/ros_workshop_ws/build/dynamixel_sdk' returned '0': CMAKE_PREFIX_PATH=${CMAKE_PREFIX_PATH}:/ros2_ws/ros_workshop_ws/install/open_manipulator_teleop:/ros2_ws/ros_workshop_ws/install/open_manipulator_bringup:/opt/ros/jazzy /usr/bin/cmake --build /ros2_ws/ros_workshop_ws/build/dynamixel_sdk -- -j16 -l16
[0.733s] Invoking command in '/ros2_ws/ros_workshop_ws/build/dynamixel_sdk': CMAKE_PREFIX_PATH=${CMAKE_PREFIX_PATH}:/ros2_ws/ros_workshop_ws/install/open_manipulator_teleop:/ros2_ws/ros_workshop_ws/install/open_manipulator_bringup:/opt/ros/jazzy /usr/bin/cmake --install /ros2_ws/ros_workshop_ws/build/dynamixel_sdk
[0.745s] -- Install configuration: ""
[0.746s] -- Execute custom install script
[0.746s] -- Up-to-date symlink: /ros2_ws/ros_workshop_ws/install/dynamixel_sdk/include//dynamixel_sdk/dynamixel_sdk.h
[0.747s] -- Up-to-date symlink: /ros2_ws/ros_workshop_ws/install/dynamixel_sdk/include//dynamixel_sdk/group_bulk_read.h
[0.747s] -- Up-to-date symlink: /ros2_ws/ros_workshop_ws/install/dynamixel_sdk/include//dynamixel_sdk/group_bulk_write.h
[0.747s] -- Up-to-date symlink: /ros2_ws/ros_workshop_ws/install/dynamixel_sdk/include//dynamixel_sdk/group_fast_bulk_read.h
[0.747s] -- Up-to-date symlink: /ros2_ws/ros_workshop_ws/install/dynamixel_sdk/include//dynamixel_sdk/group_fast_sync_read.h
[0.747s] -- Up-to-date symlink: /ros2_ws/ros_workshop_ws/install/dynamixel_sdk/include//dynamixel_sdk/group_handler.h
[0.747s] -- Up-to-date symlink: /ros2_ws/ros_workshop_ws/install/dynamixel_sdk/include//dynamixel_sdk/group_sync_read.h
[0.747s] -- Up-to-date symlink: /ros2_ws/ros_workshop_ws/install/dynamixel_sdk/include//dynamixel_sdk/group_sync_write.h
[0.747s] -- Up-to-date symlink: /ros2_ws/ros_workshop_ws/install/dynamixel_sdk/include//dynamixel_sdk/packet_handler.h
[0.748s] -- Up-to-date symlink: /ros2_ws/ros_workshop_ws/install/dynamixel_sdk/include//dynamixel_sdk/port_handler.h
[0.748s] -- Up-to-date symlink: /ros2_ws/ros_workshop_ws/install/dynamixel_sdk/include//dynamixel_sdk/port_handler_arduino.h
[0.748s] -- Up-to-date symlink: /ros2_ws/ros_workshop_ws/install/dynamixel_sdk/include//dynamixel_sdk/port_handler_linux.h
[0.748s] -- Up-to-date symlink: /ros2_ws/ros_workshop_ws/install/dynamixel_sdk/include//dynamixel_sdk/port_handler_mac.h
[0.748s] -- Up-to-date symlink: /ros2_ws/ros_workshop_ws/install/dynamixel_sdk/include//dynamixel_sdk/port_handler_windows.h
[0.748s] -- Up-to-date symlink: /ros2_ws/ros_workshop_ws/install/dynamixel_sdk/include//dynamixel_sdk/protocol1_packet_handler.h
[0.748s] -- Up-to-date symlink: /ros2_ws/ros_workshop_ws/install/dynamixel_sdk/include//dynamixel_sdk/protocol2_packet_handler.h
[0.749s] -- Up-to-date symlink: /ros2_ws/ros_workshop_ws/install/dynamixel_sdk/share/dynamixel_sdk/environment/pythonpath.sh
[0.749s] -- Up-to-date symlink: /ros2_ws/ros_workshop_ws/install/dynamixel_sdk/share/dynamixel_sdk/environment/pythonpath.dsv
[0.749s] -- Up-to-date symlink: /ros2_ws/ros_workshop_ws/install/dynamixel_sdk/lib/python3.12/site-packages/dynamixel_sdk-3.8.4-py3.12.egg-info/PKG-INFO
[0.749s] -- Up-to-date symlink: /ros2_ws/ros_workshop_ws/install/dynamixel_sdk/lib/python3.12/site-packages/dynamixel_sdk-3.8.4-py3.12.egg-info/SOURCES.txt
[0.749s] -- Up-to-date symlink: /ros2_ws/ros_workshop_ws/install/dynamixel_sdk/lib/python3.12/site-packages/dynamixel_sdk-3.8.4-py3.12.egg-info/dependency_links.txt
[0.749s] -- Up-to-date symlink: /ros2_ws/ros_workshop_ws/install/dynamixel_sdk/lib/python3.12/site-packages/dynamixel_sdk-3.8.4-py3.12.egg-info/top_level.txt
[0.749s] -- Up-to-date symlink: /ros2_ws/ros_workshop_ws/install/dynamixel_sdk/lib/python3.12/site-packages/dynamixel_sdk/__init__.py
[0.749s] -- Up-to-date symlink: /ros2_ws/ros_workshop_ws/install/dynamixel_sdk/lib/python3.12/site-packages/dynamixel_sdk/group_bulk_read.cpp
[0.749s] -- Up-to-date symlink: /ros2_ws/ros_workshop_ws/install/dynamixel_sdk/lib/python3.12/site-packages/dynamixel_sdk/group_bulk_read.py
[0.749s] -- Up-to-date symlink: /ros2_ws/ros_workshop_ws/install/dynamixel_sdk/lib/python3.12/site-packages/dynamixel_sdk/group_bulk_write.cpp
[0.750s] -- Up-to-date symlink: /ros2_ws/ros_workshop_ws/install/dynamixel_sdk/lib/python3.12/site-packages/dynamixel_sdk/group_bulk_write.py
[0.750s] -- Up-to-date symlink: /ros2_ws/ros_workshop_ws/install/dynamixel_sdk/lib/python3.12/site-packages/dynamixel_sdk/group_fast_bulk_read.cpp
[0.750s] -- Up-to-date symlink: /ros2_ws/ros_workshop_ws/install/dynamixel_sdk/lib/python3.12/site-packages/dynamixel_sdk/group_fast_sync_read.cpp
[0.750s] -- Up-to-date symlink: /ros2_ws/ros_workshop_ws/install/dynamixel_sdk/lib/python3.12/site-packages/dynamixel_sdk/group_handler.cpp
[0.750s] -- Up-to-date symlink: /ros2_ws/ros_workshop_ws/install/dynamixel_sdk/lib/python3.12/site-packages/dynamixel_sdk/group_sync_read.cpp
[0.750s] -- Up-to-date symlink: /ros2_ws/ros_workshop_ws/install/dynamixel_sdk/lib/python3.12/site-packages/dynamixel_sdk/group_sync_read.py
[0.751s] -- Up-to-date symlink: /ros2_ws/ros_workshop_ws/install/dynamixel_sdk/lib/python3.12/site-packages/dynamixel_sdk/group_sync_write.cpp
[0.751s] -- Up-to-date symlink: /ros2_ws/ros_workshop_ws/install/dynamixel_sdk/lib/python3.12/site-packages/dynamixel_sdk/group_sync_write.py
[0.751s] -- Up-to-date symlink: /ros2_ws/ros_workshop_ws/install/dynamixel_sdk/lib/python3.12/site-packages/dynamixel_sdk/packet_handler.cpp
[0.751s] -- Up-to-date symlink: /ros2_ws/ros_workshop_ws/install/dynamixel_sdk/lib/python3.12/site-packages/dynamixel_sdk/packet_handler.py
[0.751s] -- Up-to-date symlink: /ros2_ws/ros_workshop_ws/install/dynamixel_sdk/lib/python3.12/site-packages/dynamixel_sdk/port_handler.cpp
[0.751s] -- Up-to-date symlink: /ros2_ws/ros_workshop_ws/install/dynamixel_sdk/lib/python3.12/site-packages/dynamixel_sdk/port_handler.py
[0.751s] -- Up-to-date symlink: /ros2_ws/ros_workshop_ws/install/dynamixel_sdk/lib/python3.12/site-packages/dynamixel_sdk/port_handler_arduino.cpp
[0.751s] -- Up-to-date symlink: /ros2_ws/ros_workshop_ws/install/dynamixel_sdk/lib/python3.12/site-packages/dynamixel_sdk/port_handler_linux.cpp
[0.752s] -- Up-to-date symlink: /ros2_ws/ros_workshop_ws/install/dynamixel_sdk/lib/python3.12/site-packages/dynamixel_sdk/port_handler_mac.cpp
[0.752s] -- Up-to-date symlink: /ros2_ws/ros_workshop_ws/install/dynamixel_sdk/lib/python3.12/site-packages/dynamixel_sdk/port_handler_windows.cpp
[0.752s] -- Up-to-date symlink: /ros2_ws/ros_workshop_ws/install/dynamixel_sdk/lib/python3.12/site-packages/dynamixel_sdk/protocol1_packet_handler.cpp
[0.752s] -- Up-to-date symlink: /ros2_ws/ros_workshop_ws/install/dynamixel_sdk/lib/python3.12/site-packages/dynamixel_sdk/protocol1_packet_handler.py
[0.752s] -- Up-to-date symlink: /ros2_ws/ros_workshop_ws/install/dynamixel_sdk/lib/python3.12/site-packages/dynamixel_sdk/protocol2_packet_handler.cpp
[0.752s] -- Up-to-date symlink: /ros2_ws/ros_workshop_ws/install/dynamixel_sdk/lib/python3.12/site-packages/dynamixel_sdk/protocol2_packet_handler.py
[0.752s] -- Up-to-date symlink: /ros2_ws/ros_workshop_ws/install/dynamixel_sdk/lib/python3.12/site-packages/dynamixel_sdk/robotis_def.py
[0.752s] -- Up-to-date symlink: /ros2_ws/ros_workshop_ws/install/dynamixel_sdk/share/dynamixel_sdk/environment/library_path.sh
[0.752s] -- Up-to-date symlink: /ros2_ws/ros_workshop_ws/install/dynamixel_sdk/share/dynamixel_sdk/environment/library_path.dsv
[0.752s] -- Up-to-date symlink: /ros2_ws/ros_workshop_ws/install/dynamixel_sdk/share/ament_index/resource_index/package_run_dependencies/dynamixel_sdk
[0.753s] -- Up-to-date symlink: /ros2_ws/ros_workshop_ws/install/dynamixel_sdk/share/ament_index/resource_index/parent_prefix_path/dynamixel_sdk
[0.753s] -- Up-to-date symlink: /ros2_ws/ros_workshop_ws/install/dynamixel_sdk/share/dynamixel_sdk/environment/ament_prefix_path.sh
[0.753s] -- Up-to-date symlink: /ros2_ws/ros_workshop_ws/install/dynamixel_sdk/share/dynamixel_sdk/environment/ament_prefix_path.dsv
[0.753s] -- Up-to-date symlink: /ros2_ws/ros_workshop_ws/install/dynamixel_sdk/share/dynamixel_sdk/environment/path.sh
[0.753s] -- Up-to-date symlink: /ros2_ws/ros_workshop_ws/install/dynamixel_sdk/share/dynamixel_sdk/environment/path.dsv
[0.753s] -- Up-to-date symlink: /ros2_ws/ros_workshop_ws/install/dynamixel_sdk/share/dynamixel_sdk/local_setup.bash
[0.753s] -- Up-to-date symlink: /ros2_ws/ros_workshop_ws/install/dynamixel_sdk/share/dynamixel_sdk/local_setup.sh
[0.754s] -- Up-to-date symlink: /ros2_ws/ros_workshop_ws/install/dynamixel_sdk/share/dynamixel_sdk/local_setup.zsh
[0.754s] -- Up-to-date symlink: /ros2_ws/ros_workshop_ws/install/dynamixel_sdk/share/dynamixel_sdk/local_setup.dsv
[0.754s] -- Symlinking: /ros2_ws/ros_workshop_ws/install/dynamixel_sdk/share/dynamixel_sdk/package.dsv
[0.769s] -- Up-to-date symlink: /ros2_ws/ros_workshop_ws/install/dynamixel_sdk/share/ament_index/resource_index/packages/dynamixel_sdk
[0.769s] -- Up-to-date symlink: /ros2_ws/ros_workshop_ws/install/dynamixel_sdk/share/dynamixel_sdk/cmake/ament_cmake_export_targets-extras.cmake
[0.770s] -- Up-to-date symlink: /ros2_ws/ros_workshop_ws/install/dynamixel_sdk/share/dynamixel_sdk/cmake/ament_cmake_export_include_directories-extras.cmake
[0.770s] -- Up-to-date symlink: /ros2_ws/ros_workshop_ws/install/dynamixel_sdk/share/dynamixel_sdk/cmake/ament_cmake_export_libraries-extras.cmake
[0.770s] -- Up-to-date symlink: /ros2_ws/ros_workshop_ws/install/dynamixel_sdk/share/dynamixel_sdk/cmake/dynamixel_sdkConfig.cmake
[0.770s] -- Up-to-date symlink: /ros2_ws/ros_workshop_ws/install/dynamixel_sdk/share/dynamixel_sdk/cmake/dynamixel_sdkConfig-version.cmake
[0.771s] -- Up-to-date symlink: /ros2_ws/ros_workshop_ws/install/dynamixel_sdk/share/dynamixel_sdk/package.xml
[0.771s] -- Up-to-date: /ros2_ws/ros_workshop_ws/install/dynamixel_sdk/lib/libdynamixel_sdk.so
[0.818s] Listing '/ros2_ws/ros_workshop_ws/install/dynamixel_sdk/lib/python3.12/site-packages/dynamixel_sdk'...
[0.826s] -- Up-to-date: /ros2_ws/ros_workshop_ws/install/dynamixel_sdk/share/dynamixel_sdk/cmake/dynamixel_sdkExport.cmake
[0.826s] -- Up-to-date: /ros2_ws/ros_workshop_ws/install/dynamixel_sdk/share/dynamixel_sdk/cmake/dynamixel_sdkExport-noconfig.cmake
[0.848s] Invoked command in '/ros2_ws/ros_workshop_ws/build/dynamixel_sdk' returned '0': CMAKE_PREFIX_PATH=${CMAKE_PREFIX_PATH}:/ros2_ws/ros_workshop_ws/install/open_manipulator_teleop:/ros2_ws/ros_workshop_ws/install/open_manipulator_bringup:/opt/ros/jazzy /usr/bin/cmake --install /ros2_ws/ros_workshop_ws/build/dynamixel_sdk
