[0.032s] Invoking command in '/ros2_ws/ros_workshop_ws/build/om_gravity_compensation_controller': CMAKE_PREFIX_PATH=${CMAKE_PREFIX_PATH}:/opt/ros/jazzy /usr/bin/cmake /ros2_ws/ros_workshop_ws/src/open_manipulator/ros2_controller/om_gravity_compensation_controller -DAMENT_CMAKE_SYMLINK_INSTALL=1 -DCMAKE_INSTALL_PREFIX=/ros2_ws/ros_workshop_ws/install/om_gravity_compensation_controller
[0.108s] -- The CXX compiler identification is GNU 13.3.0
[0.126s] -- Detecting CXX compiler ABI info
[0.246s] -- Detecting CXX compiler ABI info - done
[0.256s] -- Check for working CXX compiler: /usr/bin/c++ - skipped
[0.256s] -- Detecting CXX compile features
[0.257s] -- Detecting CXX compile features - done
[0.266s] -- Found ament_cmake: 2.5.4 (/opt/ros/jazzy/share/ament_cmake/cmake)
[0.462s] -- Found Python3: /usr/bin/python3 (found version "3.12.3") found components: Interpreter 
[0.552s] -- Override CMake install command with custom implementation using symlinks instead of copying resources
[0.667s] -- Found angles: 1.16.0 (/opt/ros/jazzy/share/angles/cmake)
[0.677s] -- Found control_msgs: 5.4.0 (/opt/ros/jazzy/share/control_msgs/cmake)
[0.787s] -- Found rosidl_generator_c: 4.6.5 (/opt/ros/jazzy/share/rosidl_generator_c/cmake)
[0.818s] -- Found rosidl_generator_cpp: 4.6.5 (/opt/ros/jazzy/share/rosidl_generator_cpp/cmake)
[0.848s] -- Using all available rosidl_typesupport_c: rosidl_typesupport_fastrtps_c;rosidl_typesupport_introspection_c
[0.883s] -- Using all available rosidl_typesupport_cpp: rosidl_typesupport_fastrtps_cpp;rosidl_typesupport_introspection_cpp
[1.163s] -- Found control_toolbox: 4.3.0 (/opt/ros/jazzy/share/control_toolbox/cmake)
[1.406s] -- Found rmw_implementation_cmake: 7.3.2 (/opt/ros/jazzy/share/rmw_implementation_cmake/cmake)
[1.427s] -- Found rmw_fastrtps_cpp: 8.4.2 (/opt/ros/jazzy/share/rmw_fastrtps_cpp/cmake)
[1.601s] -- Found OpenSSL: /usr/lib/x86_64-linux-gnu/libcrypto.so (found version "3.0.13")  
[1.636s] -- Found FastRTPS: /opt/ros/jazzy/include (Required is at least version "2.13") 
[1.671s] -- Using RMW implementation 'rmw_fastrtps_cpp' as default
[2.203s] -- Found eigen3_cmake_module: 0.3.0 (/opt/ros/jazzy/share/eigen3_cmake_module/cmake)
[2.204s] -- Found Eigen3: TRUE (found version "3.4.0") 
[2.204s] -- Ensuring Eigen3 include directory is part of orocos-kdl CMake target
[2.341s] -- Found controller_interface: 4.29.0 (/opt/ros/jazzy/share/controller_interface/cmake)
[2.460s] -- Found kdl_parser: 2.11.0 (/opt/ros/jazzy/share/kdl_parser/cmake)
[2.573s] -- Configuring done (2.5s)
[2.608s] -- Generating done (0.0s)
[2.615s] -- Build files have been written to: /ros2_ws/ros_workshop_ws/build/om_gravity_compensation_controller
[2.632s] Invoked command in '/ros2_ws/ros_workshop_ws/build/om_gravity_compensation_controller' returned '0': CMAKE_PREFIX_PATH=${CMAKE_PREFIX_PATH}:/opt/ros/jazzy /usr/bin/cmake /ros2_ws/ros_workshop_ws/src/open_manipulator/ros2_controller/om_gravity_compensation_controller -DAMENT_CMAKE_SYMLINK_INSTALL=1 -DCMAKE_INSTALL_PREFIX=/ros2_ws/ros_workshop_ws/install/om_gravity_compensation_controller
[2.633s] Invoking command in '/ros2_ws/ros_workshop_ws/build/om_gravity_compensation_controller': CMAKE_PREFIX_PATH=${CMAKE_PREFIX_PATH}:/opt/ros/jazzy /usr/bin/cmake --build /ros2_ws/ros_workshop_ws/build/om_gravity_compensation_controller -- -j16 -l16
[2.693s] [ 25%] [34m[1mRunning `/opt/ros/jazzy/bin/generate_parameter_library_cpp /ros2_ws/ros_workshop_ws/build/om_gravity_compensation_controller/include/om_gravity_compensation_controller/gravity_compensation_controller_parameters.hpp /ros2_ws/ros_workshop_ws/src/open_manipulator/ros2_controller/om_gravity_compensation_controller/src/gravity_compensation_controller_parameters.yaml `[0m
[3.454s] [ 50%] [34m[1mCreating deprecated header file /ros2_ws/ros_workshop_ws/build/om_gravity_compensation_controller/include/gravity_compensation_controller_parameters.hpp[0m
[3.515s] [ 50%] Built target gravity_compensation_controller_parameters
[3.558s] [ 75%] [32mBuilding CXX object CMakeFiles/gravity_compensation_controller.dir/src/gravity_compensation_controller.cpp.o[0m
[14.872s] [100%] [32m[1mLinking CXX shared library libgravity_compensation_controller.so[0m
[15.212s] [100%] Built target gravity_compensation_controller
[15.255s] Invoked command in '/ros2_ws/ros_workshop_ws/build/om_gravity_compensation_controller' returned '0': CMAKE_PREFIX_PATH=${CMAKE_PREFIX_PATH}:/opt/ros/jazzy /usr/bin/cmake --build /ros2_ws/ros_workshop_ws/build/om_gravity_compensation_controller -- -j16 -l16
[15.256s] Invoking command in '/ros2_ws/ros_workshop_ws/build/om_gravity_compensation_controller': CMAKE_PREFIX_PATH=${CMAKE_PREFIX_PATH}:/opt/ros/jazzy /usr/bin/cmake --install /ros2_ws/ros_workshop_ws/build/om_gravity_compensation_controller
[15.280s] -- Install configuration: ""
[15.284s] -- Execute custom install script
[15.285s] -- Symlinking: /ros2_ws/ros_workshop_ws/install/om_gravity_compensation_controller/include/om_gravity_compensation_controller/gravity_compensation_controller_parameters.hpp
[15.322s] -- Symlinking: /ros2_ws/ros_workshop_ws/install/om_gravity_compensation_controller/share/om_gravity_compensation_controller//gravity_compensation_plugin.xml
[15.362s] -- Symlinking: /ros2_ws/ros_workshop_ws/install/om_gravity_compensation_controller/include/gravity_compensation_controller/gravity_compensation_controller/gravity_compensation_controller.hpp
[15.385s] -- Symlinking: /ros2_ws/ros_workshop_ws/install/om_gravity_compensation_controller/include/gravity_compensation_controller/gravity_compensation_controller/visibility_control.h
[15.400s] -- Symlinking: /ros2_ws/ros_workshop_ws/install/om_gravity_compensation_controller/share/om_gravity_compensation_controller/environment/library_path.sh
[15.427s] -- Symlinking: /ros2_ws/ros_workshop_ws/install/om_gravity_compensation_controller/share/om_gravity_compensation_controller/environment/library_path.dsv
[15.450s] -- Symlinking: /ros2_ws/ros_workshop_ws/install/om_gravity_compensation_controller/share/ament_index/resource_index/package_run_dependencies/om_gravity_compensation_controller
[15.482s] -- Symlinking: /ros2_ws/ros_workshop_ws/install/om_gravity_compensation_controller/share/ament_index/resource_index/parent_prefix_path/om_gravity_compensation_controller
[15.499s] -- Symlinking: /ros2_ws/ros_workshop_ws/install/om_gravity_compensation_controller/share/om_gravity_compensation_controller/environment/ament_prefix_path.sh
[15.517s] -- Symlinking: /ros2_ws/ros_workshop_ws/install/om_gravity_compensation_controller/share/om_gravity_compensation_controller/environment/ament_prefix_path.dsv
[15.537s] -- Symlinking: /ros2_ws/ros_workshop_ws/install/om_gravity_compensation_controller/share/om_gravity_compensation_controller/environment/path.sh
[15.554s] -- Symlinking: /ros2_ws/ros_workshop_ws/install/om_gravity_compensation_controller/share/om_gravity_compensation_controller/environment/path.dsv
[15.574s] -- Symlinking: /ros2_ws/ros_workshop_ws/install/om_gravity_compensation_controller/share/om_gravity_compensation_controller/local_setup.bash
[15.587s] -- Symlinking: /ros2_ws/ros_workshop_ws/install/om_gravity_compensation_controller/share/om_gravity_compensation_controller/local_setup.sh
[15.606s] -- Symlinking: /ros2_ws/ros_workshop_ws/install/om_gravity_compensation_controller/share/om_gravity_compensation_controller/local_setup.zsh
[15.626s] -- Symlinking: /ros2_ws/ros_workshop_ws/install/om_gravity_compensation_controller/share/om_gravity_compensation_controller/local_setup.dsv
[15.675s] -- Symlinking: /ros2_ws/ros_workshop_ws/install/om_gravity_compensation_controller/share/om_gravity_compensation_controller/package.dsv
[15.710s] -- Symlinking: /ros2_ws/ros_workshop_ws/install/om_gravity_compensation_controller/share/ament_index/resource_index/packages/om_gravity_compensation_controller
[15.745s] -- Symlinking: /ros2_ws/ros_workshop_ws/install/om_gravity_compensation_controller/share/ament_index/resource_index/controller_interface__pluginlib__plugin/om_gravity_compensation_controller
[15.781s] -- Symlinking: /ros2_ws/ros_workshop_ws/install/om_gravity_compensation_controller/share/om_gravity_compensation_controller/cmake/ament_cmake_export_dependencies-extras.cmake
[15.815s] -- Symlinking: /ros2_ws/ros_workshop_ws/install/om_gravity_compensation_controller/share/om_gravity_compensation_controller/cmake/ament_cmake_export_targets-extras.cmake
[15.872s] -- Symlinking: /ros2_ws/ros_workshop_ws/install/om_gravity_compensation_controller/share/om_gravity_compensation_controller/cmake/om_gravity_compensation_controllerConfig.cmake
[15.907s] -- Symlinking: /ros2_ws/ros_workshop_ws/install/om_gravity_compensation_controller/share/om_gravity_compensation_controller/cmake/om_gravity_compensation_controllerConfig-version.cmake
[15.936s] -- Symlinking: /ros2_ws/ros_workshop_ws/install/om_gravity_compensation_controller/share/om_gravity_compensation_controller/package.xml
[15.953s] -- Installing: /ros2_ws/ros_workshop_ws/install/om_gravity_compensation_controller/lib/libgravity_compensation_controller.so
[15.955s] -- Set non-toolchain portion of runtime path of "/ros2_ws/ros_workshop_ws/install/om_gravity_compensation_controller/lib/libgravity_compensation_controller.so" to ""
[15.955s] -- Installing: /ros2_ws/ros_workshop_ws/install/om_gravity_compensation_controller/share/om_gravity_compensation_controller/cmake/export_gravity_compensation_controllerExport.cmake
[15.956s] -- Installing: /ros2_ws/ros_workshop_ws/install/om_gravity_compensation_controller/share/om_gravity_compensation_controller/cmake/export_gravity_compensation_controllerExport-noconfig.cmake
[15.959s] Invoked command in '/ros2_ws/ros_workshop_ws/build/om_gravity_compensation_controller' returned '0': CMAKE_PREFIX_PATH=${CMAKE_PREFIX_PATH}:/opt/ros/jazzy /usr/bin/cmake --install /ros2_ws/ros_workshop_ws/build/om_gravity_compensation_controller
