[0.053s] Invoking command in '/ros2_ws/ros_workshop_ws/build/dynamixel_sdk_examples': AMENT_PREFIX_PATH=/ros2_ws/ros_workshop_ws/install/dynamixel_sdk_custom_interfaces:/ros2_ws/ros_workshop_ws/install/dynamixel_sdk:${AMENT_PREFIX_PATH} CMAKE_PREFIX_PATH=/ros2_ws/ros_workshop_ws/install/dynamixel_sdk_custom_interfaces:/ros2_ws/ros_workshop_ws/install/dynamixel_sdk:/opt/ros/jazzy/opt/gz_launch_vendor:/opt/ros/jazzy/opt/gz_sim_vendor:/opt/ros/jazzy/opt/gz_sensors_vendor:/opt/ros/jazzy/opt/gz_physics_vendor:/opt/ros/jazzy/opt/sdformat_vendor:/opt/ros/jazzy/opt/gz_gui_vendor:/opt/ros/jazzy/opt/gz_transport_vendor:/opt/ros/jazzy/opt/gz_rendering_vendor:/opt/ros/jazzy/opt/gz_plugin_vendor:/opt/ros/jazzy/opt/gz_fuel_tools_vendor:/opt/ros/jazzy/opt/gz_msgs_vendor:/opt/ros/jazzy/opt/gz_common_vendor:/opt/ros/jazzy/opt/gz_math_vendor:/opt/ros/jazzy/opt/gz_utils_vendor:/opt/ros/jazzy/opt/gz_tools_vendor:/opt/ros/jazzy/opt/gz_ogre_next_vendor:/opt/ros/jazzy/opt/gz_dartsim_vendor:/opt/ros/jazzy/opt/gz_cmake_vendor:/opt/ros/jazzy LD_LIBRARY_PATH=/ros2_ws/ros_workshop_ws/install/dynamixel_sdk_custom_interfaces/lib:/ros2_ws/ros_workshop_ws/install/dynamixel_sdk/lib:${LD_LIBRARY_PATH} PYTHONPATH=/ros2_ws/ros_workshop_ws/install/dynamixel_sdk_custom_interfaces/lib/python3.12/site-packages:/ros2_ws/ros_workshop_ws/install/dynamixel_sdk/lib/python3.12/site-packages:${PYTHONPATH} /usr/bin/cmake /ros2_ws/ros_workshop_ws/src/DynamixelSDK/ros/dynamixel_sdk_examples -DAMENT_CMAKE_SYMLINK_INSTALL=1 -DCMAKE_INSTALL_PREFIX=/ros2_ws/ros_workshop_ws/install/dynamixel_sdk_examples
[0.255s] -- The C compiler identification is GNU 13.3.0
[0.368s] -- The CXX compiler identification is GNU 13.3.0
[0.426s] -- Detecting C compiler ABI info
[0.735s] -- Detecting C compiler ABI info - done
[0.763s] -- Check for working C compiler: /usr/bin/cc - skipped
[0.763s] -- Detecting C compile features
[0.767s] -- Detecting C compile features - done
[0.803s] -- Detecting CXX compiler ABI info
[1.073s] -- Detecting CXX compiler ABI info - done
[1.087s] -- Check for working CXX compiler: /usr/bin/c++ - skipped
[1.088s] -- Detecting CXX compile features
[1.097s] -- Detecting CXX compile features - done
[1.113s] -- Found ament_cmake: 2.5.4 (/opt/ros/jazzy/share/ament_cmake/cmake)
[1.541s] -- Found Python3: /usr/bin/python3 (found version "3.12.3") found components: Interpreter 
[1.665s] -- Override CMake install command with custom implementation using symlinks instead of copying resources
[1.790s] -- Found dynamixel_sdk: 3.8.4 (/ros2_ws/ros_workshop_ws/install/dynamixel_sdk/share/dynamixel_sdk/cmake)
[1.794s] -- Found dynamixel_sdk_custom_interfaces: 3.8.4 (/ros2_ws/ros_workshop_ws/install/dynamixel_sdk_custom_interfaces/share/dynamixel_sdk_custom_interfaces/cmake)
[1.910s] -- Found rosidl_generator_c: 4.6.5 (/opt/ros/jazzy/share/rosidl_generator_c/cmake)
[1.950s] -- Found rosidl_generator_cpp: 4.6.5 (/opt/ros/jazzy/share/rosidl_generator_cpp/cmake)
[1.992s] -- Using all available rosidl_typesupport_c: rosidl_typesupport_fastrtps_c;rosidl_typesupport_introspection_c
[2.039s] -- Using all available rosidl_typesupport_cpp: rosidl_typesupport_fastrtps_cpp;rosidl_typesupport_introspection_cpp
[2.122s] -- Found rclcpp: 28.1.9 (/opt/ros/jazzy/share/rclcpp/cmake)
[2.211s] -- Found rmw_implementation_cmake: 7.3.2 (/opt/ros/jazzy/share/rmw_implementation_cmake/cmake)
[2.219s] -- Found rmw_fastrtps_cpp: 8.4.2 (/opt/ros/jazzy/share/rmw_fastrtps_cpp/cmake)
[2.360s] -- Found OpenSSL: /usr/lib/x86_64-linux-gnu/libcrypto.so (found version "3.0.13")  
[2.395s] -- Found FastRTPS: /opt/ros/jazzy/include (Required is at least version "2.13") 
[2.432s] -- Using RMW implementation 'rmw_fastrtps_cpp' as default
[2.580s] -- Found rclpy: 7.1.4 (/opt/ros/jazzy/share/rclpy/cmake)
[2.591s] -- Found ament_lint_auto: 0.17.2 (/opt/ros/jazzy/share/ament_lint_auto/cmake)
[2.833s] -- Added test 'copyright' to check source files copyright and LICENSE
[2.835s] -- Added test 'cppcheck' to perform static code analysis on C / C++ code
[2.835s] -- Configured cppcheck include dirs: /ros2_ws/ros_workshop_ws/src/DynamixelSDK/ros/dynamixel_sdk_examples/include
[2.835s] -- Configured cppcheck exclude dirs and/or files: 
[2.837s] -- Added test 'cpplint' to check C / C++ code against the Google style
[2.837s] -- Configured cpplint exclude dirs and/or files: 
[2.840s] -- Added test 'flake8' to check Python code syntax and style conventions
[2.840s] -- Configured 'flake8' exclude dirs and/or files: 
[2.840s] -- Added test 'lint_cmake' to check CMake code style
[2.840s] -- Added test 'pep257' to check Python code against some of the docstring style conventions in PEP 257
[2.842s] -- Added test 'uncrustify' to check C / C++ code style
[2.842s] -- Configured uncrustify additional arguments: 
[2.843s] -- Added test 'xmllint' to check XML markup files
[2.846s] -- Configuring done (2.8s)
[2.864s] -- Generating done (0.0s)
[2.870s] -- Build files have been written to: /ros2_ws/ros_workshop_ws/build/dynamixel_sdk_examples
[2.891s] Invoked command in '/ros2_ws/ros_workshop_ws/build/dynamixel_sdk_examples' returned '0': AMENT_PREFIX_PATH=/ros2_ws/ros_workshop_ws/install/dynamixel_sdk_custom_interfaces:/ros2_ws/ros_workshop_ws/install/dynamixel_sdk:${AMENT_PREFIX_PATH} CMAKE_PREFIX_PATH=/ros2_ws/ros_workshop_ws/install/dynamixel_sdk_custom_interfaces:/ros2_ws/ros_workshop_ws/install/dynamixel_sdk:/opt/ros/jazzy/opt/gz_launch_vendor:/opt/ros/jazzy/opt/gz_sim_vendor:/opt/ros/jazzy/opt/gz_sensors_vendor:/opt/ros/jazzy/opt/gz_physics_vendor:/opt/ros/jazzy/opt/sdformat_vendor:/opt/ros/jazzy/opt/gz_gui_vendor:/opt/ros/jazzy/opt/gz_transport_vendor:/opt/ros/jazzy/opt/gz_rendering_vendor:/opt/ros/jazzy/opt/gz_plugin_vendor:/opt/ros/jazzy/opt/gz_fuel_tools_vendor:/opt/ros/jazzy/opt/gz_msgs_vendor:/opt/ros/jazzy/opt/gz_common_vendor:/opt/ros/jazzy/opt/gz_math_vendor:/opt/ros/jazzy/opt/gz_utils_vendor:/opt/ros/jazzy/opt/gz_tools_vendor:/opt/ros/jazzy/opt/gz_ogre_next_vendor:/opt/ros/jazzy/opt/gz_dartsim_vendor:/opt/ros/jazzy/opt/gz_cmake_vendor:/opt/ros/jazzy LD_LIBRARY_PATH=/ros2_ws/ros_workshop_ws/install/dynamixel_sdk_custom_interfaces/lib:/ros2_ws/ros_workshop_ws/install/dynamixel_sdk/lib:${LD_LIBRARY_PATH} PYTHONPATH=/ros2_ws/ros_workshop_ws/install/dynamixel_sdk_custom_interfaces/lib/python3.12/site-packages:/ros2_ws/ros_workshop_ws/install/dynamixel_sdk/lib/python3.12/site-packages:${PYTHONPATH} /usr/bin/cmake /ros2_ws/ros_workshop_ws/src/DynamixelSDK/ros/dynamixel_sdk_examples -DAMENT_CMAKE_SYMLINK_INSTALL=1 -DCMAKE_INSTALL_PREFIX=/ros2_ws/ros_workshop_ws/install/dynamixel_sdk_examples
[2.892s] Invoking command in '/ros2_ws/ros_workshop_ws/build/dynamixel_sdk_examples': AMENT_PREFIX_PATH=/ros2_ws/ros_workshop_ws/install/dynamixel_sdk_custom_interfaces:/ros2_ws/ros_workshop_ws/install/dynamixel_sdk:${AMENT_PREFIX_PATH} CMAKE_PREFIX_PATH=/ros2_ws/ros_workshop_ws/install/dynamixel_sdk_custom_interfaces:/ros2_ws/ros_workshop_ws/install/dynamixel_sdk:/opt/ros/jazzy/opt/gz_launch_vendor:/opt/ros/jazzy/opt/gz_sim_vendor:/opt/ros/jazzy/opt/gz_sensors_vendor:/opt/ros/jazzy/opt/gz_physics_vendor:/opt/ros/jazzy/opt/sdformat_vendor:/opt/ros/jazzy/opt/gz_gui_vendor:/opt/ros/jazzy/opt/gz_transport_vendor:/opt/ros/jazzy/opt/gz_rendering_vendor:/opt/ros/jazzy/opt/gz_plugin_vendor:/opt/ros/jazzy/opt/gz_fuel_tools_vendor:/opt/ros/jazzy/opt/gz_msgs_vendor:/opt/ros/jazzy/opt/gz_common_vendor:/opt/ros/jazzy/opt/gz_math_vendor:/opt/ros/jazzy/opt/gz_utils_vendor:/opt/ros/jazzy/opt/gz_tools_vendor:/opt/ros/jazzy/opt/gz_ogre_next_vendor:/opt/ros/jazzy/opt/gz_dartsim_vendor:/opt/ros/jazzy/opt/gz_cmake_vendor:/opt/ros/jazzy LD_LIBRARY_PATH=/ros2_ws/ros_workshop_ws/install/dynamixel_sdk_custom_interfaces/lib:/ros2_ws/ros_workshop_ws/install/dynamixel_sdk/lib:${LD_LIBRARY_PATH} PYTHONPATH=/ros2_ws/ros_workshop_ws/install/dynamixel_sdk_custom_interfaces/lib/python3.12/site-packages:/ros2_ws/ros_workshop_ws/install/dynamixel_sdk/lib/python3.12/site-packages:${PYTHONPATH} /usr/bin/cmake --build /ros2_ws/ros_workshop_ws/build/dynamixel_sdk_examples -- -j16 -l16
[2.971s] [ 50%] [32mBuilding CXX object CMakeFiles/read_write_node.dir/src/read_write_node.cpp.o[0m
[9.946s] [100%] [32m[1mLinking CXX executable read_write_node[0m
[10.149s] [100%] Built target read_write_node
[10.160s] Invoked command in '/ros2_ws/ros_workshop_ws/build/dynamixel_sdk_examples' returned '0': AMENT_PREFIX_PATH=/ros2_ws/ros_workshop_ws/install/dynamixel_sdk_custom_interfaces:/ros2_ws/ros_workshop_ws/install/dynamixel_sdk:${AMENT_PREFIX_PATH} CMAKE_PREFIX_PATH=/ros2_ws/ros_workshop_ws/install/dynamixel_sdk_custom_interfaces:/ros2_ws/ros_workshop_ws/install/dynamixel_sdk:/opt/ros/jazzy/opt/gz_launch_vendor:/opt/ros/jazzy/opt/gz_sim_vendor:/opt/ros/jazzy/opt/gz_sensors_vendor:/opt/ros/jazzy/opt/gz_physics_vendor:/opt/ros/jazzy/opt/sdformat_vendor:/opt/ros/jazzy/opt/gz_gui_vendor:/opt/ros/jazzy/opt/gz_transport_vendor:/opt/ros/jazzy/opt/gz_rendering_vendor:/opt/ros/jazzy/opt/gz_plugin_vendor:/opt/ros/jazzy/opt/gz_fuel_tools_vendor:/opt/ros/jazzy/opt/gz_msgs_vendor:/opt/ros/jazzy/opt/gz_common_vendor:/opt/ros/jazzy/opt/gz_math_vendor:/opt/ros/jazzy/opt/gz_utils_vendor:/opt/ros/jazzy/opt/gz_tools_vendor:/opt/ros/jazzy/opt/gz_ogre_next_vendor:/opt/ros/jazzy/opt/gz_dartsim_vendor:/opt/ros/jazzy/opt/gz_cmake_vendor:/opt/ros/jazzy LD_LIBRARY_PATH=/ros2_ws/ros_workshop_ws/install/dynamixel_sdk_custom_interfaces/lib:/ros2_ws/ros_workshop_ws/install/dynamixel_sdk/lib:${LD_LIBRARY_PATH} PYTHONPATH=/ros2_ws/ros_workshop_ws/install/dynamixel_sdk_custom_interfaces/lib/python3.12/site-packages:/ros2_ws/ros_workshop_ws/install/dynamixel_sdk/lib/python3.12/site-packages:${PYTHONPATH} /usr/bin/cmake --build /ros2_ws/ros_workshop_ws/build/dynamixel_sdk_examples -- -j16 -l16
[10.161s] Invoking command in '/ros2_ws/ros_workshop_ws/build/dynamixel_sdk_examples': AMENT_PREFIX_PATH=/ros2_ws/ros_workshop_ws/install/dynamixel_sdk_custom_interfaces:/ros2_ws/ros_workshop_ws/install/dynamixel_sdk:${AMENT_PREFIX_PATH} CMAKE_PREFIX_PATH=/ros2_ws/ros_workshop_ws/install/dynamixel_sdk_custom_interfaces:/ros2_ws/ros_workshop_ws/install/dynamixel_sdk:/opt/ros/jazzy/opt/gz_launch_vendor:/opt/ros/jazzy/opt/gz_sim_vendor:/opt/ros/jazzy/opt/gz_sensors_vendor:/opt/ros/jazzy/opt/gz_physics_vendor:/opt/ros/jazzy/opt/sdformat_vendor:/opt/ros/jazzy/opt/gz_gui_vendor:/opt/ros/jazzy/opt/gz_transport_vendor:/opt/ros/jazzy/opt/gz_rendering_vendor:/opt/ros/jazzy/opt/gz_plugin_vendor:/opt/ros/jazzy/opt/gz_fuel_tools_vendor:/opt/ros/jazzy/opt/gz_msgs_vendor:/opt/ros/jazzy/opt/gz_common_vendor:/opt/ros/jazzy/opt/gz_math_vendor:/opt/ros/jazzy/opt/gz_utils_vendor:/opt/ros/jazzy/opt/gz_tools_vendor:/opt/ros/jazzy/opt/gz_ogre_next_vendor:/opt/ros/jazzy/opt/gz_dartsim_vendor:/opt/ros/jazzy/opt/gz_cmake_vendor:/opt/ros/jazzy LD_LIBRARY_PATH=/ros2_ws/ros_workshop_ws/install/dynamixel_sdk_custom_interfaces/lib:/ros2_ws/ros_workshop_ws/install/dynamixel_sdk/lib:${LD_LIBRARY_PATH} PYTHONPATH=/ros2_ws/ros_workshop_ws/install/dynamixel_sdk_custom_interfaces/lib/python3.12/site-packages:/ros2_ws/ros_workshop_ws/install/dynamixel_sdk/lib/python3.12/site-packages:${PYTHONPATH} /usr/bin/cmake --install /ros2_ws/ros_workshop_ws/build/dynamixel_sdk_examples
[10.169s] -- Install configuration: ""
[10.169s] -- Execute custom install script
[10.170s] -- Symlinking: /ros2_ws/ros_workshop_ws/install/dynamixel_sdk_examples/lib/dynamixel_sdk_examples/read_write_node
[10.178s] -- Symlinking: /ros2_ws/ros_workshop_ws/install/dynamixel_sdk_examples/lib/dynamixel_sdk_examples/read_write_node.py
[10.187s] -- Symlinking: /ros2_ws/ros_workshop_ws/install/dynamixel_sdk_examples/share/ament_index/resource_index/package_run_dependencies/dynamixel_sdk_examples
[10.197s] -- Symlinking: /ros2_ws/ros_workshop_ws/install/dynamixel_sdk_examples/share/ament_index/resource_index/parent_prefix_path/dynamixel_sdk_examples
[10.205s] -- Symlinking: /ros2_ws/ros_workshop_ws/install/dynamixel_sdk_examples/share/dynamixel_sdk_examples/environment/ament_prefix_path.sh
[10.215s] -- Symlinking: /ros2_ws/ros_workshop_ws/install/dynamixel_sdk_examples/share/dynamixel_sdk_examples/environment/ament_prefix_path.dsv
[10.223s] -- Symlinking: /ros2_ws/ros_workshop_ws/install/dynamixel_sdk_examples/share/dynamixel_sdk_examples/environment/path.sh
[10.232s] -- Symlinking: /ros2_ws/ros_workshop_ws/install/dynamixel_sdk_examples/share/dynamixel_sdk_examples/environment/path.dsv
[10.241s] -- Symlinking: /ros2_ws/ros_workshop_ws/install/dynamixel_sdk_examples/share/dynamixel_sdk_examples/local_setup.bash
[10.249s] -- Symlinking: /ros2_ws/ros_workshop_ws/install/dynamixel_sdk_examples/share/dynamixel_sdk_examples/local_setup.sh
[10.258s] -- Symlinking: /ros2_ws/ros_workshop_ws/install/dynamixel_sdk_examples/share/dynamixel_sdk_examples/local_setup.zsh
[10.267s] -- Symlinking: /ros2_ws/ros_workshop_ws/install/dynamixel_sdk_examples/share/dynamixel_sdk_examples/local_setup.dsv
[10.275s] -- Symlinking: /ros2_ws/ros_workshop_ws/install/dynamixel_sdk_examples/share/dynamixel_sdk_examples/package.dsv
[10.283s] -- Symlinking: /ros2_ws/ros_workshop_ws/install/dynamixel_sdk_examples/share/ament_index/resource_index/packages/dynamixel_sdk_examples
[10.292s] -- Symlinking: /ros2_ws/ros_workshop_ws/install/dynamixel_sdk_examples/share/dynamixel_sdk_examples/cmake/dynamixel_sdk_examplesConfig.cmake
[10.300s] -- Symlinking: /ros2_ws/ros_workshop_ws/install/dynamixel_sdk_examples/share/dynamixel_sdk_examples/cmake/dynamixel_sdk_examplesConfig-version.cmake
[10.308s] -- Symlinking: /ros2_ws/ros_workshop_ws/install/dynamixel_sdk_examples/share/dynamixel_sdk_examples/package.xml
[10.318s] Invoked command in '/ros2_ws/ros_workshop_ws/build/dynamixel_sdk_examples' returned '0': AMENT_PREFIX_PATH=/ros2_ws/ros_workshop_ws/install/dynamixel_sdk_custom_interfaces:/ros2_ws/ros_workshop_ws/install/dynamixel_sdk:${AMENT_PREFIX_PATH} CMAKE_PREFIX_PATH=/ros2_ws/ros_workshop_ws/install/dynamixel_sdk_custom_interfaces:/ros2_ws/ros_workshop_ws/install/dynamixel_sdk:/opt/ros/jazzy/opt/gz_launch_vendor:/opt/ros/jazzy/opt/gz_sim_vendor:/opt/ros/jazzy/opt/gz_sensors_vendor:/opt/ros/jazzy/opt/gz_physics_vendor:/opt/ros/jazzy/opt/sdformat_vendor:/opt/ros/jazzy/opt/gz_gui_vendor:/opt/ros/jazzy/opt/gz_transport_vendor:/opt/ros/jazzy/opt/gz_rendering_vendor:/opt/ros/jazzy/opt/gz_plugin_vendor:/opt/ros/jazzy/opt/gz_fuel_tools_vendor:/opt/ros/jazzy/opt/gz_msgs_vendor:/opt/ros/jazzy/opt/gz_common_vendor:/opt/ros/jazzy/opt/gz_math_vendor:/opt/ros/jazzy/opt/gz_utils_vendor:/opt/ros/jazzy/opt/gz_tools_vendor:/opt/ros/jazzy/opt/gz_ogre_next_vendor:/opt/ros/jazzy/opt/gz_dartsim_vendor:/opt/ros/jazzy/opt/gz_cmake_vendor:/opt/ros/jazzy LD_LIBRARY_PATH=/ros2_ws/ros_workshop_ws/install/dynamixel_sdk_custom_interfaces/lib:/ros2_ws/ros_workshop_ws/install/dynamixel_sdk/lib:${LD_LIBRARY_PATH} PYTHONPATH=/ros2_ws/ros_workshop_ws/install/dynamixel_sdk_custom_interfaces/lib/python3.12/site-packages:/ros2_ws/ros_workshop_ws/install/dynamixel_sdk/lib/python3.12/site-packages:${PYTHONPATH} /usr/bin/cmake --install /ros2_ws/ros_workshop_ws/build/dynamixel_sdk_examples
