-- The CXX compiler identification is GNU 13.3.0
-- Detecting CXX compiler ABI info
-- Detecting CXX compiler ABI info - done
-- Check for working CXX compiler: /usr/bin/c++ - skipped
-- Detecting CXX compile features
-- Detecting CXX compile features - done
-- Found ament_cmake: 2.5.4 (/opt/ros/jazzy/share/ament_cmake/cmake)
-- Found Python3: /usr/bin/python3 (found version "3.12.3") found components: Interpreter 
-- Override CMake install command with custom implementation using symlinks instead of copying resources
-- Found controller_interface: 4.29.0 (/opt/ros/jazzy/share/controller_interface/cmake)
-- Found rosidl_generator_c: 4.6.5 (/opt/ros/jazzy/share/rosidl_generator_c/cmake)
-- Found rosidl_generator_cpp: 4.6.5 (/opt/ros/jazzy/share/rosidl_generator_cpp/cmake)
-- Using all available rosidl_typesupport_c: rosidl_typesupport_fastrtps_c;rosidl_typesupport_introspection_c
-- Using all available rosidl_typesupport_cpp: rosidl_typesupport_fastrtps_cpp;rosidl_typesupport_introspection_cpp
-- Found TinyXML2 via Config file: /usr/lib/x86_64-linux-gnu/cmake/tinyxml2
-- Found rmw_implementation_cmake: 7.3.2 (/opt/ros/jazzy/share/rmw_implementation_cmake/cmake)
-- Found rmw_fastrtps_cpp: 8.4.2 (/opt/ros/jazzy/share/rmw_fastrtps_cpp/cmake)
-- Found TinyXML2 via Config file: /usr/lib/x86_64-linux-gnu/cmake/tinyxml2
-- Found OpenSSL: /usr/lib/x86_64-linux-gnu/libcrypto.so (found version "3.0.13")  
-- Found TinyXML2 via Config file: /usr/lib/x86_64-linux-gnu/cmake/tinyxml2
-- Found FastRTPS: /opt/ros/jazzy/include (Required is at least version "2.13") 
-- Found TinyXML2 via Config file: /usr/lib/x86_64-linux-gnu/cmake/tinyxml2
-- Found TinyXML2 via Config file: /usr/lib/x86_64-linux-gnu/cmake/tinyxml2
-- Using RMW implementation 'rmw_fastrtps_cpp' as default
-- Found generate_parameter_library: 0.4.0 (/opt/ros/jazzy/share/generate_parameter_library/cmake)
-- Found parameter_traits: 0.4.0 (/opt/ros/jazzy/share/parameter_traits/cmake)
-- Configuring done (2.2s)
-- Generating done (0.0s)
-- Build files have been written to: /ros2_ws/ros_workshop_ws/build/om_spring_actuator_controller
[ 25%] [34m[1mRunning `/opt/ros/jazzy/bin/generate_parameter_library_cpp /ros2_ws/ros_workshop_ws/build/om_spring_actuator_controller/include/om_spring_actuator_controller/spring_actuator_controller_parameters.hpp /ros2_ws/ros_workshop_ws/src/open_manipulator/ros2_controller/om_spring_actuator_controller/src/spring_actuator_controller_parameters.yaml `[0m
[ 50%] [34m[1mCreating deprecated header file /ros2_ws/ros_workshop_ws/build/om_spring_actuator_controller/include/spring_actuator_controller_parameters.hpp[0m
[ 50%] Built target spring_actuator_controller_parameters
[ 75%] [32mBuilding CXX object CMakeFiles/spring_actuator_controller.dir/src/spring_actuator_controller.cpp.o[0m
[100%] [32m[1mLinking CXX shared library libspring_actuator_controller.so[0m
[100%] Built target spring_actuator_controller
-- Install configuration: ""
-- Execute custom install script
-- Symlinking: /ros2_ws/ros_workshop_ws/install/om_spring_actuator_controller/include/om_spring_actuator_controller/spring_actuator_controller_parameters.hpp
-- Symlinking: /ros2_ws/ros_workshop_ws/install/om_spring_actuator_controller/share/om_spring_actuator_controller//spring_actuator_plugin.xml
-- Symlinking: /ros2_ws/ros_workshop_ws/install/om_spring_actuator_controller/include/spring_actuator_controller/spring_actuator_controller/spring_actuator_controller.hpp
-- Symlinking: /ros2_ws/ros_workshop_ws/install/om_spring_actuator_controller/include/spring_actuator_controller/spring_actuator_controller/visibility_control.h
-- Symlinking: /ros2_ws/ros_workshop_ws/install/om_spring_actuator_controller/share/om_spring_actuator_controller/environment/library_path.sh
-- Symlinking: /ros2_ws/ros_workshop_ws/install/om_spring_actuator_controller/share/om_spring_actuator_controller/environment/library_path.dsv
-- Symlinking: /ros2_ws/ros_workshop_ws/install/om_spring_actuator_controller/share/ament_index/resource_index/package_run_dependencies/om_spring_actuator_controller
-- Symlinking: /ros2_ws/ros_workshop_ws/install/om_spring_actuator_controller/share/ament_index/resource_index/parent_prefix_path/om_spring_actuator_controller
-- Symlinking: /ros2_ws/ros_workshop_ws/install/om_spring_actuator_controller/share/om_spring_actuator_controller/environment/ament_prefix_path.sh
-- Symlinking: /ros2_ws/ros_workshop_ws/install/om_spring_actuator_controller/share/om_spring_actuator_controller/environment/ament_prefix_path.dsv
-- Symlinking: /ros2_ws/ros_workshop_ws/install/om_spring_actuator_controller/share/om_spring_actuator_controller/environment/path.sh
-- Symlinking: /ros2_ws/ros_workshop_ws/install/om_spring_actuator_controller/share/om_spring_actuator_controller/environment/path.dsv
-- Symlinking: /ros2_ws/ros_workshop_ws/install/om_spring_actuator_controller/share/om_spring_actuator_controller/local_setup.bash
-- Symlinking: /ros2_ws/ros_workshop_ws/install/om_spring_actuator_controller/share/om_spring_actuator_controller/local_setup.sh
-- Symlinking: /ros2_ws/ros_workshop_ws/install/om_spring_actuator_controller/share/om_spring_actuator_controller/local_setup.zsh
-- Symlinking: /ros2_ws/ros_workshop_ws/install/om_spring_actuator_controller/share/om_spring_actuator_controller/local_setup.dsv
-- Symlinking: /ros2_ws/ros_workshop_ws/install/om_spring_actuator_controller/share/om_spring_actuator_controller/package.dsv
-- Symlinking: /ros2_ws/ros_workshop_ws/install/om_spring_actuator_controller/share/ament_index/resource_index/packages/om_spring_actuator_controller
-- Symlinking: /ros2_ws/ros_workshop_ws/install/om_spring_actuator_controller/share/ament_index/resource_index/controller_interface__pluginlib__plugin/om_spring_actuator_controller
-- Symlinking: /ros2_ws/ros_workshop_ws/install/om_spring_actuator_controller/share/om_spring_actuator_controller/cmake/ament_cmake_export_dependencies-extras.cmake
-- Symlinking: /ros2_ws/ros_workshop_ws/install/om_spring_actuator_controller/share/om_spring_actuator_controller/cmake/ament_cmake_export_targets-extras.cmake
-- Symlinking: /ros2_ws/ros_workshop_ws/install/om_spring_actuator_controller/share/om_spring_actuator_controller/cmake/om_spring_actuator_controllerConfig.cmake
-- Symlinking: /ros2_ws/ros_workshop_ws/install/om_spring_actuator_controller/share/om_spring_actuator_controller/cmake/om_spring_actuator_controllerConfig-version.cmake
-- Symlinking: /ros2_ws/ros_workshop_ws/install/om_spring_actuator_controller/share/om_spring_actuator_controller/package.xml
-- Installing: /ros2_ws/ros_workshop_ws/install/om_spring_actuator_controller/lib/libspring_actuator_controller.so
-- Set non-toolchain portion of runtime path of "/ros2_ws/ros_workshop_ws/install/om_spring_actuator_controller/lib/libspring_actuator_controller.so" to ""
-- Installing: /ros2_ws/ros_workshop_ws/install/om_spring_actuator_controller/share/om_spring_actuator_controller/cmake/export_spring_actuator_controllerExport.cmake
-- Installing: /ros2_ws/ros_workshop_ws/install/om_spring_actuator_controller/share/om_spring_actuator_controller/cmake/export_spring_actuator_controllerExport-noconfig.cmake
