[0.046s] Invoking command in '/ros2_ws/ros_workshop_ws/build/open_manipulator_playground': CMAKE_PREFIX_PATH=${CMAKE_PREFIX_PATH}:/ros2_ws/ros_workshop_ws/install/open_manipulator_teleop:/ros2_ws/ros_workshop_ws/install/open_manipulator_bringup:/opt/ros/jazzy /usr/bin/cmake --build /ros2_ws/ros_workshop_ws/build/open_manipulator_playground -- -j16 -l16
[0.102s] -- Found ament_cmake: 2.5.4 (/opt/ros/jazzy/share/ament_cmake/cmake)
[0.453s] -- Override CMake install command with custom implementation using symlinks instead of copying resources
[0.464s] -- Found moveit_ros_planning_interface: 2.12.3 (/opt/ros/jazzy/share/moveit_ros_planning_interface/cmake)
[0.485s] -- Found Boost: /usr/lib/x86_64-linux-gnu/cmake/Boost-1.83.0/BoostConfig.cmake (found version "1.83.0") found components: date_time filesystem program_options system thread 
[0.534s] -- Found rosidl_generator_c: 4.6.5 (/opt/ros/jazzy/share/rosidl_generator_c/cmake)
[0.546s] -- Found rosidl_generator_cpp: 4.6.5 (/opt/ros/jazzy/share/rosidl_generator_cpp/cmake)
[0.563s] -- Using all available rosidl_typesupport_c: rosidl_typesupport_fastrtps_c;rosidl_typesupport_introspection_c
[0.582s] -- Using all available rosidl_typesupport_cpp: rosidl_typesupport_fastrtps_cpp;rosidl_typesupport_introspection_cpp
[0.974s] -- Found Boost: /usr/lib/x86_64-linux-gnu/cmake/Boost-1.83.0/BoostConfig.cmake (found version "1.83.0") found components: chrono date_time filesystem iostreams program_options regex serialization system thread 
[1.023s] -- Found parameter_traits: 0.4.0 (/opt/ros/jazzy/share/parameter_traits/cmake)
[1.076s] -- Found rmw_implementation_cmake: 7.3.2 (/opt/ros/jazzy/share/rmw_implementation_cmake/cmake)
[1.076s] -- Found rmw_fastrtps_cpp: 8.4.2 (/opt/ros/jazzy/share/rmw_fastrtps_cpp/cmake)
[1.157s] -- Using RMW implementation 'rmw_fastrtps_cpp' as default
[1.247s] -- Found rclcpp_lifecycle: 28.1.9 (/opt/ros/jazzy/share/rclcpp_lifecycle/cmake)
[1.288s] -- Found Boost: /usr/lib/x86_64-linux-gnu/cmake/Boost-1.83.0/BoostConfig.cmake (found version "1.83.0") found components: filesystem 
[1.341s] -- Ensuring Eigen3 include directory is part of orocos-kdl CMake target
[1.499s] -- Found Boost: /usr/lib/x86_64-linux-gnu/cmake/Boost-1.83.0/BoostConfig.cmake (found version "1.83.0") found components: system filesystem date_time program_options thread chrono 
[1.563s] -- Found Boost: /usr/lib/x86_64-linux-gnu/cmake/Boost-1.83.0/BoostConfig.cmake (found version "1.83.0") found components: thread system filesystem regex date_time program_options 
[1.594s] -- Found Boost: /usr/lib/x86_64-linux-gnu/cmake/Boost-1.83.0/BoostConfig.cmake (found version "1.83.0") found components: system filesystem date_time program_options thread 
[1.759s] -- Configuring done (1.7s)
[1.830s] -- Generating done (0.0s)
[1.845s] -- Build files have been written to: /ros2_ws/ros_workshop_ws/build/open_manipulator_playground
[1.907s] [ 16%] [32mBuilding CXX object CMakeFiles/take_ball.dir/src/take_ball.cpp.o[0m
[1.926s] [ 83%] Built target hello_moveit_omy
[1.926s] [ 83%] Built target hello_moveit_omx
[9.192s] [100%] [32m[1mLinking CXX executable take_ball[0m
[9.582s] [100%] Built target take_ball
[9.598s] Invoked command in '/ros2_ws/ros_workshop_ws/build/open_manipulator_playground' returned '0': CMAKE_PREFIX_PATH=${CMAKE_PREFIX_PATH}:/ros2_ws/ros_workshop_ws/install/open_manipulator_teleop:/ros2_ws/ros_workshop_ws/install/open_manipulator_bringup:/opt/ros/jazzy /usr/bin/cmake --build /ros2_ws/ros_workshop_ws/build/open_manipulator_playground -- -j16 -l16
[9.600s] Invoking command in '/ros2_ws/ros_workshop_ws/build/open_manipulator_playground': CMAKE_PREFIX_PATH=${CMAKE_PREFIX_PATH}:/ros2_ws/ros_workshop_ws/install/open_manipulator_teleop:/ros2_ws/ros_workshop_ws/install/open_manipulator_bringup:/opt/ros/jazzy /usr/bin/cmake --install /ros2_ws/ros_workshop_ws/build/open_manipulator_playground
[9.611s] -- Install configuration: ""
[9.611s] -- Execute custom install script
[9.612s] -- Up-to-date symlink: /ros2_ws/ros_workshop_ws/install/open_manipulator_playground/include/open_manipulator_playground/hello_moveit_omx.h
[9.613s] -- Up-to-date symlink: /ros2_ws/ros_workshop_ws/install/open_manipulator_playground/include/open_manipulator_playground/hello_moveit_omy.h
[9.613s] -- Symlinking: /ros2_ws/ros_workshop_ws/install/open_manipulator_playground/include/open_manipulator_playground/take_ball.h
[9.625s] -- Up-to-date symlink: /ros2_ws/ros_workshop_ws/install/open_manipulator_playground/share/ament_index/resource_index/package_run_dependencies/open_manipulator_playground
[9.625s] -- Up-to-date symlink: /ros2_ws/ros_workshop_ws/install/open_manipulator_playground/share/ament_index/resource_index/parent_prefix_path/open_manipulator_playground
[9.625s] -- Up-to-date symlink: /ros2_ws/ros_workshop_ws/install/open_manipulator_playground/share/open_manipulator_playground/environment/ament_prefix_path.sh
[9.625s] -- Up-to-date symlink: /ros2_ws/ros_workshop_ws/install/open_manipulator_playground/share/open_manipulator_playground/environment/ament_prefix_path.dsv
[9.625s] -- Up-to-date symlink: /ros2_ws/ros_workshop_ws/install/open_manipulator_playground/share/open_manipulator_playground/environment/path.sh
[9.626s] -- Up-to-date symlink: /ros2_ws/ros_workshop_ws/install/open_manipulator_playground/share/open_manipulator_playground/environment/path.dsv
[9.626s] -- Up-to-date symlink: /ros2_ws/ros_workshop_ws/install/open_manipulator_playground/share/open_manipulator_playground/local_setup.bash
[9.626s] -- Up-to-date symlink: /ros2_ws/ros_workshop_ws/install/open_manipulator_playground/share/open_manipulator_playground/local_setup.sh
[9.626s] -- Up-to-date symlink: /ros2_ws/ros_workshop_ws/install/open_manipulator_playground/share/open_manipulator_playground/local_setup.zsh
[9.627s] -- Up-to-date symlink: /ros2_ws/ros_workshop_ws/install/open_manipulator_playground/share/open_manipulator_playground/local_setup.dsv
[9.627s] -- Symlinking: /ros2_ws/ros_workshop_ws/install/open_manipulator_playground/share/open_manipulator_playground/package.dsv
[9.641s] -- Up-to-date symlink: /ros2_ws/ros_workshop_ws/install/open_manipulator_playground/share/ament_index/resource_index/packages/open_manipulator_playground
[9.641s] -- Up-to-date symlink: /ros2_ws/ros_workshop_ws/install/open_manipulator_playground/share/open_manipulator_playground/cmake/ament_cmake_export_include_directories-extras.cmake
[9.641s] -- Up-to-date symlink: /ros2_ws/ros_workshop_ws/install/open_manipulator_playground/share/open_manipulator_playground/cmake/ament_cmake_export_targets-extras.cmake
[9.641s] -- Up-to-date symlink: /ros2_ws/ros_workshop_ws/install/open_manipulator_playground/share/open_manipulator_playground/cmake/open_manipulator_playgroundConfig.cmake
[9.641s] -- Up-to-date symlink: /ros2_ws/ros_workshop_ws/install/open_manipulator_playground/share/open_manipulator_playground/cmake/open_manipulator_playgroundConfig-version.cmake
[9.641s] -- Up-to-date symlink: /ros2_ws/ros_workshop_ws/install/open_manipulator_playground/share/open_manipulator_playground/package.xml
[9.641s] -- Up-to-date: /ros2_ws/ros_workshop_ws/install/open_manipulator_playground/lib/open_manipulator_playground/hello_moveit_omx
[9.641s] -- Up-to-date: /ros2_ws/ros_workshop_ws/install/open_manipulator_playground/lib/open_manipulator_playground/hello_moveit_omy
[9.642s] -- Installing: /ros2_ws/ros_workshop_ws/install/open_manipulator_playground/lib/open_manipulator_playground/take_ball
[9.642s] -- Set non-toolchain portion of runtime path of "/ros2_ws/ros_workshop_ws/install/open_manipulator_playground/lib/open_manipulator_playground/take_ball" to ""
[9.642s] -- Old export file "/ros2_ws/ros_workshop_ws/install/open_manipulator_playground/share/open_manipulator_playground/cmake/export_open_manipulator_playgroundExport.cmake" will be replaced.  Removing files [/ros2_ws/ros_workshop_ws/install/open_manipulator_playground/share/open_manipulator_playground/cmake/export_open_manipulator_playgroundExport-noconfig.cmake].
[9.642s] -- Installing: /ros2_ws/ros_workshop_ws/install/open_manipulator_playground/share/open_manipulator_playground/cmake/export_open_manipulator_playgroundExport.cmake
[9.643s] -- Installing: /ros2_ws/ros_workshop_ws/install/open_manipulator_playground/share/open_manipulator_playground/cmake/export_open_manipulator_playgroundExport-noconfig.cmake
[9.645s] Invoked command in '/ros2_ws/ros_workshop_ws/build/open_manipulator_playground' returned '0': CMAKE_PREFIX_PATH=${CMAKE_PREFIX_PATH}:/ros2_ws/ros_workshop_ws/install/open_manipulator_teleop:/ros2_ws/ros_workshop_ws/install/open_manipulator_bringup:/opt/ros/jazzy /usr/bin/cmake --install /ros2_ws/ros_workshop_ws/build/open_manipulator_playground
