[0.025s] Invoking command in '/ros2_ws/ros_workshop_ws/build/open_manipulator_collision': CMAKE_PREFIX_PATH=${CMAKE_PREFIX_PATH}:/opt/ros/jazzy /usr/bin/cmake /ros2_ws/ros_workshop_ws/src/open_manipulator/open_manipulator_collision -DAMENT_CMAKE_SYMLINK_INSTALL=1 -DCMAKE_INSTALL_PREFIX=/ros2_ws/ros_workshop_ws/install/open_manipulator_collision
[0.097s] -- The C compiler identification is GNU 13.3.0
[0.167s] -- The CXX compiler identification is GNU 13.3.0
[0.187s] -- Detecting C compiler ABI info
[0.293s] -- Detecting C compiler ABI info - done
[0.306s] -- Check for working C compiler: /usr/bin/cc - skipped
[0.307s] -- Detecting C compile features
[0.307s] -- Detecting C compile features - done
[0.319s] -- Detecting CXX compiler ABI info
[0.436s] -- Detecting CXX compiler ABI info - done
[0.449s] -- Check for working CXX compiler: /usr/bin/c++ - skipped
[0.449s] -- Detecting CXX compile features
[0.450s] -- Detecting CXX compile features - done
[0.459s] -- Found ament_cmake: 2.5.4 (/opt/ros/jazzy/share/ament_cmake/cmake)
[0.646s] -- Found Python3: /usr/bin/python3 (found version "3.12.3") found components: Interpreter 
[0.727s] -- Override CMake install command with custom implementation using symlinks instead of copying resources
[0.822s] -- Found rclcpp: 28.1.9 (/opt/ros/jazzy/share/rclcpp/cmake)
[0.909s] -- Found rosidl_generator_c: 4.6.5 (/opt/ros/jazzy/share/rosidl_generator_c/cmake)
[0.943s] -- Found rosidl_generator_cpp: 4.6.5 (/opt/ros/jazzy/share/rosidl_generator_cpp/cmake)
[0.974s] -- Using all available rosidl_typesupport_c: rosidl_typesupport_fastrtps_c;rosidl_typesupport_introspection_c
[1.006s] -- Using all available rosidl_typesupport_cpp: rosidl_typesupport_fastrtps_cpp;rosidl_typesupport_introspection_cpp
[1.145s] -- Found rmw_implementation_cmake: 7.3.2 (/opt/ros/jazzy/share/rmw_implementation_cmake/cmake)
[1.153s] -- Found rmw_fastrtps_cpp: 8.4.2 (/opt/ros/jazzy/share/rmw_fastrtps_cpp/cmake)
[1.473s] -- Found OpenSSL: /usr/lib/x86_64-linux-gnu/libcrypto.so (found version "3.0.13")  
[1.513s] -- Found FastRTPS: /opt/ros/jazzy/include (Required is at least version "2.13") 
[1.551s] -- Using RMW implementation 'rmw_fastrtps_cpp' as default
[1.675s] -- Found std_msgs: 5.3.6 (/opt/ros/jazzy/share/std_msgs/cmake)
[1.694s] -- Found sensor_msgs: 5.3.6 (/opt/ros/jazzy/share/sensor_msgs/cmake)
[1.789s] -- Found visualization_msgs: 5.3.6 (/opt/ros/jazzy/share/visualization_msgs/cmake)
[1.833s] -- Found kdl_parser: 2.11.0 (/opt/ros/jazzy/share/kdl_parser/cmake)
[1.859s] -- Found eigen3_cmake_module: 0.3.0 (/opt/ros/jazzy/share/eigen3_cmake_module/cmake)
[1.859s] -- Found Eigen3: TRUE (found version "3.4.0") 
[1.859s] -- Ensuring Eigen3 include directory is part of orocos-kdl CMake target
[1.870s] -- Found urdf: 2.10.0 (/opt/ros/jazzy/share/urdf/cmake)
[2.039s] -- Configuring done (2.0s)
[2.054s] -- Generating done (0.0s)
[2.058s] -- Build files have been written to: /ros2_ws/ros_workshop_ws/build/open_manipulator_collision
[2.072s] Invoked command in '/ros2_ws/ros_workshop_ws/build/open_manipulator_collision' returned '0': CMAKE_PREFIX_PATH=${CMAKE_PREFIX_PATH}:/opt/ros/jazzy /usr/bin/cmake /ros2_ws/ros_workshop_ws/src/open_manipulator/open_manipulator_collision -DAMENT_CMAKE_SYMLINK_INSTALL=1 -DCMAKE_INSTALL_PREFIX=/ros2_ws/ros_workshop_ws/install/open_manipulator_collision
[2.073s] Invoking command in '/ros2_ws/ros_workshop_ws/build/open_manipulator_collision': CMAKE_PREFIX_PATH=${CMAKE_PREFIX_PATH}:/opt/ros/jazzy /usr/bin/cmake --build /ros2_ws/ros_workshop_ws/build/open_manipulator_collision -- -j16 -l16
[2.130s] [ 50%] [32mBuilding CXX object CMakeFiles/self_collision_node.dir/src/self_collision_node.cpp.o[0m
[21.462s] [100%] [32m[1mLinking CXX executable self_collision_node[0m
[22.069s] [100%] Built target self_collision_node
[22.085s] Invoked command in '/ros2_ws/ros_workshop_ws/build/open_manipulator_collision' returned '0': CMAKE_PREFIX_PATH=${CMAKE_PREFIX_PATH}:/opt/ros/jazzy /usr/bin/cmake --build /ros2_ws/ros_workshop_ws/build/open_manipulator_collision -- -j16 -l16
[22.086s] Invoking command in '/ros2_ws/ros_workshop_ws/build/open_manipulator_collision': CMAKE_PREFIX_PATH=${CMAKE_PREFIX_PATH}:/opt/ros/jazzy /usr/bin/cmake --install /ros2_ws/ros_workshop_ws/build/open_manipulator_collision
[22.097s] -- Install configuration: ""
[22.097s] -- Execute custom install script
[22.097s] -- Symlinking: /ros2_ws/ros_workshop_ws/install/open_manipulator_collision/lib/open_manipulator_collision/self_collision_node
[22.110s] -- Symlinking: /ros2_ws/ros_workshop_ws/install/open_manipulator_collision/include//open_manipulator_collision/self_collision_node.hpp
[22.123s] -- Symlinking: /ros2_ws/ros_workshop_ws/install/open_manipulator_collision/share/open_manipulator_collision/self_collision.launch.py
[22.135s] -- Symlinking: /ros2_ws/ros_workshop_ws/install/open_manipulator_collision/share/open_manipulator_collision/environment/library_path.sh
[22.148s] -- Symlinking: /ros2_ws/ros_workshop_ws/install/open_manipulator_collision/share/open_manipulator_collision/environment/library_path.dsv
[22.160s] -- Symlinking: /ros2_ws/ros_workshop_ws/install/open_manipulator_collision/share/ament_index/resource_index/package_run_dependencies/open_manipulator_collision
[22.172s] -- Symlinking: /ros2_ws/ros_workshop_ws/install/open_manipulator_collision/share/ament_index/resource_index/parent_prefix_path/open_manipulator_collision
[22.184s] -- Symlinking: /ros2_ws/ros_workshop_ws/install/open_manipulator_collision/share/open_manipulator_collision/environment/ament_prefix_path.sh
[22.197s] -- Symlinking: /ros2_ws/ros_workshop_ws/install/open_manipulator_collision/share/open_manipulator_collision/environment/ament_prefix_path.dsv
[22.209s] -- Symlinking: /ros2_ws/ros_workshop_ws/install/open_manipulator_collision/share/open_manipulator_collision/environment/path.sh
[22.221s] -- Symlinking: /ros2_ws/ros_workshop_ws/install/open_manipulator_collision/share/open_manipulator_collision/environment/path.dsv
[22.235s] -- Symlinking: /ros2_ws/ros_workshop_ws/install/open_manipulator_collision/share/open_manipulator_collision/local_setup.bash
[22.248s] -- Symlinking: /ros2_ws/ros_workshop_ws/install/open_manipulator_collision/share/open_manipulator_collision/local_setup.sh
[22.261s] -- Symlinking: /ros2_ws/ros_workshop_ws/install/open_manipulator_collision/share/open_manipulator_collision/local_setup.zsh
[22.274s] -- Symlinking: /ros2_ws/ros_workshop_ws/install/open_manipulator_collision/share/open_manipulator_collision/local_setup.dsv
[22.287s] -- Symlinking: /ros2_ws/ros_workshop_ws/install/open_manipulator_collision/share/open_manipulator_collision/package.dsv
[22.301s] -- Symlinking: /ros2_ws/ros_workshop_ws/install/open_manipulator_collision/share/ament_index/resource_index/packages/open_manipulator_collision
[22.314s] -- Symlinking: /ros2_ws/ros_workshop_ws/install/open_manipulator_collision/share/open_manipulator_collision/cmake/ament_cmake_export_dependencies-extras.cmake
[22.328s] -- Symlinking: /ros2_ws/ros_workshop_ws/install/open_manipulator_collision/share/open_manipulator_collision/cmake/ament_cmake_export_include_directories-extras.cmake
[22.341s] -- Symlinking: /ros2_ws/ros_workshop_ws/install/open_manipulator_collision/share/open_manipulator_collision/cmake/ament_cmake_export_libraries-extras.cmake
[22.353s] -- Symlinking: /ros2_ws/ros_workshop_ws/install/open_manipulator_collision/share/open_manipulator_collision/cmake/open_manipulator_collisionConfig.cmake
[22.365s] -- Symlinking: /ros2_ws/ros_workshop_ws/install/open_manipulator_collision/share/open_manipulator_collision/cmake/open_manipulator_collisionConfig-version.cmake
[22.378s] -- Symlinking: /ros2_ws/ros_workshop_ws/install/open_manipulator_collision/share/open_manipulator_collision/package.xml
[22.394s] Invoked command in '/ros2_ws/ros_workshop_ws/build/open_manipulator_collision' returned '0': CMAKE_PREFIX_PATH=${CMAKE_PREFIX_PATH}:/opt/ros/jazzy /usr/bin/cmake --install /ros2_ws/ros_workshop_ws/build/open_manipulator_collision
