running egg_info
creating ../../build/open_manipulator_bringup/open_manipulator_bringup.egg-info
writing ../../build/open_manipulator_bringup/open_manipulator_bringup.egg-info/PKG-INFO
writing dependency_links to ../../build/open_manipulator_bringup/open_manipulator_bringup.egg-info/dependency_links.txt
writing entry points to ../../build/open_manipulator_bringup/open_manipulator_bringup.egg-info/entry_points.txt
writing requirements to ../../build/open_manipulator_bringup/open_manipulator_bringup.egg-info/requires.txt
writing top-level names to ../../build/open_manipulator_bringup/open_manipulator_bringup.egg-info/top_level.txt
writing manifest file '../../build/open_manipulator_bringup/open_manipulator_bringup.egg-info/SOURCES.txt'
reading manifest file '../../build/open_manipulator_bringup/open_manipulator_bringup.egg-info/SOURCES.txt'
writing manifest file '../../build/open_manipulator_bringup/open_manipulator_bringup.egg-info/SOURCES.txt'
running build
running build_py
creating /ros2_ws/ros_workshop_ws/src/build/open_manipulator_bringup/build
creating /ros2_ws/ros_workshop_ws/src/build/open_manipulator_bringup/build/lib
creating /ros2_ws/ros_workshop_ws/src/build/open_manipulator_bringup/build/lib/open_manipulator_bringup
copying open_manipulator_bringup/__init__.py -> /ros2_ws/ros_workshop_ws/src/build/open_manipulator_bringup/build/lib/open_manipulator_bringup
copying open_manipulator_bringup/joint_trajectory_executor.py -> /ros2_ws/ros_workshop_ws/src/build/open_manipulator_bringup/build/lib/open_manipulator_bringup
copying open_manipulator_bringup/pack_unpack_y.py -> /ros2_ws/ros_workshop_ws/src/build/open_manipulator_bringup/build/lib/open_manipulator_bringup
copying open_manipulator_bringup/om_create_udev_rules.py -> /ros2_ws/ros_workshop_ws/src/build/open_manipulator_bringup/build/lib/open_manipulator_bringup
running install
running install_lib
creating /ros2_ws/ros_workshop_ws/src/install/open_manipulator_bringup/lib/python3.12/site-packages/open_manipulator_bringup
copying /ros2_ws/ros_workshop_ws/src/build/open_manipulator_bringup/build/lib/open_manipulator_bringup/__init__.py -> /ros2_ws/ros_workshop_ws/src/install/open_manipulator_bringup/lib/python3.12/site-packages/open_manipulator_bringup
copying /ros2_ws/ros_workshop_ws/src/build/open_manipulator_bringup/build/lib/open_manipulator_bringup/joint_trajectory_executor.py -> /ros2_ws/ros_workshop_ws/src/install/open_manipulator_bringup/lib/python3.12/site-packages/open_manipulator_bringup
copying /ros2_ws/ros_workshop_ws/src/build/open_manipulator_bringup/build/lib/open_manipulator_bringup/pack_unpack_y.py -> /ros2_ws/ros_workshop_ws/src/install/open_manipulator_bringup/lib/python3.12/site-packages/open_manipulator_bringup
copying /ros2_ws/ros_workshop_ws/src/build/open_manipulator_bringup/build/lib/open_manipulator_bringup/om_create_udev_rules.py -> /ros2_ws/ros_workshop_ws/src/install/open_manipulator_bringup/lib/python3.12/site-packages/open_manipulator_bringup
byte-compiling /ros2_ws/ros_workshop_ws/src/install/open_manipulator_bringup/lib/python3.12/site-packages/open_manipulator_bringup/__init__.py to __init__.cpython-312.pyc
byte-compiling /ros2_ws/ros_workshop_ws/src/install/open_manipulator_bringup/lib/python3.12/site-packages/open_manipulator_bringup/joint_trajectory_executor.py to joint_trajectory_executor.cpython-312.pyc
byte-compiling /ros2_ws/ros_workshop_ws/src/install/open_manipulator_bringup/lib/python3.12/site-packages/open_manipulator_bringup/pack_unpack_y.py to pack_unpack_y.cpython-312.pyc
byte-compiling /ros2_ws/ros_workshop_ws/src/install/open_manipulator_bringup/lib/python3.12/site-packages/open_manipulator_bringup/om_create_udev_rules.py to om_create_udev_rules.cpython-312.pyc
running install_data
creating /ros2_ws/ros_workshop_ws/src/install/open_manipulator_bringup/share/ament_index
creating /ros2_ws/ros_workshop_ws/src/install/open_manipulator_bringup/share/ament_index/resource_index
creating /ros2_ws/ros_workshop_ws/src/install/open_manipulator_bringup/share/ament_index/resource_index/packages
copying resource/open_manipulator_bringup -> /ros2_ws/ros_workshop_ws/src/install/open_manipulator_bringup/share/ament_index/resource_index/packages
copying package.xml -> /ros2_ws/ros_workshop_ws/src/install/open_manipulator_bringup/share/open_manipulator_bringup
creating /ros2_ws/ros_workshop_ws/src/install/open_manipulator_bringup/share/open_manipulator_bringup/launch
copying launch/gazebo.launch.py -> /ros2_ws/ros_workshop_ws/src/install/open_manipulator_bringup/share/open_manipulator_bringup/launch
copying launch/hardware_y.launch.py -> /ros2_ws/ros_workshop_ws/src/install/open_manipulator_bringup/share/open_manipulator_bringup/launch
copying launch/unpack_y.launch.py -> /ros2_ws/ros_workshop_ws/src/install/open_manipulator_bringup/share/open_manipulator_bringup/launch
copying launch/hardware_x.launch.py -> /ros2_ws/ros_workshop_ws/src/install/open_manipulator_bringup/share/open_manipulator_bringup/launch
copying launch/ai_teleoperation.launch.py -> /ros2_ws/ros_workshop_ws/src/install/open_manipulator_bringup/share/open_manipulator_bringup/launch
copying launch/pack_y.launch.py -> /ros2_ws/ros_workshop_ws/src/install/open_manipulator_bringup/share/open_manipulator_bringup/launch
copying launch/hardware_y_leader.launch.py -> /ros2_ws/ros_workshop_ws/src/install/open_manipulator_bringup/share/open_manipulator_bringup/launch
copying launch/hardware_y_follower.launch.py -> /ros2_ws/ros_workshop_ws/src/install/open_manipulator_bringup/share/open_manipulator_bringup/launch
creating /ros2_ws/ros_workshop_ws/src/install/open_manipulator_bringup/share/open_manipulator_bringup/config
creating /ros2_ws/ros_workshop_ws/src/install/open_manipulator_bringup/share/open_manipulator_bringup/config/om_x
copying config/om_x/gazebo_controller_manager.yaml -> /ros2_ws/ros_workshop_ws/src/install/open_manipulator_bringup/share/open_manipulator_bringup/config/om_x
copying config/om_x/hardware_controller_manager.yaml -> /ros2_ws/ros_workshop_ws/src/install/open_manipulator_bringup/share/open_manipulator_bringup/config/om_x
copying config/om_x/initial_positions.yaml -> /ros2_ws/ros_workshop_ws/src/install/open_manipulator_bringup/share/open_manipulator_bringup/config/om_x
creating /ros2_ws/ros_workshop_ws/src/install/open_manipulator_bringup/share/open_manipulator_bringup/config/om_y
copying config/om_y/gazebo_controller_manager.yaml -> /ros2_ws/ros_workshop_ws/src/install/open_manipulator_bringup/share/open_manipulator_bringup/config/om_y
copying config/om_y/hardware_controller_manager.yaml -> /ros2_ws/ros_workshop_ws/src/install/open_manipulator_bringup/share/open_manipulator_bringup/config/om_y
copying config/om_y/initial_positions.yaml -> /ros2_ws/ros_workshop_ws/src/install/open_manipulator_bringup/share/open_manipulator_bringup/config/om_y
creating /ros2_ws/ros_workshop_ws/src/install/open_manipulator_bringup/share/open_manipulator_bringup/config/om_y_follower
copying config/om_y_follower/gazebo_controller_manager.yaml -> /ros2_ws/ros_workshop_ws/src/install/open_manipulator_bringup/share/open_manipulator_bringup/config/om_y_follower
copying config/om_y_follower/hardware_controller_manager.yaml -> /ros2_ws/ros_workshop_ws/src/install/open_manipulator_bringup/share/open_manipulator_bringup/config/om_y_follower
copying config/om_y_follower/initial_positions.yaml -> /ros2_ws/ros_workshop_ws/src/install/open_manipulator_bringup/share/open_manipulator_bringup/config/om_y_follower
creating /ros2_ws/ros_workshop_ws/src/install/open_manipulator_bringup/share/open_manipulator_bringup/config/om_y_leader
copying config/om_y_leader/hardware_controller_manager.yaml -> /ros2_ws/ros_workshop_ws/src/install/open_manipulator_bringup/share/open_manipulator_bringup/config/om_y_leader
creating /ros2_ws/ros_workshop_ws/src/install/open_manipulator_bringup/share/open_manipulator_bringup/worlds
copying worlds/empty_world.sdf -> /ros2_ws/ros_workshop_ws/src/install/open_manipulator_bringup/share/open_manipulator_bringup/worlds
copying open-manipulator-cdc.rules -> /ros2_ws/ros_workshop_ws/src/install/open_manipulator_bringup/share/open_manipulator_bringup
running install_egg_info
Copying ../../build/open_manipulator_bringup/open_manipulator_bringup.egg-info to /ros2_ws/ros_workshop_ws/src/install/open_manipulator_bringup/lib/python3.12/site-packages/open_manipulator_bringup-3.3.0-py3.12.egg-info
running install_scripts
Installing joint_trajectory_executor script to /ros2_ws/ros_workshop_ws/src/install/open_manipulator_bringup/lib/open_manipulator_bringup
Installing om_create_udev_rules script to /ros2_ws/ros_workshop_ws/src/install/open_manipulator_bringup/lib/open_manipulator_bringup
Installing pack_unpack_y script to /ros2_ws/ros_workshop_ws/src/install/open_manipulator_bringup/lib/open_manipulator_bringup
writing list of installed files to '/ros2_ws/ros_workshop_ws/src/build/open_manipulator_bringup/install.log'
