[0.089s] Invoking command in '/ros2_ws/ros_workshop_ws/build/dynamixel_sdk': CMAKE_PREFIX_PATH=${CMAKE_PREFIX_PATH}:/ros2_ws/ros_workshop_ws/install/open_manipulator_teleop:/ros2_ws/ros_workshop_ws/install/open_manipulator_bringup:/opt/ros/jazzy /usr/bin/cmake /ros2_ws/ros_workshop_ws/src/DynamixelSDK/ros/dynamixel_sdk -DCMAKE_INSTALL_PREFIX=/ros2_ws/ros_workshop_ws/install/dynamixel_sdk
[0.484s] -- Found ament_cmake: 2.5.4 (/opt/ros/jazzy/share/ament_cmake/cmake)
[0.484s] -- Override CMake install command with custom implementation using symlinks instead of copying resources
[0.763s] -- Configuring done (0.7s)
[0.779s] -- Generating done (0.0s)
[0.782s] -- Build files have been written to: /ros2_ws/ros_workshop_ws/build/dynamixel_sdk
[0.791s] Invoked command in '/ros2_ws/ros_workshop_ws/build/dynamixel_sdk' returned '0': CMAKE_PREFIX_PATH=${CMAKE_PREFIX_PATH}:/ros2_ws/ros_workshop_ws/install/open_manipulator_teleop:/ros2_ws/ros_workshop_ws/install/open_manipulator_bringup:/opt/ros/jazzy /usr/bin/cmake /ros2_ws/ros_workshop_ws/src/DynamixelSDK/ros/dynamixel_sdk -DCMAKE_INSTALL_PREFIX=/ros2_ws/ros_workshop_ws/install/dynamixel_sdk
[0.793s] Invoking command in '/ros2_ws/ros_workshop_ws/build/dynamixel_sdk': CMAKE_PREFIX_PATH=${CMAKE_PREFIX_PATH}:/ros2_ws/ros_workshop_ws/install/open_manipulator_teleop:/ros2_ws/ros_workshop_ws/install/open_manipulator_bringup:/opt/ros/jazzy /usr/bin/cmake --build /ros2_ws/ros_workshop_ws/build/dynamixel_sdk -- -j16 -l16
[0.911s] [  0%] Built target ament_cmake_python_symlink_dynamixel_sdk
[0.911s] [100%] Built target dynamixel_sdk
[1.278s] running egg_info
[1.307s] writing dynamixel_sdk.egg-info/PKG-INFO
[1.307s] writing dependency_links to dynamixel_sdk.egg-info/dependency_links.txt
[1.308s] writing top-level names to dynamixel_sdk.egg-info/top_level.txt
[1.397s] reading manifest file 'dynamixel_sdk.egg-info/SOURCES.txt'
[1.397s] writing manifest file 'dynamixel_sdk.egg-info/SOURCES.txt'
[1.481s] [100%] Built target ament_cmake_python_build_dynamixel_sdk_egg
[1.507s] Invoked command in '/ros2_ws/ros_workshop_ws/build/dynamixel_sdk' returned '0': CMAKE_PREFIX_PATH=${CMAKE_PREFIX_PATH}:/ros2_ws/ros_workshop_ws/install/open_manipulator_teleop:/ros2_ws/ros_workshop_ws/install/open_manipulator_bringup:/opt/ros/jazzy /usr/bin/cmake --build /ros2_ws/ros_workshop_ws/build/dynamixel_sdk -- -j16 -l16
[1.508s] Invoking command in '/ros2_ws/ros_workshop_ws/build/dynamixel_sdk': CMAKE_PREFIX_PATH=${CMAKE_PREFIX_PATH}:/ros2_ws/ros_workshop_ws/install/open_manipulator_teleop:/ros2_ws/ros_workshop_ws/install/open_manipulator_bringup:/opt/ros/jazzy /usr/bin/cmake --install /ros2_ws/ros_workshop_ws/build/dynamixel_sdk
[1.522s] -- Install configuration: ""
[1.523s] -- Execute custom install script
[1.525s] -- Up-to-date symlink: /ros2_ws/ros_workshop_ws/install/dynamixel_sdk/include//dynamixel_sdk/dynamixel_sdk.h
[1.526s] -- Up-to-date symlink: /ros2_ws/ros_workshop_ws/install/dynamixel_sdk/include//dynamixel_sdk/group_bulk_read.h
[1.526s] -- Up-to-date symlink: /ros2_ws/ros_workshop_ws/install/dynamixel_sdk/include//dynamixel_sdk/group_bulk_write.h
[1.527s] -- Up-to-date symlink: /ros2_ws/ros_workshop_ws/install/dynamixel_sdk/include//dynamixel_sdk/group_fast_bulk_read.h
[1.527s] -- Up-to-date symlink: /ros2_ws/ros_workshop_ws/install/dynamixel_sdk/include//dynamixel_sdk/group_fast_sync_read.h
[1.527s] -- Up-to-date symlink: /ros2_ws/ros_workshop_ws/install/dynamixel_sdk/include//dynamixel_sdk/group_handler.h
[1.527s] -- Up-to-date symlink: /ros2_ws/ros_workshop_ws/install/dynamixel_sdk/include//dynamixel_sdk/group_sync_read.h
[1.527s] -- Up-to-date symlink: /ros2_ws/ros_workshop_ws/install/dynamixel_sdk/include//dynamixel_sdk/group_sync_write.h
[1.527s] -- Up-to-date symlink: /ros2_ws/ros_workshop_ws/install/dynamixel_sdk/include//dynamixel_sdk/packet_handler.h
[1.527s] -- Up-to-date symlink: /ros2_ws/ros_workshop_ws/install/dynamixel_sdk/include//dynamixel_sdk/port_handler.h
[1.527s] -- Up-to-date symlink: /ros2_ws/ros_workshop_ws/install/dynamixel_sdk/include//dynamixel_sdk/port_handler_arduino.h
[1.527s] -- Up-to-date symlink: /ros2_ws/ros_workshop_ws/install/dynamixel_sdk/include//dynamixel_sdk/port_handler_linux.h
[1.527s] -- Up-to-date symlink: /ros2_ws/ros_workshop_ws/install/dynamixel_sdk/include//dynamixel_sdk/port_handler_mac.h
[1.527s] -- Up-to-date symlink: /ros2_ws/ros_workshop_ws/install/dynamixel_sdk/include//dynamixel_sdk/port_handler_windows.h
[1.527s] -- Up-to-date symlink: /ros2_ws/ros_workshop_ws/install/dynamixel_sdk/include//dynamixel_sdk/protocol1_packet_handler.h
[1.528s] -- Up-to-date symlink: /ros2_ws/ros_workshop_ws/install/dynamixel_sdk/include//dynamixel_sdk/protocol2_packet_handler.h
[1.528s] -- Up-to-date symlink: /ros2_ws/ros_workshop_ws/install/dynamixel_sdk/share/dynamixel_sdk/environment/pythonpath.sh
[1.528s] -- Up-to-date symlink: /ros2_ws/ros_workshop_ws/install/dynamixel_sdk/share/dynamixel_sdk/environment/pythonpath.dsv
[1.528s] -- Up-to-date symlink: /ros2_ws/ros_workshop_ws/install/dynamixel_sdk/lib/python3.12/site-packages/dynamixel_sdk-3.8.4-py3.12.egg-info/PKG-INFO
[1.530s] -- Up-to-date symlink: /ros2_ws/ros_workshop_ws/install/dynamixel_sdk/lib/python3.12/site-packages/dynamixel_sdk-3.8.4-py3.12.egg-info/SOURCES.txt
[1.530s] -- Up-to-date symlink: /ros2_ws/ros_workshop_ws/install/dynamixel_sdk/lib/python3.12/site-packages/dynamixel_sdk-3.8.4-py3.12.egg-info/dependency_links.txt
[1.531s] -- Up-to-date symlink: /ros2_ws/ros_workshop_ws/install/dynamixel_sdk/lib/python3.12/site-packages/dynamixel_sdk-3.8.4-py3.12.egg-info/top_level.txt
[1.531s] -- Up-to-date symlink: /ros2_ws/ros_workshop_ws/install/dynamixel_sdk/lib/python3.12/site-packages/dynamixel_sdk/__init__.py
[1.531s] -- Up-to-date symlink: /ros2_ws/ros_workshop_ws/install/dynamixel_sdk/lib/python3.12/site-packages/dynamixel_sdk/group_bulk_read.cpp
[1.532s] -- Up-to-date symlink: /ros2_ws/ros_workshop_ws/install/dynamixel_sdk/lib/python3.12/site-packages/dynamixel_sdk/group_bulk_read.py
[1.532s] -- Up-to-date symlink: /ros2_ws/ros_workshop_ws/install/dynamixel_sdk/lib/python3.12/site-packages/dynamixel_sdk/group_bulk_write.cpp
[1.532s] -- Up-to-date symlink: /ros2_ws/ros_workshop_ws/install/dynamixel_sdk/lib/python3.12/site-packages/dynamixel_sdk/group_bulk_write.py
[1.533s] -- Up-to-date symlink: /ros2_ws/ros_workshop_ws/install/dynamixel_sdk/lib/python3.12/site-packages/dynamixel_sdk/group_fast_bulk_read.cpp
[1.533s] -- Up-to-date symlink: /ros2_ws/ros_workshop_ws/install/dynamixel_sdk/lib/python3.12/site-packages/dynamixel_sdk/group_fast_sync_read.cpp
[1.533s] -- Up-to-date symlink: /ros2_ws/ros_workshop_ws/install/dynamixel_sdk/lib/python3.12/site-packages/dynamixel_sdk/group_handler.cpp
[1.534s] -- Up-to-date symlink: /ros2_ws/ros_workshop_ws/install/dynamixel_sdk/lib/python3.12/site-packages/dynamixel_sdk/group_sync_read.cpp
[1.534s] -- Up-to-date symlink: /ros2_ws/ros_workshop_ws/install/dynamixel_sdk/lib/python3.12/site-packages/dynamixel_sdk/group_sync_read.py
[1.535s] -- Up-to-date symlink: /ros2_ws/ros_workshop_ws/install/dynamixel_sdk/lib/python3.12/site-packages/dynamixel_sdk/group_sync_write.cpp
[1.535s] -- Up-to-date symlink: /ros2_ws/ros_workshop_ws/install/dynamixel_sdk/lib/python3.12/site-packages/dynamixel_sdk/group_sync_write.py
[1.535s] -- Up-to-date symlink: /ros2_ws/ros_workshop_ws/install/dynamixel_sdk/lib/python3.12/site-packages/dynamixel_sdk/packet_handler.cpp
[1.535s] -- Up-to-date symlink: /ros2_ws/ros_workshop_ws/install/dynamixel_sdk/lib/python3.12/site-packages/dynamixel_sdk/packet_handler.py
[1.535s] -- Up-to-date symlink: /ros2_ws/ros_workshop_ws/install/dynamixel_sdk/lib/python3.12/site-packages/dynamixel_sdk/port_handler.cpp
[1.535s] -- Up-to-date symlink: /ros2_ws/ros_workshop_ws/install/dynamixel_sdk/lib/python3.12/site-packages/dynamixel_sdk/port_handler.py
[1.535s] -- Up-to-date symlink: /ros2_ws/ros_workshop_ws/install/dynamixel_sdk/lib/python3.12/site-packages/dynamixel_sdk/port_handler_arduino.cpp
[1.535s] -- Up-to-date symlink: /ros2_ws/ros_workshop_ws/install/dynamixel_sdk/lib/python3.12/site-packages/dynamixel_sdk/port_handler_linux.cpp
[1.535s] -- Up-to-date symlink: /ros2_ws/ros_workshop_ws/install/dynamixel_sdk/lib/python3.12/site-packages/dynamixel_sdk/port_handler_mac.cpp
[1.535s] -- Up-to-date symlink: /ros2_ws/ros_workshop_ws/install/dynamixel_sdk/lib/python3.12/site-packages/dynamixel_sdk/port_handler_windows.cpp
[1.535s] -- Up-to-date symlink: /ros2_ws/ros_workshop_ws/install/dynamixel_sdk/lib/python3.12/site-packages/dynamixel_sdk/protocol1_packet_handler.cpp
[1.535s] -- Up-to-date symlink: /ros2_ws/ros_workshop_ws/install/dynamixel_sdk/lib/python3.12/site-packages/dynamixel_sdk/protocol1_packet_handler.py
[1.535s] -- Up-to-date symlink: /ros2_ws/ros_workshop_ws/install/dynamixel_sdk/lib/python3.12/site-packages/dynamixel_sdk/protocol2_packet_handler.cpp
[1.536s] -- Up-to-date symlink: /ros2_ws/ros_workshop_ws/install/dynamixel_sdk/lib/python3.12/site-packages/dynamixel_sdk/protocol2_packet_handler.py
[1.536s] -- Up-to-date symlink: /ros2_ws/ros_workshop_ws/install/dynamixel_sdk/lib/python3.12/site-packages/dynamixel_sdk/robotis_def.py
[1.536s] -- Up-to-date symlink: /ros2_ws/ros_workshop_ws/install/dynamixel_sdk/share/dynamixel_sdk/environment/library_path.sh
[1.536s] -- Up-to-date symlink: /ros2_ws/ros_workshop_ws/install/dynamixel_sdk/share/dynamixel_sdk/environment/library_path.dsv
[1.536s] -- Up-to-date symlink: /ros2_ws/ros_workshop_ws/install/dynamixel_sdk/share/ament_index/resource_index/package_run_dependencies/dynamixel_sdk
[1.536s] -- Up-to-date symlink: /ros2_ws/ros_workshop_ws/install/dynamixel_sdk/share/ament_index/resource_index/parent_prefix_path/dynamixel_sdk
[1.536s] -- Up-to-date symlink: /ros2_ws/ros_workshop_ws/install/dynamixel_sdk/share/dynamixel_sdk/environment/ament_prefix_path.sh
[1.536s] -- Up-to-date symlink: /ros2_ws/ros_workshop_ws/install/dynamixel_sdk/share/dynamixel_sdk/environment/ament_prefix_path.dsv
[1.536s] -- Up-to-date symlink: /ros2_ws/ros_workshop_ws/install/dynamixel_sdk/share/dynamixel_sdk/environment/path.sh
[1.536s] -- Up-to-date symlink: /ros2_ws/ros_workshop_ws/install/dynamixel_sdk/share/dynamixel_sdk/environment/path.dsv
[1.536s] -- Up-to-date symlink: /ros2_ws/ros_workshop_ws/install/dynamixel_sdk/share/dynamixel_sdk/local_setup.bash
[1.536s] -- Up-to-date symlink: /ros2_ws/ros_workshop_ws/install/dynamixel_sdk/share/dynamixel_sdk/local_setup.sh
[1.536s] -- Up-to-date symlink: /ros2_ws/ros_workshop_ws/install/dynamixel_sdk/share/dynamixel_sdk/local_setup.zsh
[1.536s] -- Up-to-date symlink: /ros2_ws/ros_workshop_ws/install/dynamixel_sdk/share/dynamixel_sdk/local_setup.dsv
[1.537s] -- Symlinking: /ros2_ws/ros_workshop_ws/install/dynamixel_sdk/share/dynamixel_sdk/package.dsv
[1.556s] -- Up-to-date symlink: /ros2_ws/ros_workshop_ws/install/dynamixel_sdk/share/ament_index/resource_index/packages/dynamixel_sdk
[1.556s] -- Up-to-date symlink: /ros2_ws/ros_workshop_ws/install/dynamixel_sdk/share/dynamixel_sdk/cmake/ament_cmake_export_targets-extras.cmake
[1.557s] -- Up-to-date symlink: /ros2_ws/ros_workshop_ws/install/dynamixel_sdk/share/dynamixel_sdk/cmake/ament_cmake_export_include_directories-extras.cmake
[1.557s] -- Up-to-date symlink: /ros2_ws/ros_workshop_ws/install/dynamixel_sdk/share/dynamixel_sdk/cmake/ament_cmake_export_libraries-extras.cmake
[1.557s] -- Up-to-date symlink: /ros2_ws/ros_workshop_ws/install/dynamixel_sdk/share/dynamixel_sdk/cmake/dynamixel_sdkConfig.cmake
[1.557s] -- Up-to-date symlink: /ros2_ws/ros_workshop_ws/install/dynamixel_sdk/share/dynamixel_sdk/cmake/dynamixel_sdkConfig-version.cmake
[1.557s] -- Up-to-date symlink: /ros2_ws/ros_workshop_ws/install/dynamixel_sdk/share/dynamixel_sdk/package.xml
[1.558s] -- Up-to-date: /ros2_ws/ros_workshop_ws/install/dynamixel_sdk/lib/libdynamixel_sdk.so
[1.619s] Listing '/ros2_ws/ros_workshop_ws/install/dynamixel_sdk/lib/python3.12/site-packages/dynamixel_sdk'...
[1.632s] -- Up-to-date: /ros2_ws/ros_workshop_ws/install/dynamixel_sdk/share/dynamixel_sdk/cmake/dynamixel_sdkExport.cmake
[1.632s] -- Up-to-date: /ros2_ws/ros_workshop_ws/install/dynamixel_sdk/share/dynamixel_sdk/cmake/dynamixel_sdkExport-noconfig.cmake
[1.635s] Invoked command in '/ros2_ws/ros_workshop_ws/build/dynamixel_sdk' returned '0': CMAKE_PREFIX_PATH=${CMAKE_PREFIX_PATH}:/ros2_ws/ros_workshop_ws/install/open_manipulator_teleop:/ros2_ws/ros_workshop_ws/install/open_manipulator_bringup:/opt/ros/jazzy /usr/bin/cmake --install /ros2_ws/ros_workshop_ws/build/dynamixel_sdk
