[0.080s] Invoking command in '/ros2_ws/ros_workshop_ws/build/dynamixel_interfaces': CMAKE_PREFIX_PATH=${CMAKE_PREFIX_PATH}:/ros2_ws/ros_workshop_ws/install/open_manipulator_teleop:/ros2_ws/ros_workshop_ws/install/open_manipulator_bringup:/opt/ros/jazzy /usr/bin/cmake --build /ros2_ws/ros_workshop_ws/build/dynamixel_interfaces -- -j16 -l16
[0.167s] [  1%] Built target dynamixel_interfaces__rosidl_generator_type_description
[0.186s] [  1%] Built target ament_cmake_python_symlink_dynamixel_interfaces
[0.210s] [  3%] Built target dynamixel_interfaces__cpp
[0.229s] [ 25%] Built target dynamixel_interfaces__rosidl_generator_c
[0.286s] [ 34%] Built target dynamixel_interfaces__rosidl_typesupport_introspection_cpp
[0.293s] [ 43%] Built target dynamixel_interfaces__rosidl_typesupport_c
[0.302s] [ 53%] Built target dynamixel_interfaces__rosidl_typesupport_fastrtps_cpp
[0.303s] [ 71%] Built target dynamixel_interfaces__rosidl_typesupport_cpp
[0.303s] [ 71%] Built target dynamixel_interfaces__rosidl_typesupport_fastrtps_c
[0.308s] [ 81%] Built target dynamixel_interfaces__rosidl_typesupport_introspection_c
[0.348s] [ 81%] Built target dynamixel_interfaces
[0.380s] [ 82%] Built target dynamixel_interfaces__py
[0.424s] [ 90%] Built target dynamixel_interfaces__rosidl_generator_py
[0.462s] [ 96%] Built target dynamixel_interfaces_s__rosidl_typesupport_c
[0.462s] [ 96%] Built target dynamixel_interfaces_s__rosidl_typesupport_fastrtps_c
[0.464s] [100%] Built target dynamixel_interfaces_s__rosidl_typesupport_introspection_c
[0.570s] running egg_info
[0.582s] writing dynamixel_interfaces.egg-info/PKG-INFO
[0.582s] writing dependency_links to dynamixel_interfaces.egg-info/dependency_links.txt
[0.582s] writing top-level names to dynamixel_interfaces.egg-info/top_level.txt
[0.657s] reading manifest file 'dynamixel_interfaces.egg-info/SOURCES.txt'
[0.660s] writing manifest file 'dynamixel_interfaces.egg-info/SOURCES.txt'
[0.708s] [100%] Built target ament_cmake_python_build_dynamixel_interfaces_egg
[0.730s] Invoked command in '/ros2_ws/ros_workshop_ws/build/dynamixel_interfaces' returned '0': CMAKE_PREFIX_PATH=${CMAKE_PREFIX_PATH}:/ros2_ws/ros_workshop_ws/install/open_manipulator_teleop:/ros2_ws/ros_workshop_ws/install/open_manipulator_bringup:/opt/ros/jazzy /usr/bin/cmake --build /ros2_ws/ros_workshop_ws/build/dynamixel_interfaces -- -j16 -l16
[0.731s] Invoking command in '/ros2_ws/ros_workshop_ws/build/dynamixel_interfaces': CMAKE_PREFIX_PATH=${CMAKE_PREFIX_PATH}:/ros2_ws/ros_workshop_ws/install/open_manipulator_teleop:/ros2_ws/ros_workshop_ws/install/open_manipulator_bringup:/opt/ros/jazzy /usr/bin/cmake --install /ros2_ws/ros_workshop_ws/build/dynamixel_interfaces
[0.743s] -- Install configuration: ""
[0.743s] -- Execute custom install script
[0.744s] -- Up-to-date symlink: /ros2_ws/ros_workshop_ws/install/dynamixel_interfaces/share/ament_index/resource_index/rosidl_interfaces/dynamixel_interfaces
[0.744s] -- Up-to-date symlink: /ros2_ws/ros_workshop_ws/install/dynamixel_interfaces/share/dynamixel_interfaces/msg/DynamixelState.json
[0.744s] -- Up-to-date symlink: /ros2_ws/ros_workshop_ws/install/dynamixel_interfaces/share/dynamixel_interfaces/srv/GetDataFromDxl.json
[0.745s] -- Up-to-date symlink: /ros2_ws/ros_workshop_ws/install/dynamixel_interfaces/share/dynamixel_interfaces/srv/SetDataToDxl.json
[0.745s] -- Up-to-date symlink: /ros2_ws/ros_workshop_ws/install/dynamixel_interfaces/share/dynamixel_interfaces/srv/RebootDxl.json
[0.746s] -- Up-to-date symlink: /ros2_ws/ros_workshop_ws/install/dynamixel_interfaces/include/dynamixel_interfaces/dynamixel_interfaces/msg/detail/dynamixel_state__functions.h
[0.746s] -- Up-to-date symlink: /ros2_ws/ros_workshop_ws/install/dynamixel_interfaces/include/dynamixel_interfaces/dynamixel_interfaces/msg/detail/dynamixel_state__struct.h
[0.746s] -- Up-to-date symlink: /ros2_ws/ros_workshop_ws/install/dynamixel_interfaces/include/dynamixel_interfaces/dynamixel_interfaces/msg/detail/dynamixel_state__type_support.h
[0.746s] -- Up-to-date symlink: /ros2_ws/ros_workshop_ws/install/dynamixel_interfaces/include/dynamixel_interfaces/dynamixel_interfaces/msg/dynamixel_state.h
[0.747s] -- Up-to-date symlink: /ros2_ws/ros_workshop_ws/install/dynamixel_interfaces/include/dynamixel_interfaces/dynamixel_interfaces/msg/rosidl_generator_c__visibility_control.h
[0.747s] -- Up-to-date symlink: /ros2_ws/ros_workshop_ws/install/dynamixel_interfaces/include/dynamixel_interfaces/dynamixel_interfaces/srv/detail/get_data_from_dxl__functions.h
[0.747s] -- Up-to-date symlink: /ros2_ws/ros_workshop_ws/install/dynamixel_interfaces/include/dynamixel_interfaces/dynamixel_interfaces/srv/detail/get_data_from_dxl__struct.h
[0.747s] -- Up-to-date symlink: /ros2_ws/ros_workshop_ws/install/dynamixel_interfaces/include/dynamixel_interfaces/dynamixel_interfaces/srv/detail/get_data_from_dxl__type_support.h
[0.747s] -- Up-to-date symlink: /ros2_ws/ros_workshop_ws/install/dynamixel_interfaces/include/dynamixel_interfaces/dynamixel_interfaces/srv/detail/reboot_dxl__functions.h
[0.747s] -- Up-to-date symlink: /ros2_ws/ros_workshop_ws/install/dynamixel_interfaces/include/dynamixel_interfaces/dynamixel_interfaces/srv/detail/reboot_dxl__struct.h
[0.748s] -- Up-to-date symlink: /ros2_ws/ros_workshop_ws/install/dynamixel_interfaces/include/dynamixel_interfaces/dynamixel_interfaces/srv/detail/reboot_dxl__type_support.h
[0.748s] -- Up-to-date symlink: /ros2_ws/ros_workshop_ws/install/dynamixel_interfaces/include/dynamixel_interfaces/dynamixel_interfaces/srv/detail/set_data_to_dxl__functions.h
[0.748s] -- Up-to-date symlink: /ros2_ws/ros_workshop_ws/install/dynamixel_interfaces/include/dynamixel_interfaces/dynamixel_interfaces/srv/detail/set_data_to_dxl__struct.h
[0.748s] -- Up-to-date symlink: /ros2_ws/ros_workshop_ws/install/dynamixel_interfaces/include/dynamixel_interfaces/dynamixel_interfaces/srv/detail/set_data_to_dxl__type_support.h
[0.748s] -- Up-to-date symlink: /ros2_ws/ros_workshop_ws/install/dynamixel_interfaces/include/dynamixel_interfaces/dynamixel_interfaces/srv/get_data_from_dxl.h
[0.748s] -- Up-to-date symlink: /ros2_ws/ros_workshop_ws/install/dynamixel_interfaces/include/dynamixel_interfaces/dynamixel_interfaces/srv/reboot_dxl.h
[0.749s] -- Up-to-date symlink: /ros2_ws/ros_workshop_ws/install/dynamixel_interfaces/include/dynamixel_interfaces/dynamixel_interfaces/srv/set_data_to_dxl.h
[0.749s] -- Up-to-date symlink: /ros2_ws/ros_workshop_ws/install/dynamixel_interfaces/share/dynamixel_interfaces/environment/library_path.sh
[0.749s] -- Up-to-date symlink: /ros2_ws/ros_workshop_ws/install/dynamixel_interfaces/share/dynamixel_interfaces/environment/library_path.dsv
[0.750s] -- Up-to-date symlink: /ros2_ws/ros_workshop_ws/install/dynamixel_interfaces/include/dynamixel_interfaces/dynamixel_interfaces/msg/detail/dynamixel_state__rosidl_typesupport_fastrtps_c.h
[0.750s] -- Up-to-date symlink: /ros2_ws/ros_workshop_ws/install/dynamixel_interfaces/include/dynamixel_interfaces/dynamixel_interfaces/msg/rosidl_typesupport_fastrtps_c__visibility_control.h
[0.750s] -- Up-to-date symlink: /ros2_ws/ros_workshop_ws/install/dynamixel_interfaces/include/dynamixel_interfaces/dynamixel_interfaces/srv/detail/get_data_from_dxl__rosidl_typesupport_fastrtps_c.h
[0.750s] -- Up-to-date symlink: /ros2_ws/ros_workshop_ws/install/dynamixel_interfaces/include/dynamixel_interfaces/dynamixel_interfaces/srv/detail/reboot_dxl__rosidl_typesupport_fastrtps_c.h
[0.750s] -- Up-to-date symlink: /ros2_ws/ros_workshop_ws/install/dynamixel_interfaces/include/dynamixel_interfaces/dynamixel_interfaces/srv/detail/set_data_to_dxl__rosidl_typesupport_fastrtps_c.h
[0.750s] -- Up-to-date symlink: /ros2_ws/ros_workshop_ws/install/dynamixel_interfaces/include/dynamixel_interfaces/dynamixel_interfaces/msg/detail/dynamixel_state__builder.hpp
[0.751s] -- Up-to-date symlink: /ros2_ws/ros_workshop_ws/install/dynamixel_interfaces/include/dynamixel_interfaces/dynamixel_interfaces/msg/detail/dynamixel_state__struct.hpp
[0.751s] -- Up-to-date symlink: /ros2_ws/ros_workshop_ws/install/dynamixel_interfaces/include/dynamixel_interfaces/dynamixel_interfaces/msg/detail/dynamixel_state__traits.hpp
[0.752s] -- Up-to-date symlink: /ros2_ws/ros_workshop_ws/install/dynamixel_interfaces/include/dynamixel_interfaces/dynamixel_interfaces/msg/detail/dynamixel_state__type_support.hpp
[0.752s] -- Up-to-date symlink: /ros2_ws/ros_workshop_ws/install/dynamixel_interfaces/include/dynamixel_interfaces/dynamixel_interfaces/msg/dynamixel_state.hpp
[0.752s] -- Up-to-date symlink: /ros2_ws/ros_workshop_ws/install/dynamixel_interfaces/include/dynamixel_interfaces/dynamixel_interfaces/msg/rosidl_generator_cpp__visibility_control.hpp
[0.752s] -- Up-to-date symlink: /ros2_ws/ros_workshop_ws/install/dynamixel_interfaces/include/dynamixel_interfaces/dynamixel_interfaces/srv/detail/get_data_from_dxl__builder.hpp
[0.753s] -- Up-to-date symlink: /ros2_ws/ros_workshop_ws/install/dynamixel_interfaces/include/dynamixel_interfaces/dynamixel_interfaces/srv/detail/get_data_from_dxl__struct.hpp
[0.753s] -- Up-to-date symlink: /ros2_ws/ros_workshop_ws/install/dynamixel_interfaces/include/dynamixel_interfaces/dynamixel_interfaces/srv/detail/get_data_from_dxl__traits.hpp
[0.753s] -- Up-to-date symlink: /ros2_ws/ros_workshop_ws/install/dynamixel_interfaces/include/dynamixel_interfaces/dynamixel_interfaces/srv/detail/get_data_from_dxl__type_support.hpp
[0.753s] -- Up-to-date symlink: /ros2_ws/ros_workshop_ws/install/dynamixel_interfaces/include/dynamixel_interfaces/dynamixel_interfaces/srv/detail/reboot_dxl__builder.hpp
[0.753s] -- Up-to-date symlink: /ros2_ws/ros_workshop_ws/install/dynamixel_interfaces/include/dynamixel_interfaces/dynamixel_interfaces/srv/detail/reboot_dxl__struct.hpp
[0.753s] -- Up-to-date symlink: /ros2_ws/ros_workshop_ws/install/dynamixel_interfaces/include/dynamixel_interfaces/dynamixel_interfaces/srv/detail/reboot_dxl__traits.hpp
[0.753s] -- Up-to-date symlink: /ros2_ws/ros_workshop_ws/install/dynamixel_interfaces/include/dynamixel_interfaces/dynamixel_interfaces/srv/detail/reboot_dxl__type_support.hpp
[0.753s] -- Up-to-date symlink: /ros2_ws/ros_workshop_ws/install/dynamixel_interfaces/include/dynamixel_interfaces/dynamixel_interfaces/srv/detail/set_data_to_dxl__builder.hpp
[0.754s] -- Up-to-date symlink: /ros2_ws/ros_workshop_ws/install/dynamixel_interfaces/include/dynamixel_interfaces/dynamixel_interfaces/srv/detail/set_data_to_dxl__struct.hpp
[0.754s] -- Up-to-date symlink: /ros2_ws/ros_workshop_ws/install/dynamixel_interfaces/include/dynamixel_interfaces/dynamixel_interfaces/srv/detail/set_data_to_dxl__traits.hpp
[0.754s] -- Up-to-date symlink: /ros2_ws/ros_workshop_ws/install/dynamixel_interfaces/include/dynamixel_interfaces/dynamixel_interfaces/srv/detail/set_data_to_dxl__type_support.hpp
[0.754s] -- Up-to-date symlink: /ros2_ws/ros_workshop_ws/install/dynamixel_interfaces/include/dynamixel_interfaces/dynamixel_interfaces/srv/get_data_from_dxl.hpp
[0.754s] -- Up-to-date symlink: /ros2_ws/ros_workshop_ws/install/dynamixel_interfaces/include/dynamixel_interfaces/dynamixel_interfaces/srv/reboot_dxl.hpp
[0.754s] -- Up-to-date symlink: /ros2_ws/ros_workshop_ws/install/dynamixel_interfaces/include/dynamixel_interfaces/dynamixel_interfaces/srv/set_data_to_dxl.hpp
[0.754s] -- Up-to-date symlink: /ros2_ws/ros_workshop_ws/install/dynamixel_interfaces/include/dynamixel_interfaces/dynamixel_interfaces/msg/detail/dynamixel_state__rosidl_typesupport_fastrtps_cpp.hpp
[0.754s] -- Up-to-date symlink: /ros2_ws/ros_workshop_ws/install/dynamixel_interfaces/include/dynamixel_interfaces/dynamixel_interfaces/msg/rosidl_typesupport_fastrtps_cpp__visibility_control.h
[0.755s] -- Up-to-date symlink: /ros2_ws/ros_workshop_ws/install/dynamixel_interfaces/include/dynamixel_interfaces/dynamixel_interfaces/srv/detail/get_data_from_dxl__rosidl_typesupport_fastrtps_cpp.hpp
[0.755s] -- Up-to-date symlink: /ros2_ws/ros_workshop_ws/install/dynamixel_interfaces/include/dynamixel_interfaces/dynamixel_interfaces/srv/detail/reboot_dxl__rosidl_typesupport_fastrtps_cpp.hpp
[0.755s] -- Up-to-date symlink: /ros2_ws/ros_workshop_ws/install/dynamixel_interfaces/include/dynamixel_interfaces/dynamixel_interfaces/srv/detail/set_data_to_dxl__rosidl_typesupport_fastrtps_cpp.hpp
[0.755s] -- Up-to-date symlink: /ros2_ws/ros_workshop_ws/install/dynamixel_interfaces/include/dynamixel_interfaces/dynamixel_interfaces/msg/detail/dynamixel_state__rosidl_typesupport_introspection_c.h
[0.755s] -- Up-to-date symlink: /ros2_ws/ros_workshop_ws/install/dynamixel_interfaces/include/dynamixel_interfaces/dynamixel_interfaces/msg/rosidl_typesupport_introspection_c__visibility_control.h
[0.755s] -- Up-to-date symlink: /ros2_ws/ros_workshop_ws/install/dynamixel_interfaces/include/dynamixel_interfaces/dynamixel_interfaces/srv/detail/get_data_from_dxl__rosidl_typesupport_introspection_c.h
[0.755s] -- Up-to-date symlink: /ros2_ws/ros_workshop_ws/install/dynamixel_interfaces/include/dynamixel_interfaces/dynamixel_interfaces/srv/detail/reboot_dxl__rosidl_typesupport_introspection_c.h
[0.755s] -- Up-to-date symlink: /ros2_ws/ros_workshop_ws/install/dynamixel_interfaces/include/dynamixel_interfaces/dynamixel_interfaces/srv/detail/set_data_to_dxl__rosidl_typesupport_introspection_c.h
[0.755s] -- Up-to-date symlink: /ros2_ws/ros_workshop_ws/install/dynamixel_interfaces/include/dynamixel_interfaces/dynamixel_interfaces/msg/detail/dynamixel_state__rosidl_typesupport_introspection_cpp.hpp
[0.756s] -- Up-to-date symlink: /ros2_ws/ros_workshop_ws/install/dynamixel_interfaces/include/dynamixel_interfaces/dynamixel_interfaces/srv/detail/get_data_from_dxl__rosidl_typesupport_introspection_cpp.hpp
[0.756s] -- Up-to-date symlink: /ros2_ws/ros_workshop_ws/install/dynamixel_interfaces/include/dynamixel_interfaces/dynamixel_interfaces/srv/detail/reboot_dxl__rosidl_typesupport_introspection_cpp.hpp
[0.756s] -- Up-to-date symlink: /ros2_ws/ros_workshop_ws/install/dynamixel_interfaces/include/dynamixel_interfaces/dynamixel_interfaces/srv/detail/set_data_to_dxl__rosidl_typesupport_introspection_cpp.hpp
[0.756s] -- Up-to-date symlink: /ros2_ws/ros_workshop_ws/install/dynamixel_interfaces/share/dynamixel_interfaces/environment/pythonpath.sh
[0.756s] -- Up-to-date symlink: /ros2_ws/ros_workshop_ws/install/dynamixel_interfaces/share/dynamixel_interfaces/environment/pythonpath.dsv
[0.756s] -- Up-to-date symlink: /ros2_ws/ros_workshop_ws/install/dynamixel_interfaces/lib/python3.12/site-packages/dynamixel_interfaces-1.0.1-py3.12.egg-info/PKG-INFO
[0.756s] -- Up-to-date symlink: /ros2_ws/ros_workshop_ws/install/dynamixel_interfaces/lib/python3.12/site-packages/dynamixel_interfaces-1.0.1-py3.12.egg-info/SOURCES.txt
[0.756s] -- Up-to-date symlink: /ros2_ws/ros_workshop_ws/install/dynamixel_interfaces/lib/python3.12/site-packages/dynamixel_interfaces-1.0.1-py3.12.egg-info/dependency_links.txt
[0.757s] -- Up-to-date symlink: /ros2_ws/ros_workshop_ws/install/dynamixel_interfaces/lib/python3.12/site-packages/dynamixel_interfaces-1.0.1-py3.12.egg-info/top_level.txt
[0.757s] -- Up-to-date symlink: /ros2_ws/ros_workshop_ws/install/dynamixel_interfaces/lib/python3.12/site-packages/dynamixel_interfaces/__init__.py
[0.757s] -- Up-to-date symlink: /ros2_ws/ros_workshop_ws/install/dynamixel_interfaces/lib/python3.12/site-packages/dynamixel_interfaces/_dynamixel_interfaces_s.ep.rosidl_typesupport_c.c
[0.757s] -- Up-to-date symlink: /ros2_ws/ros_workshop_ws/install/dynamixel_interfaces/lib/python3.12/site-packages/dynamixel_interfaces/_dynamixel_interfaces_s.ep.rosidl_typesupport_fastrtps_c.c
[0.757s] -- Up-to-date symlink: /ros2_ws/ros_workshop_ws/install/dynamixel_interfaces/lib/python3.12/site-packages/dynamixel_interfaces/_dynamixel_interfaces_s.ep.rosidl_typesupport_introspection_c.c
[0.757s] -- Up-to-date symlink: /ros2_ws/ros_workshop_ws/install/dynamixel_interfaces/lib/python3.12/site-packages/dynamixel_interfaces/dynamixel_interfaces_s__rosidl_typesupport_c.so
[0.757s] -- Up-to-date symlink: /ros2_ws/ros_workshop_ws/install/dynamixel_interfaces/lib/python3.12/site-packages/dynamixel_interfaces/dynamixel_interfaces_s__rosidl_typesupport_fastrtps_c.so
[0.757s] -- Up-to-date symlink: /ros2_ws/ros_workshop_ws/install/dynamixel_interfaces/lib/python3.12/site-packages/dynamixel_interfaces/dynamixel_interfaces_s__rosidl_typesupport_introspection_c.so
[0.758s] -- Up-to-date symlink: /ros2_ws/ros_workshop_ws/install/dynamixel_interfaces/lib/python3.12/site-packages/dynamixel_interfaces/msg/__init__.py
[0.758s] -- Up-to-date symlink: /ros2_ws/ros_workshop_ws/install/dynamixel_interfaces/lib/python3.12/site-packages/dynamixel_interfaces/msg/_dynamixel_state.py
[0.758s] -- Up-to-date symlink: /ros2_ws/ros_workshop_ws/install/dynamixel_interfaces/lib/python3.12/site-packages/dynamixel_interfaces/msg/_dynamixel_state_s.c
[0.758s] -- Up-to-date symlink: /ros2_ws/ros_workshop_ws/install/dynamixel_interfaces/lib/python3.12/site-packages/dynamixel_interfaces/srv/__init__.py
[0.758s] -- Up-to-date symlink: /ros2_ws/ros_workshop_ws/install/dynamixel_interfaces/lib/python3.12/site-packages/dynamixel_interfaces/srv/_get_data_from_dxl.py
[0.758s] -- Up-to-date symlink: /ros2_ws/ros_workshop_ws/install/dynamixel_interfaces/lib/python3.12/site-packages/dynamixel_interfaces/srv/_get_data_from_dxl_s.c
[0.758s] -- Up-to-date symlink: /ros2_ws/ros_workshop_ws/install/dynamixel_interfaces/lib/python3.12/site-packages/dynamixel_interfaces/srv/_reboot_dxl.py
[0.758s] -- Up-to-date symlink: /ros2_ws/ros_workshop_ws/install/dynamixel_interfaces/lib/python3.12/site-packages/dynamixel_interfaces/srv/_reboot_dxl_s.c
[0.758s] -- Up-to-date symlink: /ros2_ws/ros_workshop_ws/install/dynamixel_interfaces/lib/python3.12/site-packages/dynamixel_interfaces/srv/_set_data_to_dxl.py
[0.759s] -- Up-to-date symlink: /ros2_ws/ros_workshop_ws/install/dynamixel_interfaces/lib/python3.12/site-packages/dynamixel_interfaces/srv/_set_data_to_dxl_s.c
[0.759s] -- Up-to-date symlink: /ros2_ws/ros_workshop_ws/install/dynamixel_interfaces/lib/python3.12/site-packages/dynamixel_interfaces/dynamixel_interfaces_s__rosidl_typesupport_fastrtps_c.so
[0.759s] -- Up-to-date symlink: /ros2_ws/ros_workshop_ws/install/dynamixel_interfaces/lib/python3.12/site-packages/dynamixel_interfaces/dynamixel_interfaces_s__rosidl_typesupport_introspection_c.so
[0.759s] -- Up-to-date symlink: /ros2_ws/ros_workshop_ws/install/dynamixel_interfaces/lib/python3.12/site-packages/dynamixel_interfaces/dynamixel_interfaces_s__rosidl_typesupport_c.so
[0.759s] -- Up-to-date symlink: /ros2_ws/ros_workshop_ws/install/dynamixel_interfaces/share/dynamixel_interfaces/msg/DynamixelState.idl
[0.759s] -- Up-to-date symlink: /ros2_ws/ros_workshop_ws/install/dynamixel_interfaces/share/dynamixel_interfaces/srv/GetDataFromDxl.idl
[0.759s] -- Up-to-date symlink: /ros2_ws/ros_workshop_ws/install/dynamixel_interfaces/share/dynamixel_interfaces/srv/SetDataToDxl.idl
[0.759s] -- Up-to-date symlink: /ros2_ws/ros_workshop_ws/install/dynamixel_interfaces/share/dynamixel_interfaces/srv/RebootDxl.idl
[0.759s] -- Up-to-date symlink: /ros2_ws/ros_workshop_ws/install/dynamixel_interfaces/share/dynamixel_interfaces/msg/DynamixelState.msg
[0.760s] -- Up-to-date symlink: /ros2_ws/ros_workshop_ws/install/dynamixel_interfaces/share/dynamixel_interfaces/srv/GetDataFromDxl.srv
[0.760s] -- Up-to-date symlink: /ros2_ws/ros_workshop_ws/install/dynamixel_interfaces/share/dynamixel_interfaces/srv/SetDataToDxl.srv
[0.760s] -- Up-to-date symlink: /ros2_ws/ros_workshop_ws/install/dynamixel_interfaces/share/dynamixel_interfaces/srv/RebootDxl.srv
[0.760s] -- Up-to-date symlink: /ros2_ws/ros_workshop_ws/install/dynamixel_interfaces/share/ament_index/resource_index/package_run_dependencies/dynamixel_interfaces
[0.760s] -- Up-to-date symlink: /ros2_ws/ros_workshop_ws/install/dynamixel_interfaces/share/ament_index/resource_index/parent_prefix_path/dynamixel_interfaces
[0.760s] -- Up-to-date symlink: /ros2_ws/ros_workshop_ws/install/dynamixel_interfaces/share/dynamixel_interfaces/environment/ament_prefix_path.sh
[0.760s] -- Up-to-date symlink: /ros2_ws/ros_workshop_ws/install/dynamixel_interfaces/share/dynamixel_interfaces/environment/ament_prefix_path.dsv
[0.760s] -- Up-to-date symlink: /ros2_ws/ros_workshop_ws/install/dynamixel_interfaces/share/dynamixel_interfaces/environment/path.sh
[0.761s] -- Up-to-date symlink: /ros2_ws/ros_workshop_ws/install/dynamixel_interfaces/share/dynamixel_interfaces/environment/path.dsv
[0.761s] -- Up-to-date symlink: /ros2_ws/ros_workshop_ws/install/dynamixel_interfaces/share/dynamixel_interfaces/local_setup.bash
[0.761s] -- Up-to-date symlink: /ros2_ws/ros_workshop_ws/install/dynamixel_interfaces/share/dynamixel_interfaces/local_setup.sh
[0.761s] -- Up-to-date symlink: /ros2_ws/ros_workshop_ws/install/dynamixel_interfaces/share/dynamixel_interfaces/local_setup.zsh
[0.761s] -- Up-to-date symlink: /ros2_ws/ros_workshop_ws/install/dynamixel_interfaces/share/dynamixel_interfaces/local_setup.dsv
[0.761s] -- Symlinking: /ros2_ws/ros_workshop_ws/install/dynamixel_interfaces/share/dynamixel_interfaces/package.dsv
[0.778s] -- Up-to-date symlink: /ros2_ws/ros_workshop_ws/install/dynamixel_interfaces/share/ament_index/resource_index/packages/dynamixel_interfaces
[0.778s] -- Up-to-date symlink: /ros2_ws/ros_workshop_ws/install/dynamixel_interfaces/share/dynamixel_interfaces/cmake/rosidl_cmake-extras.cmake
[0.778s] -- Up-to-date symlink: /ros2_ws/ros_workshop_ws/install/dynamixel_interfaces/share/dynamixel_interfaces/cmake/ament_cmake_export_dependencies-extras.cmake
[0.778s] -- Up-to-date symlink: /ros2_ws/ros_workshop_ws/install/dynamixel_interfaces/share/dynamixel_interfaces/cmake/ament_cmake_export_include_directories-extras.cmake
[0.779s] -- Up-to-date symlink: /ros2_ws/ros_workshop_ws/install/dynamixel_interfaces/share/dynamixel_interfaces/cmake/ament_cmake_export_libraries-extras.cmake
[0.779s] -- Up-to-date symlink: /ros2_ws/ros_workshop_ws/install/dynamixel_interfaces/share/dynamixel_interfaces/cmake/ament_cmake_export_targets-extras.cmake
[0.779s] -- Up-to-date symlink: /ros2_ws/ros_workshop_ws/install/dynamixel_interfaces/share/dynamixel_interfaces/cmake/rosidl_cmake_export_typesupport_targets-extras.cmake
[0.780s] -- Up-to-date symlink: /ros2_ws/ros_workshop_ws/install/dynamixel_interfaces/share/dynamixel_interfaces/cmake/rosidl_cmake_export_typesupport_libraries-extras.cmake
[0.780s] -- Up-to-date symlink: /ros2_ws/ros_workshop_ws/install/dynamixel_interfaces/share/dynamixel_interfaces/cmake/dynamixel_interfacesConfig.cmake
[0.780s] -- Up-to-date symlink: /ros2_ws/ros_workshop_ws/install/dynamixel_interfaces/share/dynamixel_interfaces/cmake/dynamixel_interfacesConfig-version.cmake
[0.782s] -- Up-to-date symlink: /ros2_ws/ros_workshop_ws/install/dynamixel_interfaces/share/dynamixel_interfaces/package.xml
[0.782s] -- Up-to-date: /ros2_ws/ros_workshop_ws/install/dynamixel_interfaces/lib/libdynamixel_interfaces__rosidl_generator_c.so
[0.782s] -- Up-to-date: /ros2_ws/ros_workshop_ws/install/dynamixel_interfaces/lib/libdynamixel_interfaces__rosidl_typesupport_fastrtps_c.so
[0.782s] -- Up-to-date: /ros2_ws/ros_workshop_ws/install/dynamixel_interfaces/lib/libdynamixel_interfaces__rosidl_typesupport_fastrtps_cpp.so
[0.782s] -- Up-to-date: /ros2_ws/ros_workshop_ws/install/dynamixel_interfaces/lib/libdynamixel_interfaces__rosidl_typesupport_introspection_c.so
[0.782s] -- Up-to-date: /ros2_ws/ros_workshop_ws/install/dynamixel_interfaces/lib/libdynamixel_interfaces__rosidl_typesupport_c.so
[0.783s] -- Up-to-date: /ros2_ws/ros_workshop_ws/install/dynamixel_interfaces/lib/libdynamixel_interfaces__rosidl_typesupport_introspection_cpp.so
[0.783s] -- Up-to-date: /ros2_ws/ros_workshop_ws/install/dynamixel_interfaces/lib/libdynamixel_interfaces__rosidl_typesupport_cpp.so
[0.832s] Listing '/ros2_ws/ros_workshop_ws/install/dynamixel_interfaces/lib/python3.12/site-packages/dynamixel_interfaces'...
[0.832s] Listing '/ros2_ws/ros_workshop_ws/install/dynamixel_interfaces/lib/python3.12/site-packages/dynamixel_interfaces/msg'...
[0.832s] Listing '/ros2_ws/ros_workshop_ws/install/dynamixel_interfaces/lib/python3.12/site-packages/dynamixel_interfaces/srv'...
[0.843s] -- Up-to-date: /ros2_ws/ros_workshop_ws/install/dynamixel_interfaces/lib/libdynamixel_interfaces__rosidl_generator_py.so
[0.843s] -- Up-to-date: /ros2_ws/ros_workshop_ws/install/dynamixel_interfaces/share/dynamixel_interfaces/cmake/export_dynamixel_interfaces__rosidl_generator_cExport.cmake
[0.843s] -- Up-to-date: /ros2_ws/ros_workshop_ws/install/dynamixel_interfaces/share/dynamixel_interfaces/cmake/export_dynamixel_interfaces__rosidl_generator_cExport-noconfig.cmake
[0.843s] -- Up-to-date: /ros2_ws/ros_workshop_ws/install/dynamixel_interfaces/share/dynamixel_interfaces/cmake/export_dynamixel_interfaces__rosidl_typesupport_fastrtps_cExport.cmake
[0.843s] -- Up-to-date: /ros2_ws/ros_workshop_ws/install/dynamixel_interfaces/share/dynamixel_interfaces/cmake/export_dynamixel_interfaces__rosidl_typesupport_fastrtps_cExport-noconfig.cmake
[0.843s] -- Up-to-date: /ros2_ws/ros_workshop_ws/install/dynamixel_interfaces/share/dynamixel_interfaces/cmake/export_dynamixel_interfaces__rosidl_generator_cppExport.cmake
[0.844s] -- Up-to-date: /ros2_ws/ros_workshop_ws/install/dynamixel_interfaces/share/dynamixel_interfaces/cmake/export_dynamixel_interfaces__rosidl_typesupport_fastrtps_cppExport.cmake
[0.844s] -- Up-to-date: /ros2_ws/ros_workshop_ws/install/dynamixel_interfaces/share/dynamixel_interfaces/cmake/export_dynamixel_interfaces__rosidl_typesupport_fastrtps_cppExport-noconfig.cmake
[0.844s] -- Up-to-date: /ros2_ws/ros_workshop_ws/install/dynamixel_interfaces/share/dynamixel_interfaces/cmake/dynamixel_interfaces__rosidl_typesupport_introspection_cExport.cmake
[0.844s] -- Up-to-date: /ros2_ws/ros_workshop_ws/install/dynamixel_interfaces/share/dynamixel_interfaces/cmake/dynamixel_interfaces__rosidl_typesupport_introspection_cExport-noconfig.cmake
[0.844s] -- Up-to-date: /ros2_ws/ros_workshop_ws/install/dynamixel_interfaces/share/dynamixel_interfaces/cmake/dynamixel_interfaces__rosidl_typesupport_cExport.cmake
[0.844s] -- Up-to-date: /ros2_ws/ros_workshop_ws/install/dynamixel_interfaces/share/dynamixel_interfaces/cmake/dynamixel_interfaces__rosidl_typesupport_cExport-noconfig.cmake
[0.845s] -- Up-to-date: /ros2_ws/ros_workshop_ws/install/dynamixel_interfaces/share/dynamixel_interfaces/cmake/dynamixel_interfaces__rosidl_typesupport_introspection_cppExport.cmake
[0.845s] -- Up-to-date: /ros2_ws/ros_workshop_ws/install/dynamixel_interfaces/share/dynamixel_interfaces/cmake/dynamixel_interfaces__rosidl_typesupport_introspection_cppExport-noconfig.cmake
[0.846s] -- Up-to-date: /ros2_ws/ros_workshop_ws/install/dynamixel_interfaces/share/dynamixel_interfaces/cmake/dynamixel_interfaces__rosidl_typesupport_cppExport.cmake
[0.846s] -- Up-to-date: /ros2_ws/ros_workshop_ws/install/dynamixel_interfaces/share/dynamixel_interfaces/cmake/dynamixel_interfaces__rosidl_typesupport_cppExport-noconfig.cmake
[0.846s] -- Up-to-date: /ros2_ws/ros_workshop_ws/install/dynamixel_interfaces/share/dynamixel_interfaces/cmake/export_dynamixel_interfaces__rosidl_generator_pyExport.cmake
[0.846s] -- Up-to-date: /ros2_ws/ros_workshop_ws/install/dynamixel_interfaces/share/dynamixel_interfaces/cmake/export_dynamixel_interfaces__rosidl_generator_pyExport-noconfig.cmake
[0.850s] Invoked command in '/ros2_ws/ros_workshop_ws/build/dynamixel_interfaces' returned '0': CMAKE_PREFIX_PATH=${CMAKE_PREFIX_PATH}:/ros2_ws/ros_workshop_ws/install/open_manipulator_teleop:/ros2_ws/ros_workshop_ws/install/open_manipulator_bringup:/opt/ros/jazzy /usr/bin/cmake --install /ros2_ws/ros_workshop_ws/build/dynamixel_interfaces
