/ros2_ws/ros_workshop_ws/src/install/open_manipulator_bringup/lib/python3.12/site-packages/open_manipulator_bringup/__init__.py
/ros2_ws/ros_workshop_ws/src/install/open_manipulator_bringup/lib/python3.12/site-packages/open_manipulator_bringup/joint_trajectory_executor.py
/ros2_ws/ros_workshop_ws/src/install/open_manipulator_bringup/lib/python3.12/site-packages/open_manipulator_bringup/pack_unpack_y.py
/ros2_ws/ros_workshop_ws/src/install/open_manipulator_bringup/lib/python3.12/site-packages/open_manipulator_bringup/om_create_udev_rules.py
/ros2_ws/ros_workshop_ws/src/install/open_manipulator_bringup/lib/python3.12/site-packages/open_manipulator_bringup/__pycache__/__init__.cpython-312.pyc
/ros2_ws/ros_workshop_ws/src/install/open_manipulator_bringup/lib/python3.12/site-packages/open_manipulator_bringup/__pycache__/joint_trajectory_executor.cpython-312.pyc
/ros2_ws/ros_workshop_ws/src/install/open_manipulator_bringup/lib/python3.12/site-packages/open_manipulator_bringup/__pycache__/pack_unpack_y.cpython-312.pyc
/ros2_ws/ros_workshop_ws/src/install/open_manipulator_bringup/lib/python3.12/site-packages/open_manipulator_bringup/__pycache__/om_create_udev_rules.cpython-312.pyc
/ros2_ws/ros_workshop_ws/src/install/open_manipulator_bringup/share/ament_index/resource_index/packages/open_manipulator_bringup
/ros2_ws/ros_workshop_ws/src/install/open_manipulator_bringup/share/open_manipulator_bringup/package.xml
/ros2_ws/ros_workshop_ws/src/install/open_manipulator_bringup/share/open_manipulator_bringup/launch/gazebo.launch.py
/ros2_ws/ros_workshop_ws/src/install/open_manipulator_bringup/share/open_manipulator_bringup/launch/hardware_y.launch.py
/ros2_ws/ros_workshop_ws/src/install/open_manipulator_bringup/share/open_manipulator_bringup/launch/unpack_y.launch.py
/ros2_ws/ros_workshop_ws/src/install/open_manipulator_bringup/share/open_manipulator_bringup/launch/hardware_x.launch.py
/ros2_ws/ros_workshop_ws/src/install/open_manipulator_bringup/share/open_manipulator_bringup/launch/ai_teleoperation.launch.py
/ros2_ws/ros_workshop_ws/src/install/open_manipulator_bringup/share/open_manipulator_bringup/launch/pack_y.launch.py
/ros2_ws/ros_workshop_ws/src/install/open_manipulator_bringup/share/open_manipulator_bringup/launch/hardware_y_leader.launch.py
/ros2_ws/ros_workshop_ws/src/install/open_manipulator_bringup/share/open_manipulator_bringup/launch/hardware_y_follower.launch.py
/ros2_ws/ros_workshop_ws/src/install/open_manipulator_bringup/share/open_manipulator_bringup/config/om_x/gazebo_controller_manager.yaml
/ros2_ws/ros_workshop_ws/src/install/open_manipulator_bringup/share/open_manipulator_bringup/config/om_x/hardware_controller_manager.yaml
/ros2_ws/ros_workshop_ws/src/install/open_manipulator_bringup/share/open_manipulator_bringup/config/om_x/initial_positions.yaml
/ros2_ws/ros_workshop_ws/src/install/open_manipulator_bringup/share/open_manipulator_bringup/config/om_y/gazebo_controller_manager.yaml
/ros2_ws/ros_workshop_ws/src/install/open_manipulator_bringup/share/open_manipulator_bringup/config/om_y/hardware_controller_manager.yaml
/ros2_ws/ros_workshop_ws/src/install/open_manipulator_bringup/share/open_manipulator_bringup/config/om_y/initial_positions.yaml
/ros2_ws/ros_workshop_ws/src/install/open_manipulator_bringup/share/open_manipulator_bringup/config/om_y_follower/gazebo_controller_manager.yaml
/ros2_ws/ros_workshop_ws/src/install/open_manipulator_bringup/share/open_manipulator_bringup/config/om_y_follower/hardware_controller_manager.yaml
/ros2_ws/ros_workshop_ws/src/install/open_manipulator_bringup/share/open_manipulator_bringup/config/om_y_follower/initial_positions.yaml
/ros2_ws/ros_workshop_ws/src/install/open_manipulator_bringup/share/open_manipulator_bringup/config/om_y_leader/hardware_controller_manager.yaml
/ros2_ws/ros_workshop_ws/src/install/open_manipulator_bringup/share/open_manipulator_bringup/worlds/empty_world.sdf
/ros2_ws/ros_workshop_ws/src/install/open_manipulator_bringup/share/open_manipulator_bringup/open-manipulator-cdc.rules
/ros2_ws/ros_workshop_ws/src/install/open_manipulator_bringup/lib/python3.12/site-packages/open_manipulator_bringup-3.3.0-py3.12.egg-info/entry_points.txt
/ros2_ws/ros_workshop_ws/src/install/open_manipulator_bringup/lib/python3.12/site-packages/open_manipulator_bringup-3.3.0-py3.12.egg-info/PKG-INFO
/ros2_ws/ros_workshop_ws/src/install/open_manipulator_bringup/lib/python3.12/site-packages/open_manipulator_bringup-3.3.0-py3.12.egg-info/SOURCES.txt
/ros2_ws/ros_workshop_ws/src/install/open_manipulator_bringup/lib/python3.12/site-packages/open_manipulator_bringup-3.3.0-py3.12.egg-info/zip-safe
/ros2_ws/ros_workshop_ws/src/install/open_manipulator_bringup/lib/python3.12/site-packages/open_manipulator_bringup-3.3.0-py3.12.egg-info/requires.txt
/ros2_ws/ros_workshop_ws/src/install/open_manipulator_bringup/lib/python3.12/site-packages/open_manipulator_bringup-3.3.0-py3.12.egg-info/dependency_links.txt
/ros2_ws/ros_workshop_ws/src/install/open_manipulator_bringup/lib/python3.12/site-packages/open_manipulator_bringup-3.3.0-py3.12.egg-info/top_level.txt
/ros2_ws/ros_workshop_ws/src/install/open_manipulator_bringup/lib/open_manipulator_bringup/joint_trajectory_executor
/ros2_ws/ros_workshop_ws/src/install/open_manipulator_bringup/lib/open_manipulator_bringup/om_create_udev_rules
/ros2_ws/ros_workshop_ws/src/install/open_manipulator_bringup/lib/open_manipulator_bringup/pack_unpack_y
