[0.080s] Invoking command in '/ros2_ws/ros_workshop_ws/build/dynamixel_interfaces': CMAKE_PREFIX_PATH=${CMAKE_PREFIX_PATH}:/ros2_ws/ros_workshop_ws/install/open_manipulator_teleop:/ros2_ws/ros_workshop_ws/install/open_manipulator_bringup:/opt/ros/jazzy /usr/bin/cmake /ros2_ws/ros_workshop_ws/src/dynamixel_interfaces -DCMAKE_INSTALL_PREFIX=/ros2_ws/ros_workshop_ws/install/dynamixel_interfaces
[0.474s] -- Found ament_cmake: 2.5.4 (/opt/ros/jazzy/share/ament_cmake/cmake)
[0.476s] -- Found Python3: /usr/bin/python3 (found version "3.12.3") found components: Interpreter 
[0.476s] -- Override CMake install command with custom implementation using symlinks instead of copying resources
[0.476s] -- Found std_msgs: 5.3.6 (/opt/ros/jazzy/share/std_msgs/cmake)
[0.476s] -- Found rosidl_generator_c: 4.6.5 (/opt/ros/jazzy/share/rosidl_generator_c/cmake)
[0.476s] -- Found rosidl_generator_cpp: 4.6.5 (/opt/ros/jazzy/share/rosidl_generator_cpp/cmake)
[0.476s] -- Using all available rosidl_typesupport_c: rosidl_typesupport_fastrtps_c;rosidl_typesupport_introspection_c
[0.476s] -- Using all available rosidl_typesupport_cpp: rosidl_typesupport_fastrtps_cpp;rosidl_typesupport_introspection_cpp
[0.476s] -- Found geometry_msgs: 5.3.6 (/opt/ros/jazzy/share/geometry_msgs/cmake)
[0.476s] -- Found rosidl_default_generators: 1.6.0 (/opt/ros/jazzy/share/rosidl_default_generators/cmake)
[0.487s] -- Found rosidl_adapter: 4.6.5 (/opt/ros/jazzy/share/rosidl_adapter/cmake)
[1.056s] -- Found ament_cmake_ros: 0.12.0 (/opt/ros/jazzy/share/ament_cmake_ros/cmake)
[1.542s] -- Using all available rosidl_typesupport_c: rosidl_typesupport_fastrtps_c;rosidl_typesupport_introspection_c
[1.706s] -- Using all available rosidl_typesupport_cpp: rosidl_typesupport_fastrtps_cpp;rosidl_typesupport_introspection_cpp
[1.707s] -- Found python_cmake_module: 0.11.1 (/opt/ros/jazzy/share/python_cmake_module/cmake)
[2.116s] -- Found Python3: /usr/bin/python3 (found version "3.12.3") found components: Interpreter Development NumPy Development.Module Development.Embed 
[2.164s] -- Found ament_lint_auto: 0.17.2 (/opt/ros/jazzy/share/ament_lint_auto/cmake)
[2.177s] -- Added test 'copyright' to check source files copyright and LICENSE
[2.187s] -- Added test 'lint_cmake' to check CMake code style
[2.192s] -- Added test 'xmllint' to check XML markup files
[2.195s] -- Configuring done (2.1s)
[2.254s] -- Generating done (0.0s)
[2.268s] -- Build files have been written to: /ros2_ws/ros_workshop_ws/build/dynamixel_interfaces
[2.281s] Invoked command in '/ros2_ws/ros_workshop_ws/build/dynamixel_interfaces' returned '0': CMAKE_PREFIX_PATH=${CMAKE_PREFIX_PATH}:/ros2_ws/ros_workshop_ws/install/open_manipulator_teleop:/ros2_ws/ros_workshop_ws/install/open_manipulator_bringup:/opt/ros/jazzy /usr/bin/cmake /ros2_ws/ros_workshop_ws/src/dynamixel_interfaces -DCMAKE_INSTALL_PREFIX=/ros2_ws/ros_workshop_ws/install/dynamixel_interfaces
[2.282s] Invoking command in '/ros2_ws/ros_workshop_ws/build/dynamixel_interfaces': CMAKE_PREFIX_PATH=${CMAKE_PREFIX_PATH}:/ros2_ws/ros_workshop_ws/install/open_manipulator_teleop:/ros2_ws/ros_workshop_ws/install/open_manipulator_bringup:/opt/ros/jazzy /usr/bin/cmake --build /ros2_ws/ros_workshop_ws/build/dynamixel_interfaces -- -j16 -l16
[2.365s] [  1%] Built target dynamixel_interfaces__rosidl_generator_type_description
[2.377s] [  1%] Built target ament_cmake_python_symlink_dynamixel_interfaces
[2.402s] [  3%] Built target dynamixel_interfaces__cpp
[2.404s] [ 25%] Built target dynamixel_interfaces__rosidl_generator_c
[2.454s] [ 43%] Built target dynamixel_interfaces__rosidl_typesupport_introspection_c
[2.455s] [ 43%] Built target dynamixel_interfaces__rosidl_typesupport_c
[2.457s] [ 60%] Built target dynamixel_interfaces__rosidl_typesupport_introspection_cpp
[2.457s] [ 62%] Built target dynamixel_interfaces__rosidl_typesupport_cpp
[2.462s] [ 71%] Built target dynamixel_interfaces__rosidl_typesupport_fastrtps_cpp
[2.464s] [ 81%] Built target dynamixel_interfaces__rosidl_typesupport_fastrtps_c
[2.497s] [ 81%] Built target dynamixel_interfaces
[2.534s] [ 82%] Built target dynamixel_interfaces__py
[2.579s] [ 90%] Built target dynamixel_interfaces__rosidl_generator_py
[2.617s] [ 93%] Built target dynamixel_interfaces_s__rosidl_typesupport_fastrtps_c
[2.618s] [ 98%] Built target dynamixel_interfaces_s__rosidl_typesupport_c
[2.618s] [100%] Built target dynamixel_interfaces_s__rosidl_typesupport_introspection_c
[2.678s] running egg_info
[2.705s] writing dynamixel_interfaces.egg-info/PKG-INFO
[2.705s] writing dependency_links to dynamixel_interfaces.egg-info/dependency_links.txt
[2.705s] writing top-level names to dynamixel_interfaces.egg-info/top_level.txt
[2.783s] reading manifest file 'dynamixel_interfaces.egg-info/SOURCES.txt'
[2.784s] writing manifest file 'dynamixel_interfaces.egg-info/SOURCES.txt'
[2.829s] [100%] Built target ament_cmake_python_build_dynamixel_interfaces_egg
[2.845s] Invoked command in '/ros2_ws/ros_workshop_ws/build/dynamixel_interfaces' returned '0': CMAKE_PREFIX_PATH=${CMAKE_PREFIX_PATH}:/ros2_ws/ros_workshop_ws/install/open_manipulator_teleop:/ros2_ws/ros_workshop_ws/install/open_manipulator_bringup:/opt/ros/jazzy /usr/bin/cmake --build /ros2_ws/ros_workshop_ws/build/dynamixel_interfaces -- -j16 -l16
[2.847s] Invoking command in '/ros2_ws/ros_workshop_ws/build/dynamixel_interfaces': CMAKE_PREFIX_PATH=${CMAKE_PREFIX_PATH}:/ros2_ws/ros_workshop_ws/install/open_manipulator_teleop:/ros2_ws/ros_workshop_ws/install/open_manipulator_bringup:/opt/ros/jazzy /usr/bin/cmake --install /ros2_ws/ros_workshop_ws/build/dynamixel_interfaces
[2.861s] -- Install configuration: ""
[2.861s] -- Execute custom install script
[2.861s] -- Up-to-date symlink: /ros2_ws/ros_workshop_ws/install/dynamixel_interfaces/share/ament_index/resource_index/rosidl_interfaces/dynamixel_interfaces
[2.861s] -- Up-to-date symlink: /ros2_ws/ros_workshop_ws/install/dynamixel_interfaces/share/dynamixel_interfaces/msg/DynamixelState.json
[2.861s] -- Up-to-date symlink: /ros2_ws/ros_workshop_ws/install/dynamixel_interfaces/share/dynamixel_interfaces/srv/GetDataFromDxl.json
[2.861s] -- Up-to-date symlink: /ros2_ws/ros_workshop_ws/install/dynamixel_interfaces/share/dynamixel_interfaces/srv/SetDataToDxl.json
[2.862s] -- Up-to-date symlink: /ros2_ws/ros_workshop_ws/install/dynamixel_interfaces/share/dynamixel_interfaces/srv/RebootDxl.json
[2.862s] -- Up-to-date symlink: /ros2_ws/ros_workshop_ws/install/dynamixel_interfaces/include/dynamixel_interfaces/dynamixel_interfaces/msg/detail/dynamixel_state__functions.h
[2.862s] -- Up-to-date symlink: /ros2_ws/ros_workshop_ws/install/dynamixel_interfaces/include/dynamixel_interfaces/dynamixel_interfaces/msg/detail/dynamixel_state__struct.h
[2.862s] -- Up-to-date symlink: /ros2_ws/ros_workshop_ws/install/dynamixel_interfaces/include/dynamixel_interfaces/dynamixel_interfaces/msg/detail/dynamixel_state__type_support.h
[2.863s] -- Up-to-date symlink: /ros2_ws/ros_workshop_ws/install/dynamixel_interfaces/include/dynamixel_interfaces/dynamixel_interfaces/msg/dynamixel_state.h
[2.863s] -- Up-to-date symlink: /ros2_ws/ros_workshop_ws/install/dynamixel_interfaces/include/dynamixel_interfaces/dynamixel_interfaces/msg/rosidl_generator_c__visibility_control.h
[2.863s] -- Up-to-date symlink: /ros2_ws/ros_workshop_ws/install/dynamixel_interfaces/include/dynamixel_interfaces/dynamixel_interfaces/srv/detail/get_data_from_dxl__functions.h
[2.863s] -- Up-to-date symlink: /ros2_ws/ros_workshop_ws/install/dynamixel_interfaces/include/dynamixel_interfaces/dynamixel_interfaces/srv/detail/get_data_from_dxl__struct.h
[2.863s] -- Up-to-date symlink: /ros2_ws/ros_workshop_ws/install/dynamixel_interfaces/include/dynamixel_interfaces/dynamixel_interfaces/srv/detail/get_data_from_dxl__type_support.h
[2.863s] -- Up-to-date symlink: /ros2_ws/ros_workshop_ws/install/dynamixel_interfaces/include/dynamixel_interfaces/dynamixel_interfaces/srv/detail/reboot_dxl__functions.h
[2.864s] -- Up-to-date symlink: /ros2_ws/ros_workshop_ws/install/dynamixel_interfaces/include/dynamixel_interfaces/dynamixel_interfaces/srv/detail/reboot_dxl__struct.h
[2.864s] -- Up-to-date symlink: /ros2_ws/ros_workshop_ws/install/dynamixel_interfaces/include/dynamixel_interfaces/dynamixel_interfaces/srv/detail/reboot_dxl__type_support.h
[2.864s] -- Up-to-date symlink: /ros2_ws/ros_workshop_ws/install/dynamixel_interfaces/include/dynamixel_interfaces/dynamixel_interfaces/srv/detail/set_data_to_dxl__functions.h
[2.864s] -- Up-to-date symlink: /ros2_ws/ros_workshop_ws/install/dynamixel_interfaces/include/dynamixel_interfaces/dynamixel_interfaces/srv/detail/set_data_to_dxl__struct.h
[2.864s] -- Up-to-date symlink: /ros2_ws/ros_workshop_ws/install/dynamixel_interfaces/include/dynamixel_interfaces/dynamixel_interfaces/srv/detail/set_data_to_dxl__type_support.h
[2.864s] -- Up-to-date symlink: /ros2_ws/ros_workshop_ws/install/dynamixel_interfaces/include/dynamixel_interfaces/dynamixel_interfaces/srv/get_data_from_dxl.h
[2.864s] -- Up-to-date symlink: /ros2_ws/ros_workshop_ws/install/dynamixel_interfaces/include/dynamixel_interfaces/dynamixel_interfaces/srv/reboot_dxl.h
[2.864s] -- Up-to-date symlink: /ros2_ws/ros_workshop_ws/install/dynamixel_interfaces/include/dynamixel_interfaces/dynamixel_interfaces/srv/set_data_to_dxl.h
[2.864s] -- Up-to-date symlink: /ros2_ws/ros_workshop_ws/install/dynamixel_interfaces/share/dynamixel_interfaces/environment/library_path.sh
[2.864s] -- Up-to-date symlink: /ros2_ws/ros_workshop_ws/install/dynamixel_interfaces/share/dynamixel_interfaces/environment/library_path.dsv
[2.866s] -- Up-to-date symlink: /ros2_ws/ros_workshop_ws/install/dynamixel_interfaces/include/dynamixel_interfaces/dynamixel_interfaces/msg/detail/dynamixel_state__rosidl_typesupport_fastrtps_c.h
[2.866s] -- Up-to-date symlink: /ros2_ws/ros_workshop_ws/install/dynamixel_interfaces/include/dynamixel_interfaces/dynamixel_interfaces/msg/rosidl_typesupport_fastrtps_c__visibility_control.h
[2.866s] -- Up-to-date symlink: /ros2_ws/ros_workshop_ws/install/dynamixel_interfaces/include/dynamixel_interfaces/dynamixel_interfaces/srv/detail/get_data_from_dxl__rosidl_typesupport_fastrtps_c.h
[2.867s] -- Up-to-date symlink: /ros2_ws/ros_workshop_ws/install/dynamixel_interfaces/include/dynamixel_interfaces/dynamixel_interfaces/srv/detail/reboot_dxl__rosidl_typesupport_fastrtps_c.h
[2.867s] -- Up-to-date symlink: /ros2_ws/ros_workshop_ws/install/dynamixel_interfaces/include/dynamixel_interfaces/dynamixel_interfaces/srv/detail/set_data_to_dxl__rosidl_typesupport_fastrtps_c.h
[2.867s] -- Up-to-date symlink: /ros2_ws/ros_workshop_ws/install/dynamixel_interfaces/include/dynamixel_interfaces/dynamixel_interfaces/msg/detail/dynamixel_state__builder.hpp
[2.867s] -- Up-to-date symlink: /ros2_ws/ros_workshop_ws/install/dynamixel_interfaces/include/dynamixel_interfaces/dynamixel_interfaces/msg/detail/dynamixel_state__struct.hpp
[2.867s] -- Up-to-date symlink: /ros2_ws/ros_workshop_ws/install/dynamixel_interfaces/include/dynamixel_interfaces/dynamixel_interfaces/msg/detail/dynamixel_state__traits.hpp
[2.867s] -- Up-to-date symlink: /ros2_ws/ros_workshop_ws/install/dynamixel_interfaces/include/dynamixel_interfaces/dynamixel_interfaces/msg/detail/dynamixel_state__type_support.hpp
[2.867s] -- Up-to-date symlink: /ros2_ws/ros_workshop_ws/install/dynamixel_interfaces/include/dynamixel_interfaces/dynamixel_interfaces/msg/dynamixel_state.hpp
[2.867s] -- Up-to-date symlink: /ros2_ws/ros_workshop_ws/install/dynamixel_interfaces/include/dynamixel_interfaces/dynamixel_interfaces/msg/rosidl_generator_cpp__visibility_control.hpp
[2.867s] -- Up-to-date symlink: /ros2_ws/ros_workshop_ws/install/dynamixel_interfaces/include/dynamixel_interfaces/dynamixel_interfaces/srv/detail/get_data_from_dxl__builder.hpp
[2.867s] -- Up-to-date symlink: /ros2_ws/ros_workshop_ws/install/dynamixel_interfaces/include/dynamixel_interfaces/dynamixel_interfaces/srv/detail/get_data_from_dxl__struct.hpp
[2.867s] -- Up-to-date symlink: /ros2_ws/ros_workshop_ws/install/dynamixel_interfaces/include/dynamixel_interfaces/dynamixel_interfaces/srv/detail/get_data_from_dxl__traits.hpp
[2.868s] -- Up-to-date symlink: /ros2_ws/ros_workshop_ws/install/dynamixel_interfaces/include/dynamixel_interfaces/dynamixel_interfaces/srv/detail/get_data_from_dxl__type_support.hpp
[2.868s] -- Up-to-date symlink: /ros2_ws/ros_workshop_ws/install/dynamixel_interfaces/include/dynamixel_interfaces/dynamixel_interfaces/srv/detail/reboot_dxl__builder.hpp
[2.868s] -- Up-to-date symlink: /ros2_ws/ros_workshop_ws/install/dynamixel_interfaces/include/dynamixel_interfaces/dynamixel_interfaces/srv/detail/reboot_dxl__struct.hpp
[2.868s] -- Up-to-date symlink: /ros2_ws/ros_workshop_ws/install/dynamixel_interfaces/include/dynamixel_interfaces/dynamixel_interfaces/srv/detail/reboot_dxl__traits.hpp
[2.868s] -- Up-to-date symlink: /ros2_ws/ros_workshop_ws/install/dynamixel_interfaces/include/dynamixel_interfaces/dynamixel_interfaces/srv/detail/reboot_dxl__type_support.hpp
[2.868s] -- Up-to-date symlink: /ros2_ws/ros_workshop_ws/install/dynamixel_interfaces/include/dynamixel_interfaces/dynamixel_interfaces/srv/detail/set_data_to_dxl__builder.hpp
[2.868s] -- Up-to-date symlink: /ros2_ws/ros_workshop_ws/install/dynamixel_interfaces/include/dynamixel_interfaces/dynamixel_interfaces/srv/detail/set_data_to_dxl__struct.hpp
[2.868s] -- Up-to-date symlink: /ros2_ws/ros_workshop_ws/install/dynamixel_interfaces/include/dynamixel_interfaces/dynamixel_interfaces/srv/detail/set_data_to_dxl__traits.hpp
[2.868s] -- Up-to-date symlink: /ros2_ws/ros_workshop_ws/install/dynamixel_interfaces/include/dynamixel_interfaces/dynamixel_interfaces/srv/detail/set_data_to_dxl__type_support.hpp
[2.869s] -- Up-to-date symlink: /ros2_ws/ros_workshop_ws/install/dynamixel_interfaces/include/dynamixel_interfaces/dynamixel_interfaces/srv/get_data_from_dxl.hpp
[2.869s] -- Up-to-date symlink: /ros2_ws/ros_workshop_ws/install/dynamixel_interfaces/include/dynamixel_interfaces/dynamixel_interfaces/srv/reboot_dxl.hpp
[2.869s] -- Up-to-date symlink: /ros2_ws/ros_workshop_ws/install/dynamixel_interfaces/include/dynamixel_interfaces/dynamixel_interfaces/srv/set_data_to_dxl.hpp
[2.869s] -- Up-to-date symlink: /ros2_ws/ros_workshop_ws/install/dynamixel_interfaces/include/dynamixel_interfaces/dynamixel_interfaces/msg/detail/dynamixel_state__rosidl_typesupport_fastrtps_cpp.hpp
[2.869s] -- Up-to-date symlink: /ros2_ws/ros_workshop_ws/install/dynamixel_interfaces/include/dynamixel_interfaces/dynamixel_interfaces/msg/rosidl_typesupport_fastrtps_cpp__visibility_control.h
[2.870s] -- Up-to-date symlink: /ros2_ws/ros_workshop_ws/install/dynamixel_interfaces/include/dynamixel_interfaces/dynamixel_interfaces/srv/detail/get_data_from_dxl__rosidl_typesupport_fastrtps_cpp.hpp
[2.870s] -- Up-to-date symlink: /ros2_ws/ros_workshop_ws/install/dynamixel_interfaces/include/dynamixel_interfaces/dynamixel_interfaces/srv/detail/reboot_dxl__rosidl_typesupport_fastrtps_cpp.hpp
[2.870s] -- Up-to-date symlink: /ros2_ws/ros_workshop_ws/install/dynamixel_interfaces/include/dynamixel_interfaces/dynamixel_interfaces/srv/detail/set_data_to_dxl__rosidl_typesupport_fastrtps_cpp.hpp
[2.870s] -- Up-to-date symlink: /ros2_ws/ros_workshop_ws/install/dynamixel_interfaces/include/dynamixel_interfaces/dynamixel_interfaces/msg/detail/dynamixel_state__rosidl_typesupport_introspection_c.h
[2.870s] -- Up-to-date symlink: /ros2_ws/ros_workshop_ws/install/dynamixel_interfaces/include/dynamixel_interfaces/dynamixel_interfaces/msg/rosidl_typesupport_introspection_c__visibility_control.h
[2.870s] -- Up-to-date symlink: /ros2_ws/ros_workshop_ws/install/dynamixel_interfaces/include/dynamixel_interfaces/dynamixel_interfaces/srv/detail/get_data_from_dxl__rosidl_typesupport_introspection_c.h
[2.870s] -- Up-to-date symlink: /ros2_ws/ros_workshop_ws/install/dynamixel_interfaces/include/dynamixel_interfaces/dynamixel_interfaces/srv/detail/reboot_dxl__rosidl_typesupport_introspection_c.h
[2.871s] -- Up-to-date symlink: /ros2_ws/ros_workshop_ws/install/dynamixel_interfaces/include/dynamixel_interfaces/dynamixel_interfaces/srv/detail/set_data_to_dxl__rosidl_typesupport_introspection_c.h
[2.871s] -- Up-to-date symlink: /ros2_ws/ros_workshop_ws/install/dynamixel_interfaces/include/dynamixel_interfaces/dynamixel_interfaces/msg/detail/dynamixel_state__rosidl_typesupport_introspection_cpp.hpp
[2.871s] -- Up-to-date symlink: /ros2_ws/ros_workshop_ws/install/dynamixel_interfaces/include/dynamixel_interfaces/dynamixel_interfaces/srv/detail/get_data_from_dxl__rosidl_typesupport_introspection_cpp.hpp
[2.871s] -- Up-to-date symlink: /ros2_ws/ros_workshop_ws/install/dynamixel_interfaces/include/dynamixel_interfaces/dynamixel_interfaces/srv/detail/reboot_dxl__rosidl_typesupport_introspection_cpp.hpp
[2.871s] -- Up-to-date symlink: /ros2_ws/ros_workshop_ws/install/dynamixel_interfaces/include/dynamixel_interfaces/dynamixel_interfaces/srv/detail/set_data_to_dxl__rosidl_typesupport_introspection_cpp.hpp
[2.871s] -- Up-to-date symlink: /ros2_ws/ros_workshop_ws/install/dynamixel_interfaces/share/dynamixel_interfaces/environment/pythonpath.sh
[2.872s] -- Up-to-date symlink: /ros2_ws/ros_workshop_ws/install/dynamixel_interfaces/share/dynamixel_interfaces/environment/pythonpath.dsv
[2.872s] -- Up-to-date symlink: /ros2_ws/ros_workshop_ws/install/dynamixel_interfaces/lib/python3.12/site-packages/dynamixel_interfaces-1.0.1-py3.12.egg-info/PKG-INFO
[2.872s] -- Up-to-date symlink: /ros2_ws/ros_workshop_ws/install/dynamixel_interfaces/lib/python3.12/site-packages/dynamixel_interfaces-1.0.1-py3.12.egg-info/SOURCES.txt
[2.873s] -- Up-to-date symlink: /ros2_ws/ros_workshop_ws/install/dynamixel_interfaces/lib/python3.12/site-packages/dynamixel_interfaces-1.0.1-py3.12.egg-info/dependency_links.txt
[2.873s] -- Up-to-date symlink: /ros2_ws/ros_workshop_ws/install/dynamixel_interfaces/lib/python3.12/site-packages/dynamixel_interfaces-1.0.1-py3.12.egg-info/top_level.txt
[2.873s] -- Up-to-date symlink: /ros2_ws/ros_workshop_ws/install/dynamixel_interfaces/lib/python3.12/site-packages/dynamixel_interfaces/__init__.py
[2.873s] -- Up-to-date symlink: /ros2_ws/ros_workshop_ws/install/dynamixel_interfaces/lib/python3.12/site-packages/dynamixel_interfaces/_dynamixel_interfaces_s.ep.rosidl_typesupport_c.c
[2.873s] -- Up-to-date symlink: /ros2_ws/ros_workshop_ws/install/dynamixel_interfaces/lib/python3.12/site-packages/dynamixel_interfaces/_dynamixel_interfaces_s.ep.rosidl_typesupport_fastrtps_c.c
[2.873s] -- Up-to-date symlink: /ros2_ws/ros_workshop_ws/install/dynamixel_interfaces/lib/python3.12/site-packages/dynamixel_interfaces/_dynamixel_interfaces_s.ep.rosidl_typesupport_introspection_c.c
[2.873s] -- Up-to-date symlink: /ros2_ws/ros_workshop_ws/install/dynamixel_interfaces/lib/python3.12/site-packages/dynamixel_interfaces/dynamixel_interfaces_s__rosidl_typesupport_c.so
[2.874s] -- Up-to-date symlink: /ros2_ws/ros_workshop_ws/install/dynamixel_interfaces/lib/python3.12/site-packages/dynamixel_interfaces/dynamixel_interfaces_s__rosidl_typesupport_fastrtps_c.so
[2.874s] -- Up-to-date symlink: /ros2_ws/ros_workshop_ws/install/dynamixel_interfaces/lib/python3.12/site-packages/dynamixel_interfaces/dynamixel_interfaces_s__rosidl_typesupport_introspection_c.so
[2.874s] -- Up-to-date symlink: /ros2_ws/ros_workshop_ws/install/dynamixel_interfaces/lib/python3.12/site-packages/dynamixel_interfaces/msg/__init__.py
[2.874s] -- Up-to-date symlink: /ros2_ws/ros_workshop_ws/install/dynamixel_interfaces/lib/python3.12/site-packages/dynamixel_interfaces/msg/_dynamixel_state.py
[2.874s] -- Up-to-date symlink: /ros2_ws/ros_workshop_ws/install/dynamixel_interfaces/lib/python3.12/site-packages/dynamixel_interfaces/msg/_dynamixel_state_s.c
[2.874s] -- Up-to-date symlink: /ros2_ws/ros_workshop_ws/install/dynamixel_interfaces/lib/python3.12/site-packages/dynamixel_interfaces/srv/__init__.py
[2.874s] -- Up-to-date symlink: /ros2_ws/ros_workshop_ws/install/dynamixel_interfaces/lib/python3.12/site-packages/dynamixel_interfaces/srv/_get_data_from_dxl.py
[2.874s] -- Up-to-date symlink: /ros2_ws/ros_workshop_ws/install/dynamixel_interfaces/lib/python3.12/site-packages/dynamixel_interfaces/srv/_get_data_from_dxl_s.c
[2.874s] -- Up-to-date symlink: /ros2_ws/ros_workshop_ws/install/dynamixel_interfaces/lib/python3.12/site-packages/dynamixel_interfaces/srv/_reboot_dxl.py
[2.874s] -- Up-to-date symlink: /ros2_ws/ros_workshop_ws/install/dynamixel_interfaces/lib/python3.12/site-packages/dynamixel_interfaces/srv/_reboot_dxl_s.c
[2.875s] -- Up-to-date symlink: /ros2_ws/ros_workshop_ws/install/dynamixel_interfaces/lib/python3.12/site-packages/dynamixel_interfaces/srv/_set_data_to_dxl.py
[2.875s] -- Up-to-date symlink: /ros2_ws/ros_workshop_ws/install/dynamixel_interfaces/lib/python3.12/site-packages/dynamixel_interfaces/srv/_set_data_to_dxl_s.c
[2.875s] -- Up-to-date symlink: /ros2_ws/ros_workshop_ws/install/dynamixel_interfaces/lib/python3.12/site-packages/dynamixel_interfaces/dynamixel_interfaces_s__rosidl_typesupport_fastrtps_c.so
[2.875s] -- Up-to-date symlink: /ros2_ws/ros_workshop_ws/install/dynamixel_interfaces/lib/python3.12/site-packages/dynamixel_interfaces/dynamixel_interfaces_s__rosidl_typesupport_introspection_c.so
[2.875s] -- Up-to-date symlink: /ros2_ws/ros_workshop_ws/install/dynamixel_interfaces/lib/python3.12/site-packages/dynamixel_interfaces/dynamixel_interfaces_s__rosidl_typesupport_c.so
[2.875s] -- Up-to-date symlink: /ros2_ws/ros_workshop_ws/install/dynamixel_interfaces/share/dynamixel_interfaces/msg/DynamixelState.idl
[2.875s] -- Up-to-date symlink: /ros2_ws/ros_workshop_ws/install/dynamixel_interfaces/share/dynamixel_interfaces/srv/GetDataFromDxl.idl
[2.876s] -- Up-to-date symlink: /ros2_ws/ros_workshop_ws/install/dynamixel_interfaces/share/dynamixel_interfaces/srv/SetDataToDxl.idl
[2.876s] -- Up-to-date symlink: /ros2_ws/ros_workshop_ws/install/dynamixel_interfaces/share/dynamixel_interfaces/srv/RebootDxl.idl
[2.876s] -- Up-to-date symlink: /ros2_ws/ros_workshop_ws/install/dynamixel_interfaces/share/dynamixel_interfaces/msg/DynamixelState.msg
[2.876s] -- Up-to-date symlink: /ros2_ws/ros_workshop_ws/install/dynamixel_interfaces/share/dynamixel_interfaces/srv/GetDataFromDxl.srv
[2.876s] -- Up-to-date symlink: /ros2_ws/ros_workshop_ws/install/dynamixel_interfaces/share/dynamixel_interfaces/srv/SetDataToDxl.srv
[2.876s] -- Up-to-date symlink: /ros2_ws/ros_workshop_ws/install/dynamixel_interfaces/share/dynamixel_interfaces/srv/RebootDxl.srv
[2.876s] -- Up-to-date symlink: /ros2_ws/ros_workshop_ws/install/dynamixel_interfaces/share/ament_index/resource_index/package_run_dependencies/dynamixel_interfaces
[2.877s] -- Up-to-date symlink: /ros2_ws/ros_workshop_ws/install/dynamixel_interfaces/share/ament_index/resource_index/parent_prefix_path/dynamixel_interfaces
[2.877s] -- Up-to-date symlink: /ros2_ws/ros_workshop_ws/install/dynamixel_interfaces/share/dynamixel_interfaces/environment/ament_prefix_path.sh
[2.877s] -- Up-to-date symlink: /ros2_ws/ros_workshop_ws/install/dynamixel_interfaces/share/dynamixel_interfaces/environment/ament_prefix_path.dsv
[2.877s] -- Up-to-date symlink: /ros2_ws/ros_workshop_ws/install/dynamixel_interfaces/share/dynamixel_interfaces/environment/path.sh
[2.877s] -- Up-to-date symlink: /ros2_ws/ros_workshop_ws/install/dynamixel_interfaces/share/dynamixel_interfaces/environment/path.dsv
[2.880s] -- Up-to-date symlink: /ros2_ws/ros_workshop_ws/install/dynamixel_interfaces/share/dynamixel_interfaces/local_setup.bash
[2.880s] -- Up-to-date symlink: /ros2_ws/ros_workshop_ws/install/dynamixel_interfaces/share/dynamixel_interfaces/local_setup.sh
[2.881s] -- Up-to-date symlink: /ros2_ws/ros_workshop_ws/install/dynamixel_interfaces/share/dynamixel_interfaces/local_setup.zsh
[2.881s] -- Up-to-date symlink: /ros2_ws/ros_workshop_ws/install/dynamixel_interfaces/share/dynamixel_interfaces/local_setup.dsv
[2.881s] -- Symlinking: /ros2_ws/ros_workshop_ws/install/dynamixel_interfaces/share/dynamixel_interfaces/package.dsv
[2.892s] -- Up-to-date symlink: /ros2_ws/ros_workshop_ws/install/dynamixel_interfaces/share/ament_index/resource_index/packages/dynamixel_interfaces
[2.892s] -- Up-to-date symlink: /ros2_ws/ros_workshop_ws/install/dynamixel_interfaces/share/dynamixel_interfaces/cmake/rosidl_cmake-extras.cmake
[2.892s] -- Up-to-date symlink: /ros2_ws/ros_workshop_ws/install/dynamixel_interfaces/share/dynamixel_interfaces/cmake/ament_cmake_export_dependencies-extras.cmake
[2.892s] -- Up-to-date symlink: /ros2_ws/ros_workshop_ws/install/dynamixel_interfaces/share/dynamixel_interfaces/cmake/ament_cmake_export_include_directories-extras.cmake
[2.892s] -- Up-to-date symlink: /ros2_ws/ros_workshop_ws/install/dynamixel_interfaces/share/dynamixel_interfaces/cmake/ament_cmake_export_libraries-extras.cmake
[2.893s] -- Up-to-date symlink: /ros2_ws/ros_workshop_ws/install/dynamixel_interfaces/share/dynamixel_interfaces/cmake/ament_cmake_export_targets-extras.cmake
[2.893s] -- Up-to-date symlink: /ros2_ws/ros_workshop_ws/install/dynamixel_interfaces/share/dynamixel_interfaces/cmake/rosidl_cmake_export_typesupport_targets-extras.cmake
[2.893s] -- Up-to-date symlink: /ros2_ws/ros_workshop_ws/install/dynamixel_interfaces/share/dynamixel_interfaces/cmake/rosidl_cmake_export_typesupport_libraries-extras.cmake
[2.893s] -- Up-to-date symlink: /ros2_ws/ros_workshop_ws/install/dynamixel_interfaces/share/dynamixel_interfaces/cmake/dynamixel_interfacesConfig.cmake
[2.893s] -- Up-to-date symlink: /ros2_ws/ros_workshop_ws/install/dynamixel_interfaces/share/dynamixel_interfaces/cmake/dynamixel_interfacesConfig-version.cmake
[2.893s] -- Up-to-date symlink: /ros2_ws/ros_workshop_ws/install/dynamixel_interfaces/share/dynamixel_interfaces/package.xml
[2.893s] -- Up-to-date: /ros2_ws/ros_workshop_ws/install/dynamixel_interfaces/lib/libdynamixel_interfaces__rosidl_generator_c.so
[2.893s] -- Up-to-date: /ros2_ws/ros_workshop_ws/install/dynamixel_interfaces/lib/libdynamixel_interfaces__rosidl_typesupport_fastrtps_c.so
[2.894s] -- Up-to-date: /ros2_ws/ros_workshop_ws/install/dynamixel_interfaces/lib/libdynamixel_interfaces__rosidl_typesupport_fastrtps_cpp.so
[2.894s] -- Up-to-date: /ros2_ws/ros_workshop_ws/install/dynamixel_interfaces/lib/libdynamixel_interfaces__rosidl_typesupport_introspection_c.so
[2.894s] -- Up-to-date: /ros2_ws/ros_workshop_ws/install/dynamixel_interfaces/lib/libdynamixel_interfaces__rosidl_typesupport_c.so
[2.894s] -- Up-to-date: /ros2_ws/ros_workshop_ws/install/dynamixel_interfaces/lib/libdynamixel_interfaces__rosidl_typesupport_introspection_cpp.so
[2.895s] -- Up-to-date: /ros2_ws/ros_workshop_ws/install/dynamixel_interfaces/lib/libdynamixel_interfaces__rosidl_typesupport_cpp.so
[2.941s] Listing '/ros2_ws/ros_workshop_ws/install/dynamixel_interfaces/lib/python3.12/site-packages/dynamixel_interfaces'...
[2.941s] Compiling '/ros2_ws/ros_workshop_ws/install/dynamixel_interfaces/lib/python3.12/site-packages/dynamixel_interfaces/__init__.py'...
[2.941s] Listing '/ros2_ws/ros_workshop_ws/install/dynamixel_interfaces/lib/python3.12/site-packages/dynamixel_interfaces/msg'...
[2.941s] Listing '/ros2_ws/ros_workshop_ws/install/dynamixel_interfaces/lib/python3.12/site-packages/dynamixel_interfaces/srv'...
[2.947s] -- Up-to-date: /ros2_ws/ros_workshop_ws/install/dynamixel_interfaces/lib/libdynamixel_interfaces__rosidl_generator_py.so
[2.947s] -- Up-to-date: /ros2_ws/ros_workshop_ws/install/dynamixel_interfaces/share/dynamixel_interfaces/cmake/export_dynamixel_interfaces__rosidl_generator_cExport.cmake
[2.947s] -- Up-to-date: /ros2_ws/ros_workshop_ws/install/dynamixel_interfaces/share/dynamixel_interfaces/cmake/export_dynamixel_interfaces__rosidl_generator_cExport-noconfig.cmake
[2.947s] -- Up-to-date: /ros2_ws/ros_workshop_ws/install/dynamixel_interfaces/share/dynamixel_interfaces/cmake/export_dynamixel_interfaces__rosidl_typesupport_fastrtps_cExport.cmake
[2.947s] -- Up-to-date: /ros2_ws/ros_workshop_ws/install/dynamixel_interfaces/share/dynamixel_interfaces/cmake/export_dynamixel_interfaces__rosidl_typesupport_fastrtps_cExport-noconfig.cmake
[2.948s] -- Up-to-date: /ros2_ws/ros_workshop_ws/install/dynamixel_interfaces/share/dynamixel_interfaces/cmake/export_dynamixel_interfaces__rosidl_generator_cppExport.cmake
[2.948s] -- Up-to-date: /ros2_ws/ros_workshop_ws/install/dynamixel_interfaces/share/dynamixel_interfaces/cmake/export_dynamixel_interfaces__rosidl_typesupport_fastrtps_cppExport.cmake
[2.948s] -- Up-to-date: /ros2_ws/ros_workshop_ws/install/dynamixel_interfaces/share/dynamixel_interfaces/cmake/export_dynamixel_interfaces__rosidl_typesupport_fastrtps_cppExport-noconfig.cmake
[2.948s] -- Up-to-date: /ros2_ws/ros_workshop_ws/install/dynamixel_interfaces/share/dynamixel_interfaces/cmake/dynamixel_interfaces__rosidl_typesupport_introspection_cExport.cmake
[2.948s] -- Up-to-date: /ros2_ws/ros_workshop_ws/install/dynamixel_interfaces/share/dynamixel_interfaces/cmake/dynamixel_interfaces__rosidl_typesupport_introspection_cExport-noconfig.cmake
[2.948s] -- Up-to-date: /ros2_ws/ros_workshop_ws/install/dynamixel_interfaces/share/dynamixel_interfaces/cmake/dynamixel_interfaces__rosidl_typesupport_cExport.cmake
[2.948s] -- Up-to-date: /ros2_ws/ros_workshop_ws/install/dynamixel_interfaces/share/dynamixel_interfaces/cmake/dynamixel_interfaces__rosidl_typesupport_cExport-noconfig.cmake
[2.948s] -- Up-to-date: /ros2_ws/ros_workshop_ws/install/dynamixel_interfaces/share/dynamixel_interfaces/cmake/dynamixel_interfaces__rosidl_typesupport_introspection_cppExport.cmake
[2.948s] -- Up-to-date: /ros2_ws/ros_workshop_ws/install/dynamixel_interfaces/share/dynamixel_interfaces/cmake/dynamixel_interfaces__rosidl_typesupport_introspection_cppExport-noconfig.cmake
[2.948s] -- Up-to-date: /ros2_ws/ros_workshop_ws/install/dynamixel_interfaces/share/dynamixel_interfaces/cmake/dynamixel_interfaces__rosidl_typesupport_cppExport.cmake
[2.948s] -- Up-to-date: /ros2_ws/ros_workshop_ws/install/dynamixel_interfaces/share/dynamixel_interfaces/cmake/dynamixel_interfaces__rosidl_typesupport_cppExport-noconfig.cmake
[2.948s] -- Up-to-date: /ros2_ws/ros_workshop_ws/install/dynamixel_interfaces/share/dynamixel_interfaces/cmake/export_dynamixel_interfaces__rosidl_generator_pyExport.cmake
[2.948s] -- Up-to-date: /ros2_ws/ros_workshop_ws/install/dynamixel_interfaces/share/dynamixel_interfaces/cmake/export_dynamixel_interfaces__rosidl_generator_pyExport-noconfig.cmake
[2.955s] Invoked command in '/ros2_ws/ros_workshop_ws/build/dynamixel_interfaces' returned '0': CMAKE_PREFIX_PATH=${CMAKE_PREFIX_PATH}:/ros2_ws/ros_workshop_ws/install/open_manipulator_teleop:/ros2_ws/ros_workshop_ws/install/open_manipulator_bringup:/opt/ros/jazzy /usr/bin/cmake --install /ros2_ws/ros_workshop_ws/build/dynamixel_interfaces
