[0.024s] Invoking command in '/ros2_ws/ros_workshop_ws/build/open_manipulator_playground': CMAKE_PREFIX_PATH=${CMAKE_PREFIX_PATH}:/opt/ros/jazzy /usr/bin/cmake /ros2_ws/ros_workshop_ws/src/open_manipulator/open_manipulator_playground -DAMENT_CMAKE_SYMLINK_INSTALL=1 -DCMAKE_INSTALL_PREFIX=/ros2_ws/ros_workshop_ws/install/open_manipulator_playground
[0.095s] -- The C compiler identification is GNU 13.3.0
[0.166s] -- The CXX compiler identification is GNU 13.3.0
[0.187s] -- Detecting C compiler ABI info
[0.291s] -- Detecting C compiler ABI info - done
[0.301s] -- Check for working C compiler: /usr/bin/cc - skipped
[0.301s] -- Detecting C compile features
[0.302s] -- Detecting C compile features - done
[0.313s] -- Detecting CXX compiler ABI info
[0.436s] -- Detecting CXX compiler ABI info - done
[0.448s] -- Check for working CXX compiler: /usr/bin/c++ - skipped
[0.449s] -- Detecting CXX compile features
[0.449s] -- Detecting CXX compile features - done
[0.457s] -- Found ament_cmake: 2.5.4 (/opt/ros/jazzy/share/ament_cmake/cmake)
[0.640s] -- Found Python3: /usr/bin/python3 (found version "3.12.3") found components: Interpreter 
[0.727s] -- Override CMake install command with custom implementation using symlinks instead of copying resources
[0.824s] -- Found moveit_ros_planning_interface: 2.12.3 (/opt/ros/jazzy/share/moveit_ros_planning_interface/cmake)
[0.973s] -- Found Boost: /usr/lib/x86_64-linux-gnu/cmake/Boost-1.83.0/BoostConfig.cmake (found version "1.83.0") found components: date_time filesystem program_options system thread 
[1.071s] -- Found rosidl_generator_c: 4.6.5 (/opt/ros/jazzy/share/rosidl_generator_c/cmake)
[1.101s] -- Found rosidl_generator_cpp: 4.6.5 (/opt/ros/jazzy/share/rosidl_generator_cpp/cmake)
[1.137s] -- Using all available rosidl_typesupport_c: rosidl_typesupport_fastrtps_c;rosidl_typesupport_introspection_c
[1.190s] -- Using all available rosidl_typesupport_cpp: rosidl_typesupport_fastrtps_cpp;rosidl_typesupport_introspection_cpp
[1.815s] -- Found Boost: /usr/lib/x86_64-linux-gnu/cmake/Boost-1.83.0/BoostConfig.cmake (found version "1.83.0") found components: chrono date_time filesystem iostreams program_options regex serialization system thread 
[1.940s] -- Found parameter_traits: 0.4.0 (/opt/ros/jazzy/share/parameter_traits/cmake)
[2.037s] -- Found rmw_implementation_cmake: 7.3.2 (/opt/ros/jazzy/share/rmw_implementation_cmake/cmake)
[2.045s] -- Found rmw_fastrtps_cpp: 8.4.2 (/opt/ros/jazzy/share/rmw_fastrtps_cpp/cmake)
[2.170s] -- Found OpenSSL: /usr/lib/x86_64-linux-gnu/libcrypto.so (found version "3.0.13")  
[2.191s] -- Found FastRTPS: /opt/ros/jazzy/include (Required is at least version "2.13") 
[2.219s] -- Using RMW implementation 'rmw_fastrtps_cpp' as default
[2.359s] -- Found rclcpp_lifecycle: 28.1.9 (/opt/ros/jazzy/share/rclcpp_lifecycle/cmake)
[2.420s] -- Found Boost: /usr/lib/x86_64-linux-gnu/cmake/Boost-1.83.0/BoostConfig.cmake (found version "1.83.0") found components: filesystem 
[2.534s] -- Found Eigen3: TRUE (found version "3.4.0") 
[2.534s] -- Ensuring Eigen3 include directory is part of orocos-kdl CMake target
[2.824s] -- Found Boost: /usr/lib/x86_64-linux-gnu/cmake/Boost-1.83.0/BoostConfig.cmake (found version "1.83.0") found components: system filesystem date_time program_options thread chrono 
[2.907s] -- Found Boost: /usr/lib/x86_64-linux-gnu/cmake/Boost-1.83.0/BoostConfig.cmake (found version "1.83.0") found components: thread system filesystem regex date_time program_options 
[2.944s] -- Found Boost: /usr/lib/x86_64-linux-gnu/cmake/Boost-1.83.0/BoostConfig.cmake (found version "1.83.0") found components: system filesystem date_time program_options thread 
[3.109s] -- Configuring done (3.1s)
[3.158s] -- Generating done (0.0s)
[3.167s] -- Build files have been written to: /ros2_ws/ros_workshop_ws/build/open_manipulator_playground
[3.189s] Invoked command in '/ros2_ws/ros_workshop_ws/build/open_manipulator_playground' returned '0': CMAKE_PREFIX_PATH=${CMAKE_PREFIX_PATH}:/opt/ros/jazzy /usr/bin/cmake /ros2_ws/ros_workshop_ws/src/open_manipulator/open_manipulator_playground -DAMENT_CMAKE_SYMLINK_INSTALL=1 -DCMAKE_INSTALL_PREFIX=/ros2_ws/ros_workshop_ws/install/open_manipulator_playground
[3.190s] Invoking command in '/ros2_ws/ros_workshop_ws/build/open_manipulator_playground': CMAKE_PREFIX_PATH=${CMAKE_PREFIX_PATH}:/opt/ros/jazzy /usr/bin/cmake --build /ros2_ws/ros_workshop_ws/build/open_manipulator_playground -- -j16 -l16
[3.250s] [ 25%] [32mBuilding CXX object CMakeFiles/hello_moveit_omx.dir/src/hello_moveit_omx.cpp.o[0m
[3.252s] [ 50%] [32mBuilding CXX object CMakeFiles/hello_moveit_omy.dir/src/hello_moveit_omy.cpp.o[0m
[15.224s] [ 75%] [32m[1mLinking CXX executable hello_moveit_omx[0m
[15.895s] [ 75%] Built target hello_moveit_omx
[16.921s] [100%] [32m[1mLinking CXX executable hello_moveit_omy[0m
[17.448s] [100%] Built target hello_moveit_omy
[17.475s] Invoked command in '/ros2_ws/ros_workshop_ws/build/open_manipulator_playground' returned '0': CMAKE_PREFIX_PATH=${CMAKE_PREFIX_PATH}:/opt/ros/jazzy /usr/bin/cmake --build /ros2_ws/ros_workshop_ws/build/open_manipulator_playground -- -j16 -l16
[17.475s] Invoking command in '/ros2_ws/ros_workshop_ws/build/open_manipulator_playground': CMAKE_PREFIX_PATH=${CMAKE_PREFIX_PATH}:/opt/ros/jazzy /usr/bin/cmake --install /ros2_ws/ros_workshop_ws/build/open_manipulator_playground
[17.484s] -- Install configuration: ""
[17.485s] -- Execute custom install script
[17.486s] -- Symlinking: /ros2_ws/ros_workshop_ws/install/open_manipulator_playground/include/open_manipulator_playground/hello_moveit_omx.h
[17.501s] -- Symlinking: /ros2_ws/ros_workshop_ws/install/open_manipulator_playground/include/open_manipulator_playground/hello_moveit_omy.h
[17.518s] -- Symlinking: /ros2_ws/ros_workshop_ws/install/open_manipulator_playground/share/ament_index/resource_index/package_run_dependencies/open_manipulator_playground
[17.534s] -- Symlinking: /ros2_ws/ros_workshop_ws/install/open_manipulator_playground/share/ament_index/resource_index/parent_prefix_path/open_manipulator_playground
[17.548s] -- Symlinking: /ros2_ws/ros_workshop_ws/install/open_manipulator_playground/share/open_manipulator_playground/environment/ament_prefix_path.sh
[17.561s] -- Symlinking: /ros2_ws/ros_workshop_ws/install/open_manipulator_playground/share/open_manipulator_playground/environment/ament_prefix_path.dsv
[17.579s] -- Symlinking: /ros2_ws/ros_workshop_ws/install/open_manipulator_playground/share/open_manipulator_playground/environment/path.sh
[17.591s] -- Symlinking: /ros2_ws/ros_workshop_ws/install/open_manipulator_playground/share/open_manipulator_playground/environment/path.dsv
[17.610s] -- Symlinking: /ros2_ws/ros_workshop_ws/install/open_manipulator_playground/share/open_manipulator_playground/local_setup.bash
[17.624s] -- Symlinking: /ros2_ws/ros_workshop_ws/install/open_manipulator_playground/share/open_manipulator_playground/local_setup.sh
[17.639s] -- Symlinking: /ros2_ws/ros_workshop_ws/install/open_manipulator_playground/share/open_manipulator_playground/local_setup.zsh
[17.652s] -- Symlinking: /ros2_ws/ros_workshop_ws/install/open_manipulator_playground/share/open_manipulator_playground/local_setup.dsv
[17.667s] -- Symlinking: /ros2_ws/ros_workshop_ws/install/open_manipulator_playground/share/open_manipulator_playground/package.dsv
[17.680s] -- Symlinking: /ros2_ws/ros_workshop_ws/install/open_manipulator_playground/share/ament_index/resource_index/packages/open_manipulator_playground
[17.694s] -- Symlinking: /ros2_ws/ros_workshop_ws/install/open_manipulator_playground/share/open_manipulator_playground/cmake/ament_cmake_export_include_directories-extras.cmake
[17.712s] -- Symlinking: /ros2_ws/ros_workshop_ws/install/open_manipulator_playground/share/open_manipulator_playground/cmake/ament_cmake_export_targets-extras.cmake
[17.727s] -- Symlinking: /ros2_ws/ros_workshop_ws/install/open_manipulator_playground/share/open_manipulator_playground/cmake/open_manipulator_playgroundConfig.cmake
[17.743s] -- Symlinking: /ros2_ws/ros_workshop_ws/install/open_manipulator_playground/share/open_manipulator_playground/cmake/open_manipulator_playgroundConfig-version.cmake
[17.757s] -- Symlinking: /ros2_ws/ros_workshop_ws/install/open_manipulator_playground/share/open_manipulator_playground/package.xml
[17.773s] -- Installing: /ros2_ws/ros_workshop_ws/install/open_manipulator_playground/lib/open_manipulator_playground/hello_moveit_omx
[17.774s] -- Set non-toolchain portion of runtime path of "/ros2_ws/ros_workshop_ws/install/open_manipulator_playground/lib/open_manipulator_playground/hello_moveit_omx" to ""
[17.774s] -- Installing: /ros2_ws/ros_workshop_ws/install/open_manipulator_playground/lib/open_manipulator_playground/hello_moveit_omy
[17.775s] -- Set non-toolchain portion of runtime path of "/ros2_ws/ros_workshop_ws/install/open_manipulator_playground/lib/open_manipulator_playground/hello_moveit_omy" to ""
[17.775s] -- Installing: /ros2_ws/ros_workshop_ws/install/open_manipulator_playground/share/open_manipulator_playground/cmake/export_open_manipulator_playgroundExport.cmake
[17.775s] -- Installing: /ros2_ws/ros_workshop_ws/install/open_manipulator_playground/share/open_manipulator_playground/cmake/export_open_manipulator_playgroundExport-noconfig.cmake
[17.783s] Invoked command in '/ros2_ws/ros_workshop_ws/build/open_manipulator_playground' returned '0': CMAKE_PREFIX_PATH=${CMAKE_PREFIX_PATH}:/opt/ros/jazzy /usr/bin/cmake --install /ros2_ws/ros_workshop_ws/build/open_manipulator_playground
