[0.054s] Invoking command in '/ros2_ws/ros_workshop_ws/build/open_manipulator_collision': CMAKE_PREFIX_PATH=${CMAKE_PREFIX_PATH}:/ros2_ws/ros_workshop_ws/install/open_manipulator_teleop:/ros2_ws/ros_workshop_ws/install/open_manipulator_bringup:/opt/ros/jazzy /usr/bin/cmake --build /ros2_ws/ros_workshop_ws/build/open_manipulator_collision -- -j16 -l16
[0.177s] [100%] Built target self_collision_node
[0.467s] Invoked command in '/ros2_ws/ros_workshop_ws/build/open_manipulator_collision' returned '0': CMAKE_PREFIX_PATH=${CMAKE_PREFIX_PATH}:/ros2_ws/ros_workshop_ws/install/open_manipulator_teleop:/ros2_ws/ros_workshop_ws/install/open_manipulator_bringup:/opt/ros/jazzy /usr/bin/cmake --build /ros2_ws/ros_workshop_ws/build/open_manipulator_collision -- -j16 -l16
[0.469s] Invoking command in '/ros2_ws/ros_workshop_ws/build/open_manipulator_collision': CMAKE_PREFIX_PATH=${CMAKE_PREFIX_PATH}:/ros2_ws/ros_workshop_ws/install/open_manipulator_teleop:/ros2_ws/ros_workshop_ws/install/open_manipulator_bringup:/opt/ros/jazzy /usr/bin/cmake --install /ros2_ws/ros_workshop_ws/build/open_manipulator_collision
[0.486s] -- Install configuration: ""
[0.490s] -- Execute custom install script
[0.490s] -- Up-to-date symlink: /ros2_ws/ros_workshop_ws/install/open_manipulator_collision/lib/open_manipulator_collision/self_collision_node
[0.491s] -- Up-to-date symlink: /ros2_ws/ros_workshop_ws/install/open_manipulator_collision/include//open_manipulator_collision/self_collision_node.hpp
[0.491s] -- Up-to-date symlink: /ros2_ws/ros_workshop_ws/install/open_manipulator_collision/share/open_manipulator_collision/self_collision.launch.py
[0.491s] -- Up-to-date symlink: /ros2_ws/ros_workshop_ws/install/open_manipulator_collision/share/open_manipulator_collision/environment/library_path.sh
[0.491s] -- Up-to-date symlink: /ros2_ws/ros_workshop_ws/install/open_manipulator_collision/share/open_manipulator_collision/environment/library_path.dsv
[0.496s] -- Up-to-date symlink: /ros2_ws/ros_workshop_ws/install/open_manipulator_collision/share/ament_index/resource_index/package_run_dependencies/open_manipulator_collision
[0.497s] -- Up-to-date symlink: /ros2_ws/ros_workshop_ws/install/open_manipulator_collision/share/ament_index/resource_index/parent_prefix_path/open_manipulator_collision
[0.497s] -- Up-to-date symlink: /ros2_ws/ros_workshop_ws/install/open_manipulator_collision/share/open_manipulator_collision/environment/ament_prefix_path.sh
[0.498s] -- Up-to-date symlink: /ros2_ws/ros_workshop_ws/install/open_manipulator_collision/share/open_manipulator_collision/environment/ament_prefix_path.dsv
[0.498s] -- Up-to-date symlink: /ros2_ws/ros_workshop_ws/install/open_manipulator_collision/share/open_manipulator_collision/environment/path.sh
[0.501s] -- Up-to-date symlink: /ros2_ws/ros_workshop_ws/install/open_manipulator_collision/share/open_manipulator_collision/environment/path.dsv
[0.501s] -- Up-to-date symlink: /ros2_ws/ros_workshop_ws/install/open_manipulator_collision/share/open_manipulator_collision/local_setup.bash
[0.501s] -- Up-to-date symlink: /ros2_ws/ros_workshop_ws/install/open_manipulator_collision/share/open_manipulator_collision/local_setup.sh
[0.501s] -- Up-to-date symlink: /ros2_ws/ros_workshop_ws/install/open_manipulator_collision/share/open_manipulator_collision/local_setup.zsh
[0.501s] -- Up-to-date symlink: /ros2_ws/ros_workshop_ws/install/open_manipulator_collision/share/open_manipulator_collision/local_setup.dsv
[0.502s] -- Symlinking: /ros2_ws/ros_workshop_ws/install/open_manipulator_collision/share/open_manipulator_collision/package.dsv
[0.523s] -- Up-to-date symlink: /ros2_ws/ros_workshop_ws/install/open_manipulator_collision/share/ament_index/resource_index/packages/open_manipulator_collision
[0.523s] -- Up-to-date symlink: /ros2_ws/ros_workshop_ws/install/open_manipulator_collision/share/open_manipulator_collision/cmake/ament_cmake_export_dependencies-extras.cmake
[0.523s] -- Up-to-date symlink: /ros2_ws/ros_workshop_ws/install/open_manipulator_collision/share/open_manipulator_collision/cmake/ament_cmake_export_include_directories-extras.cmake
[0.523s] -- Up-to-date symlink: /ros2_ws/ros_workshop_ws/install/open_manipulator_collision/share/open_manipulator_collision/cmake/ament_cmake_export_libraries-extras.cmake
[0.523s] -- Up-to-date symlink: /ros2_ws/ros_workshop_ws/install/open_manipulator_collision/share/open_manipulator_collision/cmake/open_manipulator_collisionConfig.cmake
[0.523s] -- Up-to-date symlink: /ros2_ws/ros_workshop_ws/install/open_manipulator_collision/share/open_manipulator_collision/cmake/open_manipulator_collisionConfig-version.cmake
[0.523s] -- Up-to-date symlink: /ros2_ws/ros_workshop_ws/install/open_manipulator_collision/share/open_manipulator_collision/package.xml
[0.523s] Invoked command in '/ros2_ws/ros_workshop_ws/build/open_manipulator_collision' returned '0': CMAKE_PREFIX_PATH=${CMAKE_PREFIX_PATH}:/ros2_ws/ros_workshop_ws/install/open_manipulator_teleop:/ros2_ws/ros_workshop_ws/install/open_manipulator_bringup:/opt/ros/jazzy /usr/bin/cmake --install /ros2_ws/ros_workshop_ws/build/open_manipulator_collision
