[0.019s] Invoking command in '/ros2_ws/ros_workshop_ws/src/build/dynamixel_hardware_interface': AMENT_PREFIX_PATH=/ros2_ws/ros_workshop_ws/src/install/dynamixel_sdk:/ros2_ws/ros_workshop_ws/src/install/dynamixel_interfaces:${AMENT_PREFIX_PATH} CMAKE_PREFIX_PATH=/ros2_ws/ros_workshop_ws/src/install/dynamixel_sdk:/ros2_ws/ros_workshop_ws/src/install/dynamixel_interfaces:/ros2_ws/install/open_manipulator_cartesian_control:/ros2_ws/ros_workshop_ws/install/open_manipulator:/ros2_ws/ros_workshop_ws/install/open_manipulator_playground:/ros2_ws/ros_workshop_ws/install/open_manipulator_moveit_config:/ros2_ws/ros_workshop_ws/install/open_manipulator_gui:/ros2_ws/ros_workshop_ws/install/open_manipulator_description:/ros2_ws/ros_workshop_ws/install/open_manipulator_collision:/ros2_ws/ros_workshop_ws/install/om_spring_actuator_controller:/ros2_ws/ros_workshop_ws/install/om_joint_trajectory_command_broadcaster:/ros2_ws/ros_workshop_ws/install/om_gravity_compensation_controller:/ros2_ws/ros_workshop_ws/install/dynamixel_sdk_examples:/ros2_ws/ros_workshop_ws/install/dynamixel_sdk_custom_interfaces:/ros2_ws/ros_workshop_ws/install/dynamixel_hardware_interface:/ros2_ws/ros_workshop_ws/install/dynamixel_sdk:/ros2_ws/ros_workshop_ws/install/dynamixel_interfaces:/opt/ros/jazzy/opt/gz_launch_vendor:/opt/ros/jazzy/opt/gz_sim_vendor:/opt/ros/jazzy/opt/gz_sensors_vendor:/opt/ros/jazzy/opt/gz_physics_vendor:/opt/ros/jazzy/opt/sdformat_vendor:/opt/ros/jazzy/opt/gz_gui_vendor:/opt/ros/jazzy/opt/gz_transport_vendor:/opt/ros/jazzy/opt/gz_rendering_vendor:/opt/ros/jazzy/opt/gz_plugin_vendor:/opt/ros/jazzy/opt/gz_fuel_tools_vendor:/opt/ros/jazzy/opt/gz_msgs_vendor:/opt/ros/jazzy/opt/gz_common_vendor:/opt/ros/jazzy/opt/gz_math_vendor:/opt/ros/jazzy/opt/gz_utils_vendor:/opt/ros/jazzy/opt/gz_tools_vendor:/opt/ros/jazzy/opt/gz_ogre_next_vendor:/opt/ros/jazzy/opt/gz_dartsim_vendor:/opt/ros/jazzy/opt/gz_cmake_vendor:/ros2_ws/ros_workshop_ws/install/open_manipulator_teleop:/ros2_ws/ros_workshop_ws/install/open_manipulator_bringup:/opt/ros/jazzy LD_LIBRARY_PATH=/ros2_ws/ros_workshop_ws/src/install/dynamixel_sdk/lib:/ros2_ws/ros_workshop_ws/src/install/dynamixel_interfaces/lib:${LD_LIBRARY_PATH} PYTHONPATH=/ros2_ws/ros_workshop_ws/src/install/dynamixel_sdk/lib/python3.12/site-packages:/ros2_ws/ros_workshop_ws/src/install/dynamixel_interfaces/lib/python3.12/site-packages:${PYTHONPATH} /usr/bin/cmake /ros2_ws/ros_workshop_ws/src/dynamixel_hardware_interface -DCMAKE_INSTALL_PREFIX=/ros2_ws/ros_workshop_ws/src/install/dynamixel_hardware_interface
[0.092s] -- The C compiler identification is GNU 13.3.0
[0.163s] -- The CXX compiler identification is GNU 13.3.0
[0.190s] -- Detecting C compiler ABI info
[0.313s] -- Detecting C compiler ABI info - done
[0.324s] -- Check for working C compiler: /usr/bin/cc - skipped
[0.324s] -- Detecting C compile features
[0.324s] -- Detecting C compile features - done
[0.339s] -- Detecting CXX compiler ABI info
[0.473s] -- Detecting CXX compiler ABI info - done
[0.486s] -- Check for working CXX compiler: /usr/bin/c++ - skipped
[0.486s] -- Detecting CXX compile features
[0.487s] -- Detecting CXX compile features - done
[0.497s] -- Found ament_cmake: 2.5.4 (/opt/ros/jazzy/share/ament_cmake/cmake)
[0.725s] -- Found Python3: /usr/bin/python3 (found version "3.12.3") found components: Interpreter 
[0.960s] -- Found hardware_interface: 4.29.0 (/opt/ros/jazzy/share/hardware_interface/cmake)
[1.097s] -- Found rosidl_generator_c: 4.6.5 (/opt/ros/jazzy/share/rosidl_generator_c/cmake)
[1.136s] -- Found rosidl_generator_cpp: 4.6.5 (/opt/ros/jazzy/share/rosidl_generator_cpp/cmake)
[1.184s] -- Using all available rosidl_typesupport_c: rosidl_typesupport_fastrtps_c;rosidl_typesupport_introspection_c
[1.231s] -- Using all available rosidl_typesupport_cpp: rosidl_typesupport_fastrtps_cpp;rosidl_typesupport_introspection_cpp
[1.626s] -- Found TinyXML2 via Config file: /usr/lib/x86_64-linux-gnu/cmake/tinyxml2
[1.731s] -- Found rmw_implementation_cmake: 7.3.2 (/opt/ros/jazzy/share/rmw_implementation_cmake/cmake)
[1.742s] -- Found rmw_fastrtps_cpp: 8.4.2 (/opt/ros/jazzy/share/rmw_fastrtps_cpp/cmake)
[1.801s] -- Found TinyXML2 via Config file: /usr/lib/x86_64-linux-gnu/cmake/tinyxml2
[1.892s] -- Found OpenSSL: /usr/lib/x86_64-linux-gnu/libcrypto.so (found version "3.0.13")  
[1.898s] -- Found TinyXML2 via Config file: /usr/lib/x86_64-linux-gnu/cmake/tinyxml2
[1.924s] -- Found FastRTPS: /opt/ros/jazzy/include (Required is at least version "2.13") 
[1.927s] -- Found TinyXML2 via Config file: /usr/lib/x86_64-linux-gnu/cmake/tinyxml2
[1.938s] -- Found TinyXML2 via Config file: /usr/lib/x86_64-linux-gnu/cmake/tinyxml2
[1.955s] -- Using RMW implementation 'rmw_fastrtps_cpp' as default
[2.389s] -- Found dynamixel_sdk: 3.8.4 (/ros2_ws/ros_workshop_ws/src/install/dynamixel_sdk/share/dynamixel_sdk/cmake)
[2.399s] -- Found std_srvs: 5.3.6 (/opt/ros/jazzy/share/std_srvs/cmake)
[2.422s] -- Found dynamixel_interfaces: 1.0.1 (/ros2_ws/ros_workshop_ws/src/install/dynamixel_interfaces/share/dynamixel_interfaces/cmake)
[2.461s] -- Found ament_lint_auto: 0.17.2 (/opt/ros/jazzy/share/ament_lint_auto/cmake)
[2.668s] -- Added test 'copyright' to check source files copyright and LICENSE
[2.675s] -- Added test 'cppcheck' to perform static code analysis on C / C++ code
[2.675s] -- Configured cppcheck include dirs: /ros2_ws/ros_workshop_ws/src/dynamixel_hardware_interface/include;$<BUILD_INTERFACE:/ros2_ws/ros_workshop_ws/src/dynamixel_hardware_interface/include>
[2.675s] -- Configured cppcheck exclude dirs and/or files: 
[2.685s] -- Added test 'cpplint' to check C / C++ code against the Google style
[2.685s] -- Configured cpplint exclude dirs and/or files: 
[2.687s] -- Added test 'lint_cmake' to check CMake code style
[2.695s] -- Added test 'uncrustify' to check C / C++ code style
[2.696s] -- Configured uncrustify additional arguments: 
[2.697s] -- Added test 'xmllint' to check XML markup files
[2.704s] -- Configuring done (2.7s)
[2.735s] -- Generating done (0.0s)
[2.741s] -- Build files have been written to: /ros2_ws/ros_workshop_ws/src/build/dynamixel_hardware_interface
[2.757s] Invoked command in '/ros2_ws/ros_workshop_ws/src/build/dynamixel_hardware_interface' returned '0': AMENT_PREFIX_PATH=/ros2_ws/ros_workshop_ws/src/install/dynamixel_sdk:/ros2_ws/ros_workshop_ws/src/install/dynamixel_interfaces:${AMENT_PREFIX_PATH} CMAKE_PREFIX_PATH=/ros2_ws/ros_workshop_ws/src/install/dynamixel_sdk:/ros2_ws/ros_workshop_ws/src/install/dynamixel_interfaces:/ros2_ws/install/open_manipulator_cartesian_control:/ros2_ws/ros_workshop_ws/install/open_manipulator:/ros2_ws/ros_workshop_ws/install/open_manipulator_playground:/ros2_ws/ros_workshop_ws/install/open_manipulator_moveit_config:/ros2_ws/ros_workshop_ws/install/open_manipulator_gui:/ros2_ws/ros_workshop_ws/install/open_manipulator_description:/ros2_ws/ros_workshop_ws/install/open_manipulator_collision:/ros2_ws/ros_workshop_ws/install/om_spring_actuator_controller:/ros2_ws/ros_workshop_ws/install/om_joint_trajectory_command_broadcaster:/ros2_ws/ros_workshop_ws/install/om_gravity_compensation_controller:/ros2_ws/ros_workshop_ws/install/dynamixel_sdk_examples:/ros2_ws/ros_workshop_ws/install/dynamixel_sdk_custom_interfaces:/ros2_ws/ros_workshop_ws/install/dynamixel_hardware_interface:/ros2_ws/ros_workshop_ws/install/dynamixel_sdk:/ros2_ws/ros_workshop_ws/install/dynamixel_interfaces:/opt/ros/jazzy/opt/gz_launch_vendor:/opt/ros/jazzy/opt/gz_sim_vendor:/opt/ros/jazzy/opt/gz_sensors_vendor:/opt/ros/jazzy/opt/gz_physics_vendor:/opt/ros/jazzy/opt/sdformat_vendor:/opt/ros/jazzy/opt/gz_gui_vendor:/opt/ros/jazzy/opt/gz_transport_vendor:/opt/ros/jazzy/opt/gz_rendering_vendor:/opt/ros/jazzy/opt/gz_plugin_vendor:/opt/ros/jazzy/opt/gz_fuel_tools_vendor:/opt/ros/jazzy/opt/gz_msgs_vendor:/opt/ros/jazzy/opt/gz_common_vendor:/opt/ros/jazzy/opt/gz_math_vendor:/opt/ros/jazzy/opt/gz_utils_vendor:/opt/ros/jazzy/opt/gz_tools_vendor:/opt/ros/jazzy/opt/gz_ogre_next_vendor:/opt/ros/jazzy/opt/gz_dartsim_vendor:/opt/ros/jazzy/opt/gz_cmake_vendor:/ros2_ws/ros_workshop_ws/install/open_manipulator_teleop:/ros2_ws/ros_workshop_ws/install/open_manipulator_bringup:/opt/ros/jazzy LD_LIBRARY_PATH=/ros2_ws/ros_workshop_ws/src/install/dynamixel_sdk/lib:/ros2_ws/ros_workshop_ws/src/install/dynamixel_interfaces/lib:${LD_LIBRARY_PATH} PYTHONPATH=/ros2_ws/ros_workshop_ws/src/install/dynamixel_sdk/lib/python3.12/site-packages:/ros2_ws/ros_workshop_ws/src/install/dynamixel_interfaces/lib/python3.12/site-packages:${PYTHONPATH} /usr/bin/cmake /ros2_ws/ros_workshop_ws/src/dynamixel_hardware_interface -DCMAKE_INSTALL_PREFIX=/ros2_ws/ros_workshop_ws/src/install/dynamixel_hardware_interface
[2.759s] Invoking command in '/ros2_ws/ros_workshop_ws/src/build/dynamixel_hardware_interface': AMENT_PREFIX_PATH=/ros2_ws/ros_workshop_ws/src/install/dynamixel_sdk:/ros2_ws/ros_workshop_ws/src/install/dynamixel_interfaces:${AMENT_PREFIX_PATH} CMAKE_PREFIX_PATH=/ros2_ws/ros_workshop_ws/src/install/dynamixel_sdk:/ros2_ws/ros_workshop_ws/src/install/dynamixel_interfaces:/ros2_ws/install/open_manipulator_cartesian_control:/ros2_ws/ros_workshop_ws/install/open_manipulator:/ros2_ws/ros_workshop_ws/install/open_manipulator_playground:/ros2_ws/ros_workshop_ws/install/open_manipulator_moveit_config:/ros2_ws/ros_workshop_ws/install/open_manipulator_gui:/ros2_ws/ros_workshop_ws/install/open_manipulator_description:/ros2_ws/ros_workshop_ws/install/open_manipulator_collision:/ros2_ws/ros_workshop_ws/install/om_spring_actuator_controller:/ros2_ws/ros_workshop_ws/install/om_joint_trajectory_command_broadcaster:/ros2_ws/ros_workshop_ws/install/om_gravity_compensation_controller:/ros2_ws/ros_workshop_ws/install/dynamixel_sdk_examples:/ros2_ws/ros_workshop_ws/install/dynamixel_sdk_custom_interfaces:/ros2_ws/ros_workshop_ws/install/dynamixel_hardware_interface:/ros2_ws/ros_workshop_ws/install/dynamixel_sdk:/ros2_ws/ros_workshop_ws/install/dynamixel_interfaces:/opt/ros/jazzy/opt/gz_launch_vendor:/opt/ros/jazzy/opt/gz_sim_vendor:/opt/ros/jazzy/opt/gz_sensors_vendor:/opt/ros/jazzy/opt/gz_physics_vendor:/opt/ros/jazzy/opt/sdformat_vendor:/opt/ros/jazzy/opt/gz_gui_vendor:/opt/ros/jazzy/opt/gz_transport_vendor:/opt/ros/jazzy/opt/gz_rendering_vendor:/opt/ros/jazzy/opt/gz_plugin_vendor:/opt/ros/jazzy/opt/gz_fuel_tools_vendor:/opt/ros/jazzy/opt/gz_msgs_vendor:/opt/ros/jazzy/opt/gz_common_vendor:/opt/ros/jazzy/opt/gz_math_vendor:/opt/ros/jazzy/opt/gz_utils_vendor:/opt/ros/jazzy/opt/gz_tools_vendor:/opt/ros/jazzy/opt/gz_ogre_next_vendor:/opt/ros/jazzy/opt/gz_dartsim_vendor:/opt/ros/jazzy/opt/gz_cmake_vendor:/ros2_ws/ros_workshop_ws/install/open_manipulator_teleop:/ros2_ws/ros_workshop_ws/install/open_manipulator_bringup:/opt/ros/jazzy LD_LIBRARY_PATH=/ros2_ws/ros_workshop_ws/src/install/dynamixel_sdk/lib:/ros2_ws/ros_workshop_ws/src/install/dynamixel_interfaces/lib:${LD_LIBRARY_PATH} PYTHONPATH=/ros2_ws/ros_workshop_ws/src/install/dynamixel_sdk/lib/python3.12/site-packages:/ros2_ws/ros_workshop_ws/src/install/dynamixel_interfaces/lib/python3.12/site-packages:${PYTHONPATH} /usr/bin/cmake --build /ros2_ws/ros_workshop_ws/src/build/dynamixel_hardware_interface -- -j16 -l16
[2.841s] [ 25%] [32mBuilding CXX object CMakeFiles/dynamixel_hardware_interface.dir/src/dynamixel_hardware_interface.cpp.o[0m
[13.578s] [ 50%] [32mBuilding CXX object CMakeFiles/dynamixel_hardware_interface.dir/src/dynamixel/dynamixel.cpp.o[0m
[15.968s] [ 75%] [32mBuilding CXX object CMakeFiles/dynamixel_hardware_interface.dir/src/dynamixel/dynamixel_info.cpp.o[0m
[17.903s] [100%] [32m[1mLinking CXX shared library libdynamixel_hardware_interface.so[0m
[18.437s] [100%] Built target dynamixel_hardware_interface
[18.453s] Invoked command in '/ros2_ws/ros_workshop_ws/src/build/dynamixel_hardware_interface' returned '0': AMENT_PREFIX_PATH=/ros2_ws/ros_workshop_ws/src/install/dynamixel_sdk:/ros2_ws/ros_workshop_ws/src/install/dynamixel_interfaces:${AMENT_PREFIX_PATH} CMAKE_PREFIX_PATH=/ros2_ws/ros_workshop_ws/src/install/dynamixel_sdk:/ros2_ws/ros_workshop_ws/src/install/dynamixel_interfaces:/ros2_ws/install/open_manipulator_cartesian_control:/ros2_ws/ros_workshop_ws/install/open_manipulator:/ros2_ws/ros_workshop_ws/install/open_manipulator_playground:/ros2_ws/ros_workshop_ws/install/open_manipulator_moveit_config:/ros2_ws/ros_workshop_ws/install/open_manipulator_gui:/ros2_ws/ros_workshop_ws/install/open_manipulator_description:/ros2_ws/ros_workshop_ws/install/open_manipulator_collision:/ros2_ws/ros_workshop_ws/install/om_spring_actuator_controller:/ros2_ws/ros_workshop_ws/install/om_joint_trajectory_command_broadcaster:/ros2_ws/ros_workshop_ws/install/om_gravity_compensation_controller:/ros2_ws/ros_workshop_ws/install/dynamixel_sdk_examples:/ros2_ws/ros_workshop_ws/install/dynamixel_sdk_custom_interfaces:/ros2_ws/ros_workshop_ws/install/dynamixel_hardware_interface:/ros2_ws/ros_workshop_ws/install/dynamixel_sdk:/ros2_ws/ros_workshop_ws/install/dynamixel_interfaces:/opt/ros/jazzy/opt/gz_launch_vendor:/opt/ros/jazzy/opt/gz_sim_vendor:/opt/ros/jazzy/opt/gz_sensors_vendor:/opt/ros/jazzy/opt/gz_physics_vendor:/opt/ros/jazzy/opt/sdformat_vendor:/opt/ros/jazzy/opt/gz_gui_vendor:/opt/ros/jazzy/opt/gz_transport_vendor:/opt/ros/jazzy/opt/gz_rendering_vendor:/opt/ros/jazzy/opt/gz_plugin_vendor:/opt/ros/jazzy/opt/gz_fuel_tools_vendor:/opt/ros/jazzy/opt/gz_msgs_vendor:/opt/ros/jazzy/opt/gz_common_vendor:/opt/ros/jazzy/opt/gz_math_vendor:/opt/ros/jazzy/opt/gz_utils_vendor:/opt/ros/jazzy/opt/gz_tools_vendor:/opt/ros/jazzy/opt/gz_ogre_next_vendor:/opt/ros/jazzy/opt/gz_dartsim_vendor:/opt/ros/jazzy/opt/gz_cmake_vendor:/ros2_ws/ros_workshop_ws/install/open_manipulator_teleop:/ros2_ws/ros_workshop_ws/install/open_manipulator_bringup:/opt/ros/jazzy LD_LIBRARY_PATH=/ros2_ws/ros_workshop_ws/src/install/dynamixel_sdk/lib:/ros2_ws/ros_workshop_ws/src/install/dynamixel_interfaces/lib:${LD_LIBRARY_PATH} PYTHONPATH=/ros2_ws/ros_workshop_ws/src/install/dynamixel_sdk/lib/python3.12/site-packages:/ros2_ws/ros_workshop_ws/src/install/dynamixel_interfaces/lib/python3.12/site-packages:${PYTHONPATH} /usr/bin/cmake --build /ros2_ws/ros_workshop_ws/src/build/dynamixel_hardware_interface -- -j16 -l16
[18.455s] Invoking command in '/ros2_ws/ros_workshop_ws/src/build/dynamixel_hardware_interface': AMENT_PREFIX_PATH=/ros2_ws/ros_workshop_ws/src/install/dynamixel_sdk:/ros2_ws/ros_workshop_ws/src/install/dynamixel_interfaces:${AMENT_PREFIX_PATH} CMAKE_PREFIX_PATH=/ros2_ws/ros_workshop_ws/src/install/dynamixel_sdk:/ros2_ws/ros_workshop_ws/src/install/dynamixel_interfaces:/ros2_ws/install/open_manipulator_cartesian_control:/ros2_ws/ros_workshop_ws/install/open_manipulator:/ros2_ws/ros_workshop_ws/install/open_manipulator_playground:/ros2_ws/ros_workshop_ws/install/open_manipulator_moveit_config:/ros2_ws/ros_workshop_ws/install/open_manipulator_gui:/ros2_ws/ros_workshop_ws/install/open_manipulator_description:/ros2_ws/ros_workshop_ws/install/open_manipulator_collision:/ros2_ws/ros_workshop_ws/install/om_spring_actuator_controller:/ros2_ws/ros_workshop_ws/install/om_joint_trajectory_command_broadcaster:/ros2_ws/ros_workshop_ws/install/om_gravity_compensation_controller:/ros2_ws/ros_workshop_ws/install/dynamixel_sdk_examples:/ros2_ws/ros_workshop_ws/install/dynamixel_sdk_custom_interfaces:/ros2_ws/ros_workshop_ws/install/dynamixel_hardware_interface:/ros2_ws/ros_workshop_ws/install/dynamixel_sdk:/ros2_ws/ros_workshop_ws/install/dynamixel_interfaces:/opt/ros/jazzy/opt/gz_launch_vendor:/opt/ros/jazzy/opt/gz_sim_vendor:/opt/ros/jazzy/opt/gz_sensors_vendor:/opt/ros/jazzy/opt/gz_physics_vendor:/opt/ros/jazzy/opt/sdformat_vendor:/opt/ros/jazzy/opt/gz_gui_vendor:/opt/ros/jazzy/opt/gz_transport_vendor:/opt/ros/jazzy/opt/gz_rendering_vendor:/opt/ros/jazzy/opt/gz_plugin_vendor:/opt/ros/jazzy/opt/gz_fuel_tools_vendor:/opt/ros/jazzy/opt/gz_msgs_vendor:/opt/ros/jazzy/opt/gz_common_vendor:/opt/ros/jazzy/opt/gz_math_vendor:/opt/ros/jazzy/opt/gz_utils_vendor:/opt/ros/jazzy/opt/gz_tools_vendor:/opt/ros/jazzy/opt/gz_ogre_next_vendor:/opt/ros/jazzy/opt/gz_dartsim_vendor:/opt/ros/jazzy/opt/gz_cmake_vendor:/ros2_ws/ros_workshop_ws/install/open_manipulator_teleop:/ros2_ws/ros_workshop_ws/install/open_manipulator_bringup:/opt/ros/jazzy LD_LIBRARY_PATH=/ros2_ws/ros_workshop_ws/src/install/dynamixel_sdk/lib:/ros2_ws/ros_workshop_ws/src/install/dynamixel_interfaces/lib:${LD_LIBRARY_PATH} PYTHONPATH=/ros2_ws/ros_workshop_ws/src/install/dynamixel_sdk/lib/python3.12/site-packages:/ros2_ws/ros_workshop_ws/src/install/dynamixel_interfaces/lib/python3.12/site-packages:${PYTHONPATH} /usr/bin/cmake --install /ros2_ws/ros_workshop_ws/src/build/dynamixel_hardware_interface
[18.467s] -- Install configuration: ""
[18.470s] -- Installing: /ros2_ws/ros_workshop_ws/src/install/dynamixel_hardware_interface/share/dynamixel_hardware_interface/dynamixel_hardware_interface_plugin.xml
[18.470s] -- Installing: /ros2_ws/ros_workshop_ws/src/install/dynamixel_hardware_interface/lib/libdynamixel_hardware_interface.so
[18.474s] -- Set non-toolchain portion of runtime path of "/ros2_ws/ros_workshop_ws/src/install/dynamixel_hardware_interface/lib/libdynamixel_hardware_interface.so" to ""
[18.474s] -- Installing: /ros2_ws/ros_workshop_ws/src/install/dynamixel_hardware_interface/include
[18.474s] -- Installing: /ros2_ws/ros_workshop_ws/src/install/dynamixel_hardware_interface/include/dynamixel_hardware_interface
[18.474s] -- Installing: /ros2_ws/ros_workshop_ws/src/install/dynamixel_hardware_interface/include/dynamixel_hardware_interface/dynamixel
[18.475s] -- Installing: /ros2_ws/ros_workshop_ws/src/install/dynamixel_hardware_interface/include/dynamixel_hardware_interface/dynamixel/dynamixel.hpp
[18.475s] -- Installing: /ros2_ws/ros_workshop_ws/src/install/dynamixel_hardware_interface/include/dynamixel_hardware_interface/dynamixel/dynamixel_info.hpp
[18.475s] -- Installing: /ros2_ws/ros_workshop_ws/src/install/dynamixel_hardware_interface/include/dynamixel_hardware_interface/visibility_control.h
[18.475s] -- Installing: /ros2_ws/ros_workshop_ws/src/install/dynamixel_hardware_interface/include/dynamixel_hardware_interface/dynamixel_hardware_interface.hpp
[18.475s] -- Installing: /ros2_ws/ros_workshop_ws/src/install/dynamixel_hardware_interface/lib/dynamixel_hardware_interface/create_udev_rules
[18.475s] -- Installing: /ros2_ws/ros_workshop_ws/src/install/dynamixel_hardware_interface/share/dynamixel_hardware_interface//scripts
[18.475s] -- Installing: /ros2_ws/ros_workshop_ws/src/install/dynamixel_hardware_interface/share/dynamixel_hardware_interface//scripts/create_udev_rules
[18.475s] -- Installing: /ros2_ws/ros_workshop_ws/src/install/dynamixel_hardware_interface/share/dynamixel_hardware_interface//scripts/99-manipulator-cdc.rules
[18.475s] -- Installing: /ros2_ws/ros_workshop_ws/src/install/dynamixel_hardware_interface/share/dynamixel_hardware_interface/param
[18.476s] -- Installing: /ros2_ws/ros_workshop_ws/src/install/dynamixel_hardware_interface/share/dynamixel_hardware_interface/param/dxl_model
[18.476s] -- Installing: /ros2_ws/ros_workshop_ws/src/install/dynamixel_hardware_interface/share/dynamixel_hardware_interface/param/dxl_model/xc430_w150.model
[18.476s] -- Installing: /ros2_ws/ros_workshop_ws/src/install/dynamixel_hardware_interface/share/dynamixel_hardware_interface/param/dxl_model/2xl430_w250.model
[18.477s] -- Installing: /ros2_ws/ros_workshop_ws/src/install/dynamixel_hardware_interface/share/dynamixel_hardware_interface/param/dxl_model/xd430_t210.model
[18.477s] -- Installing: /ros2_ws/ros_workshop_ws/src/install/dynamixel_hardware_interface/share/dynamixel_hardware_interface/param/dxl_model/xw430_t200.model
[18.477s] -- Installing: /ros2_ws/ros_workshop_ws/src/install/dynamixel_hardware_interface/share/dynamixel_hardware_interface/param/dxl_model/sensorxel_joy.model
[18.477s] -- Installing: /ros2_ws/ros_workshop_ws/src/install/dynamixel_hardware_interface/share/dynamixel_hardware_interface/param/dxl_model/xw540_t140.model
[18.477s] -- Installing: /ros2_ws/ros_workshop_ws/src/install/dynamixel_hardware_interface/share/dynamixel_hardware_interface/param/dxl_model/xd430_t350.model
[18.477s] -- Installing: /ros2_ws/ros_workshop_ws/src/install/dynamixel_hardware_interface/share/dynamixel_hardware_interface/param/dxl_model/xw540_t260.model
[18.477s] -- Installing: /ros2_ws/ros_workshop_ws/src/install/dynamixel_hardware_interface/share/dynamixel_hardware_interface/param/dxl_model/xh430_w350.model
[18.477s] -- Installing: /ros2_ws/ros_workshop_ws/src/install/dynamixel_hardware_interface/share/dynamixel_hardware_interface/param/dxl_model/xm540_w150.model
[18.477s] -- Installing: /ros2_ws/ros_workshop_ws/src/install/dynamixel_hardware_interface/share/dynamixel_hardware_interface/param/dxl_model/2xc430_w250.model
[18.478s] -- Installing: /ros2_ws/ros_workshop_ws/src/install/dynamixel_hardware_interface/share/dynamixel_hardware_interface/param/dxl_model/xh430_v210.model
[18.478s] -- Installing: /ros2_ws/ros_workshop_ws/src/install/dynamixel_hardware_interface/share/dynamixel_hardware_interface/param/dxl_model/xh430_v350.model
[18.478s] -- Installing: /ros2_ws/ros_workshop_ws/src/install/dynamixel_hardware_interface/share/dynamixel_hardware_interface/param/dxl_model/xh540_v150.model
[18.478s] -- Installing: /ros2_ws/ros_workshop_ws/src/install/dynamixel_hardware_interface/share/dynamixel_hardware_interface/param/dxl_model/ym080_220_m001.model
[18.478s] -- Installing: /ros2_ws/ros_workshop_ws/src/install/dynamixel_hardware_interface/share/dynamixel_hardware_interface/param/dxl_model/ym070_210_r051.model
[18.478s] -- Installing: /ros2_ws/ros_workshop_ws/src/install/dynamixel_hardware_interface/share/dynamixel_hardware_interface/param/dxl_model/xw430_t333.model
[18.478s] -- Installing: /ros2_ws/ros_workshop_ws/src/install/dynamixel_hardware_interface/share/dynamixel_hardware_interface/param/dxl_model/xm430_w210.model
[18.478s] -- Installing: /ros2_ws/ros_workshop_ws/src/install/dynamixel_hardware_interface/share/dynamixel_hardware_interface/param/dxl_model/ym080_230_r051.model
[18.479s] -- Installing: /ros2_ws/ros_workshop_ws/src/install/dynamixel_hardware_interface/share/dynamixel_hardware_interface/param/dxl_model/xc430_w240.model
[18.479s] -- Installing: /ros2_ws/ros_workshop_ws/src/install/dynamixel_hardware_interface/share/dynamixel_hardware_interface/param/dxl_model/xm430_w350.model
[18.479s] -- Installing: /ros2_ws/ros_workshop_ws/src/install/dynamixel_hardware_interface/share/dynamixel_hardware_interface/param/dxl_model/ym080_230_r099.model
[18.479s] -- Installing: /ros2_ws/ros_workshop_ws/src/install/dynamixel_hardware_interface/share/dynamixel_hardware_interface/param/dxl_model/ph42_020_s300.model
[18.479s] -- Installing: /ros2_ws/ros_workshop_ws/src/install/dynamixel_hardware_interface/share/dynamixel_hardware_interface/param/dxl_model/xd540_t270.model
[18.479s] -- Installing: /ros2_ws/ros_workshop_ws/src/install/dynamixel_hardware_interface/share/dynamixel_hardware_interface/param/dxl_model/xh540_w270.model
[18.479s] -- Installing: /ros2_ws/ros_workshop_ws/src/install/dynamixel_hardware_interface/share/dynamixel_hardware_interface/param/dxl_model/xc330_m181.model
[18.479s] -- Installing: /ros2_ws/ros_workshop_ws/src/install/dynamixel_hardware_interface/share/dynamixel_hardware_interface/param/dxl_model/rh_p12_rn.model
[18.480s] -- Installing: /ros2_ws/ros_workshop_ws/src/install/dynamixel_hardware_interface/share/dynamixel_hardware_interface/param/dxl_model/xl330_m077.model
[18.480s] -- Installing: /ros2_ws/ros_workshop_ws/src/install/dynamixel_hardware_interface/share/dynamixel_hardware_interface/param/dxl_model/xh430_w210.model
[18.480s] -- Installing: /ros2_ws/ros_workshop_ws/src/install/dynamixel_hardware_interface/share/dynamixel_hardware_interface/param/dxl_model/xm540_w270.model
[18.480s] -- Installing: /ros2_ws/ros_workshop_ws/src/install/dynamixel_hardware_interface/share/dynamixel_hardware_interface/param/dxl_model/xh540_v270.model
[18.480s] -- Installing: /ros2_ws/ros_workshop_ws/src/install/dynamixel_hardware_interface/share/dynamixel_hardware_interface/param/dxl_model/xl430_w250.model
[18.480s] -- Installing: /ros2_ws/ros_workshop_ws/src/install/dynamixel_hardware_interface/share/dynamixel_hardware_interface/param/dxl_model/omy_hat.model
[18.480s] -- Installing: /ros2_ws/ros_workshop_ws/src/install/dynamixel_hardware_interface/share/dynamixel_hardware_interface/param/dxl_model/xh540_w150.model
[18.480s] -- Installing: /ros2_ws/ros_workshop_ws/src/install/dynamixel_hardware_interface/share/dynamixel_hardware_interface/param/dxl_model/xd540_t150.model
[18.481s] -- Installing: /ros2_ws/ros_workshop_ws/src/install/dynamixel_hardware_interface/share/dynamixel_hardware_interface/param/dxl_model/xw540_h260.model
[18.481s] -- Installing: /ros2_ws/ros_workshop_ws/src/install/dynamixel_hardware_interface/share/dynamixel_hardware_interface/param/dxl_model/xc330_t288.model
[18.481s] -- Installing: /ros2_ws/ros_workshop_ws/src/install/dynamixel_hardware_interface/share/dynamixel_hardware_interface/param/dxl_model/ym070_210_r099.model
[18.481s] -- Installing: /ros2_ws/ros_workshop_ws/src/install/dynamixel_hardware_interface/share/dynamixel_hardware_interface/param/dxl_model/ym070_210_a099.model
[18.481s] -- Installing: /ros2_ws/ros_workshop_ws/src/install/dynamixel_hardware_interface/share/dynamixel_hardware_interface/param/dxl_model/omy_end.model
[18.481s] -- Installing: /ros2_ws/ros_workshop_ws/src/install/dynamixel_hardware_interface/share/dynamixel_hardware_interface/param/dxl_model/xl320.model
[18.481s] -- Installing: /ros2_ws/ros_workshop_ws/src/install/dynamixel_hardware_interface/share/dynamixel_hardware_interface/param/dxl_model/xc330_t181.model
[18.481s] -- Installing: /ros2_ws/ros_workshop_ws/src/install/dynamixel_hardware_interface/share/dynamixel_hardware_interface/param/dxl_model/xl330_m288.model
[18.481s] -- Installing: /ros2_ws/ros_workshop_ws/src/install/dynamixel_hardware_interface/share/dynamixel_hardware_interface/param/dxl_model/xc330_m288.model
[18.481s] -- Installing: /ros2_ws/ros_workshop_ws/src/install/dynamixel_hardware_interface/share/dynamixel_hardware_interface/param/dxl_model/ym080_230_a099.model
[18.481s] -- Installing: /ros2_ws/ros_workshop_ws/src/install/dynamixel_hardware_interface/share/dynamixel_hardware_interface/param/dxl_model/dynamixel.model
[18.481s] -- Installing: /ros2_ws/ros_workshop_ws/src/install/dynamixel_hardware_interface/share/dynamixel_hardware_interface/param/dxl_model/ym070_210_m001.model
[18.481s] -- Installing: /ros2_ws/ros_workshop_ws/src/install/dynamixel_hardware_interface/share/dynamixel_hardware_interface/param/dxl_model/ym080_230_b001.model
[18.481s] -- Installing: /ros2_ws/ros_workshop_ws/src/install/dynamixel_hardware_interface/share/dynamixel_hardware_interface/environment/library_path.sh
[18.482s] -- Installing: /ros2_ws/ros_workshop_ws/src/install/dynamixel_hardware_interface/share/dynamixel_hardware_interface/environment/library_path.dsv
[18.482s] -- Installing: /ros2_ws/ros_workshop_ws/src/install/dynamixel_hardware_interface/share/ament_index/resource_index/package_run_dependencies/dynamixel_hardware_interface
[18.482s] -- Installing: /ros2_ws/ros_workshop_ws/src/install/dynamixel_hardware_interface/share/ament_index/resource_index/parent_prefix_path/dynamixel_hardware_interface
[18.482s] -- Installing: /ros2_ws/ros_workshop_ws/src/install/dynamixel_hardware_interface/share/dynamixel_hardware_interface/environment/ament_prefix_path.sh
[18.482s] -- Installing: /ros2_ws/ros_workshop_ws/src/install/dynamixel_hardware_interface/share/dynamixel_hardware_interface/environment/ament_prefix_path.dsv
[18.482s] -- Installing: /ros2_ws/ros_workshop_ws/src/install/dynamixel_hardware_interface/share/dynamixel_hardware_interface/environment/path.sh
[18.482s] -- Installing: /ros2_ws/ros_workshop_ws/src/install/dynamixel_hardware_interface/share/dynamixel_hardware_interface/environment/path.dsv
[18.482s] -- Installing: /ros2_ws/ros_workshop_ws/src/install/dynamixel_hardware_interface/share/dynamixel_hardware_interface/local_setup.bash
[18.482s] -- Installing: /ros2_ws/ros_workshop_ws/src/install/dynamixel_hardware_interface/share/dynamixel_hardware_interface/local_setup.sh
[18.482s] -- Installing: /ros2_ws/ros_workshop_ws/src/install/dynamixel_hardware_interface/share/dynamixel_hardware_interface/local_setup.zsh
[18.482s] -- Installing: /ros2_ws/ros_workshop_ws/src/install/dynamixel_hardware_interface/share/dynamixel_hardware_interface/local_setup.dsv
[18.482s] -- Installing: /ros2_ws/ros_workshop_ws/src/install/dynamixel_hardware_interface/share/dynamixel_hardware_interface/package.dsv
[18.482s] -- Installing: /ros2_ws/ros_workshop_ws/src/install/dynamixel_hardware_interface/share/ament_index/resource_index/packages/dynamixel_hardware_interface
[18.482s] -- Installing: /ros2_ws/ros_workshop_ws/src/install/dynamixel_hardware_interface/share/ament_index/resource_index/hardware_interface__pluginlib__plugin/dynamixel_hardware_interface
[18.482s] -- Installing: /ros2_ws/ros_workshop_ws/src/install/dynamixel_hardware_interface/share/dynamixel_hardware_interface/cmake/ament_cmake_export_include_directories-extras.cmake
[18.483s] -- Installing: /ros2_ws/ros_workshop_ws/src/install/dynamixel_hardware_interface/share/dynamixel_hardware_interface/cmake/ament_cmake_export_libraries-extras.cmake
[18.483s] -- Installing: /ros2_ws/ros_workshop_ws/src/install/dynamixel_hardware_interface/share/dynamixel_hardware_interface/cmake/ament_cmake_export_dependencies-extras.cmake
[18.483s] -- Installing: /ros2_ws/ros_workshop_ws/src/install/dynamixel_hardware_interface/share/dynamixel_hardware_interface/cmake/dynamixel_hardware_interfaceConfig.cmake
[18.483s] -- Installing: /ros2_ws/ros_workshop_ws/src/install/dynamixel_hardware_interface/share/dynamixel_hardware_interface/cmake/dynamixel_hardware_interfaceConfig-version.cmake
[18.483s] -- Installing: /ros2_ws/ros_workshop_ws/src/install/dynamixel_hardware_interface/share/dynamixel_hardware_interface/package.xml
[18.489s] Invoked command in '/ros2_ws/ros_workshop_ws/src/build/dynamixel_hardware_interface' returned '0': AMENT_PREFIX_PATH=/ros2_ws/ros_workshop_ws/src/install/dynamixel_sdk:/ros2_ws/ros_workshop_ws/src/install/dynamixel_interfaces:${AMENT_PREFIX_PATH} CMAKE_PREFIX_PATH=/ros2_ws/ros_workshop_ws/src/install/dynamixel_sdk:/ros2_ws/ros_workshop_ws/src/install/dynamixel_interfaces:/ros2_ws/install/open_manipulator_cartesian_control:/ros2_ws/ros_workshop_ws/install/open_manipulator:/ros2_ws/ros_workshop_ws/install/open_manipulator_playground:/ros2_ws/ros_workshop_ws/install/open_manipulator_moveit_config:/ros2_ws/ros_workshop_ws/install/open_manipulator_gui:/ros2_ws/ros_workshop_ws/install/open_manipulator_description:/ros2_ws/ros_workshop_ws/install/open_manipulator_collision:/ros2_ws/ros_workshop_ws/install/om_spring_actuator_controller:/ros2_ws/ros_workshop_ws/install/om_joint_trajectory_command_broadcaster:/ros2_ws/ros_workshop_ws/install/om_gravity_compensation_controller:/ros2_ws/ros_workshop_ws/install/dynamixel_sdk_examples:/ros2_ws/ros_workshop_ws/install/dynamixel_sdk_custom_interfaces:/ros2_ws/ros_workshop_ws/install/dynamixel_hardware_interface:/ros2_ws/ros_workshop_ws/install/dynamixel_sdk:/ros2_ws/ros_workshop_ws/install/dynamixel_interfaces:/opt/ros/jazzy/opt/gz_launch_vendor:/opt/ros/jazzy/opt/gz_sim_vendor:/opt/ros/jazzy/opt/gz_sensors_vendor:/opt/ros/jazzy/opt/gz_physics_vendor:/opt/ros/jazzy/opt/sdformat_vendor:/opt/ros/jazzy/opt/gz_gui_vendor:/opt/ros/jazzy/opt/gz_transport_vendor:/opt/ros/jazzy/opt/gz_rendering_vendor:/opt/ros/jazzy/opt/gz_plugin_vendor:/opt/ros/jazzy/opt/gz_fuel_tools_vendor:/opt/ros/jazzy/opt/gz_msgs_vendor:/opt/ros/jazzy/opt/gz_common_vendor:/opt/ros/jazzy/opt/gz_math_vendor:/opt/ros/jazzy/opt/gz_utils_vendor:/opt/ros/jazzy/opt/gz_tools_vendor:/opt/ros/jazzy/opt/gz_ogre_next_vendor:/opt/ros/jazzy/opt/gz_dartsim_vendor:/opt/ros/jazzy/opt/gz_cmake_vendor:/ros2_ws/ros_workshop_ws/install/open_manipulator_teleop:/ros2_ws/ros_workshop_ws/install/open_manipulator_bringup:/opt/ros/jazzy LD_LIBRARY_PATH=/ros2_ws/ros_workshop_ws/src/install/dynamixel_sdk/lib:/ros2_ws/ros_workshop_ws/src/install/dynamixel_interfaces/lib:${LD_LIBRARY_PATH} PYTHONPATH=/ros2_ws/ros_workshop_ws/src/install/dynamixel_sdk/lib/python3.12/site-packages:/ros2_ws/ros_workshop_ws/src/install/dynamixel_interfaces/lib/python3.12/site-packages:${PYTHONPATH} /usr/bin/cmake --install /ros2_ws/ros_workshop_ws/src/build/dynamixel_hardware_interface
