-- Found ament_cmake: 2.5.4 (/opt/ros/jazzy/share/ament_cmake/cmake)
-- Override CMake install command with custom implementation using symlinks instead of copying resources
-- Found geometry_msgs: 5.3.6 (/opt/ros/jazzy/share/geometry_msgs/cmake)
-- Found rosidl_generator_c: 4.6.5 (/opt/ros/jazzy/share/rosidl_generator_c/cmake)
-- Found rosidl_generator_cpp: 4.6.5 (/opt/ros/jazzy/share/rosidl_generator_cpp/cmake)
-- Using all available rosidl_typesupport_c: rosidl_typesupport_fastrtps_c;rosidl_typesupport_introspection_c
-- Using all available rosidl_typesupport_cpp: rosidl_typesupport_fastrtps_cpp;rosidl_typesupport_introspection_cpp
-- Found rclcpp: 28.1.9 (/opt/ros/jazzy/share/rclcpp/cmake)
-- Found rmw_implementation_cmake: 7.3.2 (/opt/ros/jazzy/share/rmw_implementation_cmake/cmake)
-- Found rmw_fastrtps_cpp: 8.4.2 (/opt/ros/jazzy/share/rmw_fastrtps_cpp/cmake)
-- Using RMW implementation 'rmw_fastrtps_cpp' as default
-- Found sensor_msgs: 5.3.6 (/opt/ros/jazzy/share/sensor_msgs/cmake)
-- Found moveit_msgs: 2.6.0 (/opt/ros/jazzy/share/moveit_msgs/cmake)
-- Found moveit_ros_planning: 2.12.3 (/opt/ros/jazzy/share/moveit_ros_planning/cmake)
-- Found Boost: /usr/lib/x86_64-linux-gnu/cmake/Boost-1.83.0/BoostConfig.cmake (found version "1.83.0") found components: system filesystem date_time program_options thread chrono 
-- Found parameter_traits: 0.4.0 (/opt/ros/jazzy/share/parameter_traits/cmake)
-- Found rclcpp_lifecycle: 28.1.9 (/opt/ros/jazzy/share/rclcpp_lifecycle/cmake)
-- Found Boost: /usr/lib/x86_64-linux-gnu/cmake/Boost-1.83.0/BoostConfig.cmake (found version "1.83.0") found components: chrono date_time filesystem iostreams program_options regex serialization system thread 
-- Found Boost: /usr/lib/x86_64-linux-gnu/cmake/Boost-1.83.0/BoostConfig.cmake (found version "1.83.0") found components: filesystem 
-- Ensuring Eigen3 include directory is part of orocos-kdl CMake target
-- Found moveit_ros_planning_interface: 2.12.3 (/opt/ros/jazzy/share/moveit_ros_planning_interface/cmake)
-- Found Boost: /usr/lib/x86_64-linux-gnu/cmake/Boost-1.83.0/BoostConfig.cmake (found version "1.83.0") found components: date_time filesystem program_options system thread 
-- Found Boost: /usr/lib/x86_64-linux-gnu/cmake/Boost-1.83.0/BoostConfig.cmake (found version "1.83.0") found components: thread system filesystem regex date_time program_options 
-- Found Boost: /usr/lib/x86_64-linux-gnu/cmake/Boost-1.83.0/BoostConfig.cmake (found version "1.83.0") found components: system filesystem date_time program_options thread 
-- Configuring done (2.0s)
-- Generating done (0.0s)
-- Build files have been written to: /ros2_ws/ros_workshop_ws/build/open_manipulator_gui
[ 14%] Built target copy_ui_headers
[ 14%] Built target open_manipulator_x_gui_node_autogen_timestamp_deps
[ 14%] Built target open_manipulator_y_gui_node_autogen_timestamp_deps
[ 17%] [34m[1mAutomatic MOC and UIC for target open_manipulator_x_gui_node[0m
[ 21%] [34m[1mAutomatic MOC and UIC for target open_manipulator_y_gui_node[0m
[ 21%] Built target open_manipulator_y_gui_node_autogen
[ 21%] Built target open_manipulator_x_gui_node_autogen
[ 60%] Built target open_manipulator_x_gui_node
[100%] Built target open_manipulator_y_gui_node
-- Install configuration: ""
-- Execute custom install script
-- Up-to-date symlink: /ros2_ws/ros_workshop_ws/install/open_manipulator_gui/lib/open_manipulator_gui/open_manipulator_x_gui_node
-- Up-to-date symlink: /ros2_ws/ros_workshop_ws/install/open_manipulator_gui/lib/open_manipulator_gui/open_manipulator_y_gui_node
-- Up-to-date symlink: /ros2_ws/ros_workshop_ws/install/open_manipulator_gui/include/open_manipulator_x_gui/main_window.hpp
-- Up-to-date symlink: /ros2_ws/ros_workshop_ws/install/open_manipulator_gui/include/open_manipulator_x_gui/qnode.hpp
-- Up-to-date symlink: /ros2_ws/ros_workshop_ws/install/open_manipulator_gui/include/open_manipulator_y_gui/main_window.hpp
-- Up-to-date symlink: /ros2_ws/ros_workshop_ws/install/open_manipulator_gui/include/open_manipulator_y_gui/qnode.hpp
-- Up-to-date symlink: /ros2_ws/ros_workshop_ws/install/open_manipulator_gui/share/open_manipulator_gui/launch/open_manipulator_x_gui.launch.py
-- Up-to-date symlink: /ros2_ws/ros_workshop_ws/install/open_manipulator_gui/share/open_manipulator_gui/launch/open_manipulator_y_gui.launch.py
-- Up-to-date symlink: /ros2_ws/ros_workshop_ws/install/open_manipulator_gui/share/open_manipulator_gui/ui/x_main_window.ui
-- Up-to-date symlink: /ros2_ws/ros_workshop_ws/install/open_manipulator_gui/share/open_manipulator_gui/ui/y_main_window.ui
-- Up-to-date symlink: /ros2_ws/ros_workshop_ws/install/open_manipulator_gui/share/open_manipulator_gui/config/om_x_joint_log.csv
-- Up-to-date symlink: /ros2_ws/ros_workshop_ws/install/open_manipulator_gui/share/open_manipulator_gui/config/om_y_joint_log.csv
-- Up-to-date symlink: /ros2_ws/ros_workshop_ws/install/open_manipulator_gui/share/open_manipulator_gui/environment/library_path.sh
-- Up-to-date symlink: /ros2_ws/ros_workshop_ws/install/open_manipulator_gui/share/open_manipulator_gui/environment/library_path.dsv
-- Up-to-date symlink: /ros2_ws/ros_workshop_ws/install/open_manipulator_gui/share/ament_index/resource_index/package_run_dependencies/open_manipulator_gui
-- Up-to-date symlink: /ros2_ws/ros_workshop_ws/install/open_manipulator_gui/share/ament_index/resource_index/parent_prefix_path/open_manipulator_gui
-- Up-to-date symlink: /ros2_ws/ros_workshop_ws/install/open_manipulator_gui/share/open_manipulator_gui/environment/ament_prefix_path.sh
-- Up-to-date symlink: /ros2_ws/ros_workshop_ws/install/open_manipulator_gui/share/open_manipulator_gui/environment/ament_prefix_path.dsv
-- Up-to-date symlink: /ros2_ws/ros_workshop_ws/install/open_manipulator_gui/share/open_manipulator_gui/environment/path.sh
-- Up-to-date symlink: /ros2_ws/ros_workshop_ws/install/open_manipulator_gui/share/open_manipulator_gui/environment/path.dsv
-- Up-to-date symlink: /ros2_ws/ros_workshop_ws/install/open_manipulator_gui/share/open_manipulator_gui/local_setup.bash
-- Up-to-date symlink: /ros2_ws/ros_workshop_ws/install/open_manipulator_gui/share/open_manipulator_gui/local_setup.sh
-- Up-to-date symlink: /ros2_ws/ros_workshop_ws/install/open_manipulator_gui/share/open_manipulator_gui/local_setup.zsh
-- Up-to-date symlink: /ros2_ws/ros_workshop_ws/install/open_manipulator_gui/share/open_manipulator_gui/local_setup.dsv
-- Symlinking: /ros2_ws/ros_workshop_ws/install/open_manipulator_gui/share/open_manipulator_gui/package.dsv
-- Up-to-date symlink: /ros2_ws/ros_workshop_ws/install/open_manipulator_gui/share/ament_index/resource_index/packages/open_manipulator_gui
-- Up-to-date symlink: /ros2_ws/ros_workshop_ws/install/open_manipulator_gui/share/open_manipulator_gui/cmake/ament_cmake_export_include_directories-extras.cmake
-- Up-to-date symlink: /ros2_ws/ros_workshop_ws/install/open_manipulator_gui/share/open_manipulator_gui/cmake/ament_cmake_export_libraries-extras.cmake
-- Up-to-date symlink: /ros2_ws/ros_workshop_ws/install/open_manipulator_gui/share/open_manipulator_gui/cmake/open_manipulator_guiConfig.cmake
-- Up-to-date symlink: /ros2_ws/ros_workshop_ws/install/open_manipulator_gui/share/open_manipulator_gui/cmake/open_manipulator_guiConfig-version.cmake
-- Up-to-date symlink: /ros2_ws/ros_workshop_ws/install/open_manipulator_gui/share/open_manipulator_gui/package.xml
