[0.026s] Invoking command in '/ros2_ws/ros_workshop_ws/src/build/open_manipulator_moveit_config': AMENT_PREFIX_PATH=/ros2_ws/ros_workshop_ws/src/install/open_manipulator_description:${AMENT_PREFIX_PATH} CMAKE_PREFIX_PATH=/ros2_ws/ros_workshop_ws/src/install/open_manipulator_description:/ros2_ws/install/open_manipulator_cartesian_control:/ros2_ws/ros_workshop_ws/install/open_manipulator:/ros2_ws/ros_workshop_ws/install/open_manipulator_playground:/ros2_ws/ros_workshop_ws/install/open_manipulator_moveit_config:/ros2_ws/ros_workshop_ws/install/open_manipulator_gui:/ros2_ws/ros_workshop_ws/install/open_manipulator_description:/ros2_ws/ros_workshop_ws/install/open_manipulator_collision:/ros2_ws/ros_workshop_ws/install/om_spring_actuator_controller:/ros2_ws/ros_workshop_ws/install/om_joint_trajectory_command_broadcaster:/ros2_ws/ros_workshop_ws/install/om_gravity_compensation_controller:/ros2_ws/ros_workshop_ws/install/dynamixel_sdk_examples:/ros2_ws/ros_workshop_ws/install/dynamixel_sdk_custom_interfaces:/ros2_ws/ros_workshop_ws/install/dynamixel_hardware_interface:/ros2_ws/ros_workshop_ws/install/dynamixel_sdk:/ros2_ws/ros_workshop_ws/install/dynamixel_interfaces:/opt/ros/jazzy/opt/gz_launch_vendor:/opt/ros/jazzy/opt/gz_sim_vendor:/opt/ros/jazzy/opt/gz_sensors_vendor:/opt/ros/jazzy/opt/gz_physics_vendor:/opt/ros/jazzy/opt/sdformat_vendor:/opt/ros/jazzy/opt/gz_gui_vendor:/opt/ros/jazzy/opt/gz_transport_vendor:/opt/ros/jazzy/opt/gz_rendering_vendor:/opt/ros/jazzy/opt/gz_plugin_vendor:/opt/ros/jazzy/opt/gz_fuel_tools_vendor:/opt/ros/jazzy/opt/gz_msgs_vendor:/opt/ros/jazzy/opt/gz_common_vendor:/opt/ros/jazzy/opt/gz_math_vendor:/opt/ros/jazzy/opt/gz_utils_vendor:/opt/ros/jazzy/opt/gz_tools_vendor:/opt/ros/jazzy/opt/gz_ogre_next_vendor:/opt/ros/jazzy/opt/gz_dartsim_vendor:/opt/ros/jazzy/opt/gz_cmake_vendor:/ros2_ws/ros_workshop_ws/install/open_manipulator_teleop:/ros2_ws/ros_workshop_ws/install/open_manipulator_bringup:/opt/ros/jazzy /usr/bin/cmake /ros2_ws/ros_workshop_ws/src/open_manipulator/open_manipulator_moveit_config -DCMAKE_INSTALL_PREFIX=/ros2_ws/ros_workshop_ws/src/install/open_manipulator_moveit_config
[0.109s] -- The C compiler identification is GNU 13.3.0
[0.227s] -- The CXX compiler identification is GNU 13.3.0
[0.242s] -- Detecting C compiler ABI info
[0.398s] -- Detecting C compiler ABI info - done
[0.411s] -- Check for working C compiler: /usr/bin/cc - skipped
[0.411s] -- Detecting C compile features
[0.412s] -- Detecting C compile features - done
[0.429s] -- Detecting CXX compiler ABI info
[0.615s] -- Detecting CXX compiler ABI info - done
[0.628s] -- Check for working CXX compiler: /usr/bin/c++ - skipped
[0.629s] -- Detecting CXX compile features
[0.629s] -- Detecting CXX compile features - done
[0.641s] -- Found ament_cmake: 2.5.4 (/opt/ros/jazzy/share/ament_cmake/cmake)
[0.940s] -- Found Python3: /usr/bin/python3 (found version "3.12.3") found components: Interpreter 
[1.410s] -- Configuring done (1.4s)
[1.416s] -- Generating done (0.0s)
[1.421s] -- Build files have been written to: /ros2_ws/ros_workshop_ws/src/build/open_manipulator_moveit_config
[1.429s] Invoked command in '/ros2_ws/ros_workshop_ws/src/build/open_manipulator_moveit_config' returned '0': AMENT_PREFIX_PATH=/ros2_ws/ros_workshop_ws/src/install/open_manipulator_description:${AMENT_PREFIX_PATH} CMAKE_PREFIX_PATH=/ros2_ws/ros_workshop_ws/src/install/open_manipulator_description:/ros2_ws/install/open_manipulator_cartesian_control:/ros2_ws/ros_workshop_ws/install/open_manipulator:/ros2_ws/ros_workshop_ws/install/open_manipulator_playground:/ros2_ws/ros_workshop_ws/install/open_manipulator_moveit_config:/ros2_ws/ros_workshop_ws/install/open_manipulator_gui:/ros2_ws/ros_workshop_ws/install/open_manipulator_description:/ros2_ws/ros_workshop_ws/install/open_manipulator_collision:/ros2_ws/ros_workshop_ws/install/om_spring_actuator_controller:/ros2_ws/ros_workshop_ws/install/om_joint_trajectory_command_broadcaster:/ros2_ws/ros_workshop_ws/install/om_gravity_compensation_controller:/ros2_ws/ros_workshop_ws/install/dynamixel_sdk_examples:/ros2_ws/ros_workshop_ws/install/dynamixel_sdk_custom_interfaces:/ros2_ws/ros_workshop_ws/install/dynamixel_hardware_interface:/ros2_ws/ros_workshop_ws/install/dynamixel_sdk:/ros2_ws/ros_workshop_ws/install/dynamixel_interfaces:/opt/ros/jazzy/opt/gz_launch_vendor:/opt/ros/jazzy/opt/gz_sim_vendor:/opt/ros/jazzy/opt/gz_sensors_vendor:/opt/ros/jazzy/opt/gz_physics_vendor:/opt/ros/jazzy/opt/sdformat_vendor:/opt/ros/jazzy/opt/gz_gui_vendor:/opt/ros/jazzy/opt/gz_transport_vendor:/opt/ros/jazzy/opt/gz_rendering_vendor:/opt/ros/jazzy/opt/gz_plugin_vendor:/opt/ros/jazzy/opt/gz_fuel_tools_vendor:/opt/ros/jazzy/opt/gz_msgs_vendor:/opt/ros/jazzy/opt/gz_common_vendor:/opt/ros/jazzy/opt/gz_math_vendor:/opt/ros/jazzy/opt/gz_utils_vendor:/opt/ros/jazzy/opt/gz_tools_vendor:/opt/ros/jazzy/opt/gz_ogre_next_vendor:/opt/ros/jazzy/opt/gz_dartsim_vendor:/opt/ros/jazzy/opt/gz_cmake_vendor:/ros2_ws/ros_workshop_ws/install/open_manipulator_teleop:/ros2_ws/ros_workshop_ws/install/open_manipulator_bringup:/opt/ros/jazzy /usr/bin/cmake /ros2_ws/ros_workshop_ws/src/open_manipulator/open_manipulator_moveit_config -DCMAKE_INSTALL_PREFIX=/ros2_ws/ros_workshop_ws/src/install/open_manipulator_moveit_config
[1.430s] Invoking command in '/ros2_ws/ros_workshop_ws/src/build/open_manipulator_moveit_config': AMENT_PREFIX_PATH=/ros2_ws/ros_workshop_ws/src/install/open_manipulator_description:${AMENT_PREFIX_PATH} CMAKE_PREFIX_PATH=/ros2_ws/ros_workshop_ws/src/install/open_manipulator_description:/ros2_ws/install/open_manipulator_cartesian_control:/ros2_ws/ros_workshop_ws/install/open_manipulator:/ros2_ws/ros_workshop_ws/install/open_manipulator_playground:/ros2_ws/ros_workshop_ws/install/open_manipulator_moveit_config:/ros2_ws/ros_workshop_ws/install/open_manipulator_gui:/ros2_ws/ros_workshop_ws/install/open_manipulator_description:/ros2_ws/ros_workshop_ws/install/open_manipulator_collision:/ros2_ws/ros_workshop_ws/install/om_spring_actuator_controller:/ros2_ws/ros_workshop_ws/install/om_joint_trajectory_command_broadcaster:/ros2_ws/ros_workshop_ws/install/om_gravity_compensation_controller:/ros2_ws/ros_workshop_ws/install/dynamixel_sdk_examples:/ros2_ws/ros_workshop_ws/install/dynamixel_sdk_custom_interfaces:/ros2_ws/ros_workshop_ws/install/dynamixel_hardware_interface:/ros2_ws/ros_workshop_ws/install/dynamixel_sdk:/ros2_ws/ros_workshop_ws/install/dynamixel_interfaces:/opt/ros/jazzy/opt/gz_launch_vendor:/opt/ros/jazzy/opt/gz_sim_vendor:/opt/ros/jazzy/opt/gz_sensors_vendor:/opt/ros/jazzy/opt/gz_physics_vendor:/opt/ros/jazzy/opt/sdformat_vendor:/opt/ros/jazzy/opt/gz_gui_vendor:/opt/ros/jazzy/opt/gz_transport_vendor:/opt/ros/jazzy/opt/gz_rendering_vendor:/opt/ros/jazzy/opt/gz_plugin_vendor:/opt/ros/jazzy/opt/gz_fuel_tools_vendor:/opt/ros/jazzy/opt/gz_msgs_vendor:/opt/ros/jazzy/opt/gz_common_vendor:/opt/ros/jazzy/opt/gz_math_vendor:/opt/ros/jazzy/opt/gz_utils_vendor:/opt/ros/jazzy/opt/gz_tools_vendor:/opt/ros/jazzy/opt/gz_ogre_next_vendor:/opt/ros/jazzy/opt/gz_dartsim_vendor:/opt/ros/jazzy/opt/gz_cmake_vendor:/ros2_ws/ros_workshop_ws/install/open_manipulator_teleop:/ros2_ws/ros_workshop_ws/install/open_manipulator_bringup:/opt/ros/jazzy /usr/bin/cmake --build /ros2_ws/ros_workshop_ws/src/build/open_manipulator_moveit_config -- -j16 -l16
[1.508s] Invoked command in '/ros2_ws/ros_workshop_ws/src/build/open_manipulator_moveit_config' returned '0': AMENT_PREFIX_PATH=/ros2_ws/ros_workshop_ws/src/install/open_manipulator_description:${AMENT_PREFIX_PATH} CMAKE_PREFIX_PATH=/ros2_ws/ros_workshop_ws/src/install/open_manipulator_description:/ros2_ws/install/open_manipulator_cartesian_control:/ros2_ws/ros_workshop_ws/install/open_manipulator:/ros2_ws/ros_workshop_ws/install/open_manipulator_playground:/ros2_ws/ros_workshop_ws/install/open_manipulator_moveit_config:/ros2_ws/ros_workshop_ws/install/open_manipulator_gui:/ros2_ws/ros_workshop_ws/install/open_manipulator_description:/ros2_ws/ros_workshop_ws/install/open_manipulator_collision:/ros2_ws/ros_workshop_ws/install/om_spring_actuator_controller:/ros2_ws/ros_workshop_ws/install/om_joint_trajectory_command_broadcaster:/ros2_ws/ros_workshop_ws/install/om_gravity_compensation_controller:/ros2_ws/ros_workshop_ws/install/dynamixel_sdk_examples:/ros2_ws/ros_workshop_ws/install/dynamixel_sdk_custom_interfaces:/ros2_ws/ros_workshop_ws/install/dynamixel_hardware_interface:/ros2_ws/ros_workshop_ws/install/dynamixel_sdk:/ros2_ws/ros_workshop_ws/install/dynamixel_interfaces:/opt/ros/jazzy/opt/gz_launch_vendor:/opt/ros/jazzy/opt/gz_sim_vendor:/opt/ros/jazzy/opt/gz_sensors_vendor:/opt/ros/jazzy/opt/gz_physics_vendor:/opt/ros/jazzy/opt/sdformat_vendor:/opt/ros/jazzy/opt/gz_gui_vendor:/opt/ros/jazzy/opt/gz_transport_vendor:/opt/ros/jazzy/opt/gz_rendering_vendor:/opt/ros/jazzy/opt/gz_plugin_vendor:/opt/ros/jazzy/opt/gz_fuel_tools_vendor:/opt/ros/jazzy/opt/gz_msgs_vendor:/opt/ros/jazzy/opt/gz_common_vendor:/opt/ros/jazzy/opt/gz_math_vendor:/opt/ros/jazzy/opt/gz_utils_vendor:/opt/ros/jazzy/opt/gz_tools_vendor:/opt/ros/jazzy/opt/gz_ogre_next_vendor:/opt/ros/jazzy/opt/gz_dartsim_vendor:/opt/ros/jazzy/opt/gz_cmake_vendor:/ros2_ws/ros_workshop_ws/install/open_manipulator_teleop:/ros2_ws/ros_workshop_ws/install/open_manipulator_bringup:/opt/ros/jazzy /usr/bin/cmake --build /ros2_ws/ros_workshop_ws/src/build/open_manipulator_moveit_config -- -j16 -l16
[1.509s] Invoking command in '/ros2_ws/ros_workshop_ws/src/build/open_manipulator_moveit_config': AMENT_PREFIX_PATH=/ros2_ws/ros_workshop_ws/src/install/open_manipulator_description:${AMENT_PREFIX_PATH} CMAKE_PREFIX_PATH=/ros2_ws/ros_workshop_ws/src/install/open_manipulator_description:/ros2_ws/install/open_manipulator_cartesian_control:/ros2_ws/ros_workshop_ws/install/open_manipulator:/ros2_ws/ros_workshop_ws/install/open_manipulator_playground:/ros2_ws/ros_workshop_ws/install/open_manipulator_moveit_config:/ros2_ws/ros_workshop_ws/install/open_manipulator_gui:/ros2_ws/ros_workshop_ws/install/open_manipulator_description:/ros2_ws/ros_workshop_ws/install/open_manipulator_collision:/ros2_ws/ros_workshop_ws/install/om_spring_actuator_controller:/ros2_ws/ros_workshop_ws/install/om_joint_trajectory_command_broadcaster:/ros2_ws/ros_workshop_ws/install/om_gravity_compensation_controller:/ros2_ws/ros_workshop_ws/install/dynamixel_sdk_examples:/ros2_ws/ros_workshop_ws/install/dynamixel_sdk_custom_interfaces:/ros2_ws/ros_workshop_ws/install/dynamixel_hardware_interface:/ros2_ws/ros_workshop_ws/install/dynamixel_sdk:/ros2_ws/ros_workshop_ws/install/dynamixel_interfaces:/opt/ros/jazzy/opt/gz_launch_vendor:/opt/ros/jazzy/opt/gz_sim_vendor:/opt/ros/jazzy/opt/gz_sensors_vendor:/opt/ros/jazzy/opt/gz_physics_vendor:/opt/ros/jazzy/opt/sdformat_vendor:/opt/ros/jazzy/opt/gz_gui_vendor:/opt/ros/jazzy/opt/gz_transport_vendor:/opt/ros/jazzy/opt/gz_rendering_vendor:/opt/ros/jazzy/opt/gz_plugin_vendor:/opt/ros/jazzy/opt/gz_fuel_tools_vendor:/opt/ros/jazzy/opt/gz_msgs_vendor:/opt/ros/jazzy/opt/gz_common_vendor:/opt/ros/jazzy/opt/gz_math_vendor:/opt/ros/jazzy/opt/gz_utils_vendor:/opt/ros/jazzy/opt/gz_tools_vendor:/opt/ros/jazzy/opt/gz_ogre_next_vendor:/opt/ros/jazzy/opt/gz_dartsim_vendor:/opt/ros/jazzy/opt/gz_cmake_vendor:/ros2_ws/ros_workshop_ws/install/open_manipulator_teleop:/ros2_ws/ros_workshop_ws/install/open_manipulator_bringup:/opt/ros/jazzy /usr/bin/cmake --install /ros2_ws/ros_workshop_ws/src/build/open_manipulator_moveit_config
[1.527s] -- Install configuration: ""
[1.527s] -- Installing: /ros2_ws/ros_workshop_ws/src/install/open_manipulator_moveit_config/share/open_manipulator_moveit_config/launch
[1.527s] -- Installing: /ros2_ws/ros_workshop_ws/src/install/open_manipulator_moveit_config/share/open_manipulator_moveit_config/launch/warehouse_db.launch.py
[1.527s] -- Installing: /ros2_ws/ros_workshop_ws/src/install/open_manipulator_moveit_config/share/open_manipulator_moveit_config/launch/moveit_core.launch.py
[1.527s] -- Installing: /ros2_ws/ros_workshop_ws/src/install/open_manipulator_moveit_config/share/open_manipulator_moveit_config/launch/spawn_controllers.launch.py
[1.527s] -- Installing: /ros2_ws/ros_workshop_ws/src/install/open_manipulator_moveit_config/share/open_manipulator_moveit_config/launch/moveit_rviz.launch.py
[1.528s] -- Installing: /ros2_ws/ros_workshop_ws/src/install/open_manipulator_moveit_config/share/open_manipulator_moveit_config/launch/servo.launch.py
[1.528s] -- Installing: /ros2_ws/ros_workshop_ws/src/install/open_manipulator_moveit_config/share/open_manipulator_moveit_config/launch/move_group.launch.py
[1.528s] -- Installing: /ros2_ws/ros_workshop_ws/src/install/open_manipulator_moveit_config/share/open_manipulator_moveit_config/config
[1.528s] -- Installing: /ros2_ws/ros_workshop_ws/src/install/open_manipulator_moveit_config/share/open_manipulator_moveit_config/config/om_y_follower
[1.528s] -- Installing: /ros2_ws/ros_workshop_ws/src/install/open_manipulator_moveit_config/share/open_manipulator_moveit_config/config/om_y_follower/joint_limits.yaml
[1.528s] -- Installing: /ros2_ws/ros_workshop_ws/src/install/open_manipulator_moveit_config/share/open_manipulator_moveit_config/config/om_y_follower/moveit_controllers.yaml
[1.531s] -- Installing: /ros2_ws/ros_workshop_ws/src/install/open_manipulator_moveit_config/share/open_manipulator_moveit_config/config/om_y_follower/moveit_servo.yaml
[1.531s] -- Installing: /ros2_ws/ros_workshop_ws/src/install/open_manipulator_moveit_config/share/open_manipulator_moveit_config/config/om_y_follower/kinematics.yaml
[1.531s] -- Installing: /ros2_ws/ros_workshop_ws/src/install/open_manipulator_moveit_config/share/open_manipulator_moveit_config/config/om_y_follower/ompl_planning.yaml
[1.531s] -- Installing: /ros2_ws/ros_workshop_ws/src/install/open_manipulator_moveit_config/share/open_manipulator_moveit_config/config/om_y_follower/open_manipulator_y_follower.srdf
[1.531s] -- Installing: /ros2_ws/ros_workshop_ws/src/install/open_manipulator_moveit_config/share/open_manipulator_moveit_config/config/om_y_follower/moveit.rviz
[1.531s] -- Installing: /ros2_ws/ros_workshop_ws/src/install/open_manipulator_moveit_config/share/open_manipulator_moveit_config/config/om_y_follower/initial_positions.yaml
[1.531s] -- Installing: /ros2_ws/ros_workshop_ws/src/install/open_manipulator_moveit_config/share/open_manipulator_moveit_config/config/om_y_leader
[1.531s] -- Installing: /ros2_ws/ros_workshop_ws/src/install/open_manipulator_moveit_config/share/open_manipulator_moveit_config/config/om_y_leader/joint_limits.yaml
[1.531s] -- Installing: /ros2_ws/ros_workshop_ws/src/install/open_manipulator_moveit_config/share/open_manipulator_moveit_config/config/om_y_leader/moveit_controllers.yaml
[1.531s] -- Installing: /ros2_ws/ros_workshop_ws/src/install/open_manipulator_moveit_config/share/open_manipulator_moveit_config/config/om_y_leader/kinematics.yaml
[1.532s] -- Installing: /ros2_ws/ros_workshop_ws/src/install/open_manipulator_moveit_config/share/open_manipulator_moveit_config/config/om_y_leader/open_manipulator_y_leader.srdf
[1.532s] -- Installing: /ros2_ws/ros_workshop_ws/src/install/open_manipulator_moveit_config/share/open_manipulator_moveit_config/config/om_y_leader/pilz_cartesian_limits.yaml
[1.532s] -- Installing: /ros2_ws/ros_workshop_ws/src/install/open_manipulator_moveit_config/share/open_manipulator_moveit_config/config/om_y_leader/moveit.rviz
[1.532s] -- Installing: /ros2_ws/ros_workshop_ws/src/install/open_manipulator_moveit_config/share/open_manipulator_moveit_config/config/om_y_leader/initial_positions.yaml
[1.532s] -- Installing: /ros2_ws/ros_workshop_ws/src/install/open_manipulator_moveit_config/share/open_manipulator_moveit_config/config/om_x
[1.532s] -- Installing: /ros2_ws/ros_workshop_ws/src/install/open_manipulator_moveit_config/share/open_manipulator_moveit_config/config/om_x/joint_limits.yaml
[1.532s] -- Installing: /ros2_ws/ros_workshop_ws/src/install/open_manipulator_moveit_config/share/open_manipulator_moveit_config/config/om_x/moveit_controllers.yaml
[1.532s] -- Installing: /ros2_ws/ros_workshop_ws/src/install/open_manipulator_moveit_config/share/open_manipulator_moveit_config/config/om_x/moveit_servo.yaml
[1.532s] -- Installing: /ros2_ws/ros_workshop_ws/src/install/open_manipulator_moveit_config/share/open_manipulator_moveit_config/config/om_x/kinematics.yaml
[1.532s] -- Installing: /ros2_ws/ros_workshop_ws/src/install/open_manipulator_moveit_config/share/open_manipulator_moveit_config/config/om_x/ompl_planning.yaml
[1.533s] -- Installing: /ros2_ws/ros_workshop_ws/src/install/open_manipulator_moveit_config/share/open_manipulator_moveit_config/config/om_x/open_manipulator_x.srdf
[1.533s] -- Installing: /ros2_ws/ros_workshop_ws/src/install/open_manipulator_moveit_config/share/open_manipulator_moveit_config/config/om_x/moveit.rviz
[1.533s] -- Installing: /ros2_ws/ros_workshop_ws/src/install/open_manipulator_moveit_config/share/open_manipulator_moveit_config/config/om_x/initial_positions.yaml
[1.533s] -- Installing: /ros2_ws/ros_workshop_ws/src/install/open_manipulator_moveit_config/share/open_manipulator_moveit_config/config/om_y
[1.533s] -- Installing: /ros2_ws/ros_workshop_ws/src/install/open_manipulator_moveit_config/share/open_manipulator_moveit_config/config/om_y/joint_limits.yaml
[1.533s] -- Installing: /ros2_ws/ros_workshop_ws/src/install/open_manipulator_moveit_config/share/open_manipulator_moveit_config/config/om_y/open_manipulator_y.srdf
[1.533s] -- Installing: /ros2_ws/ros_workshop_ws/src/install/open_manipulator_moveit_config/share/open_manipulator_moveit_config/config/om_y/moveit_controllers.yaml
[1.533s] -- Installing: /ros2_ws/ros_workshop_ws/src/install/open_manipulator_moveit_config/share/open_manipulator_moveit_config/config/om_y/moveit_servo.yaml
[1.533s] -- Installing: /ros2_ws/ros_workshop_ws/src/install/open_manipulator_moveit_config/share/open_manipulator_moveit_config/config/om_y/kinematics.yaml
[1.534s] -- Installing: /ros2_ws/ros_workshop_ws/src/install/open_manipulator_moveit_config/share/open_manipulator_moveit_config/config/om_y/ompl_planning.yaml
[1.534s] -- Installing: /ros2_ws/ros_workshop_ws/src/install/open_manipulator_moveit_config/share/open_manipulator_moveit_config/config/om_y/moveit.rviz
[1.534s] -- Installing: /ros2_ws/ros_workshop_ws/src/install/open_manipulator_moveit_config/share/open_manipulator_moveit_config/config/om_y/initial_positions.yaml
[1.534s] -- Installing: /ros2_ws/ros_workshop_ws/src/install/open_manipulator_moveit_config/share/ament_index/resource_index/package_run_dependencies/open_manipulator_moveit_config
[1.534s] -- Installing: /ros2_ws/ros_workshop_ws/src/install/open_manipulator_moveit_config/share/ament_index/resource_index/parent_prefix_path/open_manipulator_moveit_config
[1.534s] -- Installing: /ros2_ws/ros_workshop_ws/src/install/open_manipulator_moveit_config/share/open_manipulator_moveit_config/environment/ament_prefix_path.sh
[1.534s] -- Installing: /ros2_ws/ros_workshop_ws/src/install/open_manipulator_moveit_config/share/open_manipulator_moveit_config/environment/ament_prefix_path.dsv
[1.535s] -- Installing: /ros2_ws/ros_workshop_ws/src/install/open_manipulator_moveit_config/share/open_manipulator_moveit_config/environment/path.sh
[1.535s] -- Installing: /ros2_ws/ros_workshop_ws/src/install/open_manipulator_moveit_config/share/open_manipulator_moveit_config/environment/path.dsv
[1.535s] -- Installing: /ros2_ws/ros_workshop_ws/src/install/open_manipulator_moveit_config/share/open_manipulator_moveit_config/local_setup.bash
[1.535s] -- Installing: /ros2_ws/ros_workshop_ws/src/install/open_manipulator_moveit_config/share/open_manipulator_moveit_config/local_setup.sh
[1.535s] -- Installing: /ros2_ws/ros_workshop_ws/src/install/open_manipulator_moveit_config/share/open_manipulator_moveit_config/local_setup.zsh
[1.536s] -- Installing: /ros2_ws/ros_workshop_ws/src/install/open_manipulator_moveit_config/share/open_manipulator_moveit_config/local_setup.dsv
[1.536s] -- Installing: /ros2_ws/ros_workshop_ws/src/install/open_manipulator_moveit_config/share/open_manipulator_moveit_config/package.dsv
[1.536s] -- Installing: /ros2_ws/ros_workshop_ws/src/install/open_manipulator_moveit_config/share/ament_index/resource_index/packages/open_manipulator_moveit_config
[1.536s] -- Installing: /ros2_ws/ros_workshop_ws/src/install/open_manipulator_moveit_config/share/open_manipulator_moveit_config/cmake/open_manipulator_moveit_configConfig.cmake
[1.537s] -- Installing: /ros2_ws/ros_workshop_ws/src/install/open_manipulator_moveit_config/share/open_manipulator_moveit_config/cmake/open_manipulator_moveit_configConfig-version.cmake
[1.539s] -- Installing: /ros2_ws/ros_workshop_ws/src/install/open_manipulator_moveit_config/share/open_manipulator_moveit_config/package.xml
[1.541s] Invoked command in '/ros2_ws/ros_workshop_ws/src/build/open_manipulator_moveit_config' returned '0': AMENT_PREFIX_PATH=/ros2_ws/ros_workshop_ws/src/install/open_manipulator_description:${AMENT_PREFIX_PATH} CMAKE_PREFIX_PATH=/ros2_ws/ros_workshop_ws/src/install/open_manipulator_description:/ros2_ws/install/open_manipulator_cartesian_control:/ros2_ws/ros_workshop_ws/install/open_manipulator:/ros2_ws/ros_workshop_ws/install/open_manipulator_playground:/ros2_ws/ros_workshop_ws/install/open_manipulator_moveit_config:/ros2_ws/ros_workshop_ws/install/open_manipulator_gui:/ros2_ws/ros_workshop_ws/install/open_manipulator_description:/ros2_ws/ros_workshop_ws/install/open_manipulator_collision:/ros2_ws/ros_workshop_ws/install/om_spring_actuator_controller:/ros2_ws/ros_workshop_ws/install/om_joint_trajectory_command_broadcaster:/ros2_ws/ros_workshop_ws/install/om_gravity_compensation_controller:/ros2_ws/ros_workshop_ws/install/dynamixel_sdk_examples:/ros2_ws/ros_workshop_ws/install/dynamixel_sdk_custom_interfaces:/ros2_ws/ros_workshop_ws/install/dynamixel_hardware_interface:/ros2_ws/ros_workshop_ws/install/dynamixel_sdk:/ros2_ws/ros_workshop_ws/install/dynamixel_interfaces:/opt/ros/jazzy/opt/gz_launch_vendor:/opt/ros/jazzy/opt/gz_sim_vendor:/opt/ros/jazzy/opt/gz_sensors_vendor:/opt/ros/jazzy/opt/gz_physics_vendor:/opt/ros/jazzy/opt/sdformat_vendor:/opt/ros/jazzy/opt/gz_gui_vendor:/opt/ros/jazzy/opt/gz_transport_vendor:/opt/ros/jazzy/opt/gz_rendering_vendor:/opt/ros/jazzy/opt/gz_plugin_vendor:/opt/ros/jazzy/opt/gz_fuel_tools_vendor:/opt/ros/jazzy/opt/gz_msgs_vendor:/opt/ros/jazzy/opt/gz_common_vendor:/opt/ros/jazzy/opt/gz_math_vendor:/opt/ros/jazzy/opt/gz_utils_vendor:/opt/ros/jazzy/opt/gz_tools_vendor:/opt/ros/jazzy/opt/gz_ogre_next_vendor:/opt/ros/jazzy/opt/gz_dartsim_vendor:/opt/ros/jazzy/opt/gz_cmake_vendor:/ros2_ws/ros_workshop_ws/install/open_manipulator_teleop:/ros2_ws/ros_workshop_ws/install/open_manipulator_bringup:/opt/ros/jazzy /usr/bin/cmake --install /ros2_ws/ros_workshop_ws/src/build/open_manipulator_moveit_config
