[1.475s] Invoking command in '/ros2_ws/ros_workshop_ws/build/open_manipulator_teleop': PYTHONPATH=/ros2_ws/ros_workshop_ws/build/open_manipulator_teleop/prefix_override:/usr/local/lib/python3.12/dist-packages/colcon_core/task/python/colcon_distutils_commands:/ros2_ws/ros_workshop_ws/install/open_manipulator_teleop/lib/python3.12/site-packages:${PYTHONPATH} /usr/bin/python3 -W ignore:setup.py install is deprecated -W ignore:easy_install command is deprecated setup.py develop --uninstall --editable --build-directory /ros2_ws/ros_workshop_ws/build/open_manipulator_teleop/build
[1.923s] running develop
[2.197s] Removing /ros2_ws/ros_workshop_ws/install/open_manipulator_teleop/lib/python3.12/site-packages/open-manipulator-teleop.egg-link (link to .)
[2.268s] Invoked command in '/ros2_ws/ros_workshop_ws/build/open_manipulator_teleop' returned '0': PYTHONPATH=/ros2_ws/ros_workshop_ws/build/open_manipulator_teleop/prefix_override:/usr/local/lib/python3.12/dist-packages/colcon_core/task/python/colcon_distutils_commands:/ros2_ws/ros_workshop_ws/install/open_manipulator_teleop/lib/python3.12/site-packages:${PYTHONPATH} /usr/bin/python3 -W ignore:setup.py install is deprecated -W ignore:easy_install command is deprecated setup.py develop --uninstall --editable --build-directory /ros2_ws/ros_workshop_ws/build/open_manipulator_teleop/build
[2.270s] Invoking command in '/ros2_ws/ros_workshop_ws/src/open_manipulator/open_manipulator_teleop': PYTHONPATH=/ros2_ws/ros_workshop_ws/build/open_manipulator_teleop/prefix_override:/usr/local/lib/python3.12/dist-packages/colcon_core/task/python/colcon_distutils_commands:/ros2_ws/ros_workshop_ws/install/open_manipulator_teleop/lib/python3.12/site-packages:${PYTHONPATH} /usr/bin/python3 -W ignore:setup.py install is deprecated -W ignore:easy_install command is deprecated setup.py egg_info --egg-base ../../../build/open_manipulator_teleop build --build-base /ros2_ws/ros_workshop_ws/build/open_manipulator_teleop/build install --record /ros2_ws/ros_workshop_ws/build/open_manipulator_teleop/install.log --single-version-externally-managed install_data --force
[2.636s] running egg_info
[2.661s] writing ../../../build/open_manipulator_teleop/open_manipulator_teleop.egg-info/PKG-INFO
[2.661s] writing dependency_links to ../../../build/open_manipulator_teleop/open_manipulator_teleop.egg-info/dependency_links.txt
[2.661s] writing entry points to ../../../build/open_manipulator_teleop/open_manipulator_teleop.egg-info/entry_points.txt
[2.661s] writing requirements to ../../../build/open_manipulator_teleop/open_manipulator_teleop.egg-info/requires.txt
[2.661s] writing top-level names to ../../../build/open_manipulator_teleop/open_manipulator_teleop.egg-info/top_level.txt
[2.716s] reading manifest file '../../../build/open_manipulator_teleop/open_manipulator_teleop.egg-info/SOURCES.txt'
[2.716s] writing manifest file '../../../build/open_manipulator_teleop/open_manipulator_teleop.egg-info/SOURCES.txt'
[2.717s] running build
[2.717s] running build_py
[2.717s] creating /ros2_ws/ros_workshop_ws/build/open_manipulator_teleop/build
[2.717s] creating /ros2_ws/ros_workshop_ws/build/open_manipulator_teleop/build/lib
[2.717s] creating /ros2_ws/ros_workshop_ws/build/open_manipulator_teleop/build/lib/open_manipulator_teleop
[2.717s] copying open_manipulator_teleop/__init__.py -> /ros2_ws/ros_workshop_ws/build/open_manipulator_teleop/build/lib/open_manipulator_teleop
[2.718s] copying open_manipulator_teleop/keyboard_control_y.py -> /ros2_ws/ros_workshop_ws/build/open_manipulator_teleop/build/lib/open_manipulator_teleop
[2.718s] copying open_manipulator_teleop/keyboard_control_x.py -> /ros2_ws/ros_workshop_ws/build/open_manipulator_teleop/build/lib/open_manipulator_teleop
[2.718s] copying open_manipulator_teleop/keyboard_control_y_follower.py -> /ros2_ws/ros_workshop_ws/build/open_manipulator_teleop/build/lib/open_manipulator_teleop
[2.718s] running install
[2.725s] running install_lib
[2.749s] creating /ros2_ws/ros_workshop_ws/install/open_manipulator_teleop/lib/python3.12/site-packages/open_manipulator_teleop
[2.750s] copying /ros2_ws/ros_workshop_ws/build/open_manipulator_teleop/build/lib/open_manipulator_teleop/__init__.py -> /ros2_ws/ros_workshop_ws/install/open_manipulator_teleop/lib/python3.12/site-packages/open_manipulator_teleop
[2.750s] copying /ros2_ws/ros_workshop_ws/build/open_manipulator_teleop/build/lib/open_manipulator_teleop/keyboard_control_y.py -> /ros2_ws/ros_workshop_ws/install/open_manipulator_teleop/lib/python3.12/site-packages/open_manipulator_teleop
[2.750s] copying /ros2_ws/ros_workshop_ws/build/open_manipulator_teleop/build/lib/open_manipulator_teleop/keyboard_control_x.py -> /ros2_ws/ros_workshop_ws/install/open_manipulator_teleop/lib/python3.12/site-packages/open_manipulator_teleop
[2.750s] copying /ros2_ws/ros_workshop_ws/build/open_manipulator_teleop/build/lib/open_manipulator_teleop/keyboard_control_y_follower.py -> /ros2_ws/ros_workshop_ws/install/open_manipulator_teleop/lib/python3.12/site-packages/open_manipulator_teleop
[2.750s] byte-compiling /ros2_ws/ros_workshop_ws/install/open_manipulator_teleop/lib/python3.12/site-packages/open_manipulator_teleop/__init__.py to __init__.cpython-312.pyc
[2.751s] byte-compiling /ros2_ws/ros_workshop_ws/install/open_manipulator_teleop/lib/python3.12/site-packages/open_manipulator_teleop/keyboard_control_y.py to keyboard_control_y.cpython-312.pyc
[2.753s] byte-compiling /ros2_ws/ros_workshop_ws/install/open_manipulator_teleop/lib/python3.12/site-packages/open_manipulator_teleop/keyboard_control_x.py to keyboard_control_x.cpython-312.pyc
[2.754s] byte-compiling /ros2_ws/ros_workshop_ws/install/open_manipulator_teleop/lib/python3.12/site-packages/open_manipulator_teleop/keyboard_control_y_follower.py to keyboard_control_y_follower.cpython-312.pyc
[2.756s] running install_data
[2.756s] copying resource/open_manipulator_teleop -> /ros2_ws/ros_workshop_ws/install/open_manipulator_teleop/share/ament_index/resource_index/packages
[2.756s] copying package.xml -> /ros2_ws/ros_workshop_ws/install/open_manipulator_teleop/share/open_manipulator_teleop
[2.757s] running install_egg_info
[2.783s] Copying ../../../build/open_manipulator_teleop/open_manipulator_teleop.egg-info to /ros2_ws/ros_workshop_ws/install/open_manipulator_teleop/lib/python3.12/site-packages/open_manipulator_teleop-3.3.0-py3.12.egg-info
[2.784s] running install_scripts
[2.952s] Installing keyboard_control_x script to /ros2_ws/ros_workshop_ws/install/open_manipulator_teleop/lib/open_manipulator_teleop
[2.953s] Installing keyboard_control_y script to /ros2_ws/ros_workshop_ws/install/open_manipulator_teleop/lib/open_manipulator_teleop
[2.953s] Installing keyboard_control_y_follower script to /ros2_ws/ros_workshop_ws/install/open_manipulator_teleop/lib/open_manipulator_teleop
[2.953s] writing list of installed files to '/ros2_ws/ros_workshop_ws/build/open_manipulator_teleop/install.log'
[3.001s] Invoked command in '/ros2_ws/ros_workshop_ws/src/open_manipulator/open_manipulator_teleop' returned '0': PYTHONPATH=/ros2_ws/ros_workshop_ws/build/open_manipulator_teleop/prefix_override:/usr/local/lib/python3.12/dist-packages/colcon_core/task/python/colcon_distutils_commands:/ros2_ws/ros_workshop_ws/install/open_manipulator_teleop/lib/python3.12/site-packages:${PYTHONPATH} /usr/bin/python3 -W ignore:setup.py install is deprecated -W ignore:easy_install command is deprecated setup.py egg_info --egg-base ../../../build/open_manipulator_teleop build --build-base /ros2_ws/ros_workshop_ws/build/open_manipulator_teleop/build install --record /ros2_ws/ros_workshop_ws/build/open_manipulator_teleop/install.log --single-version-externally-managed install_data --force
