[0.023s] Invoking command in '/ros2_ws/ros_workshop_ws/build/open_manipulator_gui': CMAKE_PREFIX_PATH=${CMAKE_PREFIX_PATH}:/opt/ros/jazzy /usr/bin/cmake /ros2_ws/ros_workshop_ws/src/open_manipulator/open_manipulator_gui -DAMENT_CMAKE_SYMLINK_INSTALL=1 -DCMAKE_INSTALL_PREFIX=/ros2_ws/ros_workshop_ws/install/open_manipulator_gui
[0.092s] -- The C compiler identification is GNU 13.3.0
[0.160s] -- The CXX compiler identification is GNU 13.3.0
[0.178s] -- Detecting C compiler ABI info
[0.290s] -- Detecting C compiler ABI info - done
[0.299s] -- Check for working C compiler: /usr/bin/cc - skipped
[0.299s] -- Detecting C compile features
[0.299s] -- Detecting C compile features - done
[0.310s] -- Detecting CXX compiler ABI info
[0.425s] -- Detecting CXX compiler ABI info - done
[0.437s] -- Check for working CXX compiler: /usr/bin/c++ - skipped
[0.439s] -- Detecting CXX compile features
[0.440s] -- Detecting CXX compile features - done
[0.447s] -- Found ament_cmake: 2.5.4 (/opt/ros/jazzy/share/ament_cmake/cmake)
[0.642s] -- Found Python3: /usr/bin/python3 (found version "3.12.3") found components: Interpreter 
[0.728s] -- Override CMake install command with custom implementation using symlinks instead of copying resources
[0.829s] -- Found geometry_msgs: 5.3.6 (/opt/ros/jazzy/share/geometry_msgs/cmake)
[0.915s] -- Found rosidl_generator_c: 4.6.5 (/opt/ros/jazzy/share/rosidl_generator_c/cmake)
[0.941s] -- Found rosidl_generator_cpp: 4.6.5 (/opt/ros/jazzy/share/rosidl_generator_cpp/cmake)
[0.976s] -- Using all available rosidl_typesupport_c: rosidl_typesupport_fastrtps_c;rosidl_typesupport_introspection_c
[1.011s] -- Using all available rosidl_typesupport_cpp: rosidl_typesupport_fastrtps_cpp;rosidl_typesupport_introspection_cpp
[1.082s] -- Found rclcpp: 28.1.9 (/opt/ros/jazzy/share/rclcpp/cmake)
[1.264s] -- Found rmw_implementation_cmake: 7.3.2 (/opt/ros/jazzy/share/rmw_implementation_cmake/cmake)
[1.282s] -- Found rmw_fastrtps_cpp: 8.4.2 (/opt/ros/jazzy/share/rmw_fastrtps_cpp/cmake)
[1.556s] -- Found OpenSSL: /usr/lib/x86_64-linux-gnu/libcrypto.so (found version "3.0.13")  
[1.581s] -- Found FastRTPS: /opt/ros/jazzy/include (Required is at least version "2.13") 
[1.610s] -- Using RMW implementation 'rmw_fastrtps_cpp' as default
[1.718s] -- Found sensor_msgs: 5.3.6 (/opt/ros/jazzy/share/sensor_msgs/cmake)
[1.749s] -- Found moveit_msgs: 2.6.0 (/opt/ros/jazzy/share/moveit_msgs/cmake)
[2.010s] -- Found moveit_ros_planning: 2.12.3 (/opt/ros/jazzy/share/moveit_ros_planning/cmake)
[2.183s] -- Found Boost: /usr/lib/x86_64-linux-gnu/cmake/Boost-1.83.0/BoostConfig.cmake (found version "1.83.0") found components: system filesystem date_time program_options thread chrono 
[2.229s] -- Found parameter_traits: 0.4.0 (/opt/ros/jazzy/share/parameter_traits/cmake)
[2.264s] -- Found rclcpp_lifecycle: 28.1.9 (/opt/ros/jazzy/share/rclcpp_lifecycle/cmake)
[2.349s] -- Found Boost: /usr/lib/x86_64-linux-gnu/cmake/Boost-1.83.0/BoostConfig.cmake (found version "1.83.0") found components: chrono date_time filesystem iostreams program_options regex serialization system thread 
[2.450s] -- Found Boost: /usr/lib/x86_64-linux-gnu/cmake/Boost-1.83.0/BoostConfig.cmake (found version "1.83.0") found components: filesystem 
[2.553s] -- Found Eigen3: TRUE (found version "3.4.0") 
[2.553s] -- Ensuring Eigen3 include directory is part of orocos-kdl CMake target
[2.884s] -- Found moveit_ros_planning_interface: 2.12.3 (/opt/ros/jazzy/share/moveit_ros_planning_interface/cmake)
[2.889s] -- Found Boost: /usr/lib/x86_64-linux-gnu/cmake/Boost-1.83.0/BoostConfig.cmake (found version "1.83.0") found components: date_time filesystem program_options system thread 
[2.911s] -- Found Boost: /usr/lib/x86_64-linux-gnu/cmake/Boost-1.83.0/BoostConfig.cmake (found version "1.83.0") found components: thread system filesystem regex date_time program_options 
[2.950s] -- Found Boost: /usr/lib/x86_64-linux-gnu/cmake/Boost-1.83.0/BoostConfig.cmake (found version "1.83.0") found components: system filesystem date_time program_options thread 
[3.126s] -- Configuring done (3.1s)
[3.211s] -- Generating done (0.0s)
[3.221s] -- Build files have been written to: /ros2_ws/ros_workshop_ws/build/open_manipulator_gui
[3.243s] Invoked command in '/ros2_ws/ros_workshop_ws/build/open_manipulator_gui' returned '0': CMAKE_PREFIX_PATH=${CMAKE_PREFIX_PATH}:/opt/ros/jazzy /usr/bin/cmake /ros2_ws/ros_workshop_ws/src/open_manipulator/open_manipulator_gui -DAMENT_CMAKE_SYMLINK_INSTALL=1 -DCMAKE_INSTALL_PREFIX=/ros2_ws/ros_workshop_ws/install/open_manipulator_gui
[3.244s] Invoking command in '/ros2_ws/ros_workshop_ws/build/open_manipulator_gui': CMAKE_PREFIX_PATH=${CMAKE_PREFIX_PATH}:/opt/ros/jazzy /usr/bin/cmake --build /ros2_ws/ros_workshop_ws/build/open_manipulator_gui -- -j16 -l16
[3.303s] [  3%] [34m[1mGenerating ui_x_main_window.h[0m
[3.305s] [  7%] [34m[1mGenerating ui_y_main_window.h[0m
[3.322s] [ 10%] [34m[1mGenerating open_manipulator_x_gui/ui_x_main_window.h[0m
[3.326s] [ 14%] [34m[1mGenerating open_manipulator_y_gui/ui_y_main_window.h[0m
[3.349s] [ 14%] Built target copy_ui_headers
[3.377s] [ 14%] Built target open_manipulator_y_gui_node_autogen_timestamp_deps
[3.377s] [ 14%] Built target open_manipulator_x_gui_node_autogen_timestamp_deps
[3.403s] [ 17%] [34m[1mAutomatic MOC and UIC for target open_manipulator_y_gui_node[0m
[3.403s] [ 21%] [34m[1mAutomatic MOC and UIC for target open_manipulator_x_gui_node[0m
[3.455s] [ 21%] Built target open_manipulator_y_gui_node_autogen
[3.456s] [ 21%] Built target open_manipulator_x_gui_node_autogen
[3.468s] [ 28%] [34m[1mGenerating include/open_manipulator_y_gui/moc_main_window.cpp[0m
[3.469s] [ 28%] [34m[1mGenerating include/open_manipulator_x_gui/moc_main_window.cpp[0m
[3.469s] [ 32%] [34m[1mGenerating include/open_manipulator_y_gui/moc_qnode.cpp[0m
[3.469s] [ 35%] [34m[1mGenerating include/open_manipulator_x_gui/moc_qnode.cpp[0m
[3.521s] [ 46%] [32mBuilding CXX object CMakeFiles/open_manipulator_x_gui_node.dir/open_manipulator_x_gui_node_autogen/mocs_compilation.cpp.o[0m
[3.521s] [ 46%] [32mBuilding CXX object CMakeFiles/open_manipulator_y_gui_node.dir/open_manipulator_y_gui_node_autogen/mocs_compilation.cpp.o[0m
[3.521s] [ 50%] [32mBuilding CXX object CMakeFiles/open_manipulator_x_gui_node.dir/src/om_x/main_window.cpp.o[0m
[3.521s] [ 46%] [32mBuilding CXX object CMakeFiles/open_manipulator_x_gui_node.dir/src/om_x/main.cpp.o[0m
[3.521s] [ 53%] [32mBuilding CXX object CMakeFiles/open_manipulator_y_gui_node.dir/include/open_manipulator_y_gui/moc_qnode.cpp.o[0m
[3.521s] [ 57%] [32mBuilding CXX object CMakeFiles/open_manipulator_x_gui_node.dir/src/om_x/qnode.cpp.o[0m
[3.523s] [ 60%] [32mBuilding CXX object CMakeFiles/open_manipulator_y_gui_node.dir/src/om_y/main.cpp.o[0m
[3.526s] [ 64%] [32mBuilding CXX object CMakeFiles/open_manipulator_x_gui_node.dir/include/open_manipulator_x_gui/moc_qnode.cpp.o[0m
[3.526s] [ 67%] [32mBuilding CXX object CMakeFiles/open_manipulator_y_gui_node.dir/src/om_y/qnode.cpp.o[0m
[3.527s] [ 71%] [32mBuilding CXX object CMakeFiles/open_manipulator_y_gui_node.dir/src/om_y/main_window.cpp.o[0m
[3.531s] [ 75%] [32mBuilding CXX object CMakeFiles/open_manipulator_x_gui_node.dir/include/open_manipulator_x_gui/moc_main_window.cpp.o[0m
[3.532s] [ 78%] [32mBuilding CXX object CMakeFiles/open_manipulator_y_gui_node.dir/include/open_manipulator_y_gui/moc_main_window.cpp.o[0m
[20.978s] [ 82%] [32m[1mLinking CXX executable open_manipulator_x_gui_node[0m
[21.564s] [ 85%] [32m[1mLinking CXX executable open_manipulator_y_gui_node[0m
[22.789s] [ 92%] Built target open_manipulator_x_gui_node
[23.177s] [100%] Built target open_manipulator_y_gui_node
[23.189s] Invoked command in '/ros2_ws/ros_workshop_ws/build/open_manipulator_gui' returned '0': CMAKE_PREFIX_PATH=${CMAKE_PREFIX_PATH}:/opt/ros/jazzy /usr/bin/cmake --build /ros2_ws/ros_workshop_ws/build/open_manipulator_gui -- -j16 -l16
[23.190s] Invoking command in '/ros2_ws/ros_workshop_ws/build/open_manipulator_gui': CMAKE_PREFIX_PATH=${CMAKE_PREFIX_PATH}:/opt/ros/jazzy /usr/bin/cmake --install /ros2_ws/ros_workshop_ws/build/open_manipulator_gui
[23.198s] -- Install configuration: ""
[23.198s] -- Execute custom install script
[23.198s] -- Symlinking: /ros2_ws/ros_workshop_ws/install/open_manipulator_gui/lib/open_manipulator_gui/open_manipulator_x_gui_node
[23.208s] -- Symlinking: /ros2_ws/ros_workshop_ws/install/open_manipulator_gui/lib/open_manipulator_gui/open_manipulator_y_gui_node
[23.217s] -- Symlinking: /ros2_ws/ros_workshop_ws/install/open_manipulator_gui/include/open_manipulator_x_gui/main_window.hpp
[23.226s] -- Symlinking: /ros2_ws/ros_workshop_ws/install/open_manipulator_gui/include/open_manipulator_x_gui/qnode.hpp
[23.235s] -- Symlinking: /ros2_ws/ros_workshop_ws/install/open_manipulator_gui/include/open_manipulator_y_gui/main_window.hpp
[23.245s] -- Symlinking: /ros2_ws/ros_workshop_ws/install/open_manipulator_gui/include/open_manipulator_y_gui/qnode.hpp
[23.254s] -- Symlinking: /ros2_ws/ros_workshop_ws/install/open_manipulator_gui/share/open_manipulator_gui/launch/open_manipulator_x_gui.launch.py
[23.264s] -- Symlinking: /ros2_ws/ros_workshop_ws/install/open_manipulator_gui/share/open_manipulator_gui/launch/open_manipulator_y_gui.launch.py
[23.274s] -- Symlinking: /ros2_ws/ros_workshop_ws/install/open_manipulator_gui/share/open_manipulator_gui/ui/x_main_window.ui
[23.283s] -- Symlinking: /ros2_ws/ros_workshop_ws/install/open_manipulator_gui/share/open_manipulator_gui/ui/y_main_window.ui
[23.292s] -- Symlinking: /ros2_ws/ros_workshop_ws/install/open_manipulator_gui/share/open_manipulator_gui/config/om_x_joint_log.csv
[23.301s] -- Symlinking: /ros2_ws/ros_workshop_ws/install/open_manipulator_gui/share/open_manipulator_gui/config/om_y_joint_log.csv
[23.311s] -- Symlinking: /ros2_ws/ros_workshop_ws/install/open_manipulator_gui/share/open_manipulator_gui/environment/library_path.sh
[23.320s] -- Symlinking: /ros2_ws/ros_workshop_ws/install/open_manipulator_gui/share/open_manipulator_gui/environment/library_path.dsv
[23.329s] -- Symlinking: /ros2_ws/ros_workshop_ws/install/open_manipulator_gui/share/ament_index/resource_index/package_run_dependencies/open_manipulator_gui
[23.338s] -- Symlinking: /ros2_ws/ros_workshop_ws/install/open_manipulator_gui/share/ament_index/resource_index/parent_prefix_path/open_manipulator_gui
[23.348s] -- Symlinking: /ros2_ws/ros_workshop_ws/install/open_manipulator_gui/share/open_manipulator_gui/environment/ament_prefix_path.sh
[23.357s] -- Symlinking: /ros2_ws/ros_workshop_ws/install/open_manipulator_gui/share/open_manipulator_gui/environment/ament_prefix_path.dsv
[23.366s] -- Symlinking: /ros2_ws/ros_workshop_ws/install/open_manipulator_gui/share/open_manipulator_gui/environment/path.sh
[23.376s] -- Symlinking: /ros2_ws/ros_workshop_ws/install/open_manipulator_gui/share/open_manipulator_gui/environment/path.dsv
[23.386s] -- Symlinking: /ros2_ws/ros_workshop_ws/install/open_manipulator_gui/share/open_manipulator_gui/local_setup.bash
[23.395s] -- Symlinking: /ros2_ws/ros_workshop_ws/install/open_manipulator_gui/share/open_manipulator_gui/local_setup.sh
[23.404s] -- Symlinking: /ros2_ws/ros_workshop_ws/install/open_manipulator_gui/share/open_manipulator_gui/local_setup.zsh
[23.413s] -- Symlinking: /ros2_ws/ros_workshop_ws/install/open_manipulator_gui/share/open_manipulator_gui/local_setup.dsv
[23.422s] -- Symlinking: /ros2_ws/ros_workshop_ws/install/open_manipulator_gui/share/open_manipulator_gui/package.dsv
[23.432s] -- Symlinking: /ros2_ws/ros_workshop_ws/install/open_manipulator_gui/share/ament_index/resource_index/packages/open_manipulator_gui
[23.441s] -- Symlinking: /ros2_ws/ros_workshop_ws/install/open_manipulator_gui/share/open_manipulator_gui/cmake/ament_cmake_export_include_directories-extras.cmake
[23.451s] -- Symlinking: /ros2_ws/ros_workshop_ws/install/open_manipulator_gui/share/open_manipulator_gui/cmake/ament_cmake_export_libraries-extras.cmake
[23.461s] -- Symlinking: /ros2_ws/ros_workshop_ws/install/open_manipulator_gui/share/open_manipulator_gui/cmake/open_manipulator_guiConfig.cmake
[23.470s] -- Symlinking: /ros2_ws/ros_workshop_ws/install/open_manipulator_gui/share/open_manipulator_gui/cmake/open_manipulator_guiConfig-version.cmake
[23.480s] -- Symlinking: /ros2_ws/ros_workshop_ws/install/open_manipulator_gui/share/open_manipulator_gui/package.xml
[23.491s] Invoked command in '/ros2_ws/ros_workshop_ws/build/open_manipulator_gui' returned '0': CMAKE_PREFIX_PATH=${CMAKE_PREFIX_PATH}:/opt/ros/jazzy /usr/bin/cmake --install /ros2_ws/ros_workshop_ws/build/open_manipulator_gui
