/ros2_ws/ros_workshop_ws/src/install/open_manipulator_teleop/lib/python3.12/site-packages/open_manipulator_teleop/__init__.py
/ros2_ws/ros_workshop_ws/src/install/open_manipulator_teleop/lib/python3.12/site-packages/open_manipulator_teleop/keyboard_control_y.py
/ros2_ws/ros_workshop_ws/src/install/open_manipulator_teleop/lib/python3.12/site-packages/open_manipulator_teleop/keyboard_control_x.py
/ros2_ws/ros_workshop_ws/src/install/open_manipulator_teleop/lib/python3.12/site-packages/open_manipulator_teleop/keyboard_control_y_follower.py
/ros2_ws/ros_workshop_ws/src/install/open_manipulator_teleop/lib/python3.12/site-packages/open_manipulator_teleop/__pycache__/__init__.cpython-312.pyc
/ros2_ws/ros_workshop_ws/src/install/open_manipulator_teleop/lib/python3.12/site-packages/open_manipulator_teleop/__pycache__/keyboard_control_y.cpython-312.pyc
/ros2_ws/ros_workshop_ws/src/install/open_manipulator_teleop/lib/python3.12/site-packages/open_manipulator_teleop/__pycache__/keyboard_control_x.cpython-312.pyc
/ros2_ws/ros_workshop_ws/src/install/open_manipulator_teleop/lib/python3.12/site-packages/open_manipulator_teleop/__pycache__/keyboard_control_y_follower.cpython-312.pyc
/ros2_ws/ros_workshop_ws/src/install/open_manipulator_teleop/share/ament_index/resource_index/packages/open_manipulator_teleop
/ros2_ws/ros_workshop_ws/src/install/open_manipulator_teleop/share/open_manipulator_teleop/package.xml
/ros2_ws/ros_workshop_ws/src/install/open_manipulator_teleop/lib/python3.12/site-packages/open_manipulator_teleop-3.3.0-py3.12.egg-info/entry_points.txt
/ros2_ws/ros_workshop_ws/src/install/open_manipulator_teleop/lib/python3.12/site-packages/open_manipulator_teleop-3.3.0-py3.12.egg-info/PKG-INFO
/ros2_ws/ros_workshop_ws/src/install/open_manipulator_teleop/lib/python3.12/site-packages/open_manipulator_teleop-3.3.0-py3.12.egg-info/SOURCES.txt
/ros2_ws/ros_workshop_ws/src/install/open_manipulator_teleop/lib/python3.12/site-packages/open_manipulator_teleop-3.3.0-py3.12.egg-info/zip-safe
/ros2_ws/ros_workshop_ws/src/install/open_manipulator_teleop/lib/python3.12/site-packages/open_manipulator_teleop-3.3.0-py3.12.egg-info/requires.txt
/ros2_ws/ros_workshop_ws/src/install/open_manipulator_teleop/lib/python3.12/site-packages/open_manipulator_teleop-3.3.0-py3.12.egg-info/dependency_links.txt
/ros2_ws/ros_workshop_ws/src/install/open_manipulator_teleop/lib/python3.12/site-packages/open_manipulator_teleop-3.3.0-py3.12.egg-info/top_level.txt
/ros2_ws/ros_workshop_ws/src/install/open_manipulator_teleop/lib/open_manipulator_teleop/keyboard_control_x
/ros2_ws/ros_workshop_ws/src/install/open_manipulator_teleop/lib/open_manipulator_teleop/keyboard_control_y
/ros2_ws/ros_workshop_ws/src/install/open_manipulator_teleop/lib/open_manipulator_teleop/keyboard_control_y_follower
